{"_index":".ds-logs-windows.windows_defender-default-2025.10.14-000003","_id":"IV23LpoB6S5R_rUTUdM0","_version":1,"_score":null,"fields":{"elastic_agent.version":["8.17.3"],"event.category":["configuration"],"host.os.name.text":["Windows Server 2022 Standard Evaluation"],"winlog.provider_guid":["{11cd958a-c507-4ef3-b3f2-5fd9dfbd2c78}"],"winlog.provider_name":["Microsoft-Windows-Windows Defender"],"host.name.text":["cyberfortress-ws"],"host.hostname":["Cyberfortress-WS"],"winlog.computer_name":["Cyberfortress-WS.ad.cyberfortress.local"],"host.mac":["00-0C-29-26-4D-48"],"winlog.process.pid":[2088],"agent.name.text":["Cyberfortress-WS"],"host.os.version":["10.0"],"winlog.record_id":["853"],"host.os.name":["Windows Server 2022 Standard Evaluation"],"log.level":["information"],"agent.name":["Cyberfortress-WS"],"host.name":["cyberfortress-ws"],"event.agent_id_status":["verified"],"event.kind":["event"],"host.os.type":["windows"],"input.type":["winlog"],"data_stream.type":["logs"],"host.architecture":["x86_64"],"event.provider":["Microsoft-Windows-Windows Defender"],"event.code":["5007"],"agent.id":["03c4f422-68d1-4af6-a27f-a78c18180452"],"ecs.version":["8.17.0"],"winlog.event_data.Product_Name":["Microsoft Defender Antivirus"],"event.created":["2025-10-29T05:59:45.752Z"],"agent.version":["8.17.3"],"host.os.family":["windows"],"winlog.process.thread.id":[4868],"winlog.event_data.Old_Value":["HKLM\\SOFTWARE\\Microsoft\\Windows Defender\\Diagnostics\\LastSignatureUpdateResult = 0x80240438"],"winlog.event_data.New_Value":["HKLM\\SOFTWARE\\Microsoft\\Windows Defender\\Diagnostics\\LastSignatureUpdateResult = 0x0"],"host.os.build":["20348.587"],"winlog.user.type":["User"],"host.ip":["fe80::7cea:4600:3e1d:57aa","192.168.85.115"],"agent.type":["filebeat"],"event.module":["windows"],"host.os.kernel":["10.0.20348.587 (WinBuild.160101.0800)"],"winlog.api":["wineventlog"],"elastic_agent.snapshot":[false],"host.id":["0c4d2910-34d4-4e69-a70d-2a9ff52a073e"],"winlog.user.identifier":["S-1-5-18"],"winlog.task":["None"],"winlog.user.domain":["NT AUTHORITY"],"elastic_agent.id":["03c4f422-68d1-4af6-a27f-a78c18180452"],"data_stream.namespace":["default"],"message":["Microsoft Defender Antivirus Configuration has changed. If this is an unexpected event you should review the settings as this may be the result of malware.\n \tOld value: HKLM\\SOFTWARE\\Microsoft\\Windows Defender\\Diagnostics\\LastSignatureUpdateResult = 0x80240438\n \tNew value: HKLM\\SOFTWARE\\Microsoft\\Windows Defender\\Diagnostics\\LastSignatureUpdateResult = 0x0"],"winlog.event_id":["5007"],"winlog.user.name":["SYSTEM"],"event.action":["antivirus-configuration-changed"],"event.ingested":["2025-10-29T06:45:56.000Z"],"@timestamp":["2025-10-29T05:59:44.738Z"],"winlog.channel":["Microsoft-Windows-Windows Defender/Operational"],"host.os.platform":["windows"],"data_stream.dataset":["windows.windows_defender"],"event.type":["change"],"winlog.opcode":["Info"],"agent.ephemeral_id":["b88035ad-37fa-4e97-ba4f-bef5e945ecc2"],"winlog.event_data.Product_Version":["4.18.25090.3009"],"event.dataset":["windows.windows_defender"]},"highlight":{"message":["Microsoft Defender @kibana-highlighted-field@Antivirus@/kibana-highlighted-field@ Configuration has changed. If this is an unexpected event you should review the settings as this may be the result of @kibana-highlighted-field@malware@/kibana-highlighted-field@.\n \tOld value: HKLM\\SOFTWARE\\Microsoft\\Windows Defender\\Diagnostics\\LastSignatureUpdateResult = 0x80240438\n \tNew value: HKLM\\SOFTWARE\\Microsoft\\Windows Defender\\Diagnostics\\LastSignatureUpdateResult = 0x0"]},"sort":["2025-10-29T05:59:44.738Z",384]},{"_index":".ds-logs-windows.windows_defender-default-2025.10.14-000003","_id":"IF23LpoB6S5R_rUTUdM0","_version":1,"_score":null,"fields":{"elastic_agent.version":["8.17.3"],"event.category":["configuration"],"host.os.name.text":["Windows Server 2022 Standard Evaluation"],"winlog.provider_guid":["{11cd958a-c507-4ef3-b3f2-5fd9dfbd2c78}"],"winlog.provider_name":["Microsoft-Windows-Windows Defender"],"host.name.text":["cyberfortress-ws"],"host.hostname":["Cyberfortress-WS"],"winlog.computer_name":["Cyberfortress-WS.ad.cyberfortress.local"],"host.mac":["00-0C-29-26-4D-48"],"winlog.process.pid":[2088],"agent.name.text":["Cyberfortress-WS"],"host.os.version":["10.0"],"winlog.record_id":["852"],"host.os.name":["Windows Server 2022 Standard Evaluation"],"log.level":["information"],"agent.name":["Cyberfortress-WS"],"host.name":["cyberfortress-ws"],"event.agent_id_status":["verified"],"event.kind":["event"],"host.os.type":["windows"],"input.type":["winlog"],"data_stream.type":["logs"],"host.architecture":["x86_64"],"event.provider":["Microsoft-Windows-Windows Defender"],"event.code":["5007"],"agent.id":["03c4f422-68d1-4af6-a27f-a78c18180452"],"ecs.version":["8.17.0"],"winlog.event_data.Product_Name":["Microsoft Defender Antivirus"],"event.created":["2025-10-29T05:59:45.752Z"],"agent.version":["8.17.3"],"host.os.family":["windows"],"winlog.process.thread.id":[4868],"winlog.event_data.Old_Value":["HKLM\\SOFTWARE\\Microsoft\\Windows Defender\\CoreService\\WdConfigHash = 0x6C4692C1"],"winlog.event_data.New_Value":["HKLM\\SOFTWARE\\Microsoft\\Windows Defender\\CoreService\\WdConfigHash = 0x5A7A3F53"],"host.os.build":["20348.587"],"winlog.user.type":["User"],"host.ip":["fe80::7cea:4600:3e1d:57aa","192.168.85.115"],"agent.type":["filebeat"],"event.module":["windows"],"host.os.kernel":["10.0.20348.587 (WinBuild.160101.0800)"],"winlog.api":["wineventlog"],"elastic_agent.snapshot":[false],"host.id":["0c4d2910-34d4-4e69-a70d-2a9ff52a073e"],"winlog.user.identifier":["S-1-5-18"],"winlog.task":["None"],"winlog.user.domain":["NT AUTHORITY"],"elastic_agent.id":["03c4f422-68d1-4af6-a27f-a78c18180452"],"data_stream.namespace":["default"],"message":["Microsoft Defender Antivirus Configuration has changed. If this is an unexpected event you should review the settings as this may be the result of malware.\n \tOld value: HKLM\\SOFTWARE\\Microsoft\\Windows Defender\\CoreService\\WdConfigHash = 0x6C4692C1\n \tNew value: HKLM\\SOFTWARE\\Microsoft\\Windows Defender\\CoreService\\WdConfigHash = 0x5A7A3F53"],"winlog.event_id":["5007"],"winlog.user.name":["SYSTEM"],"event.action":["antivirus-configuration-changed"],"event.ingested":["2025-10-29T06:45:56.000Z"],"@timestamp":["2025-10-29T05:59:44.737Z"],"winlog.channel":["Microsoft-Windows-Windows Defender/Operational"],"host.os.platform":["windows"],"data_stream.dataset":["windows.windows_defender"],"event.type":["change"],"winlog.opcode":["Info"],"agent.ephemeral_id":["b88035ad-37fa-4e97-ba4f-bef5e945ecc2"],"winlog.event_data.Product_Version":["4.18.25090.3009"],"event.dataset":["windows.windows_defender"]},"highlight":{"message":["Microsoft Defender @kibana-highlighted-field@Antivirus@/kibana-highlighted-field@ Configuration has changed. If this is an unexpected event you should review the settings as this may be the result of @kibana-highlighted-field@malware@/kibana-highlighted-field@.\n \tOld value: HKLM\\SOFTWARE\\Microsoft\\Windows Defender\\CoreService\\WdConfigHash = 0x6C4692C1\n \tNew value: HKLM\\SOFTWARE\\Microsoft\\Windows Defender\\CoreService\\WdConfigHash = 0x5A7A3F53"]},"sort":["2025-10-29T05:59:44.737Z",383]},{"_index":".ds-logs-windows.windows_defender-default-2025.10.14-000003","_id":"H123LpoB6S5R_rUTUdM0","_version":1,"_score":null,"fields":{"elastic_agent.version":["8.17.3"],"event.category":["process"],"host.os.name.text":["Windows Server 2022 Standard Evaluation"],"winlog.provider_guid":["{11cd958a-c507-4ef3-b3f2-5fd9dfbd2c78}"],"winlog.provider_name":["Microsoft-Windows-Windows Defender"],"host.name.text":["cyberfortress-ws"],"winlog.event_data.Current_Engine_Version":["1.1.25090.3001"],"host.hostname":["Cyberfortress-WS"],"winlog.computer_name":["Cyberfortress-WS.ad.cyberfortress.local"],"host.mac":["00-0C-29-26-4D-48"],"winlog.process.pid":[2088],"agent.name.text":["Cyberfortress-WS"],"host.os.version":["10.0"],"winlog.record_id":["851"],"host.os.name":["Windows Server 2022 Standard Evaluation"],"log.level":["information"],"agent.name":["Cyberfortress-WS"],"host.name":["cyberfortress-ws"],"event.agent_id_status":["verified"],"event.kind":["event"],"winlog.event_data.Previous_security_intelligence_Version":["1.439.487.0"],"winlog.event_data.Security_intelligence_Type":["AntiSpyware"],"host.os.type":["windows"],"winlog.event_data.User":["SYSTEM"],"input.type":["winlog"],"winlog.event_data.Update_Type_Index":["2"],"data_stream.type":["logs"],"host.architecture":["x86_64"],"event.provider":["Microsoft-Windows-Windows Defender"],"event.code":["2000"],"agent.id":["03c4f422-68d1-4af6-a27f-a78c18180452"],"ecs.version":["8.17.0"],"winlog.event_data.Product_Name":["Microsoft Defender Antivirus"],"event.created":["2025-10-29T05:59:45.752Z"],"agent.version":["8.17.3"],"host.os.family":["windows"],"winlog.process.thread.id":[6288],"winlog.event_data.Update_Type":["Delta"],"winlog.event_data.SID":["S-1-5-18"],"host.os.build":["20348.587"],"winlog.user.type":["User"],"host.ip":["fe80::7cea:4600:3e1d:57aa","192.168.85.115"],"agent.type":["filebeat"],"event.module":["windows"],"host.os.kernel":["10.0.20348.587 (WinBuild.160101.0800)"],"winlog.api":["wineventlog"],"winlog.event_data.Previous_Engine_Version":["1.1.25090.3001"],"elastic_agent.snapshot":[false],"host.id":["0c4d2910-34d4-4e69-a70d-2a9ff52a073e"],"winlog.user.identifier":["S-1-5-18"],"winlog.task":["None"],"winlog.user.domain":["NT AUTHORITY"],"winlog.event_data.Domain":["NT AUTHORITY"],"winlog.event_data.Security_intelligence_Type_Index":["2"],"elastic_agent.id":["03c4f422-68d1-4af6-a27f-a78c18180452"],"data_stream.namespace":["default"],"message":["Microsoft Defender Antivirus security intelligence version updated.\n \tCurrent security intelligence Version: 1.439.533.0\n \tPrevious security intelligence Version: 1.439.487.0\n \tSecurity intelligence Type: AntiSpyware\n \tUpdate Type: Delta\n \tUser: NT AUTHORITY\\SYSTEM\n \tCurrent Engine Version: 1.1.25090.3001\n \tPrevious Engine Version: 1.1.25090.3001"],"winlog.event_id":["2000"],"winlog.user.name":["SYSTEM"],"winlog.event_data.Current_security_intelligence_Version":["1.439.533.0"],"event.action":["antivirus-updated"],"event.ingested":["2025-10-29T06:45:56.000Z"],"@timestamp":["2025-10-29T05:59:44.311Z"],"winlog.channel":["Microsoft-Windows-Windows Defender/Operational"],"host.os.platform":["windows"],"data_stream.dataset":["windows.windows_defender"],"event.type":["info"],"winlog.opcode":["Info"],"agent.ephemeral_id":["b88035ad-37fa-4e97-ba4f-bef5e945ecc2"],"winlog.event_data.Product_Version":["4.18.25090.3009"],"event.dataset":["windows.windows_defender"]},"highlight":{"message":["Microsoft Defender @kibana-highlighted-field@Antivirus@/kibana-highlighted-field@ security intelligence version updated.\n \tCurrent security intelligence Version: 1.439.533.0\n \tPrevious security intelligence Version: 1.439.487.0\n \tSecurity intelligence Type: AntiSpyware\n \tUpdate Type: Delta\n \tUser: NT AUTHORITY\\SYSTEM\n \tCurrent Engine Version: 1.1.25090.3001\n \tPrevious Engine Version: 1.1.25090.3001"]},"sort":["2025-10-29T05:59:44.311Z",382]},{"_index":".ds-logs-windows.windows_defender-default-2025.10.14-000003","_id":"Hl23LpoB6S5R_rUTUdM0","_version":1,"_score":null,"fields":{"elastic_agent.version":["8.17.3"],"event.category":["process"],"host.os.name.text":["Windows Server 2022 Standard Evaluation"],"winlog.provider_guid":["{11cd958a-c507-4ef3-b3f2-5fd9dfbd2c78}"],"winlog.provider_name":["Microsoft-Windows-Windows Defender"],"host.name.text":["cyberfortress-ws"],"winlog.event_data.Current_Engine_Version":["1.1.25090.3001"],"host.hostname":["Cyberfortress-WS"],"winlog.computer_name":["Cyberfortress-WS.ad.cyberfortress.local"],"host.mac":["00-0C-29-26-4D-48"],"winlog.process.pid":[2088],"agent.name.text":["Cyberfortress-WS"],"host.os.version":["10.0"],"winlog.record_id":["850"],"host.os.name":["Windows Server 2022 Standard Evaluation"],"log.level":["information"],"agent.name":["Cyberfortress-WS"],"host.name":["cyberfortress-ws"],"event.agent_id_status":["verified"],"event.kind":["event"],"winlog.event_data.Previous_security_intelligence_Version":["1.439.487.0"],"winlog.event_data.Security_intelligence_Type":["AntiVirus"],"host.os.type":["windows"],"winlog.event_data.User":["SYSTEM"],"input.type":["winlog"],"winlog.event_data.Update_Type_Index":["2"],"data_stream.type":["logs"],"host.architecture":["x86_64"],"event.provider":["Microsoft-Windows-Windows Defender"],"event.code":["2000"],"agent.id":["03c4f422-68d1-4af6-a27f-a78c18180452"],"ecs.version":["8.17.0"],"winlog.event_data.Product_Name":["Microsoft Defender Antivirus"],"event.created":["2025-10-29T05:59:45.751Z"],"agent.version":["8.17.3"],"host.os.family":["windows"],"winlog.process.thread.id":[6288],"winlog.event_data.Update_Type":["Delta"],"winlog.event_data.SID":["S-1-5-18"],"host.os.build":["20348.587"],"winlog.user.type":["User"],"host.ip":["fe80::7cea:4600:3e1d:57aa","192.168.85.115"],"agent.type":["filebeat"],"event.module":["windows"],"host.os.kernel":["10.0.20348.587 (WinBuild.160101.0800)"],"winlog.api":["wineventlog"],"winlog.event_data.Previous_Engine_Version":["1.1.25090.3001"],"elastic_agent.snapshot":[false],"host.id":["0c4d2910-34d4-4e69-a70d-2a9ff52a073e"],"winlog.user.identifier":["S-1-5-18"],"winlog.task":["None"],"winlog.user.domain":["NT AUTHORITY"],"winlog.event_data.Domain":["NT AUTHORITY"],"winlog.event_data.Security_intelligence_Type_Index":["1"],"elastic_agent.id":["03c4f422-68d1-4af6-a27f-a78c18180452"],"data_stream.namespace":["default"],"message":["Microsoft Defender Antivirus security intelligence version updated.\n \tCurrent security intelligence Version: 1.439.533.0\n \tPrevious security intelligence Version: 1.439.487.0\n \tSecurity intelligence Type: AntiVirus\n \tUpdate Type: Delta\n \tUser: NT AUTHORITY\\SYSTEM\n \tCurrent Engine Version: 1.1.25090.3001\n \tPrevious Engine Version: 1.1.25090.3001"],"winlog.event_id":["2000"],"winlog.user.name":["SYSTEM"],"winlog.event_data.Current_security_intelligence_Version":["1.439.533.0"],"event.action":["antivirus-updated"],"event.ingested":["2025-10-29T06:45:56.000Z"],"@timestamp":["2025-10-29T05:59:44.311Z"],"winlog.channel":["Microsoft-Windows-Windows Defender/Operational"],"host.os.platform":["windows"],"data_stream.dataset":["windows.windows_defender"],"event.type":["info"],"winlog.opcode":["Info"],"agent.ephemeral_id":["b88035ad-37fa-4e97-ba4f-bef5e945ecc2"],"winlog.event_data.Product_Version":["4.18.25090.3009"],"event.dataset":["windows.windows_defender"]},"highlight":{"message":["Microsoft Defender @kibana-highlighted-field@Antivirus@/kibana-highlighted-field@ security intelligence version updated.\n \tCurrent security intelligence Version: 1.439.533.0\n \tPrevious security intelligence Version: 1.439.487.0\n \tSecurity intelligence Type: @kibana-highlighted-field@AntiVirus@/kibana-highlighted-field@\n \tUpdate Type: Delta\n \tUser: NT AUTHORITY\\SYSTEM\n \tCurrent Engine Version: 1.1.25090.3001\n \tPrevious Engine Version: 1.1.25090.3001"]},"sort":["2025-10-29T05:59:44.311Z",381]},{"_index":".ds-logs-windows.windows_defender-default-2025.10.14-000003","_id":"GV23LpoB6S5R_rUTUdI0","_version":1,"_score":null,"fields":{"elastic_agent.version":["8.17.3"],"event.category":["configuration"],"host.os.name.text":["Windows Server 2022 Standard Evaluation"],"winlog.provider_guid":["{11cd958a-c507-4ef3-b3f2-5fd9dfbd2c78}"],"winlog.provider_name":["Microsoft-Windows-Windows Defender"],"host.name.text":["cyberfortress-ws"],"host.hostname":["Cyberfortress-WS"],"winlog.computer_name":["Cyberfortress-WS.ad.cyberfortress.local"],"host.mac":["00-0C-29-26-4D-48"],"winlog.process.pid":[2088],"agent.name.text":["Cyberfortress-WS"],"host.os.version":["10.0"],"winlog.record_id":["849"],"host.os.name":["Windows Server 2022 Standard Evaluation"],"log.level":["information"],"agent.name":["Cyberfortress-WS"],"host.name":["cyberfortress-ws"],"event.agent_id_status":["verified"],"event.kind":["event"],"host.os.type":["windows"],"input.type":["winlog"],"data_stream.type":["logs"],"host.architecture":["x86_64"],"event.provider":["Microsoft-Windows-Windows Defender"],"event.code":["5007"],"agent.id":["03c4f422-68d1-4af6-a27f-a78c18180452"],"ecs.version":["8.17.0"],"winlog.event_data.Product_Name":["Microsoft Defender Antivirus"],"event.created":["2025-10-29T05:49:07.880Z"],"agent.version":["8.17.3"],"host.os.family":["windows"],"winlog.process.thread.id":[4856],"winlog.event_data.Old_Value":["HKLM\\SOFTWARE\\Microsoft\\Windows Defender\\ServiceStartStates = 0x1"],"winlog.event_data.New_Value":["Default\\ServiceStartStates = 0x0"],"host.os.build":["20348.587"],"winlog.user.type":["User"],"host.ip":["fe80::7cea:4600:3e1d:57aa","192.168.85.115"],"agent.type":["filebeat"],"event.module":["windows"],"host.os.kernel":["10.0.20348.587 (WinBuild.160101.0800)"],"winlog.api":["wineventlog"],"elastic_agent.snapshot":[false],"host.id":["0c4d2910-34d4-4e69-a70d-2a9ff52a073e"],"winlog.user.identifier":["S-1-5-18"],"winlog.task":["None"],"winlog.user.domain":["NT AUTHORITY"],"elastic_agent.id":["03c4f422-68d1-4af6-a27f-a78c18180452"],"data_stream.namespace":["default"],"message":["Microsoft Defender Antivirus Configuration has changed. If this is an unexpected event you should review the settings as this may be the result of malware.\n \tOld value: HKLM\\SOFTWARE\\Microsoft\\Windows Defender\\ServiceStartStates = 0x1\n \tNew value: Default\\ServiceStartStates = 0x0"],"winlog.event_id":["5007"],"winlog.user.name":["SYSTEM"],"event.action":["antivirus-configuration-changed"],"event.ingested":["2025-10-29T06:45:56.000Z"],"@timestamp":["2025-10-29T05:49:06.468Z"],"winlog.channel":["Microsoft-Windows-Windows Defender/Operational"],"host.os.platform":["windows"],"data_stream.dataset":["windows.windows_defender"],"event.type":["change"],"winlog.opcode":["Info"],"agent.ephemeral_id":["b88035ad-37fa-4e97-ba4f-bef5e945ecc2"],"winlog.event_data.Product_Version":["4.18.25090.3009"],"event.dataset":["windows.windows_defender"]},"highlight":{"message":["Microsoft Defender @kibana-highlighted-field@Antivirus@/kibana-highlighted-field@ Configuration has changed. If this is an unexpected event you should review the settings as this may be the result of @kibana-highlighted-field@malware@/kibana-highlighted-field@.\n \tOld value: HKLM\\SOFTWARE\\Microsoft\\Windows Defender\\ServiceStartStates = 0x1\n \tNew value: Default\\ServiceStartStates = 0x0"]},"sort":["2025-10-29T05:49:06.468Z",380]},{"_index":".ds-logs-windows.windows_defender-default-2025.10.14-000003","_id":"OV23LpoB6S5R_rUTJKPG","_version":1,"_score":null,"fields":{"elastic_agent.version":["8.17.3"],"event.category":["configuration"],"host.os.name.text":["Windows Server 2022 Standard Evaluation"],"winlog.provider_guid":["{11cd958a-c507-4ef3-b3f2-5fd9dfbd2c78}"],"winlog.provider_name":["Microsoft-Windows-Windows Defender"],"host.name.text":["cyberfortress-ws"],"host.hostname":["Cyberfortress-WS"],"winlog.computer_name":["Cyberfortress-WS.ad.cyberfortress.local"],"host.mac":["00-0C-29-26-4D-48"],"winlog.process.pid":[2088],"agent.name.text":["Cyberfortress-WS"],"host.os.version":["10.0"],"winlog.record_id":["848"],"host.os.name":["Windows Server 2022 Standard Evaluation"],"log.level":["information"],"agent.name":["Cyberfortress-WS"],"host.name":["cyberfortress-ws"],"event.agent_id_status":["verified"],"event.kind":["event"],"host.os.type":["windows"],"input.type":["winlog"],"data_stream.type":["logs"],"host.architecture":["x86_64"],"event.provider":["Microsoft-Windows-Windows Defender"],"event.code":["5007"],"agent.id":["03c4f422-68d1-4af6-a27f-a78c18180452"],"ecs.version":["8.17.0"],"winlog.event_data.Product_Name":["Microsoft Defender Antivirus"],"event.created":["2025-10-29T05:48:23.466Z"],"agent.version":["8.17.3"],"host.os.family":["windows"],"winlog.process.thread.id":[3424],"winlog.event_data.Old_Value":["HKLM\\SOFTWARE\\Microsoft\\Windows Defender\\Diagnostics\\InitializingComponentProgress = LoadingEngine"],"winlog.event_data.New_Value":["HKLM\\SOFTWARE\\Microsoft\\Windows Defender\\Diagnostics\\InitializingComponentProgress = ServiceStartedSuccessfully"],"host.os.build":["20348.587"],"winlog.user.type":["User"],"host.ip":["fe80::7cea:4600:3e1d:57aa","192.168.85.115"],"agent.type":["filebeat"],"event.module":["windows"],"host.os.kernel":["10.0.20348.587 (WinBuild.160101.0800)"],"winlog.api":["wineventlog"],"elastic_agent.snapshot":[false],"host.id":["0c4d2910-34d4-4e69-a70d-2a9ff52a073e"],"winlog.user.identifier":["S-1-5-18"],"winlog.task":["None"],"winlog.user.domain":["NT AUTHORITY"],"elastic_agent.id":["03c4f422-68d1-4af6-a27f-a78c18180452"],"data_stream.namespace":["default"],"message":["Microsoft Defender Antivirus Configuration has changed. If this is an unexpected event you should review the settings as this may be the result of malware.\n \tOld value: HKLM\\SOFTWARE\\Microsoft\\Windows Defender\\Diagnostics\\InitializingComponentProgress = LoadingEngine\n \tNew value: HKLM\\SOFTWARE\\Microsoft\\Windows Defender\\Diagnostics\\InitializingComponentProgress = ServiceStartedSuccessfully"],"winlog.event_id":["5007"],"winlog.user.name":["SYSTEM"],"event.action":["antivirus-configuration-changed"],"event.ingested":["2025-10-29T06:45:45.000Z"],"@timestamp":["2025-10-29T05:48:08.873Z"],"winlog.channel":["Microsoft-Windows-Windows Defender/Operational"],"host.os.platform":["windows"],"data_stream.dataset":["windows.windows_defender"],"event.type":["change"],"winlog.opcode":["Info"],"agent.ephemeral_id":["b88035ad-37fa-4e97-ba4f-bef5e945ecc2"],"winlog.event_data.Product_Version":["4.18.25090.3009"],"event.dataset":["windows.windows_defender"]},"highlight":{"message":["Microsoft Defender @kibana-highlighted-field@Antivirus@/kibana-highlighted-field@ Configuration has changed. If this is an unexpected event you should review the settings as this may be the result of @kibana-highlighted-field@malware@/kibana-highlighted-field@.\n \tOld value: HKLM\\SOFTWARE\\Microsoft\\Windows Defender\\Diagnostics\\InitializingComponentProgress = LoadingEngine\n \tNew value: HKLM\\SOFTWARE\\Microsoft\\Windows Defender\\Diagnostics\\InitializingComponentProgress = ServiceStartedSuccessfully"]},"sort":["2025-10-29T05:48:08.873Z",379]},{"_index":".ds-logs-windows.windows_defender-default-2025.10.14-000003","_id":"Nl23LpoB6S5R_rUTJKPG","_version":1,"_score":null,"fields":{"elastic_agent.version":["8.17.3"],"event.category":["configuration"],"host.os.name.text":["Windows Server 2022 Standard Evaluation"],"winlog.provider_guid":["{11cd958a-c507-4ef3-b3f2-5fd9dfbd2c78}"],"winlog.provider_name":["Microsoft-Windows-Windows Defender"],"host.name.text":["cyberfortress-ws"],"host.hostname":["Cyberfortress-WS"],"winlog.computer_name":["Cyberfortress-WS.ad.cyberfortress.local"],"host.mac":["00-0C-29-26-4D-48"],"winlog.process.pid":[2088],"agent.name.text":["Cyberfortress-WS"],"host.os.version":["10.0"],"winlog.record_id":["847"],"host.os.name":["Windows Server 2022 Standard Evaluation"],"log.level":["information"],"agent.name":["Cyberfortress-WS"],"host.name":["cyberfortress-ws"],"event.agent_id_status":["verified"],"event.kind":["event"],"host.os.type":["windows"],"input.type":["winlog"],"data_stream.type":["logs"],"host.architecture":["x86_64"],"event.provider":["Microsoft-Windows-Windows Defender"],"event.code":["5007"],"agent.id":["03c4f422-68d1-4af6-a27f-a78c18180452"],"ecs.version":["8.17.0"],"winlog.event_data.Product_Name":["Microsoft Defender Antivirus"],"event.created":["2025-10-29T05:48:23.466Z"],"agent.version":["8.17.3"],"host.os.family":["windows"],"winlog.process.thread.id":[3424],"winlog.event_data.Old_Value":["HKLM\\SOFTWARE\\Microsoft\\Windows Defender\\CoreService\\WdConfigHash = 0x6160FF66"],"winlog.event_data.New_Value":["HKLM\\SOFTWARE\\Microsoft\\Windows Defender\\CoreService\\WdConfigHash = 0x6C4692C1"],"host.os.build":["20348.587"],"winlog.user.type":["User"],"host.ip":["fe80::7cea:4600:3e1d:57aa","192.168.85.115"],"agent.type":["filebeat"],"event.module":["windows"],"host.os.kernel":["10.0.20348.587 (WinBuild.160101.0800)"],"winlog.api":["wineventlog"],"elastic_agent.snapshot":[false],"host.id":["0c4d2910-34d4-4e69-a70d-2a9ff52a073e"],"winlog.user.identifier":["S-1-5-18"],"winlog.task":["None"],"winlog.user.domain":["NT AUTHORITY"],"elastic_agent.id":["03c4f422-68d1-4af6-a27f-a78c18180452"],"data_stream.namespace":["default"],"message":["Microsoft Defender Antivirus Configuration has changed. If this is an unexpected event you should review the settings as this may be the result of malware.\n \tOld value: HKLM\\SOFTWARE\\Microsoft\\Windows Defender\\CoreService\\WdConfigHash = 0x6160FF66\n \tNew value: HKLM\\SOFTWARE\\Microsoft\\Windows Defender\\CoreService\\WdConfigHash = 0x6C4692C1"],"winlog.event_id":["5007"],"winlog.user.name":["SYSTEM"],"event.action":["antivirus-configuration-changed"],"event.ingested":["2025-10-29T06:45:45.000Z"],"@timestamp":["2025-10-29T05:48:08.872Z"],"winlog.channel":["Microsoft-Windows-Windows Defender/Operational"],"host.os.platform":["windows"],"data_stream.dataset":["windows.windows_defender"],"event.type":["change"],"winlog.opcode":["Info"],"agent.ephemeral_id":["b88035ad-37fa-4e97-ba4f-bef5e945ecc2"],"winlog.event_data.Product_Version":["4.18.25090.3009"],"event.dataset":["windows.windows_defender"]},"highlight":{"message":["Microsoft Defender @kibana-highlighted-field@Antivirus@/kibana-highlighted-field@ Configuration has changed. If this is an unexpected event you should review the settings as this may be the result of @kibana-highlighted-field@malware@/kibana-highlighted-field@.\n \tOld value: HKLM\\SOFTWARE\\Microsoft\\Windows Defender\\CoreService\\WdConfigHash = 0x6160FF66\n \tNew value: HKLM\\SOFTWARE\\Microsoft\\Windows Defender\\CoreService\\WdConfigHash = 0x6C4692C1"]},"sort":["2025-10-29T05:48:08.872Z",378]},{"_index":".ds-logs-windows.windows_defender-default-2025.10.14-000003","_id":"M123LpoB6S5R_rUTJKPG","_version":1,"_score":null,"fields":{"elastic_agent.version":["8.17.3"],"event.category":["configuration"],"host.os.name.text":["Windows Server 2022 Standard Evaluation"],"winlog.provider_guid":["{11cd958a-c507-4ef3-b3f2-5fd9dfbd2c78}"],"winlog.provider_name":["Microsoft-Windows-Windows Defender"],"host.name.text":["cyberfortress-ws"],"host.hostname":["Cyberfortress-WS"],"winlog.computer_name":["Cyberfortress-WS.ad.cyberfortress.local"],"host.mac":["00-0C-29-26-4D-48"],"winlog.process.pid":[2088],"agent.name.text":["Cyberfortress-WS"],"host.os.version":["10.0"],"winlog.record_id":["846"],"host.os.name":["Windows Server 2022 Standard Evaluation"],"log.level":["information"],"agent.name":["Cyberfortress-WS"],"host.name":["cyberfortress-ws"],"event.agent_id_status":["verified"],"event.kind":["event"],"host.os.type":["windows"],"input.type":["winlog"],"data_stream.type":["logs"],"host.architecture":["x86_64"],"event.provider":["Microsoft-Windows-Windows Defender"],"event.code":["5007"],"agent.id":["03c4f422-68d1-4af6-a27f-a78c18180452"],"ecs.version":["8.17.0"],"winlog.event_data.Product_Name":["Microsoft Defender Antivirus"],"event.created":["2025-10-29T05:48:23.466Z"],"agent.version":["8.17.3"],"host.os.family":["windows"],"winlog.process.thread.id":[3424],"winlog.event_data.Old_Value":["Default\\ProductAppDataPath = C:\\ProgramData\\Microsoft\\Windows Defender"],"winlog.event_data.New_Value":["HKLM\\SOFTWARE\\Microsoft\\Windows Defender\\ProductAppDataPath = C:\\ProgramData\\Microsoft\\Windows Defender"],"host.os.build":["20348.587"],"winlog.user.type":["User"],"host.ip":["fe80::7cea:4600:3e1d:57aa","192.168.85.115"],"agent.type":["filebeat"],"event.module":["windows"],"host.os.kernel":["10.0.20348.587 (WinBuild.160101.0800)"],"winlog.api":["wineventlog"],"elastic_agent.snapshot":[false],"host.id":["0c4d2910-34d4-4e69-a70d-2a9ff52a073e"],"winlog.user.identifier":["S-1-5-18"],"winlog.task":["None"],"winlog.user.domain":["NT AUTHORITY"],"elastic_agent.id":["03c4f422-68d1-4af6-a27f-a78c18180452"],"data_stream.namespace":["default"],"message":["Microsoft Defender Antivirus Configuration has changed. If this is an unexpected event you should review the settings as this may be the result of malware.\n \tOld value: Default\\ProductAppDataPath = C:\\ProgramData\\Microsoft\\Windows Defender\n \tNew value: HKLM\\SOFTWARE\\Microsoft\\Windows Defender\\ProductAppDataPath = C:\\ProgramData\\Microsoft\\Windows Defender"],"winlog.event_id":["5007"],"winlog.user.name":["SYSTEM"],"event.action":["antivirus-configuration-changed"],"event.ingested":["2025-10-29T06:45:45.000Z"],"@timestamp":["2025-10-29T05:48:08.872Z"],"winlog.channel":["Microsoft-Windows-Windows Defender/Operational"],"host.os.platform":["windows"],"data_stream.dataset":["windows.windows_defender"],"event.type":["change"],"winlog.opcode":["Info"],"agent.ephemeral_id":["b88035ad-37fa-4e97-ba4f-bef5e945ecc2"],"winlog.event_data.Product_Version":["4.18.25090.3009"],"event.dataset":["windows.windows_defender"]},"highlight":{"message":["Microsoft Defender @kibana-highlighted-field@Antivirus@/kibana-highlighted-field@ Configuration has changed. If this is an unexpected event you should review the settings as this may be the result of @kibana-highlighted-field@malware@/kibana-highlighted-field@.\n \tOld value: Default\\ProductAppDataPath = C:\\ProgramData\\Microsoft\\Windows Defender\n \tNew value: HKLM\\SOFTWARE\\Microsoft\\Windows Defender\\ProductAppDataPath = C:\\ProgramData\\Microsoft\\Windows Defender"]},"sort":["2025-10-29T05:48:08.872Z",377]},{"_index":".ds-logs-windows.windows_defender-default-2025.10.14-000003","_id":"MV23LpoB6S5R_rUTJKPG","_version":1,"_score":null,"fields":{"elastic_agent.version":["8.17.3"],"event.category":["configuration"],"host.os.name.text":["Windows Server 2022 Standard Evaluation"],"winlog.provider_guid":["{11cd958a-c507-4ef3-b3f2-5fd9dfbd2c78}"],"winlog.provider_name":["Microsoft-Windows-Windows Defender"],"host.name.text":["cyberfortress-ws"],"host.hostname":["Cyberfortress-WS"],"winlog.computer_name":["Cyberfortress-WS.ad.cyberfortress.local"],"host.mac":["00-0C-29-26-4D-48"],"winlog.process.pid":[2088],"agent.name.text":["Cyberfortress-WS"],"host.os.version":["10.0"],"winlog.record_id":["845"],"host.os.name":["Windows Server 2022 Standard Evaluation"],"log.level":["information"],"agent.name":["Cyberfortress-WS"],"host.name":["cyberfortress-ws"],"event.agent_id_status":["verified"],"event.kind":["event"],"host.os.type":["windows"],"input.type":["winlog"],"data_stream.type":["logs"],"host.architecture":["x86_64"],"event.provider":["Microsoft-Windows-Windows Defender"],"event.code":["5007"],"agent.id":["03c4f422-68d1-4af6-a27f-a78c18180452"],"ecs.version":["8.17.0"],"winlog.event_data.Product_Name":["Microsoft Defender Antivirus"],"event.created":["2025-10-29T05:48:23.466Z"],"agent.version":["8.17.3"],"host.os.family":["windows"],"winlog.process.thread.id":[3416],"winlog.event_data.Old_Value":["HKLM\\SOFTWARE\\Microsoft\\Windows Defender\\Diagnostics\\InitializingComponentProgress = InitEventConfig"],"winlog.event_data.New_Value":["HKLM\\SOFTWARE\\Microsoft\\Windows Defender\\Diagnostics\\InitializingComponentProgress = LoadingEngine"],"host.os.build":["20348.587"],"winlog.user.type":["User"],"host.ip":["fe80::7cea:4600:3e1d:57aa","192.168.85.115"],"agent.type":["filebeat"],"event.module":["windows"],"host.os.kernel":["10.0.20348.587 (WinBuild.160101.0800)"],"winlog.api":["wineventlog"],"elastic_agent.snapshot":[false],"host.id":["0c4d2910-34d4-4e69-a70d-2a9ff52a073e"],"winlog.user.identifier":["S-1-5-18"],"winlog.task":["None"],"winlog.user.domain":["NT AUTHORITY"],"elastic_agent.id":["03c4f422-68d1-4af6-a27f-a78c18180452"],"data_stream.namespace":["default"],"message":["Microsoft Defender Antivirus Configuration has changed. If this is an unexpected event you should review the settings as this may be the result of malware.\n \tOld value: HKLM\\SOFTWARE\\Microsoft\\Windows Defender\\Diagnostics\\InitializingComponentProgress = InitEventConfig\n \tNew value: HKLM\\SOFTWARE\\Microsoft\\Windows Defender\\Diagnostics\\InitializingComponentProgress = LoadingEngine"],"winlog.event_id":["5007"],"winlog.user.name":["SYSTEM"],"event.action":["antivirus-configuration-changed"],"event.ingested":["2025-10-29T06:45:45.000Z"],"@timestamp":["2025-10-29T05:48:06.527Z"],"winlog.channel":["Microsoft-Windows-Windows Defender/Operational"],"host.os.platform":["windows"],"data_stream.dataset":["windows.windows_defender"],"event.type":["change"],"winlog.opcode":["Info"],"agent.ephemeral_id":["b88035ad-37fa-4e97-ba4f-bef5e945ecc2"],"winlog.event_data.Product_Version":["4.18.25090.3009"],"event.dataset":["windows.windows_defender"]},"highlight":{"message":["Microsoft Defender @kibana-highlighted-field@Antivirus@/kibana-highlighted-field@ Configuration has changed. If this is an unexpected event you should review the settings as this may be the result of @kibana-highlighted-field@malware@/kibana-highlighted-field@.\n \tOld value: HKLM\\SOFTWARE\\Microsoft\\Windows Defender\\Diagnostics\\InitializingComponentProgress = InitEventConfig\n \tNew value: HKLM\\SOFTWARE\\Microsoft\\Windows Defender\\Diagnostics\\InitializingComponentProgress = LoadingEngine"]},"sort":["2025-10-29T05:48:06.527Z",376]},{"_index":".ds-logs-windows.windows_defender-default-2025.10.14-000003","_id":"L123LpoB6S5R_rUTJKPG","_version":1,"_score":null,"fields":{"elastic_agent.version":["8.17.3"],"event.category":["configuration"],"host.os.name.text":["Windows Server 2022 Standard Evaluation"],"winlog.provider_guid":["{11cd958a-c507-4ef3-b3f2-5fd9dfbd2c78}"],"winlog.provider_name":["Microsoft-Windows-Windows Defender"],"host.name.text":["cyberfortress-ws"],"host.hostname":["Cyberfortress-WS"],"winlog.computer_name":["Cyberfortress-WS.ad.cyberfortress.local"],"host.mac":["00-0C-29-26-4D-48"],"winlog.process.pid":[2088],"agent.name.text":["Cyberfortress-WS"],"host.os.version":["10.0"],"winlog.record_id":["844"],"host.os.name":["Windows Server 2022 Standard Evaluation"],"log.level":["information"],"agent.name":["Cyberfortress-WS"],"host.name":["cyberfortress-ws"],"event.agent_id_status":["verified"],"event.kind":["event"],"host.os.type":["windows"],"input.type":["winlog"],"data_stream.type":["logs"],"host.architecture":["x86_64"],"event.provider":["Microsoft-Windows-Windows Defender"],"event.code":["5007"],"agent.id":["03c4f422-68d1-4af6-a27f-a78c18180452"],"ecs.version":["8.17.0"],"winlog.event_data.Product_Name":["Microsoft Defender Antivirus"],"event.created":["2025-10-29T05:48:23.466Z"],"agent.version":["8.17.3"],"host.os.family":["windows"],"winlog.process.thread.id":[3416],"winlog.event_data.Old_Value":["HKLM\\SOFTWARE\\Microsoft\\Windows Defender\\Diagnostics\\InitializingComponentProgress = PostPlatformUpdate"],"winlog.event_data.New_Value":["HKLM\\SOFTWARE\\Microsoft\\Windows Defender\\Diagnostics\\InitializingComponentProgress = InitEventConfig"],"host.os.build":["20348.587"],"winlog.user.type":["User"],"host.ip":["fe80::7cea:4600:3e1d:57aa","192.168.85.115"],"agent.type":["filebeat"],"event.module":["windows"],"host.os.kernel":["10.0.20348.587 (WinBuild.160101.0800)"],"winlog.api":["wineventlog"],"elastic_agent.snapshot":[false],"host.id":["0c4d2910-34d4-4e69-a70d-2a9ff52a073e"],"winlog.user.identifier":["S-1-5-18"],"winlog.task":["None"],"winlog.user.domain":["NT AUTHORITY"],"elastic_agent.id":["03c4f422-68d1-4af6-a27f-a78c18180452"],"data_stream.namespace":["default"],"message":["Microsoft Defender Antivirus Configuration has changed. If this is an unexpected event you should review the settings as this may be the result of malware.\n \tOld value: HKLM\\SOFTWARE\\Microsoft\\Windows Defender\\Diagnostics\\InitializingComponentProgress = PostPlatformUpdate\n \tNew value: HKLM\\SOFTWARE\\Microsoft\\Windows Defender\\Diagnostics\\InitializingComponentProgress = InitEventConfig"],"winlog.event_id":["5007"],"winlog.user.name":["SYSTEM"],"event.action":["antivirus-configuration-changed"],"event.ingested":["2025-10-29T06:45:45.000Z"],"@timestamp":["2025-10-29T05:48:06.026Z"],"winlog.channel":["Microsoft-Windows-Windows Defender/Operational"],"host.os.platform":["windows"],"data_stream.dataset":["windows.windows_defender"],"event.type":["change"],"winlog.opcode":["Info"],"agent.ephemeral_id":["b88035ad-37fa-4e97-ba4f-bef5e945ecc2"],"winlog.event_data.Product_Version":["4.18.25090.3009"],"event.dataset":["windows.windows_defender"]},"highlight":{"message":["Microsoft Defender @kibana-highlighted-field@Antivirus@/kibana-highlighted-field@ Configuration has changed. If this is an unexpected event you should review the settings as this may be the result of @kibana-highlighted-field@malware@/kibana-highlighted-field@.\n \tOld value: HKLM\\SOFTWARE\\Microsoft\\Windows Defender\\Diagnostics\\InitializingComponentProgress = PostPlatformUpdate\n \tNew value: HKLM\\SOFTWARE\\Microsoft\\Windows Defender\\Diagnostics\\InitializingComponentProgress = InitEventConfig"]},"sort":["2025-10-29T05:48:06.026Z",375]},{"_index":".ds-logs-windows.windows_defender-default-2025.10.14-000003","_id":"LV23LpoB6S5R_rUTJKPG","_version":1,"_score":null,"fields":{"elastic_agent.version":["8.17.3"],"event.category":["configuration"],"host.os.name.text":["Windows Server 2022 Standard Evaluation"],"winlog.provider_guid":["{11cd958a-c507-4ef3-b3f2-5fd9dfbd2c78}"],"winlog.provider_name":["Microsoft-Windows-Windows Defender"],"host.name.text":["cyberfortress-ws"],"host.hostname":["Cyberfortress-WS"],"winlog.computer_name":["Cyberfortress-WS.ad.cyberfortress.local"],"host.mac":["00-0C-29-26-4D-48"],"winlog.process.pid":[2088],"agent.name.text":["Cyberfortress-WS"],"host.os.version":["10.0"],"winlog.record_id":["843"],"host.os.name":["Windows Server 2022 Standard Evaluation"],"log.level":["information"],"agent.name":["Cyberfortress-WS"],"host.name":["cyberfortress-ws"],"event.agent_id_status":["verified"],"event.kind":["event"],"host.os.type":["windows"],"input.type":["winlog"],"data_stream.type":["logs"],"host.architecture":["x86_64"],"event.provider":["Microsoft-Windows-Windows Defender"],"event.code":["5007"],"agent.id":["03c4f422-68d1-4af6-a27f-a78c18180452"],"ecs.version":["8.17.0"],"winlog.event_data.Product_Name":["Microsoft Defender Antivirus"],"event.created":["2025-10-29T05:48:23.466Z"],"agent.version":["8.17.3"],"host.os.family":["windows"],"winlog.process.thread.id":[3416],"winlog.event_data.Old_Value":["Default\\ServiceStartStates = 0x0"],"winlog.event_data.New_Value":["HKLM\\SOFTWARE\\Microsoft\\Windows Defender\\ServiceStartStates = 0x1"],"host.os.build":["20348.587"],"winlog.user.type":["User"],"host.ip":["fe80::7cea:4600:3e1d:57aa","192.168.85.115"],"agent.type":["filebeat"],"event.module":["windows"],"host.os.kernel":["10.0.20348.587 (WinBuild.160101.0800)"],"winlog.api":["wineventlog"],"elastic_agent.snapshot":[false],"host.id":["0c4d2910-34d4-4e69-a70d-2a9ff52a073e"],"winlog.user.identifier":["S-1-5-18"],"winlog.task":["None"],"winlog.user.domain":["NT AUTHORITY"],"elastic_agent.id":["03c4f422-68d1-4af6-a27f-a78c18180452"],"data_stream.namespace":["default"],"message":["Microsoft Defender Antivirus Configuration has changed. If this is an unexpected event you should review the settings as this may be the result of malware.\n \tOld value: Default\\ServiceStartStates = 0x0\n \tNew value: HKLM\\SOFTWARE\\Microsoft\\Windows Defender\\ServiceStartStates = 0x1"],"winlog.event_id":["5007"],"winlog.user.name":["SYSTEM"],"event.action":["antivirus-configuration-changed"],"event.ingested":["2025-10-29T06:45:45.000Z"],"@timestamp":["2025-10-29T05:48:06.025Z"],"winlog.channel":["Microsoft-Windows-Windows Defender/Operational"],"host.os.platform":["windows"],"data_stream.dataset":["windows.windows_defender"],"event.type":["change"],"winlog.opcode":["Info"],"agent.ephemeral_id":["b88035ad-37fa-4e97-ba4f-bef5e945ecc2"],"winlog.event_data.Product_Version":["4.18.25090.3009"],"event.dataset":["windows.windows_defender"]},"highlight":{"message":["Microsoft Defender @kibana-highlighted-field@Antivirus@/kibana-highlighted-field@ Configuration has changed. If this is an unexpected event you should review the settings as this may be the result of @kibana-highlighted-field@malware@/kibana-highlighted-field@.\n \tOld value: Default\\ServiceStartStates = 0x0\n \tNew value: HKLM\\SOFTWARE\\Microsoft\\Windows Defender\\ServiceStartStates = 0x1"]},"sort":["2025-10-29T05:48:06.025Z",374]},{"_index":".ds-logs-windows.windows_defender-default-2025.10.14-000003","_id":"K123LpoB6S5R_rUTJKPG","_version":1,"_score":null,"fields":{"elastic_agent.version":["8.17.3"],"event.category":["configuration"],"host.os.name.text":["Windows Server 2022 Standard Evaluation"],"winlog.provider_guid":["{11cd958a-c507-4ef3-b3f2-5fd9dfbd2c78}"],"winlog.provider_name":["Microsoft-Windows-Windows Defender"],"host.name.text":["cyberfortress-ws"],"host.hostname":["Cyberfortress-WS"],"winlog.computer_name":["Cyberfortress-WS.ad.cyberfortress.local"],"host.mac":["00-0C-29-26-4D-48"],"winlog.process.pid":[2088],"agent.name.text":["Cyberfortress-WS"],"host.os.version":["10.0"],"winlog.record_id":["842"],"host.os.name":["Windows Server 2022 Standard Evaluation"],"log.level":["information"],"agent.name":["Cyberfortress-WS"],"host.name":["cyberfortress-ws"],"event.agent_id_status":["verified"],"event.kind":["event"],"host.os.type":["windows"],"input.type":["winlog"],"data_stream.type":["logs"],"host.architecture":["x86_64"],"event.provider":["Microsoft-Windows-Windows Defender"],"event.code":["5007"],"agent.id":["03c4f422-68d1-4af6-a27f-a78c18180452"],"ecs.version":["8.17.0"],"winlog.event_data.Product_Name":["Microsoft Defender Antivirus"],"event.created":["2025-10-29T05:48:23.466Z"],"agent.version":["8.17.3"],"host.os.family":["windows"],"winlog.process.thread.id":[3416],"winlog.event_data.Old_Value":["HKLM\\SOFTWARE\\Microsoft\\Windows Defender\\Diagnostics\\InitializingComponentProgress = InitializeMiscConfigLibrary"],"winlog.event_data.New_Value":["HKLM\\SOFTWARE\\Microsoft\\Windows Defender\\Diagnostics\\InitializingComponentProgress = PostPlatformUpdate"],"host.os.build":["20348.587"],"winlog.user.type":["User"],"host.ip":["fe80::7cea:4600:3e1d:57aa","192.168.85.115"],"agent.type":["filebeat"],"event.module":["windows"],"host.os.kernel":["10.0.20348.587 (WinBuild.160101.0800)"],"winlog.api":["wineventlog"],"elastic_agent.snapshot":[false],"host.id":["0c4d2910-34d4-4e69-a70d-2a9ff52a073e"],"winlog.user.identifier":["S-1-5-18"],"winlog.task":["None"],"winlog.user.domain":["NT AUTHORITY"],"elastic_agent.id":["03c4f422-68d1-4af6-a27f-a78c18180452"],"data_stream.namespace":["default"],"message":["Microsoft Defender Antivirus Configuration has changed. If this is an unexpected event you should review the settings as this may be the result of malware.\n \tOld value: HKLM\\SOFTWARE\\Microsoft\\Windows Defender\\Diagnostics\\InitializingComponentProgress = InitializeMiscConfigLibrary\n \tNew value: HKLM\\SOFTWARE\\Microsoft\\Windows Defender\\Diagnostics\\InitializingComponentProgress = PostPlatformUpdate"],"winlog.event_id":["5007"],"winlog.user.name":["SYSTEM"],"event.action":["antivirus-configuration-changed"],"event.ingested":["2025-10-29T06:45:45.000Z"],"@timestamp":["2025-10-29T05:48:02.143Z"],"winlog.channel":["Microsoft-Windows-Windows Defender/Operational"],"host.os.platform":["windows"],"data_stream.dataset":["windows.windows_defender"],"event.type":["change"],"winlog.opcode":["Info"],"agent.ephemeral_id":["b88035ad-37fa-4e97-ba4f-bef5e945ecc2"],"winlog.event_data.Product_Version":["4.18.25090.3009"],"event.dataset":["windows.windows_defender"]},"highlight":{"message":["Microsoft Defender @kibana-highlighted-field@Antivirus@/kibana-highlighted-field@ Configuration has changed. If this is an unexpected event you should review the settings as this may be the result of @kibana-highlighted-field@malware@/kibana-highlighted-field@.\n \tOld value: HKLM\\SOFTWARE\\Microsoft\\Windows Defender\\Diagnostics\\InitializingComponentProgress = InitializeMiscConfigLibrary\n \tNew value: HKLM\\SOFTWARE\\Microsoft\\Windows Defender\\Diagnostics\\InitializingComponentProgress = PostPlatformUpdate"]},"sort":["2025-10-29T05:48:02.143Z",373]},{"_index":".ds-logs-windows.windows_defender-default-2025.10.14-000003","_id":"J123LpoB6S5R_rUTJKPG","_version":1,"_score":null,"fields":{"elastic_agent.version":["8.17.3"],"event.category":["configuration"],"host.os.name.text":["Windows Server 2022 Standard Evaluation"],"winlog.provider_guid":["{11cd958a-c507-4ef3-b3f2-5fd9dfbd2c78}"],"winlog.provider_name":["Microsoft-Windows-Windows Defender"],"host.name.text":["cyberfortress-ws"],"host.hostname":["Cyberfortress-WS"],"winlog.computer_name":["Cyberfortress-WS.ad.cyberfortress.local"],"host.mac":["00-0C-29-26-4D-48"],"winlog.process.pid":[2088],"agent.name.text":["Cyberfortress-WS"],"host.os.version":["10.0"],"winlog.record_id":["841"],"host.os.name":["Windows Server 2022 Standard Evaluation"],"log.level":["information"],"agent.name":["Cyberfortress-WS"],"host.name":["cyberfortress-ws"],"event.agent_id_status":["verified"],"event.kind":["event"],"host.os.type":["windows"],"input.type":["winlog"],"data_stream.type":["logs"],"host.architecture":["x86_64"],"event.provider":["Microsoft-Windows-Windows Defender"],"event.code":["5007"],"agent.id":["03c4f422-68d1-4af6-a27f-a78c18180452"],"ecs.version":["8.17.0"],"winlog.event_data.Product_Name":["Microsoft Defender Antivirus"],"event.created":["2025-10-29T05:48:23.466Z"],"agent.version":["8.17.3"],"host.os.family":["windows"],"winlog.process.thread.id":[3416],"winlog.event_data.Old_Value":["HKLM\\SOFTWARE\\Microsoft\\Windows Defender\\CoreService\\WdConfigHash = 0x6C4692C1"],"winlog.event_data.New_Value":["HKLM\\SOFTWARE\\Microsoft\\Windows Defender\\CoreService\\WdConfigHash = 0x6160FF66"],"host.os.build":["20348.587"],"winlog.user.type":["User"],"host.ip":["fe80::7cea:4600:3e1d:57aa","192.168.85.115"],"agent.type":["filebeat"],"event.module":["windows"],"host.os.kernel":["10.0.20348.587 (WinBuild.160101.0800)"],"winlog.api":["wineventlog"],"elastic_agent.snapshot":[false],"host.id":["0c4d2910-34d4-4e69-a70d-2a9ff52a073e"],"winlog.user.identifier":["S-1-5-18"],"winlog.task":["None"],"winlog.user.domain":["NT AUTHORITY"],"elastic_agent.id":["03c4f422-68d1-4af6-a27f-a78c18180452"],"data_stream.namespace":["default"],"message":["Microsoft Defender Antivirus Configuration has changed. If this is an unexpected event you should review the settings as this may be the result of malware.\n \tOld value: HKLM\\SOFTWARE\\Microsoft\\Windows Defender\\CoreService\\WdConfigHash = 0x6C4692C1\n \tNew value: HKLM\\SOFTWARE\\Microsoft\\Windows Defender\\CoreService\\WdConfigHash = 0x6160FF66"],"winlog.event_id":["5007"],"winlog.user.name":["SYSTEM"],"event.action":["antivirus-configuration-changed"],"event.ingested":["2025-10-29T06:45:45.000Z"],"@timestamp":["2025-10-29T05:48:02.142Z"],"winlog.channel":["Microsoft-Windows-Windows Defender/Operational"],"host.os.platform":["windows"],"data_stream.dataset":["windows.windows_defender"],"event.type":["change"],"winlog.opcode":["Info"],"agent.ephemeral_id":["b88035ad-37fa-4e97-ba4f-bef5e945ecc2"],"winlog.event_data.Product_Version":["4.18.25090.3009"],"event.dataset":["windows.windows_defender"]},"highlight":{"message":["Microsoft Defender @kibana-highlighted-field@Antivirus@/kibana-highlighted-field@ Configuration has changed. If this is an unexpected event you should review the settings as this may be the result of @kibana-highlighted-field@malware@/kibana-highlighted-field@.\n \tOld value: HKLM\\SOFTWARE\\Microsoft\\Windows Defender\\CoreService\\WdConfigHash = 0x6C4692C1\n \tNew value: HKLM\\SOFTWARE\\Microsoft\\Windows Defender\\CoreService\\WdConfigHash = 0x6160FF66"]},"sort":["2025-10-29T05:48:02.142Z",372]},