.os.type":["windows"],"input.type":["winlog"],"data_stream.type":["logs"],"tags":["preserve_original_event"],"host.architecture":["x86_64"],"event.provider":["Microsoft-Windows-Windows Defender"],"event.code":["5007"],"agent.id":["03c4f422-68d1-4af6-a27f-a78c18180452"],"ecs.version":["8.17.0"],"winlog.event_data.Product_Name":["Microsoft Defender Antivirus"],"event.created":["2025-11-22T07:02:57.356Z"],"agent.version":["8.17.3"],"host.os.family":["windows"],"winlog.process.thread.id":[5716],"winlog.event_data.Old_Value":["HKLM\\SOFTWARE\\Microsoft\\Windows Defender\\Diagnostics\\CleanupComponentProgress = CleanupCompleted"],"winlog.event_data.New_Value":["HKLM\\SOFTWARE\\Microsoft\\Windows Defender\\Diagnostics\\CleanupComponentProgress = UninitializeServiceWppTracing"],"host.os.build":["20348.587"],"winlog.user.type":["User"],"host.ip":["fe80::7cea:4600:3e1d:57aa","192.168.85.115"],"agent.type":["filebeat"],"event.module":["windows"],"host.os.kernel":["10.0.20348.587 (WinBuild.160101.0800)"],"winlog.api":["wineventlog"],"elastic_agent.snapshot":[false],"ml.prediction.predicted_value":["WARNING"],"host.id":["0c4d2910-34d4-4e69-a70d-2a9ff52a073e"],"winlog.user.identifier":["S-1-5-18"],"ml.prediction.is_truncated":[true],"ml.prediction.prediction_probability":[0.6042777],"winlog.task":["None"],"winlog.user.domain":["NT AUTHORITY"],"elastic_agent.id":["03c4f422-68d1-4af6-a27f-a78c18180452"],"data_stream.namespace":["default"],"message":["<Event xmlns='http://schemas.microsoft.com/win/2004/08/events/event'><System><Provider Name='Microsoft-Windows-Windows Defender' Guid='{11cd958a-c507-4ef3-b3f2-5fd9dfbd2c78}'/><EventID>5007</EventID><Version>0</Version><Level>4</Level><Task>0</Task><Opcode>0</Opcode><Keywords>0x8000000000000000</Keywords><TimeCreated SystemTime='2025-11-21T10:18:14.2408073Z'/><EventRecordID>1188</EventRecordID><Correlation/><Execution ProcessID='2184' ThreadID='5716'/><Channel>Microsoft-Windows-Windows Defender/Operational</Channel><Computer>Cyberfortress-WS.ad.cyberfortress.local</Computer><Security UserID='S-1-5-18'/></System><EventData><Data Name='Product Name'>Microsoft Defender Antivirus</Data><Data Name='Product Version'>4.18.25090.3009</Data><Data Name='Old Value'>HKLM\\SOFTWARE\\Microsoft\\Windows Defender\\Diagnostics\\CleanupComponentProgress = CleanupCompleted</Data><Data Name='New Value'>HKLM\\SOFTWARE\\Microsoft\\Windows Defender\\Diagnostics\\CleanupComponentProgress = UninitializeServiceWppTracing</Data></EventData><RenderingInfo Culture='en-US'><Message>Microsoft Defender Antivirus Configuration has changed. If this is an unexpected event you should review the settings as this may be the result of malware.\r\n \tOld value: HKLM\\SOFTWARE\\Microsoft\\Windows Defender\\Diagnostics\\CleanupComponentProgress = CleanupCompleted\r\n \tNew value: HKLM\\SOFTWARE\\Microsoft\\Windows Defender\\Diagnostics\\CleanupComponentProgress = UninitializeServiceWppTracing</Message><Level>Information</Level><Task></Task><Opcode>Info</Opcode><Channel></Channel><Provider>Microsoft-Windows-Windows Defender</Provider><Keywords></Keywords></RenderingInfo></Event>"],"winlog.event_id":["5007"],"winlog.user.name":["SYSTEM"],"event.action":["antivirus-configuration-changed"],"@timestamp":["2025-11-21T10:18:14.240Z"],"winlog.channel":["Microsoft-Windows-Windows Defender/Operational"],"host.os.platform":["windows"],"data_stream.dataset":["windows.windows_defender"],"event.type":["change"],"winlog.opcode":["Info"],"agent.ephemeral_id":["b78cf464-7de2-490c-b768-90f30a814592"],"winlog.event_data.Product_Version":["4.18.25090.3009"],"event.dataset":["windows.windows_defender"]},"highlight":{"message":["<Event xmlns='http://schemas.microsoft.com/win/2004/08/events/event'><System><Provider Name='Microsoft-Windows-Windows Defender' Guid='{11cd958a-c507-4ef3-b3f2-5fd9dfbd2c78}'/><EventID>5007</EventID><Version>0</Version><Level>4</Level><Task>0</Task><Opcode>0</Opcode><Keywords>0x8000000000000000</Keywords><TimeCreated SystemTime='2025-11-21T10:18:14.2408073Z'/><EventRecordID>1188</EventRecordID><Correlation/><Execution ProcessID='2184' ThreadID='5716'/><Channel>Microsoft-Windows-Windows Defender/Operational</Channel><Computer>Cyberfortress-WS.ad.cyberfortress.local</Computer><Security UserID='S-1-5-18'/></System><EventData><Data Name='Product Name'>Microsoft Defender @kibana-highlighted-field@Antivirus@/kibana-highlighted-field@</Data><Data Name='Product Version'>4.18.25090.3009</Data><Data Name='Old Value'>HKLM\\SOFTWARE\\Microsoft\\Windows Defender\\Diagnostics\\CleanupComponentProgress = CleanupCompleted</Data><Data Name='New Value'>HKLM\\SOFTWARE\\Microsoft\\Windows Defender\\Diagnostics\\CleanupComponentProgress = UninitializeServiceWppTracing</Data></EventData><RenderingInfo Culture='en-US'><Message>Microsoft Defender @kibana-highlighted-field@Antivirus@/kibana-highlighted-field@ Configuration has changed. If this is an unexpected event you should review the settings as this may be the result of @kibana-highlighted-field@malware@/kibana-highlighted-field@.\r\n \tOld value: HKLM\\SOFTWARE\\Microsoft\\Windows Defender\\Diagnostics\\CleanupComponentProgress = CleanupCompleted\r\n \tNew value: HKLM\\SOFTWARE\\Microsoft\\Windows Defender\\Diagnostics\\CleanupComponentProgress = UninitializeServiceWppTracing</Message><Level>Information</Level><Task></Task><Opcode>Info</Opcode><Channel></Channel><Provider>Microsoft-Windows-Windows Defender</Provider><Keywords></Keywords></RenderingInfo></Event>"]},"sort":["2025-11-21T10:18:14.240Z",136]},{"_index":".ds-logs-windows.windows_defender-default-2025.11.14-000004","_id":"lb_EpZoB2pYimIOu0rTQ","_version":1,"_score":null,"fields":{"elastic_agent.version":["8.17.3"],"event.category":["process"],"winlog.event_data.Last_quick_scan_source":["2"],"host.os.name.text":["Windows Server 2022 Standard Evaluation"],"winlog.provider_guid":["{11cd958a-c507-4ef3-b3f2-5fd9dfbd2c78}"],"winlog.provider_name":["Microsoft-Windows-Windows Defender"],"host.name.text":["cyberfortress-ws"],"host.hostname":["Cyberfortress-WS"],"winlog.computer_name":["Cyberfortress-WS.ad.cyberfortress.local"],"host.mac":["00-0C-29-26-4D-48"],"winlog.process.pid":[2184],"winlog.event_data.Last_quick_scan_end_time":["2025-11-20T07:41:23.000Z"],"agent.name.text":["Cyberfortress-WS"],"host.os.version":["10.0"],"winlog.event_data.Last_full_scan_age":["4294967295"],"winlog.record_id":["1187"],"host.os.name":["Windows Server 2022 Standard Evaluation"],"winlog.event_data.Engine_up-to-date":["0"],"log.level":["information"],"agent.name":["Cyberfortress-WS"],"host.name":["cyberfortress-ws"],"event.agent_id_status":["verified"],"event.kind":["event"],"winlog.event_data.Engine_version":["1.1.25100.9002"],"host.os.type":["windows"],"winlog.event_data.RTP_state":["Enabled"],"winlog.event_data.Platform_version":["4.18.25090.3009"],"input.type":["winlog"],"data_stream.type":["logs"],"winlog.event_data.Last_AS_security_intelligence_age":["2"],"host.architecture":["x86_64"],"winlog.event_data.AV_security_intelligence_version":["1.441.331.0"],"event.provider":["Microsoft-Windows-Windows Defender"],"event.code":["1151"],"agent.id":["03c4f422-68d1-4af6-a27f-a78c18180452"],"ecs.version":["8.17.0"],"winlog.event_data.Product_Name":["Microsoft Defender Antivirus"],"event.created":["2025-11-21T09:35:24.554Z"],"agent.version":["8.17.3"],"host.os.family":["windows"],"winlog.event_data.AS_security_intelligence_version":["1.441.331.0"],"winlog.event_data.Last_quick_scan_age":["1"],"winlog.process.thread.id":[4460],"winlog.event_data.Last_full_scan_source":["0"],"winlog.event_data.NRI_security_intelligence_version":["1.441.331.0"],"winlog.event_data.IOAV_state":["Enabled"],"host.os.build":["20348.587"],"winlog.user.type":["User"],"host.ip":["fe80::7cea:4600:3e1d:57aa","192.168.85.115"],"agent.type":["filebeat"],"event.module":["windows"],"host.os.kernel":["10.0.20348.587 (WinBuild.160101.0800)"],"winlog.event_data.Latest_engine_version":["1.1.25100.9002"],"winlog.api":["wineventlog"],"elastic_agent.snapshot":[false],"winlog.event_data.Last_AV_security_intelligence_age":["2"],"host.id":["0c4d2910-34d4-4e69-a70d-2a9ff52a073e"],"winlog.event_data.Platform_up-to-date":["0"],"winlog.user.identifier":["S-1-5-18"],"winlog.task":["None"],"winlog.user.domain":["NT AUTHORITY"],"winlog.event_data.Product_status":["0x00080000"],"elastic_agent.id":["03c4f422-68d1-4af6-a27f-a78c18180452"],"data_stream.namespace":["default"],"winlog.event_data.BM_state":["Enabled"],"winlog.event_data.Last_full_scan_end_time":["1601-01-01T00:00:00.000Z"],"winlog.event_data.Last_full_scan_start_time":["1601-01-01T00:00:00.000Z"],"message":["Endpoint Protection client health report (time in UTC):\n \tPlatform version: 4.18.25090.3009\n \tEngine version: 1.1.25100.9002\n \tNetwork Realtime Inspection engine version: 1.1.25100.9002\n \tAntivirus security intelligence version: 1.441.331.0\n \tAntispyware security intelligence version: 1.441.331.0\n \tNetwork Realtime Inspection security intelligence version: 1.441.331.0\n \tRTP state: Enabled\n \tOA state: Enabled\n \tIOAV state: Enabled\n \tBM state: Enabled\n \tAntivirus security intelligence age: 2\n \tAntispyware security intelligence age: 2\n \tLast quick scan age: 1\n \tLast full scan age: 4294967295\n \tAntivirus security intelligence creation time: 2025-11-19T02:50:21Z\n \tAntispyware security intelligence creation time: 2025-11-19T02:50:21Z\n \tLast quick scan start time: 2025-11-20T07:40:47Z\n \tLast quick scan end time: 2025-11-20T07:41:23Z\n \tLast quick scan source: 2\n \tLast full scan start time: 1601-01-01T00:00:00Z\n \tLast full scan end time: 1601-01-01T00:00:00Z\n \tLast full scan source: 0\n \tProduct status: 0x00080000"],"winlog.event_id":["1151"],"winlog.user.name":["SYSTEM"],"winlog.event_data.AS_security_intelligence_creation_time":["2025-11-19T02:50:21.000Z"],"event.action":["None"],"event.ingested":["2025-11-21T09:35:31.000Z"],"@timestamp":["2025-11-21T09:35:22.708Z"],"winlog.channel":["Microsoft-Windows-Windows Defender/Operational"],"host.os.platform":["windows"],"data_stream.dataset":["windows.windows_defender"],"event.type":["info"],"winlog.event_data.AV_security_intelligence_creation_time":["2025-11-19T02:50:21.000Z"],"winlog.event_data.Latest_platform_version":["4.18.25100.9008"],"winlog.opcode":["Info"],"agent.ephemeral_id":["1022e9e9-0684-4470-9674-785a6c29e095"],"winlog.event_data.NRI_engine_version":["1.1.25100.9002"],"event.dataset":["windows.windows_defender"],"winlog.event_data.Last_quick_scan_start_time":["2025-11-20T07:40:47.000Z"],"winlog.event_data.OA_state":["Enabled"]},"highlight":{"message":["Endpoint Protection client health report (time in UTC):\n \tPlatform version: 4.18.25090.3009\n \tEngine version: 1.1.25100.9002\n \tNetwork Realtime Inspection engine version: 1.1.25100.9002\n \t@kibana-highlighted-field@Antivirus@/kibana-highlighted-field@ security intelligence version: 1.441.331.0\n \tAntispyware security intelligence version: 1.441.331.0\n \tNetwork Realtime Inspection security intelligence version: 1.441.331.0\n \tRTP state: Enabled\n \tOA state: Enabled\n \tIOAV state: Enabled\n \tBM state: Enabled\n \t@kibana-highlighted-field@Antivirus@/kibana-highlighted-field@ security intelligence age: 2\n \tAntispyware security intelligence age: 2\n \tLast quick scan age: 1\n \tLast full scan age: 4294967295\n \t@kibana-highlighted-field@Antivirus@/kibana-highlighted-field@ security intelligence creation time: 2025-11-19T02:50:21Z\n \tAntispyware security intelligence creation time: 2025-11-19T02:50:21Z\n \tLast quick scan start time: 2025-11-20T07:40:47Z\n \tLast quick scan end time: 2025-11-20T07:41:23Z\n \tLast quick scan source: 2\n \tLast full scan start time: 1601-01-01T00:00:00Z\n \tLast full scan end time: 1601-01-01T00:00:00Z\n \tLast full scan source: 0\n \tProduct status: 0x00080000"]},"sort":["2025-11-21T09:35:22.708Z",135]},{"_index":".ds-logs-windows.windows_defender-default-2025.11.14-000004","_id":"NL6NpZoB8cgaGXqVzca2","_version":1,"_score":null,"fields":{"elastic_agent.version":["8.17.3"],"event.category":["process"],"winlog.event_data.Last_quick_scan_source":["2"],"host.os.name.text":["Windows Server 2022 Standard Evaluation"],"winlog.provider_guid":["{11cd958a-c507-4ef3-b3f2-5fd9dfbd2c78}"],"winlog.provider_name":["Microsoft-Windows-Windows Defender"],"host.name.text":["cyberfortress-ws"],"host.hostname":["Cyberfortress-WS"],"winlog.computer_name":["Cyberfortress-WS.ad.cyberfortress.local"],"host.mac":["00-0C-29-26-4D-48"],"winlog.process.pid":[2184],"winlog.event_data.Last_quick_scan_end_time":["2025-11-20T07:41:23.000Z"],"agent.name.text":["Cyberfortress-WS"],"host.os.version":["10.0"],"winlog.event_data.Last_full_scan_age":["4294967295"],"winlog.record_id":["1185"],"host.os.name":["Windows Server 2022 Standard Evaluation"],"winlog.event_data.Engine_up-to-date":["0"],"log.level":["information"],"agent.name":["Cyberfortress-WS"],"host.name":["cyberfortress-ws"],"event.agent_id_status":["verified"],"event.kind":["event"],"winlog.event_data.Engine_version":["1.1.25100.9002"],"host.os.type":["windows"],"winlog.event_data.RTP_state":["Enabled"],"winlog.event_data.Platform_version":["4.18.25090.3009"],"input.type":["winlog"],"data_stream.type":["logs"],"winlog.event_data.Last_AS_security_intelligence_age":["2"],"host.architecture":["x86_64"],"winlog.event_data.AV_security_intelligence_version":["1.441.331.0"],"event.provider":["Microsoft-Windows-Windows Defender"],"event.code":["1151"],"agent.id":["03c4f422-68d1-4af6-a27f-a78c18180452"],"ecs.version":["8.17.0"],"winlog.event_data.Product_Name":["Microsoft Defender Antivirus"],"event.created":["2025-11-21T08:35:24.206Z"],"agent.version":["8.17.3"],"host.os.family":["windows"],"winlog.event_data.AS_security_intelligence_version":["1.441.331.0"],"winlog.event_data.Last_quick_scan_age":["1"],"winlog.process.thread.id":[4876],"winlog.event_data.Last_full_scan_source":["0"],"winlog.event_data.NRI_security_intelligence_version":["1.441.331.0"],"winlog.event_data.IOAV_state":["Enabled"],"host.os.build":["20348.587"],"winlog.user.type":["User"],"host.ip":["fe80::7cea:4600:3e1d:57aa","192.168.85.115"],"agent.type":["filebeat"],"event.module":["windows"],"host.os.kernel":["10.0.20348.587 (WinBuild.160101.0800)"],"winlog.event_data.Latest_engine_version":["1.1.25100.9002"],"winlog.api":["wineventlog"],"elastic_agent.snapshot":[false],"winlog.event_data.Last_AV_security_intelligence_age":["2"],"host.id":["0c4d2910-34d4-4e69-a70d-2a9ff52a073e"],"winlog.event_data.Platform_up-to-date":["0"],"winlog.user.identifier":["S-1-5-18"],"winlog.task":["None"],"winlog.user.domain":["NT AUTHORITY"],"winlog.event_data.Product_status":["0x00080000"],"elastic_agent.id":["03c4f422-68d1-4af6-a27f-a78c18180452"],"data_stream.namespace":["default"],"winlog.event_data.BM_state":["Enabled"],"winlog.event_data.Last_full_scan_end_time":["1601-01-01T00:00:00.000Z"],"winlog.event_data.Last_full_scan_start_time":["1601-01-01T00:00:00.000Z"],"message":["Endpoint Protection client health report (time in UTC):\n \tPlatform version: 4.18.25090.3009\n \tEngine version: 1.1.25100.9002\n \tNetwork Realtime Inspection engine version: 1.1.25100.9002\n \tAntivirus security intelligence version: 1.441.331.0\n \tAntispyware security intelligence version: 1.441.331.0\n \tNetwork Realtime Inspection security intelligence version: 1.441.331.0\n \tRTP state: Enabled\n \tOA state: Enabled\n \tIOAV state: Enabled\n \tBM state: Enabled\n \tAntivirus security intelligence age: 2\n \tAntispyware security intelligence age: 2\n \tLast quick scan age: 1\n \tLast full scan age: 4294967295\n \tAntivirus security intelligence creation time: 2025-11-19T02:50:21Z\n \tAntispyware security intelligence creation time: 2025-11-19T02:50:21Z\n \tLast quick scan start time: 2025-11-20T07:40:47Z\n \tLast quick scan end time: 2025-11-20T07:41:23Z\n \tLast quick scan source: 2\n \tLast full scan start time: 1601-01-01T00:00:00Z\n \tLast full scan end time: 1601-01-01T00:00:00Z\n \tLast full scan source: 0\n \tProduct status: 0x00080000"],"winlog.event_id":["1151"],"winlog.user.name":["SYSTEM"],"winlog.event_data.AS_security_intelligence_creation_time":["2025-11-19T02:50:21.000Z"],"event.action":["None"],"event.ingested":["2025-11-21T08:35:25.000Z"],"@timestamp":["2025-11-21T08:35:22.548Z"],"winlog.channel":["Microsoft-Windows-Windows Defender/Operational"],"host.os.platform":["windows"],"data_stream.dataset":["windows.windows_defender"],"event.type":["info"],"winlog.event_data.AV_security_intelligence_creation_time":["2025-11-19T02:50:21.000Z"],"winlog.event_data.Latest_platform_version":["4.18.25100.9008"],"winlog.opcode":["Info"],"agent.ephemeral_id":["1022e9e9-0684-4470-9674-785a6c29e095"],"winlog.event_data.NRI_engine_version":["1.1.25100.9002"],"event.dataset":["windows.windows_defender"],"winlog.event_data.Last_quick_scan_start_time":["2025-11-20T07:40:47.000Z"],"winlog.event_data.OA_state":["Enabled"]},"highlight":{"message":["Endpoint Protection client health report (time in UTC):\n \tPlatform version: 4.18.25090.3009\n \tEngine version: 1.1.25100.9002\n \tNetwork Realtime Inspection engine version: 1.1.25100.9002\n \t@kibana-highlighted-field@Antivirus@/kibana-highlighted-field@ security intelligence version: 1.441.331.0\n \tAntispyware security intelligence version: 1.441.331.0\n \tNetwork Realtime Inspection security intelligence version: 1.441.331.0\n \tRTP state: Enabled\n \tOA state: Enabled\n \tIOAV state: Enabled\n \tBM state: Enabled\n \t@kibana-highlighted-field@Antivirus@/kibana-highlighted-field@ security intelligence age: 2\n \tAntispyware security intelligence age: 2\n \tLast quick scan age: 1\n \tLast full scan age: 4294967295\n \t@kibana-highlighted-field@Antivirus@/kibana-highlighted-field@ security intelligence creation time: 2025-11-19T02:50:21Z\n \tAntispyware security intelligence creation time: 2025-11-19T02:50:21Z\n \tLast quick scan start time: 2025-11-20T07:40:47Z\n \tLast quick scan end time: 2025-11-20T07:41:23Z\n \tLast quick scan source: 2\n \tLast full scan start time: 1601-01-01T00:00:00Z\n \tLast full scan end time: 1601-01-01T00:00:00Z\n \tLast full scan source: 0\n \tProduct status: 0x00080000"]},"sort":["2025-11-21T08:35:22.548Z",133]},{"_index":".ds-logs-windows.windows_defender-default-2025.11.14-000004","_id":"waZWpZoB2Lqd5DQf8XDC","_version":1,"_score":null,"fields":{"elastic_agent.version":["8.17.3"],"event.category":["process"],"winlog.event_data.Last_quick_scan_source":["2"],"host.os.name.text":["Windows Server 2022 Standard Evaluation"],"winlog.provider_guid":["{11cd958a-c507-4ef3-b3f2-5fd9dfbd2c78}"],"winlog.provider_name":["Microsoft-Windows-Windows Defender"],"host.name.text":["cyberfortress-ws"],"host.hostname":["Cyberfortress-WS"],"winlog.computer_name":["Cyberfortress-WS.ad.cyberfortress.local"],"host.mac":["00-0C-29-26-4D-48"],"winlog.process.pid":[2184],"winlog.event_data.Last_quick_scan_end_time":["2025-11-20T07:41:23.000Z"],"agent.name.text":["Cyberfortress-WS"],"host.os.version":["10.0"],"winlog.event_data.Last_full_scan_age":["4294967295"],"winlog.record_id":["1183"],"host.os.name":["Windows Server 2022 Standard Evaluation"],"winlog.event_data.Engine_up-to-date":["0"],"log.level":["information"],"agent.name":["Cyberfortress-WS"],"host.name":["cyberfortress-ws"],"event.agent_id_status":["verified"],"event.kind":["event"],"winlog.event_data.Engine_version":["1.1.25100.9002"],"host.os.type":["windows"],"winlog.event_data.RTP_state":["Enabled"],"winlog.event_data.Platform_version":["4.18.25090.3009"],"input.type":["winlog"],"data_stream.type":["logs"],"winlog.event_data.Last_AS_security_intelligence_age":["2"],"host.architecture":["x86_64"],"winlog.event_data.AV_security_intelligence_version":["1.441.331.0"],"event.provider":["Microsoft-Windows-Windows Defender"],"event.code":["1151"],"agent.id":["03c4f422-68d1-4af6-a27f-a78c18180452"],"ecs.version":["8.17.0"],"winlog.event_data.Product_Name":["Microsoft Defender Antivirus"],"event.created":["2025-11-21T07:35:23.322Z"],"agent.version":["8.17.3"],"host.os.family":["windows"],"winlog.event_data.AS_security_intelligence_version":["1.441.331.0"],"winlog.event_data.Last_quick_scan_age":["0"],"winlog.process.thread.id":[4460],"winlog.event_data.Last_full_scan_source":["0"],"winlog.event_data.NRI_security_intelligence_version":["1.441.331.0"],"winlog.event_data.IOAV_state":["Enabled"],"host.os.build":["20348.587"],"winlog.user.type":["User"],"host.ip":["fe80::7cea:4600:3e1d:57aa","192.168.85.115"],"agent.type":["filebeat"],"event.module":["windows"],"host.os.kernel":["10.0.20348.587 (WinBuild.160101.0800)"],"winlog.event_data.Latest_engine_version":["1.1.25100.9002"],"winlog.api":["wineventlog"],"elastic_agent.snapshot":[false],"winlog.event_data.Last_AV_security_intelligence_age":["2"],"host.id":["0c4d2910-34d4-4e69-a70d-2a9ff52a073e"],"winlog.event_data.Platform_up-to-date":["0"],"winlog.user.identifier":["S-1-5-18"],"winlog.task":["None"],"winlog.user.domain":["NT AUTHORITY"],"winlog.event_data.Product_status":["0x00080000"],"elastic_agent.id":["03c4f422-68d1-4af6-a27f-a78c18180452"],"data_stream.namespace":["default"],"winlog.event_data.BM_state":["Enabled"],"winlog.event_data.Last_full_scan_end_time":["1601-01-01T00:00:00.000Z"],"winlog.event_data.Last_full_scan_start_time":["1601-01-01T00:00:00.000Z"],"message":["Endpoint Protection client health report (time in UTC):\n \tPlatform version: 4.18.25090.3009\n \tEngine version: 1.1.25100.9002\n \tNetwork Realtime Inspection engine version: 1.1.25100.9002\n \tAntivirus security intelligence version: 1.441.331.0\n \tAntispyware security intelligence version: 1.441.331.0\n \tNetwork Realtime Inspection security intelligence version: 1.441.331.0\n \tRTP state: Enabled\n \tOA state: Enabled\n \tIOAV state: Enabled\n \tBM state: Enabled\n \tAntivirus security intelligence age: 2\n \tAntispyware security intelligence age: 2\n \tLast quick scan age: 0\n \tLast full scan age: 4294967295\n \tAntivirus security intelligence creation time: 2025-11-19T02:50:21Z\n \tAntispyware security intelligence creation time: 2025-11-19T02:50:21Z\n \tLast quick scan start time: 2025-11-20T07:40:47Z\n \tLast quick scan end time: 2025-11-20T07:41:23Z\n \tLast quick scan source: 2\n \tLast full scan start time: 1601-01-01T00:00:00Z\n \tLast full scan end time: 1601-01-01T00:00:00Z\n \tLast full scan source: 0\n \tProduct status: 0x00080000"],"winlog.event_id":["1151"],"winlog.user.name":["SYSTEM"],"winlog.event_data.AS_security_intelligence_creation_time":["2025-11-19T02:50:21.000Z"],"event.action":["None"],"event.ingested":["2025-11-21T07:35:29.000Z"],"@timestamp":["2025-11-21T07:35:22.168Z"],"winlog.channel":["Microsoft-Windows-Windows Defender/Operational"],"host.os.platform":["windows"],"data_stream.dataset":["windows.windows_defender"],"event.type":["info"],"winlog.event_data.AV_security_intelligence_creation_time":["2025-11-19T02:50:21.000Z"],"winlog.event_data.Latest_platform_version":["4.18.25100.9008"],"winlog.opcode":["Info"],"agent.ephemeral_id":["1022e9e9-0684-4470-9674-785a6c29e095"],"winlog.event_data.NRI_engine_version":["1.1.25100.9002"],"event.dataset":["windows.windows_defender"],"winlog.event_data.Last_quick_scan_start_time":["2025-11-20T07:40:47.000Z"],"winlog.event_data.OA_state":["Enabled"]},"highlight":{"message":["Endpoint Protection client health report (time in UTC):\n \tPlatform version: 4.18.25090.3009\n \tEngine version: 1.1.25100.9002\n \tNetwork Realtime Inspection engine version: 1.1.25100.9002\n \t@kibana-highlighted-field@Antivirus@/kibana-highlighted-field@ security intelligence version: 1.441.331.0\n \tAntispyware security intelligence version: 1.441.331.0\n \tNetwork Realtime Inspection security intelligence version: 1.441.331.0\n \tRTP state: Enabled\n \tOA state: Enabled\n \tIOAV state: Enabled\n \tBM state: Enabled\n \t@kibana-highlighted-field@Antivirus@/kibana-highlighted-field@ security intelligence age: 2\n \tAntispyware security intelligence age: 2\n \tLast quick scan age: 0\n \tLast full scan age: 4294967295\n \t@kibana-highlighted-field@Antivirus@/kibana-highlighted-field@ security intelligence creation time: 2025-11-19T02:50:21Z\n \tAntispyware security intelligence creation time: 2025-11-19T02:50:21Z\n \tLast quick scan start time: 2025-11-20T07:40:47Z\n \tLast quick scan end time: 2025-11-20T07:41:23Z\n \tLast quick scan source: 2\n \tLast full scan start time: 1601-01-01T00:00:00Z\n \tLast full scan end time: 1601-01-01T00:00:00Z\n \tLast full scan source: 0\n \tProduct status: 0x00080000"]},"sort":["2025-11-21T07:35:22.168Z",131]},{"_index":".ds-logs-windows.windows_defender-default-2025.11.14-000004","_id":"IqMgpZoB2Lqd5DQfEv3S","_version":1,"_score":null,"fields":{"elastic_agent.version":["8.17.3"],"event.category":["process"],"winlog.event_data.Last_quick_scan_source":["2"],"host.os.name.text":["Windows Server 2022 Standard Evaluation"],"winlog.provider_guid":["{11cd958a-c507-4ef3-b3f2-5fd9dfbd2c78}"],"winlog.provider_name":["Microsoft-Windows-Windows Defender"],"host.name.text":["cyberfortress-ws"],"host.hostname":["Cyberfortress-WS"],"winlog.computer_name":["Cyberfortress-WS.ad.cyberfortress.local"],"host.mac":["00-0C-29-26-4D-48"],"winlog.process.pid":[2184],"winlog.event_data.Last_quick_scan_end_time":["2025-11-20T07:41:23.000Z"],"agent.name.text":["Cyberfortress-WS"],"host.os.version":["10.0"],"winlog.event_data.Last_full_scan_age":["4294967295"],"winlog.record_id":["1181"],"host.os.name":["Windows Server 2022 Standard Evaluation"],"winlog.event_data.Engine_up-to-date":["0"],"log.level":["information"],"agent.name":["Cyberfortress-WS"],"host.name":["cyberfortress-ws"],"event.agent_id_status":["verified"],"event.kind":["event"],"winlog.event_data.Engine_version":["1.1.25100.9002"],"host.os.type":["windows"],"winlog.event_data.RTP_state":["Enabled"],"winlog.event_data.Platform_version":["4.18.25090.3009"],"input.type":["winlog"],"data_stream.type":["logs"],"winlog.event_data.Last_AS_security_intelligence_age":["2"],"host.architecture":["x86_64"],"winlog.event_data.AV_security_intelligence_version":["1.441.331.0"],"event.provider":["Microsoft-Windows-Windows Defender"],"event.code":["1151"],"agent.id":["03c4f422-68d1-4af6-a27f-a78c18180452"],"ecs.version":["8.17.0"],"winlog.event_data.Product_Name":["Microsoft Defender Antivirus"],"event.created":["2025-11-21T06:35:23.099Z"],"agent.version":["8.17.3"],"host.os.family":["windows"],"winlog.event_data.AS_security_intelligence_version":["1.441.331.0"],"winlog.event_data.Last_quick_scan_age":["0"],"winlog.process.thread.id":[5716],"winlog.event_data.Last_full_scan_source":["0"],"winlog.event_data.NRI_security_intelligence_version":["1.441.331.0"],"winlog.event_data.IOAV_state":["Enabled"],"host.os.build":["20348.587"],"winlog.user.type":["User"],"host.ip":["fe80::7cea:4600:3e1d:57aa","192.168.85.115"],"agent.type":["filebeat"],"event.module":["windows"],"host.os.kernel":["10.0.20348.587 (WinBuild.160101.0800)"],"winlog.event_data.Latest_engine_version":["1.1.25100.9002"],"winlog.api":["wineventlog"],"elastic_agent.snapshot":[false],"winlog.event_data.Last_AV_security_intelligence_age":["2"],"host.id":["0c4d2910-34d4-4e69-a70d-2a9ff52a073e"],"winlog.event_data.Platform_up-to-date":["0"],"winlog.user.identifier":["S-1-5-18"],"winlog.task":["None"],"winlog.user.domain":["NT AUTHORITY"],"winlog.event_data.Product_status":["0x00080000"],"elastic_agent.id":["03c4f422-68d1-4af6-a27f-a78c18180452"],"data_stream.namespace":["default"],"winlog.event_data.BM_state":["Enabled"],"winlog.event_data.Last_full_scan_end_time":["1601-01-01T00:00:00.000Z"],"winlog.event_data.Last_full_scan_start_time":["1601-01-01T00:00:00.000Z"],"message":["Endpoint Protection client health report (time in UTC):\n \tPlatform version: 4.18.25090.3009\n \tEngine version: 1.1.25100.9002\n \tNetwork Realtime Inspection engine version: 1.1.25100.9002\n \tAntivirus security intelligence version: 1.441.331.0\n \tAntispyware security intelligence version: 1.441.331.0\n \tNetwork Realtime Inspection security intelligence version: 1.441.331.0\n \tRTP state: Enabled\n \tOA state: Enabled\n \tIOAV state: Enabled\n \tBM state: Enabled\n \tAntivirus security intelligence age: 2\n \tAntispyware security intelligence age: 2\n \tLast quick scan age: 0\n \tLast full scan age: 4294967295\n \tAntivirus security intelligence creation time: 2025-11-19T02:50:21Z\n \tAntispyware security intelligence creation time: 2025-11-19T02:50:21Z\n \tLast quick scan start time: 2025-11-20T07:40:47Z\n \tLast quick scan end time: 2025-11-20T07:41:23Z\n \tLast quick scan source: 2\n \tLast full scan start time: 1601-01-01T00:00:00Z\n \tLast full scan end time: 1601-01-01T00:00:00Z\n \tLast full scan source: 0\n \tProduct status: 0x00080000"],"winlog.event_id":["1151"],"winlog.user.name":["SYSTEM"],"winlog.event_data.AS_security_intelligence_creation_time":["2025-11-19T02:50:21.000Z"],"event.action":["None"],"event.ingested":["2025-11-21T06:35:33.000Z"],"@timestamp":["2025-11-21T06:35:21.910Z"],"winlog.channel":["Microsoft-Windows-Windows Defender/Operational"],"host.os.platform":["windows"],"data_stream.dataset":["windows.windows_defender"],"event.type":["info"],"winlog.event_data.AV_security_intelligence_creation_time":["2025-11-19T02:50:21.000Z"],"winlog.event_data.Latest_platform_version":["4.18.25100.9008"],"winlog.opcode":["Info"],"agent.ephemeral_id":["1022e9e9-0684-4470-9674-785a6c29e095"],"winlog.event_data.NRI_engine_version":["1.1.25100.9002"],"event.dataset":["windows.windows_defender"],"winlog.event_data.Last_quick_scan_start_time":["2025-11-20T07:40:47.000Z"],"winlog.event_data.OA_state":["Enabled"]},"highlight":{"message":["Endpoint Protection client health report (time in UTC):\n \tPlatform version: 4.18.25090.3009\n \tEngine version: 1.1.25100.9002\n \tNetwork Realtime Inspection engine version: 1.1.25100.9002\n \t@kibana-highlighted-field@Antivirus@/kibana-highlighted-field@ security intelligence version: 1.441.331.0\n \tAntispyware security intelligence version: 1.441.331.0\n \tNetwork Realtime Inspection security intelligence version: 1.441.331.0\n \tRTP state: Enabled\n \tOA state: Enabled\n \tIOAV state: Enabled\n \tBM state: Enabled\n \t@kibana-highlighted-field@Antivirus@/kibana-highlighted-field@ security intelligence age: 2\n \tAntispyware security intelligence age: 2\n \tLast quick scan age: 0\n \tLast full scan age: 4294967295\n \t@kibana-highlighted-field@Antivirus@/kibana-highlighted-field@ security intelligence creation time: 2025-11-19T02:50:21Z\n \tAntispyware security intelligence creation time: 2025-11-19T02:50:21Z\n \tLast quick scan start time: 2025-11-20T07:40:47Z\n \tLast quick scan end time: 2025-11-20T07:41:23Z\n \tLast quick scan source: 2\n \tLast full scan start time: 1601-01-01T00:00:00Z\n \tLast full scan end time: 1601-01-01T00:00:00Z\n \tLast full scan source: 0\n \tProduct status: 0x00080000"]},"sort":["2025-11-21T06:35:21.910Z",129]},{"_index":".ds-logs-windows.windows_defender-default-2025.11.14-000004","_id":"waHppJoB2Lqd5DQfJ2gF","_version":1,"_score":null,"fields":{"elastic_agent.version":["8.17.3"],"event.category":["process"],"winlog.event_data.Last_quick_scan_source":["2"],"host.os.name.text":["Windows Server 2022 Standard Evaluation"],"winlog.provider_guid":["{11cd958a-c507-4ef3-b3f2-5fd9dfbd2c78}"],"winlog.provider_name":["Microsoft-Windows-Windows Defender"],"host.name.text":["cyberfortress-ws"],"host.hostname":["Cyberfortress-WS"],"winlog.computer_name":["Cyberfortress-WS.ad.cyberfortress.local"],"host.mac":["00-0C-29-26-4D-48"],"winlog.process.pid":[2184],"winlog.event_data.Last_quick_scan_end_time":["2025-11-20T07:41:23.000Z"],"agent.name.text":["Cyberfortress-WS"],"host.os.version":["10.0"],"winlog.event_data.Last_full_scan_age":["4294967295"],"winlog.record_id":["1179"],"host.os.name":["Windows Server 2022 Standard Evaluation"],"winlog.event_data.Engine_up-to-date":["0"],"log.level":["information"],"agent.name":["Cyberfortress-WS"],"host.name":["cyberfortress-ws"],"event.agent_id_status":["verified"],"event.kind":["event"],"winlog.event_data.Engine_version":["1.1.25100.9002"],"host.os.type":["windows"],"winlog.event_data.RTP_state":["Enabled"],"winlog.event_data.Platform_version":["4.18.25090.3009"],"input.type":["winlog"],"data_stream.type":["logs"],"winlog.event_data.Last_AS_security_intelligence_age":["2"],"host.architecture":["x86_64"],"winlog.event_data.AV_security_intelligence_version":["1.441.331.0"],"event.provider":["Microsoft-Windows-Windows Defender"],"event.code":["1151"],"agent.id":["03c4f422-68d1-4af6-a27f-a78c18180452"],"ecs.version":["8.17.0"],"winlog.event_data.Product_Name":["Microsoft Defender Antivirus"],"event.created":["2025-11-21T05:35:23.812Z"],"agent.version":["8.17.3"],"host.os.family":["windows"],"winlog.event_data.AS_security_intelligence_version":["1.441.331.0"],"winlog.event_data.Last_quick_scan_age":["0"],"winlog.process.thread.id":[5716],"winlog.event_data.Last_full_scan_source":["0"],"winlog.event_data.NRI_security_intelligence_version":["1.441.331.0"],"winlog.event_data.IOAV_state":["Enabled"],"host.os.build":["20348.587"],"winlog.user.type":["User"],"host.ip":["fe80::7cea:4600:3e1d:57aa","192.168.85.115"],"agent.type":["filebeat"],"event.module":["windows"],"host.os.kernel":["10.0.20348.587 (WinBuild.160101.0800)"],"winlog.event_data.Latest_engine_version":["1.1.25100.9002"],"winlog.api":["wineventlog"],"elastic_agent.snapshot":[false],"winlog.event_data.Last_AV_security_intelligence_age":["2"],"host.id":["0c4d2910-34d4-4e69-a70d-2a9ff52a073e"],"winlog.event_data.Platform_up-to-date":["0"],"winlog.user.identifier":["S-1-5-18"],"winlog.task":["None"],"winlog.user.domain":["NT AUTHORITY"],"winlog.event_data.Product_status":["0x00080000"],"elastic_agent.id":["03c4f422-68d1-4af6-a27f-a78c18180452"],"data_stream.namespace":["default"],"winlog.event_data.BM_state":["Enabled"],"winlog.event_data.Last_full_scan_end_time":["1601-01-01T00:00:00.000Z"],"winlog.event_data.Last_full_scan_start_time":["1601-01-01T00:00:00.000Z"],"message":["Endpoint Protection client health report (time in UTC):\n \tPlatform version: 4.18.25090.3009\n \tEngine version: 1.1.25100.9002\n \tNetwork Realtime Inspection engine version: 1.1.25100.9002\n \tAntivirus security intelligence version: 1.441.331.0\n \tAntispyware security intelligence version: 1.441.331.0\n \tNetwork Realtime Inspection security intelligence version: 1.441.331.0\n \tRTP state: Enabled\n \tOA state: Enabled\n \tIOAV state: Enabled\n \tBM state: Enabled\n \tAntivirus security intelligence age: 2\n \tAntispyware security intelligence age: 2\n \tLast quick scan age: 0\n \tLast full scan age: 4294967295\n \tAntivirus security intelligence creation time: 2025-11-19T02:50:21Z\n \tAntispyware security intelligence creation time: 2025-11-19T02:50:21Z\n \tLast quick scan start time: 2025-11-20T07:40:47Z\n \tLast quick scan end time: 2025-11-20T07:41:23Z\n \tLast quick scan source: 2\n \tLast full scan start time: 1601-01-01T00:00:00Z\n \tLast full scan end time: 1601-01-01T00:00:00Z\n \tLast full scan source: 0\n \tProduct status: 0x00080000"],"winlog.event_id":["1151"],"winlog.user.name":["SYSTEM"],"winlog.event_data.AS_security_intelligence_creation_time":["2025-11-19T02:50:21.000Z"],"event.action":["None"],"event.ingested":["2025-11-21T05:35:34.000Z"],"@timestamp":["2025-11-21T05:35:21.914Z"],"winlog.channel":["Microsoft-Windows-Windows Defender/Operational"],"host.os.platform":["windows"],"data_stream.dataset":["windows.windows_defender"],"event.type":["info"],"winlog.event_data.AV_security_intelligence_creation_time":["2025-11-19T02:50:21.000Z"],"winlog.event_data.Latest_platform_version":["4.18.25100.9008"],"winlog.opcode":["Info"],"agent.ephemeral_id":["1022e9e9-0684-4470-9674-785a6c29e095"],"winlog.event_data.NRI_engine_version":["1.1.25100.9002"],"event.dataset":["windows.windows_defender"],"winlog.event_data.Last_quick_scan_start_time":["2025-11-20T07:40:47.000Z"],"winlog.event_data.OA_state":["Enabled"]},"highlight":{"message":["Endpoint Protection client health report (time in UTC):\n \tPlatform version: 4.18.25090.3009\n \tEngine version: 1.1.25100.9002\n \tNetwork Realtime Inspection engine version: 1.1.25100.9002\n \t@kibana-highlighted-field@Antivirus@/kibana-highlighted-field@ security intelligence version: 1.441.331.0\n \tAntispyware security intelligence version: 1.441.331.0\n \tNetwork Realtime Inspection security intelligence version: 1.441.331.0\n \tRTP state: Enabled\n \tOA state: Enabled\n \tIOAV state: Enabled\n \tBM state: Enabled\n \t@kibana-highlighted-field@Antivirus@/kibana-highlighted-field@ security intelligence age: 2\n \tAntispyware security intelligence age: 2\n \tLast quick scan age: 0\n \tLast full scan age: 4294967295\n \t@kibana-highlighted-field@Antivirus@/kibana-highlighted-field@ security intelligence creation time: 2025-11-19T02:50:21Z\n \tAntispyware security intelligence creation time: 2025-11-19T02:50:21Z\n \tLast quick scan start time: 2025-11-20T07:40:47Z\n \tLast quick scan end time: 2025-11-20T07:41:23Z\n \tLast quick scan source: 2\n \tLast full scan start time: 1601-01-01T00:00:00Z\n \tLast full scan end time: 1601-01-01T00:00:00Z\n \tLast full scan source: 0\n \tProduct status: 0x00080000"]},"sort":["2025-11-21T05:35:21.914Z",127]},{"_index":".ds-logs-windows.windows_defender-default-2025.11.14-000004","_id":"C56ypJoB2Lqd5DQfNuMe","_version":1,"_score":null,"fields":{"elastic_agent.version":["8.17.3"],"event.category":["process"],"winlog.event_data.Last_quick_scan_source":["2"],"host.os.name.text":["Windows Server 2022 Standard Evaluation"],"winlog.provider_guid":["{11cd958a-c507-4ef3-b3f2-5fd9dfbd2c78}"],"winlog.provider_name":["Microsoft-Windows-Windows Defender"],"host.name.text":["cyberfortress-ws"],"host.hostname":["Cyberfortress-WS"],"winlog.computer_name":["Cyberfortress-WS.ad.cyberfortress.local"],"host.mac":["00-0C-29-26-4D-48"],"winlog.process.pid":[2184],"winlog.event_data.Last_quick_scan_end_time":["2025-11-20T07:41:23.000Z"],"agent.name.text":["Cyberfortress-WS"],"host.os.version":["10.0"],"winlog.event_data.Last_full_scan_age":["4294967295"],"winlog.record_id":["1177"],"host.os.name":["Windows Server 2022 Standard Evaluation"],"winlog.event_data.Engine_up-to-date":["0"],"log.level":["information"],"agent.name":["Cyberfortress-WS"],"host.name":["cyberfortress-ws"],"event.agent_id_status":["verified"],"event.kind":["event"],"winlog.event_data.Engine_version":["1.1.25100.9002"],"host.os.type":["windows"],"winlog.event_data.RTP_state":["Enabled"],"winlog.event_data.Platform_version":["4.18.25090.3009"],"input.type":["winlog"],"data_stream.type":["logs"],"winlog.event_data.Last_AS_security_intelligence_age":["2"],"host.architecture":["x86_64"],"winlog.event_data.AV_security_intelligence_version":["1.441.331.0"],"event.provider":["Microsoft-Windows-Windows Defender"],"event.code":["1151"],"agent.id":["03c4f422-68d1-4af6-a27f-a78c18180452"],"ecs.version":["8.17.0"],"winlog.event_data.Product_Name":["Microsoft Defender Antivirus"],"event.created":["2025-11-21T04:35:23.253Z"],"agent.version":["8.17.3"],"host.os.family":["windows"],"winlog.event_data.AS_security_intelligence_version":["1.441.331.0"],"winlog.event_data.Last_quick_scan_age":["0"],"winlog.process.thread.id":[2500],"winlog.event_data.Last_full_scan_source":["0"],"winlog.event_data.NRI_security_intelligence_version":["1.441.331.0"],"winlog.event_data.IOAV_state":["Enabled"],"host.os.build":["20348.587"],"winlog.user.type":["User"],"host.ip":["fe80::7cea:4600:3e1d:57aa","192.168.85.115"],"agent.type":["filebeat"],"event.module":["windows"],"host.os.kernel":["10.0.20348.587 (WinBuild.160101.0800)"],"winlog.event_data.Latest_engine_version":["1.1.25100.9002"],"winlog.api":["wineventlog"],"elastic_agent.snapshot":[false],"winlog.event_data.Last_AV_security_intelligence_age":["2"],"host.id":["0c4d2910-34d4-4e69-a70d-2a9ff52a073e"],"winlog.event_data.Platform_up-to-date":["0"],"winlog.user.identifier":["S-1-5-18"],"winlog.task":["None"],"winlog.user.domain":["NT AUTHORITY"],"winlog.event_data.Product_status":["0x00080000"],"elastic_agent.id":["03c4f422-68d1-4af6-a27f-a78c18180452"],"data_stream.namespace":["default"],"winlog.event_data.BM_state":["Enabled"],"winlog.event_data.Last_full_scan_end_time":["1601-01-01T00:00:00.000Z"],"winlog.event_data.Last_full_scan_start_time":["1601-01-01T00:00:00.000Z"],"message":["Endpoint Protection client health report (time in UTC):\n \tPlatform version: 4.18.25090.3009\n \tEngine version: 1.1.25100.9002\n \tNetwork Realtime Inspection engine version: 1.1.25100.9002\n \tAntivirus security intelligence version: 1.441.331.0\n \tAntispyware security intelligence version: 1.441.331.0\n \tNetwork Realtime Inspection security intelligence version: 1.441.331.0\n \tRTP state: Enabled\n \tOA state: Enabled\n \tIOAV state: Enabled\n \tBM state: Enabled\n \tAntivirus security intelligence age: 2\n \tAntispyware security intelligence age: 2\n \tLast quick scan age: 0\n \tLast full scan age: 4294967295\n \tAntivirus security intelligence creation time: 2025-11-19T02:50:21Z\n \tAntispyware security intelligence creation time: 2025-11-19T02:50:21Z\n \tLast quick scan start time: 2025-11-20T07:40:47Z\n \tLast quick scan end time: 2025-11-20T07:41:23Z\n \tLast quick scan source: 2\n \tLast full scan start time: 1601-01-01T00:00:00Z\n \tLast full scan end time: 1601-01-01T00:00:00Z\n \tLast full scan source: 0\n \tProduct status: 0x00080000"],"winlog.event_id":["1151"],"winlog.user.name":["SYSTEM"],"winlog.event_data.AS_security_intelligence_creation_time":["2025-11-19T02:50:21.000Z"],"event.action":["None"],"event.ingested":["2025-11-21T04:35:34.000Z"],"@timestamp":["2025-11-21T04:35:21.995Z"],"winlog.channel":["Microsoft-Windows-Windows Defender/Operational"],"host.os.platform":["windows"],"data_stream.dataset":["windows.windows_defender"],"event.type":["info"],"winlog.event_data.AV_security_intelligence_creation_time":["2025-11-19T02:50:21.000Z"],"winlog.event_data.Latest_platform_version":["4.18.25100.9008"],"winlog.opcode":["Info"],"agent.ephemeral_id":["1022e9e9-0684-4470-9674-785a6c29e095"],"winlog.event_data.NRI_engine_version":["1.1.25100.9002"],"event.dataset":["windows.windows_defender"],"winlog.event_data.Last_quick_scan_start_time":["2025-11-20T07:40:47.000Z"],"winlog.event_data.OA_state":["Enabled"]},"highlight":{"message":["Endpoint Protection client health report (time in UTC):\n \tPlatform version: 4.18.25090.3009\n \tEngine version: 1.1.25100.9002\n \tNetwork Realtime Inspection engine version: 1.1.25100.9002\n \t@kibana-highlighted-field@Antivirus@/kibana-highlighted-field@ security intelligence version: 1.441.331.0\n \tAntispyware security intelligence version: 1.441.331.0\n \tNetwork Realtime Inspection security intelligence version: 1.441.331.0\n \tRTP state: Enabled\n \tOA state: Enabled\n \tIOAV state: Enabled\n \tBM state: Enabled\n \t@kibana-highlighted-field@Antivirus@/kibana-highlighted-field@ security intelligence age: 2\n \tAntispyware security intelligence age: 2\n \tLast quick scan age: 0\n \tLast full scan age: 4294967295\n \t@kibana-highlighted-field@Antivirus@/kibana-highlighted-field@ security intelligence creation time: 2025-11-19T02:50:21Z\n \tAntispyware security intelligence creation time: 2025-11-19T02:50:21Z\n \tLast quick scan start time: 2025-11-20T07:40:47Z\n \tLast quick scan end time: 2025-11-20T07:41:23Z\n \tLast quick scan source: 2\n \tLast full scan start time: 1601-01-01T00:00:00Z\n \tLast full scan end time: 1601-01-01T00:00:00Z\n \tLast full scan source: 0\n \tProduct status: 0x00080000"]},"sort":["2025-11-21T04:35:21.995Z",125]},{"_index":".ds-logs-windows.windows_defender-default-2025.11.14-000004","_id":"ipyFpJoB2Lqd5DQfX-07","_version":1,"_score":null,"fields":{"elastic_agent.version":["8.17.3"],"event.category":["configuration"],"host.os.name.text":["Windows Server 2022 Standard Evaluation"],"winlog.provider_guid":["{11cd958a-c507-4ef3-b3f2-5fd9dfbd2c78}"],"winlog.provider_name":["Microsoft-Windows-Windows Defender"],"host.name.text":["cyberfortress-ws"],"host.hostname":["Cyberfortress-WS"],"winlog.computer_name":["Cyberfortress-WS.ad.cyberfortress.local"],"host.mac":["00-0C-29-26-4D-48"],"winlog.process.pid":[2184],"agent.name.text":["Cyberfortress-WS"],"host.os.version":["10.0"],"winlog.record_id":["1175"],"host.os.name":["Windows Server 2022 Standard Evaluation"],"log.level":["information"],"agent.name":["Cyberfortress-WS"],"host.name":["cyberfortress-ws"],"event.agent_id_status":["verified"],"event.kind":["event"],"host.os.type":["windows"],"input.type":["winlog"],"data_stream.type":["logs"],"host.architecture":["x86_64"],"event.provider":["Microsoft-Windows-Windows Defender"],"event.code":["5007"],"agent.id":["03c4f422-68d1-4af6-a27f-a78c18180452"],"ecs.version":["8.17.0"],"winlog.event_data.Product_Name":["Microsoft Defender Antivirus"],"event.created":["2025-11-21T03:46:26.429Z"],"agent.version":["8.17.3"],"host.os.family":["windows"],"winlog.process.thread.id":[2484],"winlog.event_data.Old_Value":["HKLM\\SOFTWARE\\Microsoft\\Windows Defender\\Diagnostics\\LastSignatureUpdateResult = 0x80240438"],"winlog.event_data.New_Value":["HKLM\\SOFTWARE\\Microsoft\\Windows Defender\\Diagnostics\\LastSignatureUpdateResult = 0x80072EE7"],"host.os.build":["20348.587"],"winlog.user.type":["User"],"host.ip":["fe80::7cea:4600:3e1d:57aa","192.168.85.115"],"agent.type":["filebeat"],"event.module":["windows"],"host.os.kernel":["10.0.20348.587 (WinBuild.160101.0800)"],"winlog.api":["wineventlog"],"elastic_agent.snapshot":[false],"host.id":["0c4d2910-34d4-4e69-a70d-2a9ff52a073e"],"winlog.user.identifier":["S-1-5-18"],"winlog.task":["None"],"winlog.user.domain":["NT AUTHORITY"],"elastic_agent.id":["03c4f422-68d1-4af6-a27f-a78c18180452"],"data_stream.namespace":["default"],"message":["Microsoft Defender Antivirus Configuration has changed. If this is an unexpected event you should review the settings as this may be the result of malware.\n \tOld value: HKLM\\SOFTWARE\\Microsoft\\Windows Defender\\Diagnostics\\LastSignatureUpdateResult = 0x80240438\n \tNew value: HKLM\\SOFTWARE\\Microsoft\\Windows Defender\\Diagnostics\\LastSignatureUpdateResult = 0x80072EE7"],"winlog.event_id":["5007"],"winlog.user.name":["SYSTEM"],"event.action":["antivirus-configuration-changed"],"event.ingested":["2025-11-21T03:46:35.000Z"],"@timestamp":["2025-11-21T03:46:25.763Z"],"winlog.channel":["Microsoft-Windows-Windows Defender/Operational"],"host.os.platform":["windows"],"data_stream.dataset":["windows.windows_defender"],"event.type":["change"],"winlog.opcode":["Info"],"agent.ephemeral_id":["1022e9e9-0684-4470-9674-785a6c29e095"],"winlog.event_data.Product_Version":["4.18.25090.3009"],"event.dataset":["windows.windows_defender"]},"highlight":{"message":["Microsoft Defender @kibana-highlighted-field@Antivirus@/kibana-highlighted-field@ Configuration has changed. If this is an unexpected event you should review the settings as this may be the result of @kibana-highlighted-field@malware@/kibana-highlighted-field@.\n \tOld value: HKLM\\SOFTWARE\\Microsoft\\Windows Defender\\Diagnostics\\LastSignatureUpdateResult = 0x80240438\n \tNew value: HKLM\\SOFTWARE\\Microsoft\\Windows Defender\\Diagnostics\\LastSignatureUpdateResult = 0x80072EE7"]},"sort":["2025-11-21T03:46:25.763Z",123]},