{"_index":".ds-logs-windows.windows_defender-default-2025.10.14-000003","_id":"l0K7JZoBpv1nQr9GENT5","_version":1,"_score":null,"fields":{"elastic_agent.version":["8.17.9"],"event.category":["configuration"],"host.os.name.text":["Windows 11 Pro"],"winlog.provider_guid":["{11cd958a-c507-4ef3-b3f2-5fd9dfbd2c78}"],"winlog.provider_name":["Microsoft-Windows-Windows Defender"],"host.name.text":["win11-user"],"host.hostname":["win11-user"],"winlog.computer_name":["DESKTOP-TG9JN39"],"host.mac":["00-0C-29-2E-14-19"],"winlog.process.pid":[3428],"agent.name.text":["win11-user"],"host.os.version":["10.0"],"winlog.record_id":["45"],"host.os.name":["Windows 11 Pro"],"log.level":["information"],"agent.name":["win11-user"],"host.name":["win11-user"],"event.agent_id_status":["verified"],"event.kind":["event"],"host.os.type":["windows"],"input.type":["winlog"],"data_stream.type":["logs"],"host.architecture":["x86_64"],"event.provider":["Microsoft-Windows-Windows Defender"],"event.code":["5007"],"agent.id":["77b4edf0-f1ef-42f4-9f40-b8b0e7f83bfc"],"ecs.version":["8.17.0"],"winlog.event_data.Product_Name":["Microsoft Defender Antivirus"],"event.created":["2025-10-27T12:53:26.554Z"],"agent.version":["8.17.9"],"host.os.family":["windows"],"winlog.process.thread.id":[3652],"winlog.event_data.Old_Value":["HKLM\\SOFTWARE\\Microsoft\\Windows Defender\\Diagnostics\\InitializingComponentProgress = LoadingEngine"],"winlog.event_data.New_Value":["HKLM\\SOFTWARE\\Microsoft\\Windows Defender\\Diagnostics\\InitializingComponentProgress = ServiceStartedSuccessfully"],"host.os.build":["26200.6899"],"winlog.user.type":["User"],"host.ip":["fe80::612e:f20a:fc28:8fe","192.168.85.150"],"agent.type":["filebeat"],"event.module":["windows"],"host.os.kernel":["10.0.26100.6899 (WinBuild.160101.0800)"],"winlog.api":["wineventlog"],"elastic_agent.snapshot":[false],"host.id":["d5634082-e434-4231-8139-57cc3abe6d56"],"winlog.user.identifier":["S-1-5-18"],"winlog.task":["None"],"winlog.user.domain":["NT AUTHORITY"],"elastic_agent.id":["77b4edf0-f1ef-42f4-9f40-b8b0e7f83bfc"],"data_stream.namespace":["default"],"message":["Microsoft Defender Antivirus Configuration has changed. If this is an unexpected event you should review the settings as this may be the result of malware.\n \tOld value: HKLM\\SOFTWARE\\Microsoft\\Windows Defender\\Diagnostics\\InitializingComponentProgress = LoadingEngine\n \tNew value: HKLM\\SOFTWARE\\Microsoft\\Windows Defender\\Diagnostics\\InitializingComponentProgress = ServiceStartedSuccessfully"],"winlog.event_id":["5007"],"winlog.user.name":["SYSTEM"],"event.action":["antivirus-configuration-changed"],"event.ingested":["2025-10-27T12:53:27.000Z"],"@timestamp":["2025-10-28T01:27:48.014Z"],"winlog.channel":["Microsoft-Windows-Windows Defender/Operational"],"host.os.platform":["windows"],"data_stream.dataset":["windows.windows_defender"],"event.type":["change"],"winlog.opcode":["Info"],"agent.ephemeral_id":["476a8442-1042-4c08-8cee-994acd4736d3"],"winlog.event_data.Product_Version":["4.18.23110.3"],"event.dataset":["windows.windows_defender"]},"highlight":{"message":["Microsoft Defender @kibana-highlighted-field@Antivirus@/kibana-highlighted-field@ Configuration has changed. If this is an unexpected event you should review the settings as this may be the result of @kibana-highlighted-field@malware@/kibana-highlighted-field@.\n \tOld value: HKLM\\SOFTWARE\\Microsoft\\Windows Defender\\Diagnostics\\InitializingComponentProgress = LoadingEngine\n \tNew value: HKLM\\SOFTWARE\\Microsoft\\Windows Defender\\Diagnostics\\InitializingComponentProgress = ServiceStartedSuccessfully"]},"sort":["2025-10-28T01:27:48.014Z",243]},{"_index":".ds-logs-windows.windows_defender-default-2025.10.14-000003","_id":"k0K7JZoBpv1nQr9GENT5","_version":1,"_score":null,"fields":{"elastic_agent.version":["8.17.9"],"event.category":["configuration"],"host.os.name.text":["Windows 11 Pro"],"winlog.provider_guid":["{11cd958a-c507-4ef3-b3f2-5fd9dfbd2c78}"],"winlog.provider_name":["Microsoft-Windows-Windows Defender"],"host.name.text":["win11-user"],"host.hostname":["win11-user"],"winlog.computer_name":["DESKTOP-TG9JN39"],"host.mac":["00-0C-29-2E-14-19"],"winlog.process.pid":[3428],"agent.name.text":["win11-user"],"host.os.version":["10.0"],"winlog.record_id":["44"],"host.os.name":["Windows 11 Pro"],"log.level":["information"],"agent.name":["win11-user"],"host.name":["win11-user"],"event.agent_id_status":["verified"],"event.kind":["event"],"host.os.type":["windows"],"input.type":["winlog"],"data_stream.type":["logs"],"host.architecture":["x86_64"],"event.provider":["Microsoft-Windows-Windows Defender"],"event.code":["5007"],"agent.id":["77b4edf0-f1ef-42f4-9f40-b8b0e7f83bfc"],"ecs.version":["8.17.0"],"winlog.event_data.Product_Name":["Microsoft Defender Antivirus"],"event.created":["2025-10-27T12:53:26.554Z"],"agent.version":["8.17.9"],"host.os.family":["windows"],"winlog.process.thread.id":[3652],"winlog.event_data.Old_Value":["HKLM\\SOFTWARE\\Microsoft\\Windows Defender\\Diagnostics\\InitializingComponentProgress = InitNriAgent"],"winlog.event_data.New_Value":["HKLM\\SOFTWARE\\Microsoft\\Windows Defender\\Diagnostics\\InitializingComponentProgress = LoadingEngine"],"host.os.build":["26200.6899"],"winlog.user.type":["User"],"host.ip":["fe80::612e:f20a:fc28:8fe","192.168.85.150"],"agent.type":["filebeat"],"event.module":["windows"],"host.os.kernel":["10.0.26100.6899 (WinBuild.160101.0800)"],"winlog.api":["wineventlog"],"elastic_agent.snapshot":[false],"host.id":["d5634082-e434-4231-8139-57cc3abe6d56"],"winlog.user.identifier":["S-1-5-18"],"winlog.task":["None"],"winlog.user.domain":["NT AUTHORITY"],"elastic_agent.id":["77b4edf0-f1ef-42f4-9f40-b8b0e7f83bfc"],"data_stream.namespace":["default"],"message":["Microsoft Defender Antivirus Configuration has changed. If this is an unexpected event you should review the settings as this may be the result of malware.\n \tOld value: HKLM\\SOFTWARE\\Microsoft\\Windows Defender\\Diagnostics\\InitializingComponentProgress = InitNriAgent\n \tNew value: HKLM\\SOFTWARE\\Microsoft\\Windows Defender\\Diagnostics\\InitializingComponentProgress = LoadingEngine"],"winlog.event_id":["5007"],"winlog.user.name":["SYSTEM"],"event.action":["antivirus-configuration-changed"],"event.ingested":["2025-10-27T12:53:27.000Z"],"@timestamp":["2025-10-28T01:27:44.314Z"],"winlog.channel":["Microsoft-Windows-Windows Defender/Operational"],"host.os.platform":["windows"],"data_stream.dataset":["windows.windows_defender"],"event.type":["change"],"winlog.opcode":["Info"],"agent.ephemeral_id":["476a8442-1042-4c08-8cee-994acd4736d3"],"winlog.event_data.Product_Version":["4.18.23110.3"],"event.dataset":["windows.windows_defender"]},"highlight":{"message":["Microsoft Defender @kibana-highlighted-field@Antivirus@/kibana-highlighted-field@ Configuration has changed. If this is an unexpected event you should review the settings as this may be the result of @kibana-highlighted-field@malware@/kibana-highlighted-field@.\n \tOld value: HKLM\\SOFTWARE\\Microsoft\\Windows Defender\\Diagnostics\\InitializingComponentProgress = InitNriAgent\n \tNew value: HKLM\\SOFTWARE\\Microsoft\\Windows Defender\\Diagnostics\\InitializingComponentProgress = LoadingEngine"]},"sort":["2025-10-28T01:27:44.314Z",242]},{"_index":".ds-logs-windows.windows_defender-default-2025.10.14-000003","_id":"kEK7JZoBpv1nQr9GENT5","_version":1,"_score":null,"fields":{"elastic_agent.version":["8.17.9"],"event.category":["configuration"],"host.os.name.text":["Windows 11 Pro"],"winlog.provider_guid":["{11cd958a-c507-4ef3-b3f2-5fd9dfbd2c78}"],"winlog.provider_name":["Microsoft-Windows-Windows Defender"],"host.name.text":["win11-user"],"host.hostname":["win11-user"],"winlog.computer_name":["DESKTOP-TG9JN39"],"host.mac":["00-0C-29-2E-14-19"],"winlog.process.pid":[3428],"agent.name.text":["win11-user"],"host.os.version":["10.0"],"winlog.record_id":["43"],"host.os.name":["Windows 11 Pro"],"log.level":["information"],"agent.name":["win11-user"],"host.name":["win11-user"],"event.agent_id_status":["verified"],"event.kind":["event"],"host.os.type":["windows"],"input.type":["winlog"],"data_stream.type":["logs"],"host.architecture":["x86_64"],"event.provider":["Microsoft-Windows-Windows Defender"],"event.code":["5007"],"agent.id":["77b4edf0-f1ef-42f4-9f40-b8b0e7f83bfc"],"ecs.version":["8.17.0"],"winlog.event_data.Product_Name":["Microsoft Defender Antivirus"],"event.created":["2025-10-27T12:53:26.554Z"],"agent.version":["8.17.9"],"host.os.family":["windows"],"winlog.process.thread.id":[3528],"winlog.event_data.Old_Value":["HKLM\\SOFTWARE\\Microsoft\\Windows Defender\\Diagnostics\\InitializingComponentProgress = InitializeMiscConfigLibrary"],"winlog.event_data.New_Value":["HKLM\\SOFTWARE\\Microsoft\\Windows Defender\\Diagnostics\\InitializingComponentProgress = InitNriAgent"],"host.os.build":["26200.6899"],"winlog.user.type":["User"],"host.ip":["fe80::612e:f20a:fc28:8fe","192.168.85.150"],"agent.type":["filebeat"],"event.module":["windows"],"host.os.kernel":["10.0.26100.6899 (WinBuild.160101.0800)"],"winlog.api":["wineventlog"],"elastic_agent.snapshot":[false],"host.id":["d5634082-e434-4231-8139-57cc3abe6d56"],"winlog.user.identifier":["S-1-5-18"],"winlog.task":["None"],"winlog.user.domain":["NT AUTHORITY"],"elastic_agent.id":["77b4edf0-f1ef-42f4-9f40-b8b0e7f83bfc"],"data_stream.namespace":["default"],"message":["Microsoft Defender Antivirus Configuration has changed. If this is an unexpected event you should review the settings as this may be the result of malware.\n \tOld value: HKLM\\SOFTWARE\\Microsoft\\Windows Defender\\Diagnostics\\InitializingComponentProgress = InitializeMiscConfigLibrary\n \tNew value: HKLM\\SOFTWARE\\Microsoft\\Windows Defender\\Diagnostics\\InitializingComponentProgress = InitNriAgent"],"winlog.event_id":["5007"],"winlog.user.name":["SYSTEM"],"event.action":["antivirus-configuration-changed"],"event.ingested":["2025-10-27T12:53:27.000Z"],"@timestamp":["2025-10-28T01:27:42.983Z"],"winlog.channel":["Microsoft-Windows-Windows Defender/Operational"],"host.os.platform":["windows"],"data_stream.dataset":["windows.windows_defender"],"event.type":["change"],"winlog.opcode":["Info"],"agent.ephemeral_id":["476a8442-1042-4c08-8cee-994acd4736d3"],"winlog.event_data.Product_Version":["4.18.23110.3"],"event.dataset":["windows.windows_defender"]},"highlight":{"message":["Microsoft Defender @kibana-highlighted-field@Antivirus@/kibana-highlighted-field@ Configuration has changed. If this is an unexpected event you should review the settings as this may be the result of @kibana-highlighted-field@malware@/kibana-highlighted-field@.\n \tOld value: HKLM\\SOFTWARE\\Microsoft\\Windows Defender\\Diagnostics\\InitializingComponentProgress = InitializeMiscConfigLibrary\n \tNew value: HKLM\\SOFTWARE\\Microsoft\\Windows Defender\\Diagnostics\\InitializingComponentProgress = InitNriAgent"]},"sort":["2025-10-28T01:27:42.983Z",241]},{"_index":".ds-logs-windows.windows_defender-default-2025.10.14-000003","_id":"i0K7JZoBpv1nQr9GENT5","_version":1,"_score":null,"fields":{"elastic_agent.version":["8.17.9"],"event.category":["configuration"],"host.os.name.text":["Windows 11 Pro"],"winlog.provider_guid":["{11cd958a-c507-4ef3-b3f2-5fd9dfbd2c78}"],"winlog.provider_name":["Microsoft-Windows-Windows Defender"],"host.name.text":["win11-user"],"host.hostname":["win11-user"],"winlog.computer_name":["DESKTOP-TG9JN39"],"host.mac":["00-0C-29-2E-14-19"],"winlog.process.pid":[2592],"agent.name.text":["win11-user"],"host.os.version":["10.0"],"winlog.record_id":["42"],"host.os.name":["Windows 11 Pro"],"log.level":["information"],"agent.name":["win11-user"],"host.name":["win11-user"],"event.agent_id_status":["verified"],"event.kind":["event"],"host.os.type":["windows"],"input.type":["winlog"],"data_stream.type":["logs"],"host.architecture":["x86_64"],"event.provider":["Microsoft-Windows-Windows Defender"],"event.code":["5007"],"agent.id":["77b4edf0-f1ef-42f4-9f40-b8b0e7f83bfc"],"ecs.version":["8.17.0"],"winlog.event_data.Product_Name":["Microsoft Defender Antivirus"],"event.created":["2025-10-27T12:53:26.554Z"],"agent.version":["8.17.9"],"host.os.family":["windows"],"winlog.process.thread.id":[4416],"winlog.event_data.Old_Value":["Default\\Features\\EnableCACS = 0x0"],"winlog.event_data.New_Value":["HKLM\\SOFTWARE\\Microsoft\\Windows Defender\\Features\\EnableCACS = 0x0"],"host.os.build":["26200.6899"],"winlog.user.type":["User"],"host.ip":["fe80::612e:f20a:fc28:8fe","192.168.85.150"],"agent.type":["filebeat"],"event.module":["windows"],"host.os.kernel":["10.0.26100.6899 (WinBuild.160101.0800)"],"winlog.api":["wineventlog"],"elastic_agent.snapshot":[false],"host.id":["d5634082-e434-4231-8139-57cc3abe6d56"],"winlog.user.identifier":["S-1-5-18"],"winlog.task":["None"],"winlog.user.domain":["NT AUTHORITY"],"elastic_agent.id":["77b4edf0-f1ef-42f4-9f40-b8b0e7f83bfc"],"data_stream.namespace":["default"],"message":["Microsoft Defender Antivirus Configuration has changed. If this is an unexpected event you should review the settings as this may be the result of malware.\n \tOld value: Default\\Features\\EnableCACS = 0x0\n \tNew value: HKLM\\SOFTWARE\\Microsoft\\Windows Defender\\Features\\EnableCACS = 0x0"],"winlog.event_id":["5007"],"winlog.user.name":["SYSTEM"],"event.action":["antivirus-configuration-changed"],"event.ingested":["2025-10-27T12:53:27.000Z"],"@timestamp":["2025-10-28T01:27:16.442Z"],"winlog.channel":["Microsoft-Windows-Windows Defender/Operational"],"host.os.platform":["windows"],"data_stream.dataset":["windows.windows_defender"],"event.type":["change"],"winlog.opcode":["Info"],"agent.ephemeral_id":["476a8442-1042-4c08-8cee-994acd4736d3"],"winlog.event_data.Product_Version":["4.18.23110.3"],"event.dataset":["windows.windows_defender"]},"highlight":{"message":["Microsoft Defender @kibana-highlighted-field@Antivirus@/kibana-highlighted-field@ Configuration has changed. If this is an unexpected event you should review the settings as this may be the result of @kibana-highlighted-field@malware@/kibana-highlighted-field@.\n \tOld value: Default\\Features\\EnableCACS = 0x0\n \tNew value: HKLM\\SOFTWARE\\Microsoft\\Windows Defender\\Features\\EnableCACS = 0x0"]},"sort":["2025-10-28T01:27:16.442Z",240]},{"_index":".ds-logs-windows.windows_defender-default-2025.10.14-000003","_id":"h0K7JZoBpv1nQr9GENT5","_version":1,"_score":null,"fields":{"elastic_agent.version":["8.17.9"],"event.category":["configuration"],"host.os.name.text":["Windows 11 Pro"],"winlog.provider_guid":["{11cd958a-c507-4ef3-b3f2-5fd9dfbd2c78}"],"winlog.provider_name":["Microsoft-Windows-Windows Defender"],"host.name.text":["win11-user"],"host.hostname":["win11-user"],"winlog.computer_name":["DESKTOP-TG9JN39"],"host.mac":["00-0C-29-2E-14-19"],"winlog.process.pid":[2592],"agent.name.text":["win11-user"],"host.os.version":["10.0"],"winlog.record_id":["41"],"host.os.name":["Windows 11 Pro"],"log.level":["information"],"agent.name":["win11-user"],"host.name":["win11-user"],"event.agent_id_status":["verified"],"event.kind":["event"],"host.os.type":["windows"],"input.type":["winlog"],"data_stream.type":["logs"],"host.architecture":["x86_64"],"event.provider":["Microsoft-Windows-Windows Defender"],"event.code":["5007"],"agent.id":["77b4edf0-f1ef-42f4-9f40-b8b0e7f83bfc"],"ecs.version":["8.17.0"],"winlog.event_data.Product_Name":["Microsoft Defender Antivirus"],"event.created":["2025-10-27T12:53:26.554Z"],"agent.version":["8.17.9"],"host.os.family":["windows"],"winlog.process.thread.id":[4416],"winlog.event_data.Old_Value":["N/A\\Diagnostics\\CleanupComponentProgress = "],"winlog.event_data.New_Value":["HKLM\\SOFTWARE\\Microsoft\\Windows Defender\\Diagnostics\\CleanupComponentProgress = ServiceMiscTasksClose"],"host.os.build":["26200.6899"],"winlog.user.type":["User"],"host.ip":["fe80::612e:f20a:fc28:8fe","192.168.85.150"],"agent.type":["filebeat"],"event.module":["windows"],"host.os.kernel":["10.0.26100.6899 (WinBuild.160101.0800)"],"winlog.api":["wineventlog"],"elastic_agent.snapshot":[false],"host.id":["d5634082-e434-4231-8139-57cc3abe6d56"],"winlog.user.identifier":["S-1-5-18"],"winlog.task":["None"],"winlog.user.domain":["NT AUTHORITY"],"elastic_agent.id":["77b4edf0-f1ef-42f4-9f40-b8b0e7f83bfc"],"data_stream.namespace":["default"],"message":["Microsoft Defender Antivirus Configuration has changed. If this is an unexpected event you should review the settings as this may be the result of malware.\n \tOld value: N/A\\Diagnostics\\CleanupComponentProgress = \n \tNew value: HKLM\\SOFTWARE\\Microsoft\\Windows Defender\\Diagnostics\\CleanupComponentProgress = ServiceMiscTasksClose"],"winlog.event_id":["5007"],"winlog.user.name":["SYSTEM"],"event.action":["antivirus-configuration-changed"],"event.ingested":["2025-10-27T12:53:27.000Z"],"@timestamp":["2025-10-28T01:27:16.442Z"],"winlog.channel":["Microsoft-Windows-Windows Defender/Operational"],"host.os.platform":["windows"],"data_stream.dataset":["windows.windows_defender"],"event.type":["change"],"winlog.opcode":["Info"],"agent.ephemeral_id":["476a8442-1042-4c08-8cee-994acd4736d3"],"winlog.event_data.Product_Version":["4.18.23110.3"],"event.dataset":["windows.windows_defender"]},"highlight":{"message":["Microsoft Defender @kibana-highlighted-field@Antivirus@/kibana-highlighted-field@ Configuration has changed. If this is an unexpected event you should review the settings as this may be the result of @kibana-highlighted-field@malware@/kibana-highlighted-field@.\n \tOld value: N/A\\Diagnostics\\CleanupComponentProgress = \n \tNew value: HKLM\\SOFTWARE\\Microsoft\\Windows Defender\\Diagnostics\\CleanupComponentProgress = ServiceMiscTasksClose"]},"sort":["2025-10-28T01:27:16.442Z",239]},{"_index":".ds-logs-windows.windows_defender-default-2025.10.14-000003","_id":"ckK7JZoBpv1nQr9GENT5","_version":1,"_score":null,"fields":{"elastic_agent.version":["8.17.9"],"event.category":["configuration"],"host.os.name.text":["Windows 11 Pro"],"winlog.provider_guid":["{11cd958a-c507-4ef3-b3f2-5fd9dfbd2c78}"],"winlog.provider_name":["Microsoft-Windows-Windows Defender"],"host.name.text":["win11-user"],"host.hostname":["win11-user"],"winlog.computer_name":["DESKTOP-TG9JN39"],"host.mac":["00-0C-29-2E-14-19"],"winlog.process.pid":[2592],"agent.name.text":["win11-user"],"host.os.version":["10.0"],"winlog.record_id":["40"],"host.os.name":["Windows 11 Pro"],"log.level":["information"],"agent.name":["win11-user"],"host.name":["win11-user"],"event.agent_id_status":["verified"],"event.kind":["event"],"host.os.type":["windows"],"input.type":["winlog"],"data_stream.type":["logs"],"host.architecture":["x86_64"],"event.provider":["Microsoft-Windows-Windows Defender"],"event.code":["5007"],"agent.id":["77b4edf0-f1ef-42f4-9f40-b8b0e7f83bfc"],"ecs.version":["8.17.0"],"winlog.event_data.Product_Name":["Microsoft Defender Antivirus"],"event.created":["2025-10-27T12:53:26.554Z"],"agent.version":["8.17.9"],"host.os.family":["windows"],"winlog.process.thread.id":[4416],"winlog.event_data.Old_Value":["HKLM\\SOFTWARE\\Microsoft\\Windows Defender\\ProductAppDataPath = C:\\ProgramData\\Microsoft\\Windows Defender"],"winlog.event_data.New_Value":["Default\\ProductAppDataPath = C:\\ProgramData\\Microsoft\\Windows Defender"],"host.os.build":["26200.6899"],"winlog.user.type":["User"],"host.ip":["fe80::612e:f20a:fc28:8fe","192.168.85.150"],"agent.type":["filebeat"],"event.module":["windows"],"host.os.kernel":["10.0.26100.6899 (WinBuild.160101.0800)"],"winlog.api":["wineventlog"],"elastic_agent.snapshot":[false],"host.id":["d5634082-e434-4231-8139-57cc3abe6d56"],"winlog.user.identifier":["S-1-5-18"],"winlog.task":["None"],"winlog.user.domain":["NT AUTHORITY"],"elastic_agent.id":["77b4edf0-f1ef-42f4-9f40-b8b0e7f83bfc"],"data_stream.namespace":["default"],"message":["Microsoft Defender Antivirus Configuration has changed. If this is an unexpected event you should review the settings as this may be the result of malware.\n \tOld value: HKLM\\SOFTWARE\\Microsoft\\Windows Defender\\ProductAppDataPath = C:\\ProgramData\\Microsoft\\Windows Defender\n \tNew value: Default\\ProductAppDataPath = C:\\ProgramData\\Microsoft\\Windows Defender"],"winlog.event_id":["5007"],"winlog.user.name":["SYSTEM"],"event.action":["antivirus-configuration-changed"],"event.ingested":["2025-10-27T12:53:27.000Z"],"@timestamp":["2025-10-28T01:27:16.441Z"],"winlog.channel":["Microsoft-Windows-Windows Defender/Operational"],"host.os.platform":["windows"],"data_stream.dataset":["windows.windows_defender"],"event.type":["change"],"winlog.opcode":["Info"],"agent.ephemeral_id":["476a8442-1042-4c08-8cee-994acd4736d3"],"winlog.event_data.Product_Version":["4.18.23110.3"],"event.dataset":["windows.windows_defender"]},"highlight":{"message":["Microsoft Defender @kibana-highlighted-field@Antivirus@/kibana-highlighted-field@ Configuration has changed. If this is an unexpected event you should review the settings as this may be the result of @kibana-highlighted-field@malware@/kibana-highlighted-field@.\n \tOld value: HKLM\\SOFTWARE\\Microsoft\\Windows Defender\\ProductAppDataPath = C:\\ProgramData\\Microsoft\\Windows Defender\n \tNew value: Default\\ProductAppDataPath = C:\\ProgramData\\Microsoft\\Windows Defender"]},"sort":["2025-10-28T01:27:16.441Z",238]},{"_index":".ds-logs-windows.windows_defender-default-2025.10.14-000003","_id":"cEK7JZoBpv1nQr9GENT5","_version":1,"_score":null,"fields":{"elastic_agent.version":["8.17.9"],"event.category":["configuration"],"host.os.name.text":["Windows 11 Pro"],"winlog.provider_guid":["{11cd958a-c507-4ef3-b3f2-5fd9dfbd2c78}"],"winlog.provider_name":["Microsoft-Windows-Windows Defender"],"host.name.text":["win11-user"],"host.hostname":["win11-user"],"winlog.computer_name":["DESKTOP-TG9JN39"],"host.mac":["00-0C-29-2E-14-19"],"winlog.process.pid":[2592],"agent.name.text":["win11-user"],"host.os.version":["10.0"],"winlog.record_id":["39"],"host.os.name":["Windows 11 Pro"],"log.level":["information"],"agent.name":["win11-user"],"host.name":["win11-user"],"event.agent_id_status":["verified"],"event.kind":["event"],"host.os.type":["windows"],"input.type":["winlog"],"data_stream.type":["logs"],"host.architecture":["x86_64"],"event.provider":["Microsoft-Windows-Windows Defender"],"event.code":["5007"],"agent.id":["77b4edf0-f1ef-42f4-9f40-b8b0e7f83bfc"],"ecs.version":["8.17.0"],"winlog.event_data.Product_Name":["Microsoft Defender Antivirus"],"event.created":["2025-10-27T12:53:26.554Z"],"agent.version":["8.17.9"],"host.os.family":["windows"],"winlog.process.thread.id":[4416],"winlog.event_data.Old_Value":["Default\\RpcServerUseEndpointMapper = 0x0"],"winlog.event_data.New_Value":["HKLM\\SOFTWARE\\Microsoft\\Windows Defender\\RpcServerUseEndpointMapper = 0x0"],"host.os.build":["26200.6899"],"winlog.user.type":["User"],"host.ip":["fe80::612e:f20a:fc28:8fe","192.168.85.150"],"agent.type":["filebeat"],"event.module":["windows"],"host.os.kernel":["10.0.26100.6899 (WinBuild.160101.0800)"],"winlog.api":["wineventlog"],"elastic_agent.snapshot":[false],"host.id":["d5634082-e434-4231-8139-57cc3abe6d56"],"winlog.user.identifier":["S-1-5-18"],"winlog.task":["None"],"winlog.user.domain":["NT AUTHORITY"],"elastic_agent.id":["77b4edf0-f1ef-42f4-9f40-b8b0e7f83bfc"],"data_stream.namespace":["default"],"message":["Microsoft Defender Antivirus Configuration has changed. If this is an unexpected event you should review the settings as this may be the result of malware.\n \tOld value: Default\\RpcServerUseEndpointMapper = 0x0\n \tNew value: HKLM\\SOFTWARE\\Microsoft\\Windows Defender\\RpcServerUseEndpointMapper = 0x0"],"winlog.event_id":["5007"],"winlog.user.name":["SYSTEM"],"event.action":["antivirus-configuration-changed"],"event.ingested":["2025-10-27T12:53:27.000Z"],"@timestamp":["2025-10-28T01:27:16.441Z"],"winlog.channel":["Microsoft-Windows-Windows Defender/Operational"],"host.os.platform":["windows"],"data_stream.dataset":["windows.windows_defender"],"event.type":["change"],"winlog.opcode":["Info"],"agent.ephemeral_id":["476a8442-1042-4c08-8cee-994acd4736d3"],"winlog.event_data.Product_Version":["4.18.23110.3"],"event.dataset":["windows.windows_defender"]},"highlight":{"message":["Microsoft Defender @kibana-highlighted-field@Antivirus@/kibana-highlighted-field@ Configuration has changed. If this is an unexpected event you should review the settings as this may be the result of @kibana-highlighted-field@malware@/kibana-highlighted-field@.\n \tOld value: Default\\RpcServerUseEndpointMapper = 0x0\n \tNew value: HKLM\\SOFTWARE\\Microsoft\\Windows Defender\\RpcServerUseEndpointMapper = 0x0"]},"sort":["2025-10-28T01:27:16.441Z",237]},{"_index":".ds-logs-windows.windows_defender-default-2025.10.14-000003","_id":"bEK7JZoBpv1nQr9GENT5","_version":1,"_score":null,"fields":{"elastic_agent.version":["8.17.9"],"event.category":["configuration"],"host.os.name.text":["Windows 11 Pro"],"winlog.provider_guid":["{11cd958a-c507-4ef3-b3f2-5fd9dfbd2c78}"],"winlog.provider_name":["Microsoft-Windows-Windows Defender"],"host.name.text":["win11-user"],"host.hostname":["win11-user"],"winlog.computer_name":["WIN-PF5DEEP6HBL"],"host.mac":["00-0C-29-2E-14-19"],"winlog.process.pid":[2592],"agent.name.text":["win11-user"],"host.os.version":["10.0"],"winlog.record_id":["38"],"host.os.name":["Windows 11 Pro"],"log.level":["information"],"agent.name":["win11-user"],"host.name":["win11-user"],"event.agent_id_status":["verified"],"event.kind":["event"],"host.os.type":["windows"],"input.type":["winlog"],"data_stream.type":["logs"],"host.architecture":["x86_64"],"event.provider":["Microsoft-Windows-Windows Defender"],"event.code":["5007"],"agent.id":["77b4edf0-f1ef-42f4-9f40-b8b0e7f83bfc"],"ecs.version":["8.17.0"],"winlog.event_data.Product_Name":["Microsoft Defender Antivirus"],"event.created":["2025-10-27T12:53:26.554Z"],"agent.version":["8.17.9"],"host.os.family":["windows"],"winlog.process.thread.id":[3348],"winlog.event_data.Old_Value":["Default\\SmartLockerMode = 0x0"],"winlog.event_data.New_Value":["HKLM\\SOFTWARE\\Microsoft\\Windows Defender\\SmartLockerMode = 0x1"],"host.os.build":["26200.6899"],"winlog.user.type":["User"],"host.ip":["fe80::612e:f20a:fc28:8fe","192.168.85.150"],"agent.type":["filebeat"],"event.module":["windows"],"host.os.kernel":["10.0.26100.6899 (WinBuild.160101.0800)"],"winlog.api":["wineventlog"],"elastic_agent.snapshot":[false],"host.id":["d5634082-e434-4231-8139-57cc3abe6d56"],"winlog.user.identifier":["S-1-5-18"],"winlog.task":["None"],"winlog.user.domain":["NT AUTHORITY"],"elastic_agent.id":["77b4edf0-f1ef-42f4-9f40-b8b0e7f83bfc"],"data_stream.namespace":["default"],"message":["Microsoft Defender Antivirus Configuration has changed. If this is an unexpected event you should review the settings as this may be the result of malware.\n \tOld value: Default\\SmartLockerMode = 0x0\n \tNew value: HKLM\\SOFTWARE\\Microsoft\\Windows Defender\\SmartLockerMode = 0x1"],"winlog.event_id":["5007"],"winlog.user.name":["SYSTEM"],"event.action":["antivirus-configuration-changed"],"event.ingested":["2025-10-27T12:53:27.000Z"],"@timestamp":["2025-10-28T01:25:56.676Z"],"winlog.channel":["Microsoft-Windows-Windows Defender/Operational"],"host.os.platform":["windows"],"data_stream.dataset":["windows.windows_defender"],"event.type":["change"],"winlog.opcode":["Info"],"agent.ephemeral_id":["476a8442-1042-4c08-8cee-994acd4736d3"],"winlog.event_data.Product_Version":["4.18.23110.3"],"event.dataset":["windows.windows_defender"]},"highlight":{"message":["Microsoft Defender @kibana-highlighted-field@Antivirus@/kibana-highlighted-field@ Configuration has changed. If this is an unexpected event you should review the settings as this may be the result of @kibana-highlighted-field@malware@/kibana-highlighted-field@.\n \tOld value: Default\\SmartLockerMode = 0x0\n \tNew value: HKLM\\SOFTWARE\\Microsoft\\Windows Defender\\SmartLockerMode = 0x1"]},"sort":["2025-10-28T01:25:56.676Z",236]},{"_index":".ds-logs-windows.windows_defender-default-2025.10.14-000003","_id":"aUK7JZoBpv1nQr9GENT5","_version":1,"_score":null,"fields":{"elastic_agent.version":["8.17.9"],"event.category":["configuration"],"host.os.name.text":["Windows 11 Pro"],"winlog.provider_guid":["{11cd958a-c507-4ef3-b3f2-5fd9dfbd2c78}"],"winlog.provider_name":["Microsoft-Windows-Windows Defender"],"host.name.text":["win11-user"],"host.hostname":["win11-user"],"winlog.computer_name":["WIN-PF5DEEP6HBL"],"host.mac":["00-0C-29-2E-14-19"],"winlog.process.pid":[2592],"agent.name.text":["win11-user"],"host.os.version":["10.0"],"winlog.record_id":["37"],"host.os.name":["Windows 11 Pro"],"log.level":["information"],"agent.name":["win11-user"],"host.name":["win11-user"],"event.agent_id_status":["verified"],"event.kind":["event"],"host.os.type":["windows"],"input.type":["winlog"],"data_stream.type":["logs"],"host.architecture":["x86_64"],"event.provider":["Microsoft-Windows-Windows Defender"],"event.code":["5007"],"agent.id":["77b4edf0-f1ef-42f4-9f40-b8b0e7f83bfc"],"ecs.version":["8.17.0"],"winlog.event_data.Product_Name":["Microsoft Defender Antivirus"],"event.created":["2025-10-27T12:53:26.554Z"],"agent.version":["8.17.9"],"host.os.family":["windows"],"winlog.process.thread.id":[3348],"winlog.event_data.Old_Value":["Default\\SpyNet\\MAPSconcurrencyDss = 0xA"],"winlog.event_data.New_Value":["HKLM\\SOFTWARE\\Microsoft\\Windows Defender\\SpyNet\\MAPSconcurrencyDss = 0xA"],"host.os.build":["26200.6899"],"winlog.user.type":["User"],"host.ip":["fe80::612e:f20a:fc28:8fe","192.168.85.150"],"agent.type":["filebeat"],"event.module":["windows"],"host.os.kernel":["10.0.26100.6899 (WinBuild.160101.0800)"],"winlog.api":["wineventlog"],"elastic_agent.snapshot":[false],"host.id":["d5634082-e434-4231-8139-57cc3abe6d56"],"winlog.user.identifier":["S-1-5-18"],"winlog.task":["None"],"winlog.user.domain":["NT AUTHORITY"],"elastic_agent.id":["77b4edf0-f1ef-42f4-9f40-b8b0e7f83bfc"],"data_stream.namespace":["default"],"message":["Microsoft Defender Antivirus Configuration has changed. If this is an unexpected event you should review the settings as this may be the result of malware.\n \tOld value: Default\\SpyNet\\MAPSconcurrencyDss = 0xA\n \tNew value: HKLM\\SOFTWARE\\Microsoft\\Windows Defender\\SpyNet\\MAPSconcurrencyDss = 0xA"],"winlog.event_id":["5007"],"winlog.user.name":["SYSTEM"],"event.action":["antivirus-configuration-changed"],"event.ingested":["2025-10-27T12:53:27.000Z"],"@timestamp":["2025-10-28T01:25:55.911Z"],"winlog.channel":["Microsoft-Windows-Windows Defender/Operational"],"host.os.platform":["windows"],"data_stream.dataset":["windows.windows_defender"],"event.type":["change"],"winlog.opcode":["Info"],"agent.ephemeral_id":["476a8442-1042-4c08-8cee-994acd4736d3"],"winlog.event_data.Product_Version":["4.18.23110.3"],"event.dataset":["windows.windows_defender"]},"highlight":{"message":["Microsoft Defender @kibana-highlighted-field@Antivirus@/kibana-highlighted-field@ Configuration has changed. If this is an unexpected event you should review the settings as this may be the result of @kibana-highlighted-field@malware@/kibana-highlighted-field@.\n \tOld value: Default\\SpyNet\\MAPSconcurrencyDss = 0xA\n \tNew value: HKLM\\SOFTWARE\\Microsoft\\Windows Defender\\SpyNet\\MAPSconcurrencyDss = 0xA"]},"sort":["2025-10-28T01:25:55.911Z",235]},{"_index":".ds-logs-windows.windows_defender-default-2025.10.14-000003","_id":"ZUK7JZoBpv1nQr9GENT5","_version":1,"_score":null,"fields":{"elastic_agent.version":["8.17.9"],"event.category":["configuration"],"host.os.name.text":["Windows 11 Pro"],"winlog.provider_guid":["{11cd958a-c507-4ef3-b3f2-5fd9dfbd2c78}"],"winlog.provider_name":["Microsoft-Windows-Windows Defender"],"host.name.text":["win11-user"],"host.hostname":["win11-user"],"winlog.computer_name":["WIN-PF5DEEP6HBL"],"host.mac":["00-0C-29-2E-14-19"],"winlog.process.pid":[2592],"agent.name.text":["win11-user"],"host.os.version":["10.0"],"winlog.record_id":["36"],"host.os.name":["Windows 11 Pro"],"log.level":["information"],"agent.name":["win11-user"],"host.name":["win11-user"],"event.agent_id_status":["verified"],"event.kind":["event"],"host.os.type":["windows"],"input.type":["winlog"],"data_stream.type":["logs"],"host.architecture":["x86_64"],"event.provider":["Microsoft-Windows-Windows Defender"],"event.code":["5007"],"agent.id":["77b4edf0-f1ef-42f4-9f40-b8b0e7f83bfc"],"ecs.version":["8.17.0"],"winlog.event_data.Product_Name":["Microsoft Defender Antivirus"],"event.created":["2025-10-27T12:53:26.554Z"],"agent.version":["8.17.9"],"host.os.family":["windows"],"winlog.process.thread.id":[3348],"winlog.event_data.Old_Value":["Default\\SpyNet\\SSLOptions = 0x0"],"winlog.event_data.New_Value":["HKLM\\SOFTWARE\\Microsoft\\Windows Defender\\SpyNet\\SSLOptions = 0x3"],"host.os.build":["26200.6899"],"winlog.user.type":["User"],"host.ip":["fe80::612e:f20a:fc28:8fe","192.168.85.150"],"agent.type":["filebeat"],"event.module":["windows"],"host.os.kernel":["10.0.26100.6899 (WinBuild.160101.0800)"],"winlog.api":["wineventlog"],"elastic_agent.snapshot":[false],"host.id":["d5634082-e434-4231-8139-57cc3abe6d56"],"winlog.user.identifier":["S-1-5-18"],"winlog.task":["None"],"winlog.user.domain":["NT AUTHORITY"],"elastic_agent.id":["77b4edf0-f1ef-42f4-9f40-b8b0e7f83bfc"],"data_stream.namespace":["default"],"message":["Microsoft Defender Antivirus Configuration has changed. If this is an unexpected event you should review the settings as this may be the result of malware.\n \tOld value: Default\\SpyNet\\SSLOptions = 0x0\n \tNew value: HKLM\\SOFTWARE\\Microsoft\\Windows Defender\\SpyNet\\SSLOptions = 0x3"],"winlog.event_id":["5007"],"winlog.user.name":["SYSTEM"],"event.action":["antivirus-configuration-changed"],"event.ingested":["2025-10-27T12:53:27.000Z"],"@timestamp":["2025-10-28T01:25:55.911Z"],"winlog.channel":["Microsoft-Windows-Windows Defender/Operational"],"host.os.platform":["windows"],"data_stream.dataset":["windows.windows_defender"],"event.type":["change"],"winlog.opcode":["Info"],"agent.ephemeral_id":["476a8442-1042-4c08-8cee-994acd4736d3"],"winlog.event_data.Product_Version":["4.18.23110.3"],"event.dataset":["windows.windows_defender"]},"highlight":{"message":["Microsoft Defender @kibana-highlighted-field@Antivirus@/kibana-highlighted-field@ Configuration has changed. If this is an unexpected event you should review the settings as this may be the result of @kibana-highlighted-field@malware@/kibana-highlighted-field@.\n \tOld value: Default\\SpyNet\\SSLOptions = 0x0\n \tNew value: HKLM\\SOFTWARE\\Microsoft\\Windows Defender\\SpyNet\\SSLOptions = 0x3"]},"sort":["2025-10-28T01:25:55.911Z",234]},{"_index":".ds-logs-windows.windows_defender-default-2025.10.14-000003","_id":"YUK7JZoBpv1nQr9GENT5","_version":1,"_score":null,"fields":{"elastic_agent.version":["8.17.9"],"event.category":["configuration"],"host.os.name.text":["Windows 11 Pro"],"winlog.provider_guid":["{11cd958a-c507-4ef3-b3f2-5fd9dfbd2c78}"],"winlog.provider_name":["Microsoft-Windows-Windows Defender"],"host.name.text":["win11-user"],"host.hostname":["win11-user"],"winlog.computer_name":["WIN-PF5DEEP6HBL"],"host.mac":["00-0C-29-2E-14-19"],"winlog.process.pid":[2592],"agent.name.text":["win11-user"],"host.os.version":["10.0"],"winlog.record_id":["35"],"host.os.name":["Windows 11 Pro"],"log.level":["information"],"agent.name":["win11-user"],"host.name":["win11-user"],"event.agent_id_status":["verified"],"event.kind":["event"],"host.os.type":["windows"],"input.type":["winlog"],"data_stream.type":["logs"],"host.architecture":["x86_64"],"event.provider":["Microsoft-Windows-Windows Defender"],"event.code":["5007"],"agent.id":["77b4edf0-f1ef-42f4-9f40-b8b0e7f83bfc"],"ecs.version":["8.17.0"],"winlog.event_data.Product_Name":["Microsoft Defender Antivirus"],"event.created":["2025-10-27T12:53:26.554Z"],"agent.version":["8.17.9"],"host.os.family":["windows"],"winlog.process.thread.id":[3348],"winlog.event_data.Old_Value":["Default\\SpyNet\\SpyNetReportingLocation = \nREST:https://wdcp.microsoft.com/wdcp.svc/submitReport"],"winlog.event_data.New_Value":["HKLM\\SOFTWARE\\Microsoft\\Windows Defender\\SpyNet\\SpyNetReportingLocation = \nSOAP:https://wdcp.microsoft.com/WdCpSrvc.asmx\nSOAP:https://wdcpalt.microsoft.com/WdCpSrvc.asmx\nREST:https://wdcp.microsoft.com/wdcp.svc/submitReport\nREST:https://wdcpalt.microsoft.com/wdcp.svc/submitReport\nBOND:https://wdcp.microsoft.com/wdcp.svc/bond/submitreport\nBOND:https://wdcpalt.microsoft.com/wdcp.svc/bond/submitreport"],"host.os.build":["26200.6899"],"winlog.user.type":["User"],"host.ip":["fe80::612e:f20a:fc28:8fe","192.168.85.150"],"agent.type":["filebeat"],"event.module":["windows"],"host.os.kernel":["10.0.26100.6899 (WinBuild.160101.0800)"],"winlog.api":["wineventlog"],"elastic_agent.snapshot":[false],"host.id":["d5634082-e434-4231-8139-57cc3abe6d56"],"winlog.user.identifier":["S-1-5-18"],"winlog.task":["None"],"winlog.user.domain":["NT AUTHORITY"],"elastic_agent.id":["77b4edf0-f1ef-42f4-9f40-b8b0e7f83bfc"],"data_stream.namespace":["default"],"message":["Microsoft Defender Antivirus Configuration has changed. If this is an unexpected event you should review the settings as this may be the result of malware.\n \tOld value: Default\\SpyNet\\SpyNetReportingLocation = \nREST:https://wdcp.microsoft.com/wdcp.svc/submitReport\n\n \tNew value: HKLM\\SOFTWARE\\Microsoft\\Windows Defender\\SpyNet\\SpyNetReportingLocation = \nSOAP:https://wdcp.microsoft.com/WdCpSrvc.asmx\nSOAP:https://wdcpalt.microsoft.com/WdCpSrvc.asmx\nREST:https://wdcp.microsoft.com/wdcp.svc/submitReport\nREST:https://wdcpalt.microsoft.com/wdcp.svc/submitReport\nBOND:https://wdcp.microsoft.com/wdcp.svc/bond/submitreport\nBOND:https://wdcpalt.microsoft.com/wdcp.svc/bond/submitreport"],"winlog.event_id":["5007"],"winlog.user.name":["SYSTEM"],"event.action":["antivirus-configuration-changed"],"event.ingested":["2025-10-27T12:53:27.000Z"],"@timestamp":["2025-10-28T01:25:55.911Z"],"winlog.channel":["Microsoft-Windows-Windows Defender/Operational"],"host.os.platform":["windows"],"data_stream.dataset":["windows.windows_defender"],"event.type":["change"],"winlog.opcode":["Info"],"agent.ephemeral_id":["476a8442-1042-4c08-8cee-994acd4736d3"],"winlog.event_data.Product_Version":["4.18.23110.3"],"event.dataset":["windows.windows_defender"]},"highlight":{"message":["Microsoft Defender @kibana-highlighted-field@Antivirus@/kibana-highlighted-field@ Configuration has changed. If this is an unexpected event you should review the settings as this may be the result of @kibana-highlighted-field@malware@/kibana-highlighted-field@.\n \tOld value: Default\\SpyNet\\SpyNetReportingLocation = \nREST:https://wdcp.microsoft.com/wdcp.svc/submitReport\n\n \tNew value: HKLM\\SOFTWARE\\Microsoft\\Windows Defender\\SpyNet\\SpyNetReportingLocation = \nSOAP:https://wdcp.microsoft.com/WdCpSrvc.asmx\nSOAP:https://wdcpalt.microsoft.com/WdCpSrvc.asmx\nREST:https://wdcp.microsoft.com/wdcp.svc/submitReport\nREST:https://wdcpalt.microsoft.com/wdcp.svc/submitReport\nBOND:https://wdcp.microsoft.com/wdcp.svc/bond/submitreport\nBOND:https://wdcpalt.microsoft.com/wdcp.svc/bond/submitreport"]},"sort":["2025-10-28T01:25:55.911Z",233]},{"_index":".ds-logs-windows.windows_defender-default-2025.10.14-000003","_id":"W0K7JZoBpv1nQr9GENT5","_version":1,"_score":null,"fields":{"elastic_agent.version":["8.17.9"],"event.category":["configuration"],"host.os.name.text":["Windows 11 Pro"],"winlog.provider_guid":["{11cd958a-c507-4ef3-b3f2-5fd9dfbd2c78}"],"winlog.provider_name":["Microsoft-Windows-Windows Defender"],"host.name.text":["win11-user"],"host.hostname":["win11-user"],"winlog.computer_name":["WIN-PF5DEEP6HBL"],"host.mac":["00-0C-29-2E-14-19"],"winlog.process.pid":[2592],"agent.name.text":["win11-user"],"host.os.version":["10.0"],"winlog.record_id":["34"],"host.os.name":["Windows 11 Pro"],"log.level":["information"],"agent.name":["win11-user"],"host.name":["win11-user"],"event.agent_id_status":["verified"],"event.kind":["event"],"host.os.type":["windows"],"input.type":["winlog"],"data_stream.type":["logs"],"host.architecture":["x86_64"],"event.provider":["Microsoft-Windows-Windows Defender"],"event.code":["5007"],"agent.id":["77b4edf0-f1ef-42f4-9f40-b8b0e7f83bfc"],"ecs.version":["8.17.0"],"winlog.event_data.Product_Name":["Microsoft Defender Antivirus"],"event.created":["2025-10-27T12:53:26.554Z"],"agent.version":["8.17.9"],"host.os.family":["windows"],"winlog.process.thread.id":[3348],"winlog.event_data.Old_Value":["Default\\SpyNet\\MAPSconcurrency = 0x1"],"winlog.event_data.New_Value":["HKLM\\SOFTWARE\\Microsoft\\Windows Defender\\SpyNet\\MAPSconcurrency = 0x1"],"host.os.build":["26200.6899"],"winlog.user.type":["User"],"host.ip":["fe80::612e:f20a:fc28:8fe","192.168.85.150"],"agent.type":["filebeat"],"event.module":["windows"],"host.os.kernel":["10.0.26100.6899 (WinBuild.160101.0800)"],"winlog.api":["wineventlog"],"elastic_agent.snapshot":[false],"host.id":["d5634082-e434-4231-8139-57cc3abe6d56"],"winlog.user.identifier":["S-1-5-18"],"winlog.task":["None"],"winlog.user.domain":["NT AUTHORITY"],"elastic_agent.id":["77b4edf0-f1ef-42f4-9f40-b8b0e7f83bfc"],"data_stream.namespace":["default"],"message":["Microsoft Defender Antivirus Configuration has changed. If this is an unexpected event you should review the settings as this may be the result of malware.\n \tOld value: Default\\SpyNet\\MAPSconcurrency = 0x1\n \tNew value: HKLM\\SOFTWARE\\Microsoft\\Windows Defender\\SpyNet\\MAPSconcurrency = 0x1"],"winlog.event_id":["5007"],"winlog.user.name":["SYSTEM"],"event.action":["antivirus-configuration-changed"],"event.ingested":["2025-10-27T12:53:27.000Z"],"@timestamp":["2025-10-28T01:25:55.911Z"],"winlog.channel":["Microsoft-Windows-Windows Defender/Operational"],"host.os.platform":["windows"],"data_stream.dataset":["windows.windows_defender"],"event.type":["change"],"winlog.opcode":["Info"],"agent.ephemeral_id":["476a8442-1042-4c08-8cee-994acd4736d3"],"winlog.event_data.Product_Version":["4.18.23110.3"],"event.dataset":["windows.windows_defender"]},"highlight":{"message":["Microsoft Defender @kibana-highlighted-field@Antivirus@/kibana-highlighted-field@ Configuration has changed. If this is an unexpected event you should review the settings as this may be the result of @kibana-highlighted-field@malware@/kibana-highlighted-field@.\n \tOld value: Default\\SpyNet\\MAPSconcurrency = 0x1\n \tNew value: HKLM\\SOFTWARE\\Microsoft\\Windows Defender\\SpyNet\\MAPSconcurrency = 0x1"]},"sort":["2025-10-28T01:25:55.911Z",232]},{"_index":".ds-logs-windows.windows_defender-default-2025.10.14-000003","_id":"V0K7JZoBpv1nQr9GENT5","_version":1,"_score":null,"fields":{"elastic_agent.version":["8.17.9"],"event.category":["configuration"],"host.os.name.text":["Windows 11 Pro"],"winlog.provider_guid":["{11cd958a-c507-4ef3-b3f2-5fd9dfbd2c78}"],"winlog.provider_name":["Microsoft-Windows-Windows Defender"],"host.name.text":["win11-user"],"host.hostname":["win11-user"],"winlog.computer_name":["WIN-PF5DEEP6HBL"],"host.mac":["00-0C-29-2E-14-19"],"winlog.process.pid":[2592],"agent.name.text":["win11-user"],"host.os.version":["10.0"],"winlog.record_id":["33"],"host.os.name":["Windows 11 Pro"],"log.level":["information"],"agent.name":["win11-user"],"host.name":["win11-user"],"event.agent_id_status":["verified"],"event.kind":["event"],"host.os.type":["windows"],"input.type":["winlog"],"data_stream.type":["logs"],"host.architecture":["x86_64"],"event.provider":["Microsoft-Windows-Windows Defender"],"event.code":["5007"],"agent.id":["77b4edf0-f1ef-42f4-9f40-b8b0e7f83bfc"],"ecs.version":["8.17.0"],"winlog.event_data.Product_Name":["Microsoft Defender Antivirus"],"event.created":["2025-10-27T12:53:26.554Z"],"agent.version":["8.17.9"],"host.os.family":["windows"],"winlog.process.thread.id":[3348],"winlog.event_data.Old_Value":["Default\\Signature Updates\\EnableUpdateResiliency = 0x0"],"winlog.event_data.New_Value":["HKLM\\SOFTWARE\\Microsoft\\Windows Defender\\Signature Updates\\EnableUpdateResiliency = 0x0"],"host.os.build":["26200.6899"],"winlog.user.type":["User"],"host.ip":["fe80::612e:f20a:fc28:8fe","192.168.85.150"],"agent.type":["filebeat"],"event.module":["windows"],"host.os.kernel":["10.0.26100.6899 (WinBuild.160101.0800)"],"winlog.api":["wineventlog"],"elastic_agent.snapshot":[false],"host.id":["d5634082-e434-4231-8139-57cc3abe6d56"],"winlog.user.identifier":["S-1-5-18"],"winlog.task":["None"],"winlog.user.domain":["NT AUTHORITY"],"elastic_agent.id":["77b4edf0-f1ef-42f4-9f40-b8b0e7f83bfc"],"data_stream.namespace":["default"],"message":["Microsoft Defender Antivirus Configuration has changed. If this is an unexpected event you should review the settings as this may be the result of malware.\n \tOld value: Default\\Signature Updates\\EnableUpdateResiliency = 0x0\n \tNew value: HKLM\\SOFTWARE\\Microsoft\\Windows Defender\\Signature Updates\\EnableUpdateResiliency = 0x0"],"winlog.event_id":["5007"],"winlog.user.name":["SYSTEM"],"event.action":["antivirus-configuration-changed"],"event.ingested":["2025-10-27T12:53:27.000Z"],"@timestamp":["2025-10-28T01:25:55.911Z"],"winlog.channel":["Microsoft-Windows-Windows Defender/Operational"],"host.os.platform":["windows"],"data_stream.dataset":["windows.windows_defender"],"event.type":["change"],"winlog.opcode":["Info"],"agent.ephemeral_id":["476a8442-1042-4c08-8cee-994acd4736d3"],"winlog.event_data.Product_Version":["4.18.23110.3"],"event.dataset":["windows.windows_defender"]},"highlight":{"message":["Microsoft Defender @kibana-highlighted-field@Antivirus@/kibana-highlighted-field@ Configuration has changed. If this is an unexpected event you should review the settings as this may be the result of @kibana-highlighted-field@malware@/kibana-highlighted-field@.\n \tOld value: Default\\Signature Updates\\EnableUpdateResiliency = 0x0\n \tNew value: HKLM\\SOFTWARE\\Microsoft\\Windows Defender\\Signature Updates\\EnableUpdateResiliency = 0x0"]},"sort":["2025-10-28T01:25:55.911Z",231]},{"_index":".ds-logs-windows.windows_defender-default-2025.10.14-000003","_id":"U0K7JZoBpv1nQr9GENT5","_version":1,"_score":null,"fields":{"elastic_agent.version":["8.17.9"],"event.category":["configuration"],"host.os.name.text":["Windows 11 Pro"],"winlog.provider_guid":["{11cd958a-c507-4ef3-b3f2-5fd9dfbd2c78}"],"winlog.provider_name":["Microsoft-Windows-Windows Defender"],"host.name.text":["win11-user"],"host.hostname":["win11-user"],"winlog.computer_name":["WIN-PF5DEEP6HBL"],"host.mac":["00-0C-29-2E-14-19"],"winlog.process.pid":[2592],"agent.name.text":["win11-user"],"host.os.version":["10.0"],"winlog.record_id":["32"],"host.os.name":["Windows 11 Pro"],"log.level":["information"],"agent.name":["win11-user"],"host.name":["win11-user"],"event.agent_id_status":["verified"],"event.kind":["event"],"host.os.type":["windows"],"input.type":["winlog"],"data_stream.type":["logs"],"host.architecture":["x86_64"],"event.provider":["Microsoft-Windows-Windows Defender"],"event.code":["5007"],"agent.id":["77b4edf0-f1ef-42f4-9f40-b8b0e7f83bfc"],"ecs.version":["8.17.0"],"winlog.event_data.Product_Name":["Microsoft Defender Antivirus"],"event.created":["2025-10-27T12:53:26.554Z"],"agent.version":["8.17.9"],"host.os.family":["windows"],"winlog.process.thread.id":[3348],"winlog.event_data.Old_Value":["Default\\Signature Updates\\SignatureType = 0x0"],"winlog.event_data.New_Value":["HKLM\\SOFTWARE\\Microsoft\\Windows Defender\\Signature Updates\\SignatureType = 0x0"],"host.os.build":["26200.6899"],"winlog.user.type":["User"],"host.ip":["fe80::612e:f20a:fc28:8fe","192.168.85.150"],"agent.type":["filebeat"],"event.module":["windows"],"host.os.kernel":["10.0.26100.6899 (WinBuild.160101.0800)"],"winlog.api":["wineventlog"],"elastic_agent.snapshot":[false],"host.id":["d5634082-e434-4231-8139-57cc3abe6d56"],"winlog.user.identifier":["S-1-5-18"],"winlog.task":["None"],"winlog.user.domain":["NT AUTHORITY"],"elastic_agent.id":["77b4edf0-f1ef-42f4-9f40-b8b0e7f83bfc"],"data_stream.namespace":["default"],"message":["Microsoft Defender Antivirus Configuration has changed. If this is an unexpected event you should review the settings as this may be the result of malware.\n \tOld value: Default\\Signature Updates\\SignatureType = 0x0\n \tNew value: HKLM\\SOFTWARE\\Microsoft\\Windows Defender\\Signature Updates\\SignatureType = 0x0"],"winlog.event_id":["5007"],"winlog.user.name":["SYSTEM"],"event.action":["antivirus-configuration-changed"],"event.ingested":["2025-10-27T12:53:27.000Z"],"@timestamp":["2025-10-28T01:25:55.911Z"],"winlog.channel":["Microsoft-Windows-Windows Defender/Operational"],"host.os.platform":["windows"],"data_stream.dataset":["windows.windows_defender"],"event.type":["change"],"winlog.opcode":["Info"],"agent.ephemeral_id":["476a8442-1042-4c08-8cee-994acd4736d3"],"winlog.event_data.Product_Version":["4.18.23110.3"],"event.dataset":["windows.windows_defender"]},"highlight":{"message":["Microsoft Defender @kibana-highlighted-field@Antivirus@/kibana-highlighted-field@ Configuration has changed. If this is an unexpected event you should review the settings as this may be the result of @kibana-highlighted-field@malware@/kibana-highlighted-field@.\n \tOld value: Default\\Signature Updates\\SignatureType = 0x0\n \tNew value: HKLM\\SOFTWARE\\Microsoft\\Windows Defender\\Signature Updates\\SignatureType = 0x0"]},"sort":["2025-10-28T01:25:55.911Z",230]},