.os.type":["windows"],"winlog.event_data.User":["SYSTEM"],"input.type":["winlog"],"winlog.event_data.Update_Type_Index":["1"],"data_stream.type":["logs"],"tags":["preserve_original_event"],"host.architecture":["x86_64"],"event.provider":["Microsoft-Windows-Windows Defender"],"winlog.event_data.Update_State_Index":["1"],"event.code":["2001"],"agent.id":["03c4f422-68d1-4af6-a27f-a78c18180452"],"ecs.version":["8.17.0"],"winlog.event_data.Product_Name":["Microsoft Defender Antivirus"],"event.created":["2025-11-22T07:13:47.099Z"],"agent.version":["8.17.3"],"host.os.family":["windows"],"winlog.process.thread.id":[4804],"winlog.event_data.Update_Source_Index":["6"],"winlog.event_data.Update_Type":["Full"],"winlog.event_data.SID":["S-1-5-18"],"host.os.build":["20348.587"],"winlog.user.type":["User"],"host.ip":["fe80::7cea:4600:3e1d:57aa","192.168.85.115"],"agent.type":["filebeat"],"event.module":["windows"],"host.os.kernel":["10.0.20348.587 (WinBuild.160101.0800)"],"winlog.api":["wineventlog"],"winlog.event_data.Previous_Engine_Version":["1.1.25100.9002"],"elastic_agent.snapshot":[false],"ml.prediction.predicted_value":["INFO"],"host.id":["0c4d2910-34d4-4e69-a70d-2a9ff52a073e"],"winlog.user.identifier":["S-1-5-18"],"ml.prediction.is_truncated":[true],"ml.prediction.prediction_probability":[0.4800879],"winlog.task":["None"],"winlog.user.domain":["NT AUTHORITY"],"winlog.event_data.Domain":["NT AUTHORITY"],"winlog.event_data.Security_intelligence_Type_Index":["1"],"elastic_agent.id":["03c4f422-68d1-4af6-a27f-a78c18180452"],"data_stream.namespace":["default"],"message":["<Event xmlns='http://schemas.microsoft.com/win/2004/08/events/event'><System><Provider Name='Microsoft-Windows-Windows Defender' Guid='{11cd958a-c507-4ef3-b3f2-5fd9dfbd2c78}'/><EventID>2001</EventID><Version>0</Version><Level>2</Level><Task>0</Task><Opcode>0</Opcode><Keywords>0x8000000000000000</Keywords><TimeCreated SystemTime='2025-11-22T07:13:46.0488090Z'/><EventRecordID>1216</EventRecordID><Correlation/><Execution ProcessID='2332' ThreadID='4804'/><Channel>Microsoft-Windows-Windows Defender/Operational</Channel><Computer>Cyberfortress-WS.ad.cyberfortress.local</Computer><Security UserID='S-1-5-18'/></System><EventData><Data Name='Product Name'>Microsoft Defender Antivirus</Data><Data Name='Product Version'>4.18.25090.3009</Data><Data Name='Current security intelligence Version'></Data><Data Name='Previous security intelligence Version'>1.441.331.0</Data><Data Name='Update Source Index'>6</Data><Data Name='Update Source'>Microsoft Malware Protection Center</Data><Data Name='Unused'></Data><Data Name='Domain'>NT AUTHORITY</Data><Data Name='User'>SYSTEM</Data><Data Name='SID'>S-1-5-18</Data><Data Name='Security intelligence Type Index'>1</Data><Data Name='Security intelligence Type'>AntiVirus</Data><Data Name='Update Type Index'>1</Data><Data Name='Update Type'>Full</Data><Data Name='Current Engine Version'></Data><Data Name='Previous Engine Version'>1.1.25100.9002</Data><Data Name='Error Code'>0x80072ee7</Data><Data Name='Error Description'>The server name or address could not be resolved </Data><Data Name='Update State Index'>1</Data><Data Name='Update State'>Search</Data><Data Name='Source Path'>https://go.microsoft.com/fwlink/?LinkID=870379&amp;clcid=0x409&amp;arch=x64&amp;eng=1.1.25100.9002&amp;avdelta=1.441.331.0&amp;asdelta=1.441.331.0&amp;prod=77BDAF73-B396-481F-9042-AD358843EC24&amp;ostype=0&amp;signaturetype=0&amp;beta=0&amp;plat=4.18.25090.3009&amp;OsVersion=10.0.20348.587&amp;altlocation=0</Data></EventData><RenderingInfo Culture='en-US'><Message>Microsoft Defender Antivirus has encountered an error trying to update security intelligence.\r\n \tNew security intelligence Version: \r\n \tPrevious security intelligence Version: 1.441.331.0\r\n \tUpdate Source: Microsoft Malware Protection Center\r\n \tSecurity intelligence Type: AntiVirus\r\n \tUpdate Type: Full\r\n \tUser: NT AUTHORITY\\SYSTEM\r\n \tCurrent Engine Version: \r\n \tPrevious Engine Version: 1.1.25100.9002\r\n \tError code: 0x80072ee7\r\n \tError description: The server name or address could not be resolved </Message><Level>Error</Level><Task></Task><Opcode>Info</Opcode><Channel></Channel><Provider>Microsoft-Windows-Windows Defender</Provider><Keywords></Keywords></RenderingInfo></Event>"],"winlog.event_id":["2001"],"winlog.user.name":["SYSTEM"],"event.action":["None"],"@timestamp":["2025-11-22T07:13:46.048Z"],"winlog.channel":["Microsoft-Windows-Windows Defender/Operational"],"host.os.platform":["windows"],"data_stream.dataset":["windows.windows_defender"],"event.type":["info"],"winlog.opcode":["Info"],"agent.ephemeral_id":["b78cf464-7de2-490c-b768-90f30a814592"],"winlog.event_data.Product_Version":["4.18.25090.3009"],"winlog.event_data.Update_Source":["Microsoft Malware Protection Center"],"event.dataset":["windows.windows_defender"]},"highlight":{"message":["<Event xmlns='http://schemas.microsoft.com/win/2004/08/events/event'><System><Provider Name='Microsoft-Windows-Windows Defender' Guid='{11cd958a-c507-4ef3-b3f2-5fd9dfbd2c78}'/><EventID>2001</EventID><Version>0</Version><Level>2</Level><Task>0</Task><Opcode>0</Opcode><Keywords>0x8000000000000000</Keywords><TimeCreated SystemTime='2025-11-22T07:13:46.0488090Z'/><EventRecordID>1216</EventRecordID><Correlation/><Execution ProcessID='2332' ThreadID='4804'/><Channel>Microsoft-Windows-Windows Defender/Operational</Channel><Computer>Cyberfortress-WS.ad.cyberfortress.local</Computer><Security UserID='S-1-5-18'/></System><EventData><Data Name='Product Name'>Microsoft Defender @kibana-highlighted-field@Antivirus@/kibana-highlighted-field@</Data><Data Name='Product Version'>4.18.25090.3009</Data><Data Name='Current security intelligence Version'></Data><Data Name='Previous security intelligence Version'>1.441.331.0</Data><Data Name='Update Source Index'>6</Data><Data Name='Update Source'>Microsoft @kibana-highlighted-field@Malware@/kibana-highlighted-field@ Protection Center</Data><Data Name='Unused'></Data><Data Name='Domain'>NT AUTHORITY</Data><Data Name='User'>SYSTEM</Data><Data Name='SID'>S-1-5-18</Data><Data Name='Security intelligence Type Index'>1</Data><Data Name='Security intelligence Type'>@kibana-highlighted-field@AntiVirus@/kibana-highlighted-field@</Data><Data Name='Update Type Index'>1</Data><Data Name='Update Type'>Full</Data><Data Name='Current Engine Version'></Data><Data Name='Previous Engine Version'>1.1.25100.9002</Data><Data Name='Error Code'>0x80072ee7</Data><Data Name='Error Description'>The server name or address could not be resolved </Data><Data Name='Update State Index'>1</Data><Data Name='Update State'>Search</Data><Data Name='Source Path'>https://go.microsoft.com/fwlink/?LinkID=870379&amp;clcid=0x409&amp;arch=x64&amp;eng=1.1.25100.9002&amp;avdelta=1.441.331.0&amp;asdelta=1.441.331.0&amp;prod=77BDAF73-B396-481F-9042-AD358843EC24&amp;ostype=0&amp;signaturetype=0&amp;beta=0&amp;plat=4.18.25090.3009&amp;OsVersion=10.0.20348.587&amp;altlocation=0</Data></EventData><RenderingInfo Culture='en-US'><Message>Microsoft Defender @kibana-highlighted-field@Antivirus@/kibana-highlighted-field@ has encountered an error trying to update security intelligence.\r\n \tNew security intelligence Version: \r\n \tPrevious security intelligence Version: 1.441.331.0\r\n \tUpdate Source: Microsoft @kibana-highlighted-field@Malware@/kibana-highlighted-field@ Protection Center\r\n \tSecurity intelligence Type: @kibana-highlighted-field@AntiVirus@/kibana-highlighted-field@\r\n \tUpdate Type: Full\r\n \tUser: NT AUTHORITY\\SYSTEM\r\n \tCurrent Engine Version: \r\n \tPrevious Engine Version: 1.1.25100.9002\r\n \tError code: 0x80072ee7\r\n \tError description: The server name or address could not be resolved </Message><Level>Error</Level><Task></Task><Opcode>Info</Opcode><Channel></Channel><Provider>Microsoft-Windows-Windows Defender</Provider><Keywords></Keywords></RenderingInfo></Event>"],"log.level":["@kibana-highlighted-field@error@/kibana-highlighted-field@"]},"sort":["2025-11-22T07:13:46.048Z",192]},{"_index":".ds-logs-windows.windows_defender-default-2025.11.14-000004","_id":"SE1sqpoBm5Tam53oO8SA","_version":1,"_score":null,"fields":{"winlog.event_data.Source_Path":["https://go.microsoft.com/fwlink/?LinkID=870379&clcid=0x409&arch=x64&eng=1.1.25100.9002&avdelta=1.441.331.0&asdelta=1.441.331.0&prod=77BDAF73-B396-481F-9042-AD358843EC24&ostype=0&signaturetype=0&beta=0&plat=4.18.25090.3009&OsVersion=10.0.20348.587&altlocation=0"],"elastic_agent.version":["8.17.3"],"event.category":["process"],"host.os.name.text":["Windows Server 2022 Standard Evaluation"],"winlog.provider_guid":["{11cd958a-c507-4ef3-b3f2-5fd9dfbd2c78}"],"winlog.provider_name":["Microsoft-Windows-Windows Defender"],"host.name.text":["cyberfortress-ws"],"host.hostname":["Cyberfortress-WS"],"ml.prediction.model_id":["byviz__bylastic_classification_logs"],"winlog.computer_name":["Cyberfortress-WS.ad.cyberfortress.local"],"winlog.event_data.Update_State":["Search"],"host.mac":["00-0C-29-26-4D-48"],"winlog.event_data.Error_Code":["0x80072ee7"],"winlog.process.pid":[2332],"winlog.event_data.Error_Description":["The server name or address could not be resolved "],"agent.name.text":["Cyberfortress-WS"],"host.os.version":["10.0"],"winlog.record_id":["1215"],"host.os.name":["Windows Server 2022 Standard Evaluation"],"log.level":["error"],"agent.name":["Cyberfortress-WS"],"host.name":["cyberfortress-ws"],"event.kind":["event"],"winlog.event_data.Previous_security_intelligence_Version":["1.441.331.0"],"winlog.event_data.Security_intelligence_Type":["AntiSpyware"],"event.original":["<Event xmlns='http://schemas.microsoft.com/win/2004/08/events/event'><System><Provider Name='Microsoft-Windows-Windows Defender' Guid='{11cd958a-c507-4ef3-b3f2-5fd9dfbd2c78}'/><EventID>2001</EventID><Version>0</Version><Level>2</Level><Task>0</Task><Opcode>0</Opcode><Keywords>0x8000000000000000</Keywords><TimeCreated SystemTime='2025-11-22T07:13:46.0468487Z'/><EventRecordID>1215</EventRecordID><Correlation/><Execution ProcessID='2332' ThreadID='4804'/><Channel>Microsoft-Windows-Windows Defender/Operational</Channel><Computer>Cyberfortress-WS.ad.cyberfortress.local</Computer><Security UserID='S-1-5-18'/></System><EventData><Data Name='Product Name'>Microsoft Defender Antivirus</Data><Data Name='Product Version'>4.18.25090.3009</Data><Data Name='Current security intelligence Version'></Data><Data Name='Previous security intelligence Version'>1.441.331.0</Data><Data Name='Update Source Index'>6</Data><Data Name='Update Source'>Microsoft Malware Protection Center</Data><Data Name='Unused'></Data><Data Name='Domain'>NT AUTHORITY</Data><Data Name='User'>SYSTEM</Data><Data Name='SID'>S-1-5-18</Data><Data Name='Security intelligence Type Index'>2</Data><Data Name='Security intelligence Type'>AntiSpyware</Data><Data Name='Update Type Index'>1</Data><Data Name='Update Type'>Full</Data><Data Name='Current Engine Version'></Data><Data Name='Previous Engine Version'>1.1.25100.9002</Data><Data Name='Error Code'>0x80072ee7</Data><Data Name='Error Description'>The server name or address could not be resolved </Data><Data Name='Update State Index'>1</Data><Data Name='Update State'>Search</Data><Data Name='Source Path'>https://go.microsoft.com/fwlink/?LinkID=870379&amp;clcid=0x409&amp;arch=x64&amp;eng=1.1.25100.9002&amp;avdelta=1.441.331.0&amp;asdelta=1.441.331.0&amp;prod=77BDAF73-B396-481F-9042-AD358843EC24&amp;ostype=0&amp;signaturetype=0&amp;beta=0&amp;plat=4.18.25090.3009&amp;OsVersion=10.0.20348.587&amp;altlocation=0</Data></EventData><RenderingInfo Culture='en-US'><Message>Microsoft Defender Antivirus has encountered an error trying to update security intelligence.\r\n \tNew security intelligence Version: \r\n \tPrevious security intelligence Version: 1.441.331.0\r\n \tUpdate Source: Microsoft Malware Protection Center\r\n \tSecurity intelligence Type: AntiSpyware\r\n \tUpdate Type: Full\r\n \tUser: NT AUTHORITY\\SYSTEM\r\n \tCurrent Engine Version: \r\n \tPrevious Engine Version: 1.1.25100.9002\r\n \tError code: 0x80072ee7\r\n \tError description: The server name or address could not be resolved </Message><Level>Error</Level><Task></Task><Opcode>Info</Opcode><Channel></Channel><Provider>Microsoft-Windows-Windows Defender</Provider><Keywords></Keywords></RenderingInfo></Event>"],"host.os.type":["windows"],"winlog.event_data.User":["SYSTEM"],"input.type":["winlog"],"winlog.event_data.Update_Type_Index":["1"],"data_stream.type":["logs"],"tags":["preserve_original_event"],"host.architecture":["x86_64"],"event.provider":["Microsoft-Windows-Windows Defender"],"winlog.event_data.Update_State_Index":["1"],"event.code":["2001"],"agent.id":["03c4f422-68d1-4af6-a27f-a78c18180452"],"ecs.version":["8.17.0"],"winlog.event_data.Product_Name":["Microsoft Defender Antivirus"],"event.created":["2025-11-22T07:13:47.098Z"],"agent.version":["8.17.3"],"host.os.family":["windows"],"winlog.process.thread.id":[4804],"winlog.event_data.Update_Source_Index":["6"],"winlog.event_data.Update_Type":["Full"],"winlog.event_data.SID":["S-1-5-18"],"host.os.build":["20348.587"],"winlog.user.type":["User"],"host.ip":["fe80::7cea:4600:3e1d:57aa","192.168.85.115"],"agent.type":["filebeat"],"event.module":["windows"],"host.os.kernel":["10.0.20348.587 (WinBuild.160101.0800)"],"winlog.api":["wineventlog"],"winlog.event_data.Previous_Engine_Version":["1.1.25100.9002"],"elastic_agent.snapshot":[false],"ml.prediction.predicted_value":["INFO"],"host.id":["0c4d2910-34d4-4e69-a70d-2a9ff52a073e"],"winlog.user.identifier":["S-1-5-18"],"ml.prediction.is_truncated":[true],"ml.prediction.prediction_probability":[0.54046696],"winlog.task":["None"],"winlog.user.domain":["NT AUTHORITY"],"winlog.event_data.Domain":["NT AUTHORITY"],"winlog.event_data.Security_intelligence_Type_Index":["2"],"elastic_agent.id":["03c4f422-68d1-4af6-a27f-a78c18180452"],"data_stream.namespace":["default"],"message":["<Event xmlns='http://schemas.microsoft.com/win/2004/08/events/event'><System><Provider Name='Microsoft-Windows-Windows Defender' Guid='{11cd958a-c507-4ef3-b3f2-5fd9dfbd2c78}'/><EventID>2001</EventID><Version>0</Version><Level>2</Level><Task>0</Task><Opcode>0</Opcode><Keywords>0x8000000000000000</Keywords><TimeCreated SystemTime='2025-11-22T07:13:46.0468487Z'/><EventRecordID>1215</EventRecordID><Correlation/><Execution ProcessID='2332' ThreadID='4804'/><Channel>Microsoft-Windows-Windows Defender/Operational</Channel><Computer>Cyberfortress-WS.ad.cyberfortress.local</Computer><Security UserID='S-1-5-18'/></System><EventData><Data Name='Product Name'>Microsoft Defender Antivirus</Data><Data Name='Product Version'>4.18.25090.3009</Data><Data Name='Current security intelligence Version'></Data><Data Name='Previous security intelligence Version'>1.441.331.0</Data><Data Name='Update Source Index'>6</Data><Data Name='Update Source'>Microsoft Malware Protection Center</Data><Data Name='Unused'></Data><Data Name='Domain'>NT AUTHORITY</Data><Data Name='User'>SYSTEM</Data><Data Name='SID'>S-1-5-18</Data><Data Name='Security intelligence Type Index'>2</Data><Data Name='Security intelligence Type'>AntiSpyware</Data><Data Name='Update Type Index'>1</Data><Data Name='Update Type'>Full</Data><Data Name='Current Engine Version'></Data><Data Name='Previous Engine Version'>1.1.25100.9002</Data><Data Name='Error Code'>0x80072ee7</Data><Data Name='Error Description'>The server name or address could not be resolved </Data><Data Name='Update State Index'>1</Data><Data Name='Update State'>Search</Data><Data Name='Source Path'>https://go.microsoft.com/fwlink/?LinkID=870379&amp;clcid=0x409&amp;arch=x64&amp;eng=1.1.25100.9002&amp;avdelta=1.441.331.0&amp;asdelta=1.441.331.0&amp;prod=77BDAF73-B396-481F-9042-AD358843EC24&amp;ostype=0&amp;signaturetype=0&amp;beta=0&amp;plat=4.18.25090.3009&amp;OsVersion=10.0.20348.587&amp;altlocation=0</Data></EventData><RenderingInfo Culture='en-US'><Message>Microsoft Defender Antivirus has encountered an error trying to update security intelligence.\r\n \tNew security intelligence Version: \r\n \tPrevious security intelligence Version: 1.441.331.0\r\n \tUpdate Source: Microsoft Malware Protection Center\r\n \tSecurity intelligence Type: AntiSpyware\r\n \tUpdate Type: Full\r\n \tUser: NT AUTHORITY\\SYSTEM\r\n \tCurrent Engine Version: \r\n \tPrevious Engine Version: 1.1.25100.9002\r\n \tError code: 0x80072ee7\r\n \tError description: The server name or address could not be resolved </Message><Level>Error</Level><Task></Task><Opcode>Info</Opcode><Channel></Channel><Provider>Microsoft-Windows-Windows Defender</Provider><Keywords></Keywords></RenderingInfo></Event>"],"winlog.event_id":["2001"],"winlog.user.name":["SYSTEM"],"event.action":["None"],"@timestamp":["2025-11-22T07:13:46.046Z"],"winlog.channel":["Microsoft-Windows-Windows Defender/Operational"],"host.os.platform":["windows"],"data_stream.dataset":["windows.windows_defender"],"event.type":["info"],"winlog.opcode":["Info"],"agent.ephemeral_id":["b78cf464-7de2-490c-b768-90f30a814592"],"winlog.event_data.Product_Version":["4.18.25090.3009"],"winlog.event_data.Update_Source":["Microsoft Malware Protection Center"],"event.dataset":["windows.windows_defender"]},"highlight":{"message":["<Event xmlns='http://schemas.microsoft.com/win/2004/08/events/event'><System><Provider Name='Microsoft-Windows-Windows Defender' Guid='{11cd958a-c507-4ef3-b3f2-5fd9dfbd2c78}'/><EventID>2001</EventID><Version>0</Version><Level>2</Level><Task>0</Task><Opcode>0</Opcode><Keywords>0x8000000000000000</Keywords><TimeCreated SystemTime='2025-11-22T07:13:46.0468487Z'/><EventRecordID>1215</EventRecordID><Correlation/><Execution ProcessID='2332' ThreadID='4804'/><Channel>Microsoft-Windows-Windows Defender/Operational</Channel><Computer>Cyberfortress-WS.ad.cyberfortress.local</Computer><Security UserID='S-1-5-18'/></System><EventData><Data Name='Product Name'>Microsoft Defender @kibana-highlighted-field@Antivirus@/kibana-highlighted-field@</Data><Data Name='Product Version'>4.18.25090.3009</Data><Data Name='Current security intelligence Version'></Data><Data Name='Previous security intelligence Version'>1.441.331.0</Data><Data Name='Update Source Index'>6</Data><Data Name='Update Source'>Microsoft @kibana-highlighted-field@Malware@/kibana-highlighted-field@ Protection Center</Data><Data Name='Unused'></Data><Data Name='Domain'>NT AUTHORITY</Data><Data Name='User'>SYSTEM</Data><Data Name='SID'>S-1-5-18</Data><Data Name='Security intelligence Type Index'>2</Data><Data Name='Security intelligence Type'>AntiSpyware</Data><Data Name='Update Type Index'>1</Data><Data Name='Update Type'>Full</Data><Data Name='Current Engine Version'></Data><Data Name='Previous Engine Version'>1.1.25100.9002</Data><Data Name='Error Code'>0x80072ee7</Data><Data Name='Error Description'>The server name or address could not be resolved </Data><Data Name='Update State Index'>1</Data><Data Name='Update State'>Search</Data><Data Name='Source Path'>https://go.microsoft.com/fwlink/?LinkID=870379&amp;clcid=0x409&amp;arch=x64&amp;eng=1.1.25100.9002&amp;avdelta=1.441.331.0&amp;asdelta=1.441.331.0&amp;prod=77BDAF73-B396-481F-9042-AD358843EC24&amp;ostype=0&amp;signaturetype=0&amp;beta=0&amp;plat=4.18.25090.3009&amp;OsVersion=10.0.20348.587&amp;altlocation=0</Data></EventData><RenderingInfo Culture='en-US'><Message>Microsoft Defender @kibana-highlighted-field@Antivirus@/kibana-highlighted-field@ has encountered an error trying to update security intelligence.\r\n \tNew security intelligence Version: \r\n \tPrevious security intelligence Version: 1.441.331.0\r\n \tUpdate Source: Microsoft @kibana-highlighted-field@Malware@/kibana-highlighted-field@ Protection Center\r\n \tSecurity intelligence Type: AntiSpyware\r\n \tUpdate Type: Full\r\n \tUser: NT AUTHORITY\\SYSTEM\r\n \tCurrent Engine Version: \r\n \tPrevious Engine Version: 1.1.25100.9002\r\n \tError code: 0x80072ee7\r\n \tError description: The server name or address could not be resolved </Message><Level>Error</Level><Task></Task><Opcode>Info</Opcode><Channel></Channel><Provider>Microsoft-Windows-Windows Defender</Provider><Keywords></Keywords></RenderingInfo></Event>"],"log.level":["@kibana-highlighted-field@error@/kibana-highlighted-field@"]},"sort":["2025-11-22T07:13:46.046Z",191]},{"_index":".ds-logs-windows.windows_defender-default-2025.11.14-000004","_id":"R01sqpoBm5Tam53oO8SA","_version":1,"_score":null,"fields":{"winlog.event_data.Source_Path":["https://go.microsoft.com/fwlink/?LinkID=870379&clcid=0x409&arch=x64&eng=1.1.25100.9002&avdelta=1.441.331.0&asdelta=1.441.331.0&prod=77BDAF73-B396-481F-9042-AD358843EC24&ostype=0&signaturetype=0&beta=0&plat=4.18.25090.3009&OsVersion=10.0.20348.587&altlocation=0"],"elastic_agent.version":["8.17.3"],"event.category":["process"],"host.os.name.text":["Windows Server 2022 Standard Evaluation"],"winlog.provider_guid":["{11cd958a-c507-4ef3-b3f2-5fd9dfbd2c78}"],"winlog.provider_name":["Microsoft-Windows-Windows Defender"],"host.name.text":["cyberfortress-ws"],"host.hostname":["Cyberfortress-WS"],"ml.prediction.model_id":["byviz__bylastic_classification_logs"],"winlog.computer_name":["Cyberfortress-WS.ad.cyberfortress.local"],"winlog.event_data.Update_State":["Search"],"host.mac":["00-0C-29-26-4D-48"],"winlog.event_data.Error_Code":["0x80072ee7"],"winlog.process.pid":[2332],"winlog.event_data.Error_Description":["The server name or address could not be resolved "],"agent.name.text":["Cyberfortress-WS"],"host.os.version":["10.0"],"winlog.record_id":["1214"],"host.os.name":["Windows Server 2022 Standard Evaluation"],"log.level":["error"],"agent.name":["Cyberfortress-WS"],"host.name":["cyberfortress-ws"],"event.kind":["event"],"winlog.event_data.Previous_security_intelligence_Version":["1.441.331.0"],"winlog.event_data.Security_intelligence_Type":["AntiVirus"],"event.original":["<Event xmlns='http://schemas.microsoft.com/win/2004/08/events/event'><System><Provider Name='Microsoft-Windows-Windows Defender' Guid='{11cd958a-c507-4ef3-b3f2-5fd9dfbd2c78}'/><EventID>2001</EventID><Version>0</Version><Level>2</Level><Task>0</Task><Opcode>0</Opcode><Keywords>0x8000000000000000</Keywords><TimeCreated SystemTime='2025-11-22T07:13:46.0453379Z'/><EventRecordID>1214</EventRecordID><Correlation/><Execution ProcessID='2332' ThreadID='4804'/><Channel>Microsoft-Windows-Windows Defender/Operational</Channel><Computer>Cyberfortress-WS.ad.cyberfortress.local</Computer><Security UserID='S-1-5-18'/></System><EventData><Data Name='Product Name'>Microsoft Defender Antivirus</Data><Data Name='Product Version'>4.18.25090.3009</Data><Data Name='Current security intelligence Version'></Data><Data Name='Previous security intelligence Version'>1.441.331.0</Data><Data Name='Update Source Index'>6</Data><Data Name='Update Source'>Microsoft Malware Protection Center</Data><Data Name='Unused'></Data><Data Name='Domain'>NT AUTHORITY</Data><Data Name='User'>SYSTEM</Data><Data Name='SID'>S-1-5-18</Data><Data Name='Security intelligence Type Index'>1</Data><Data Name='Security intelligence Type'>AntiVirus</Data><Data Name='Update Type Index'>1</Data><Data Name='Update Type'>Full</Data><Data Name='Current Engine Version'></Data><Data Name='Previous Engine Version'>1.1.25100.9002</Data><Data Name='Error Code'>0x80072ee7</Data><Data Name='Error Description'>The server name or address could not be resolved </Data><Data Name='Update State Index'>1</Data><Data Name='Update State'>Search</Data><Data Name='Source Path'>https://go.microsoft.com/fwlink/?LinkID=870379&amp;clcid=0x409&amp;arch=x64&amp;eng=1.1.25100.9002&amp;avdelta=1.441.331.0&amp;asdelta=1.441.331.0&amp;prod=77BDAF73-B396-481F-9042-AD358843EC24&amp;ostype=0&amp;signaturetype=0&amp;beta=0&amp;plat=4.18.25090.3009&amp;OsVersion=10.0.20348.587&amp;altlocation=0</Data></EventData><RenderingInfo Culture='en-US'><Message>Microsoft Defender Antivirus has encountered an error trying to update security intelligence.\r\n \tNew security intelligence Version: \r\n \tPrevious security intelligence Version: 1.441.331.0\r\n \tUpdate Source: Microsoft Malware Protection Center\r\n \tSecurity intelligence Type: AntiVirus\r\n \tUpdate Type: Full\r\n \tUser: NT AUTHORITY\\SYSTEM\r\n \tCurrent Engine Version: \r\n \tPrevious Engine Version: 1.1.25100.9002\r\n \tError code: 0x80072ee7\r\n \tError description: The server name or address could not be resolved </Message><Level>Error</Level><Task></Task><Opcode>Info</Opcode><Channel></Channel><Provider>Microsoft-Windows-Windows Defender</Provider><Keywords></Keywords></RenderingInfo></Event>"],"host.os.type":["windows"],"winlog.event_data.User":["SYSTEM"],"input.type":["winlog"],"winlog.event_data.Update_Type_Index":["1"],"data_stream.type":["logs"],"tags":["preserve_original_event"],"host.architecture":["x86_64"],"event.provider":["Microsoft-Windows-Windows Defender"],"winlog.event_data.Update_State_Index":["1"],"event.code":["2001"],"agent.id":["03c4f422-68d1-4af6-a27f-a78c18180452"],"ecs.version":["8.17.0"],"winlog.event_data.Product_Name":["Microsoft Defender Antivirus"],"event.created":["2025-11-22T07:13:47.095Z"],"agent.version":["8.17.3"],"host.os.family":["windows"],"winlog.process.thread.id":[4804],"winlog.event_data.Update_Source_Index":["6"],"winlog.event_data.Update_Type":["Full"],"winlog.event_data.SID":["S-1-5-18"],"host.os.build":["20348.587"],"winlog.user.type":["User"],"host.ip":["fe80::7cea:4600:3e1d:57aa","192.168.85.115"],"agent.type":["filebeat"],"event.module":["windows"],"host.os.kernel":["10.0.20348.587 (WinBuild.160101.0800)"],"winlog.api":["wineventlog"],"winlog.event_data.Previous_Engine_Version":["1.1.25100.9002"],"elastic_agent.snapshot":[false],"ml.prediction.predicted_value":["WARNING"],"host.id":["0c4d2910-34d4-4e69-a70d-2a9ff52a073e"],"winlog.user.identifier":["S-1-5-18"],"ml.prediction.is_truncated":[true],"ml.prediction.prediction_probability":[0.47454676],"winlog.task":["None"],"winlog.user.domain":["NT AUTHORITY"],"winlog.event_data.Domain":["NT AUTHORITY"],"winlog.event_data.Security_intelligence_Type_Index":["1"],"elastic_agent.id":["03c4f422-68d1-4af6-a27f-a78c18180452"],"data_stream.namespace":["default"],"message":["<Event xmlns='http://schemas.microsoft.com/win/2004/08/events/event'><System><Provider Name='Microsoft-Windows-Windows Defender' Guid='{11cd958a-c507-4ef3-b3f2-5fd9dfbd2c78}'/><EventID>2001</EventID><Version>0</Version><Level>2</Level><Task>0</Task><Opcode>0</Opcode><Keywords>0x8000000000000000</Keywords><TimeCreated SystemTime='2025-11-22T07:13:46.0453379Z'/><EventRecordID>1214</EventRecordID><Correlation/><Execution ProcessID='2332' ThreadID='4804'/><Channel>Microsoft-Windows-Windows Defender/Operational</Channel><Computer>Cyberfortress-WS.ad.cyberfortress.local</Computer><Security UserID='S-1-5-18'/></System><EventData><Data Name='Product Name'>Microsoft Defender Antivirus</Data><Data Name='Product Version'>4.18.25090.3009</Data><Data Name='Current security intelligence Version'></Data><Data Name='Previous security intelligence Version'>1.441.331.0</Data><Data Name='Update Source Index'>6</Data><Data Name='Update Source'>Microsoft Malware Protection Center</Data><Data Name='Unused'></Data><Data Name='Domain'>NT AUTHORITY</Data><Data Name='User'>SYSTEM</Data><Data Name='SID'>S-1-5-18</Data><Data Name='Security intelligence Type Index'>1</Data><Data Name='Security intelligence Type'>AntiVirus</Data><Data Name='Update Type Index'>1</Data><Data Name='Update Type'>Full</Data><Data Name='Current Engine Version'></Data><Data Name='Previous Engine Version'>1.1.25100.9002</Data><Data Name='Error Code'>0x80072ee7</Data><Data Name='Error Description'>The server name or address could not be resolved </Data><Data Name='Update State Index'>1</Data><Data Name='Update State'>Search</Data><Data Name='Source Path'>https://go.microsoft.com/fwlink/?LinkID=870379&amp;clcid=0x409&amp;arch=x64&amp;eng=1.1.25100.9002&amp;avdelta=1.441.331.0&amp;asdelta=1.441.331.0&amp;prod=77BDAF73-B396-481F-9042-AD358843EC24&amp;ostype=0&amp;signaturetype=0&amp;beta=0&amp;plat=4.18.25090.3009&amp;OsVersion=10.0.20348.587&amp;altlocation=0</Data></EventData><RenderingInfo Culture='en-US'><Message>Microsoft Defender Antivirus has encountered an error trying to update security intelligence.\r\n \tNew security intelligence Version: \r\n \tPrevious security intelligence Version: 1.441.331.0\r\n \tUpdate Source: Microsoft Malware Protection Center\r\n \tSecurity intelligence Type: AntiVirus\r\n \tUpdate Type: Full\r\n \tUser: NT AUTHORITY\\SYSTEM\r\n \tCurrent Engine Version: \r\n \tPrevious Engine Version: 1.1.25100.9002\r\n \tError code: 0x80072ee7\r\n \tError description: The server name or address could not be resolved </Message><Level>Error</Level><Task></Task><Opcode>Info</Opcode><Channel></Channel><Provider>Microsoft-Windows-Windows Defender</Provider><Keywords></Keywords></RenderingInfo></Event>"],"winlog.event_id":["2001"],"winlog.user.name":["SYSTEM"],"event.action":["None"],"@timestamp":["2025-11-22T07:13:46.045Z"],"winlog.channel":["Microsoft-Windows-Windows Defender/Operational"],"host.os.platform":["windows"],"data_stream.dataset":["windows.windows_defender"],"event.type":["info"],"winlog.opcode":["Info"],"agent.ephemeral_id":["b78cf464-7de2-490c-b768-90f30a814592"],"winlog.event_data.Product_Version":["4.18.25090.3009"],"winlog.event_data.Update_Source":["Microsoft Malware Protection Center"],"event.dataset":["windows.windows_defender"]},"highlight":{"message":["<Event xmlns='http://schemas.microsoft.com/win/2004/08/events/event'><System><Provider Name='Microsoft-Windows-Windows Defender' Guid='{11cd958a-c507-4ef3-b3f2-5fd9dfbd2c78}'/><EventID>2001</EventID><Version>0</Version><Level>2</Level><Task>0</Task><Opcode>0</Opcode><Keywords>0x8000000000000000</Keywords><TimeCreated SystemTime='2025-11-22T07:13:46.0453379Z'/><EventRecordID>1214</EventRecordID><Correlation/><Execution ProcessID='2332' ThreadID='4804'/><Channel>Microsoft-Windows-Windows Defender/Operational</Channel><Computer>Cyberfortress-WS.ad.cyberfortress.local</Computer><Security UserID='S-1-5-18'/></System><EventData><Data Name='Product Name'>Microsoft Defender @kibana-highlighted-field@Antivirus@/kibana-highlighted-field@</Data><Data Name='Product Version'>4.18.25090.3009</Data><Data Name='Current security intelligence Version'></Data><Data Name='Previous security intelligence Version'>1.441.331.0</Data><Data Name='Update Source Index'>6</Data><Data Name='Update Source'>Microsoft @kibana-highlighted-field@Malware@/kibana-highlighted-field@ Protection Center</Data><Data Name='Unused'></Data><Data Name='Domain'>NT AUTHORITY</Data><Data Name='User'>SYSTEM</Data><Data Name='SID'>S-1-5-18</Data><Data Name='Security intelligence Type Index'>1</Data><Data Name='Security intelligence Type'>@kibana-highlighted-field@AntiVirus@/kibana-highlighted-field@</Data><Data Name='Update Type Index'>1</Data><Data Name='Update Type'>Full</Data><Data Name='Current Engine Version'></Data><Data Name='Previous Engine Version'>1.1.25100.9002</Data><Data Name='Error Code'>0x80072ee7</Data><Data Name='Error Description'>The server name or address could not be resolved </Data><Data Name='Update State Index'>1</Data><Data Name='Update State'>Search</Data><Data Name='Source Path'>https://go.microsoft.com/fwlink/?LinkID=870379&amp;clcid=0x409&amp;arch=x64&amp;eng=1.1.25100.9002&amp;avdelta=1.441.331.0&amp;asdelta=1.441.331.0&amp;prod=77BDAF73-B396-481F-9042-AD358843EC24&amp;ostype=0&amp;signaturetype=0&amp;beta=0&amp;plat=4.18.25090.3009&amp;OsVersion=10.0.20348.587&amp;altlocation=0</Data></EventData><RenderingInfo Culture='en-US'><Message>Microsoft Defender @kibana-highlighted-field@Antivirus@/kibana-highlighted-field@ has encountered an error trying to update security intelligence.\r\n \tNew security intelligence Version: \r\n \tPrevious security intelligence Version: 1.441.331.0\r\n \tUpdate Source: Microsoft @kibana-highlighted-field@Malware@/kibana-highlighted-field@ Protection Center\r\n \tSecurity intelligence Type: @kibana-highlighted-field@AntiVirus@/kibana-highlighted-field@\r\n \tUpdate Type: Full\r\n \tUser: NT AUTHORITY\\SYSTEM\r\n \tCurrent Engine Version: \r\n \tPrevious Engine Version: 1.1.25100.9002\r\n \tError code: 0x80072ee7\r\n \tError description: The server name or address could not be resolved </Message><Level>Error</Level><Task></Task><Opcode>Info</Opcode><Channel></Channel><Provider>Microsoft-Windows-Windows Defender</Provider><Keywords></Keywords></RenderingInfo></Event>"],"log.level":["@kibana-highlighted-field@error@/kibana-highlighted-field@"]},"sort":["2025-11-22T07:13:46.045Z",190]},{"_index":".ds-logs-windows.windows_defender-default-2025.11.14-000004","_id":"Rk1sqpoBm5Tam53oO8SA","_version":1,"_score":null,"fields":{"elastic_agent.version":["8.17.3"],"event.category":["configuration"],"host.os.name.text":["Windows Server 2022 Standard Evaluation"],"winlog.provider_guid":["{11cd958a-c507-4ef3-b3f2-5fd9dfbd2c78}"],"winlog.provider_name":["Microsoft-Windows-Windows Defender"],"host.name.text":["cyberfortress-ws"],"host.hostname":["Cyberfortress-WS"],"ml.prediction.model_id":["byviz__bylastic_classification_logs"],"winlog.computer_name":["Cyberfortress-WS.ad.cyberfortress.local"],"host.mac":["00-0C-29-26-4D-48"],"winlog.process.pid":[2332],"agent.name.text":["Cyberfortress-WS"],"host.os.version":["10.0"],"winlog.record_id":["1213"],"host.os.name":["Windows Server 2022 Standard Evaluation"],"log.level":["information"],"agent.name":["Cyberfortress-WS"],"host.name":["cyberfortress-ws"],"event.kind":["event"],"event.original":["<Event xmlns='http://schemas.microsoft.com/win/2004/08/events/event'><System><Provider Name='Microsoft-Windows-Windows Defender' Guid='{11cd958a-c507-4ef3-b3f2-5fd9dfbd2c78}'/><EventID>5007</EventID><Version>0</Version><Level>4</Level><Task>0</Task><Opcode>0</Opcode><Keywords>0x8000000000000000</Keywords><TimeCreated SystemTime='2025-11-22T07:13:26.5997042Z'/><EventRecordID>1213</EventRecordID><Correlation/><Execution ProcessID='2332' ThreadID='6696'/><Channel>Microsoft-Windows-Windows Defender/Operational</Channel><Computer>Cyberfortress-WS.ad.cyberfortress.local</Computer><Security UserID='S-1-5-18'/></System><EventData><Data Name='Product Name'>Microsoft Defender Antivirus</Data><Data Name='Product Version'>4.18.25090.3009</Data><Data Name='Old Value'>HKLM\\SOFTWARE\\Microsoft\\Windows Defender\\Diagnostics\\LastSignatureUpdateResult = 0x80072F8F</Data><Data Name='New Value'>HKLM\\SOFTWARE\\Microsoft\\Windows Defender\\Diagnostics\\LastSignatureUpdateResult = 0x80072EE7</Data></EventData><RenderingInfo Culture='en-US'><Message>Microsoft Defender Antivirus Configuration has changed. If this is an unexpected event you should review the settings as this may be the result of malware.\r\n \tOld value: HKLM\\SOFTWARE\\Microsoft\\Windows Defender\\Diagnostics\\LastSignatureUpdateResult = 0x80072F8F\r\n \tNew value: HKLM\\SOFTWARE\\Microsoft\\Windows Defender\\Diagnostics\\LastSignatureUpdateResult = 0x80072EE7</Message><Level>Information</Level><Task></Task><Opcode>Info</Opcode><Channel></Channel><Provider>Microsoft-Windows-Windows Defender</Provider><Keywords></Keywords></RenderingInfo></Event>"],"host.os.type":["windows"],"input.type":["winlog"],"data_stream.type":["logs"],"tags":["preserve_original_event"],"host.architecture":["x86_64"],"event.provider":["Microsoft-Windows-Windows Defender"],"event.code":["5007"],"agent.id":["03c4f422-68d1-4af6-a27f-a78c18180452"],"ecs.version":["8.17.0"],"winlog.event_data.Product_Name":["Microsoft Defender Antivirus"],"event.created":["2025-11-22T07:13:27.871Z"],"agent.version":["8.17.3"],"host.os.family":["windows"],"winlog.process.thread.id":[6696],"winlog.event_data.Old_Value":["HKLM\\SOFTWARE\\Microsoft\\Windows Defender\\Diagnostics\\LastSignatureUpdateResult = 0x80072F8F"],"winlog.event_data.New_Value":["HKLM\\SOFTWARE\\Microsoft\\Windows Defender\\Diagnostics\\LastSignatureUpdateResult = 0x80072EE7"],"host.os.build":["20348.587"],"winlog.user.type":["User"],"host.ip":["fe80::7cea:4600:3e1d:57aa","192.168.85.115"],"agent.type":["filebeat"],"event.module":["windows"],"host.os.kernel":["10.0.20348.587 (WinBuild.160101.0800)"],"winlog.api":["wineventlog"],"elastic_agent.snapshot":[false],"ml.prediction.predicted_value":["WARNING"],"host.id":["0c4d2910-34d4-4e69-a70d-2a9ff52a073e"],"winlog.user.identifier":["S-1-5-18"],"ml.prediction.is_truncated":[true],"ml.prediction.prediction_probability":[0.52653235],"winlog.task":["None"],"winlog.user.domain":["NT AUTHORITY"],"elastic_agent.id":["03c4f422-68d1-4af6-a27f-a78c18180452"],"data_stream.namespace":["default"],"message":["<Event xmlns='http://schemas.microsoft.com/win/2004/08/events/event'><System><Provider Name='Microsoft-Windows-Windows Defender' Guid='{11cd958a-c507-4ef3-b3f2-5fd9dfbd2c78}'/><EventID>5007</EventID><Version>0</Version><Level>4</Level><Task>0</Task><Opcode>0</Opcode><Keywords>0x8000000000000000</Keywords><TimeCreated SystemTime='2025-11-22T07:13:26.5997042Z'/><EventRecordID>1213</EventRecordID><Correlation/><Execution ProcessID='2332' ThreadID='6696'/><Channel>Microsoft-Windows-Windows Defender/Operational</Channel><Computer>Cyberfortress-WS.ad.cyberfortress.local</Computer><Security UserID='S-1-5-18'/></System><EventData><Data Name='Product Name'>Microsoft Defender Antivirus</Data><Data Name='Product Version'>4.18.25090.3009</Data><Data Name='Old Value'>HKLM\\SOFTWARE\\Microsoft\\Windows Defender\\Diagnostics\\LastSignatureUpdateResult = 0x80072F8F</Data><Data Name='New Value'>HKLM\\SOFTWARE\\Microsoft\\Windows Defender\\Diagnostics\\LastSignatureUpdateResult = 0x80072EE7</Data></EventData><RenderingInfo Culture='en-US'><Message>Microsoft Defender Antivirus Configuration has changed. If this is an unexpected event you should review the settings as this may be the result of malware.\r\n \tOld value: HKLM\\SOFTWARE\\Microsoft\\Windows Defender\\Diagnostics\\LastSignatureUpdateResult = 0x80072F8F\r\n \tNew value: HKLM\\SOFTWARE\\Microsoft\\Windows Defender\\Diagnostics\\LastSignatureUpdateResult = 0x80072EE7</Message><Level>Information</Level><Task></Task><Opcode>Info</Opcode><Channel></Channel><Provider>Microsoft-Windows-Windows Defender</Provider><Keywords></Keywords></RenderingInfo></Event>"],"winlog.event_id":["5007"],"winlog.user.name":["SYSTEM"],"event.action":["antivirus-configuration-changed"],"@timestamp":["2025-11-22T07:13:26.599Z"],"winlog.channel":["Microsoft-Windows-Windows Defender/Operational"],"host.os.platform":["windows"],"data_stream.dataset":["windows.windows_defender"],"event.type":["change"],"winlog.opcode":["Info"],"agent.ephemeral_id":["b78cf464-7de2-490c-b768-90f30a814592"],"winlog.event_data.Product_Version":["4.18.25090.3009"],"event.dataset":["windows.windows_defender"]},"highlight":{"message":["<Event xmlns='http://schemas.microsoft.com/win/2004/08/events/event'><System><Provider Name='Microsoft-Windows-Windows Defender' Guid='{11cd958a-c507-4ef3-b3f2-5fd9dfbd2c78}'/><EventID>5007</EventID><Version>0</Version><Level>4</Level><Task>0</Task><Opcode>0</Opcode><Keywords>0x8000000000000000</Keywords><TimeCreated SystemTime='2025-11-22T07:13:26.5997042Z'/><EventRecordID>1213</EventRecordID><Correlation/><Execution ProcessID='2332' ThreadID='6696'/><Channel>Microsoft-Windows-Windows Defender/Operational</Channel><Computer>Cyberfortress-WS.ad.cyberfortress.local</Computer><Security UserID='S-1-5-18'/></System><EventData><Data Name='Product Name'>Microsoft Defender @kibana-highlighted-field@Antivirus@/kibana-highlighted-field@</Data><Data Name='Product Version'>4.18.25090.3009</Data><Data Name='Old Value'>HKLM\\SOFTWARE\\Microsoft\\Windows Defender\\Diagnostics\\LastSignatureUpdateResult = 0x80072F8F</Data><Data Name='New Value'>HKLM\\SOFTWARE\\Microsoft\\Windows Defender\\Diagnostics\\LastSignatureUpdateResult = 0x80072EE7</Data></EventData><RenderingInfo Culture='en-US'><Message>Microsoft Defender @kibana-highlighted-field@Antivirus@/kibana-highlighted-field@ Configuration has changed. If this is an unexpected event you should review the settings as this may be the result of @kibana-highlighted-field@malware@/kibana-highlighted-field@.\r\n \tOld value: HKLM\\SOFTWARE\\Microsoft\\Windows Defender\\Diagnostics\\LastSignatureUpdateResult = 0x80072F8F\r\n \tNew value: HKLM\\SOFTWARE\\Microsoft\\Windows Defender\\Diagnostics\\LastSignatureUpdateResult = 0x80072EE7</Message><Level>Information</Level><Task></Task><Opcode>Info</Opcode><Channel></Channel><Provider>Microsoft-Windows-Windows Defender</Provider><Keywords></Keywords></RenderingInfo></Event>"]},"sort":["2025-11-22T07:13:26.599Z",189]},{"_index":".ds-logs-windows.windows_defender-default-2025.11.14-000004","_id":"RU1sqpoBm5Tam53oO8SA","_version":1,"_score":null,"fields":{"winlog.event_data.Source_Path":["https://go.microsoft.com/fwlink/?LinkID=851034&clcid=0x409&arch=x64&eng=1.1.25100.9002&avdelta=1.441.331.0&asdelta=1.441.331.0&prod=77BDAF73-B396-481F-9042-AD358843EC24&ostype=0&signaturetype=0&beta=0&plat=4.18.25090.3009&OsVersion=10.0.20348.587&altlocation=0"],"elastic_agent.version":["8.17.3"],"event.category":["process"],"host.os.name.text":["Windows Server 2022 Standard Evaluation"],"winlog.provider_guid":["{11cd958a-c507-4ef3-b3f2-5fd9dfbd2c78}"],"winlog.provider_name":["Microsoft-Windows-Windows Defender"],"host.name.text":["cyberfortress-ws"],"host.hostname":["Cyberfortress-WS"],"ml.prediction.model_id":["byviz__bylastic_classification_logs"],"winlog.computer_name":["Cyberfortress-WS.ad.cyberfortress.local"],"winlog.event_data.Update_State":["Search"],"host.mac":["00-0C-29-26-4D-48"],"winlog.event_data.Error_Code":["0x80072ee7"],"winlog.process.pid":[2332],"winlog.event_data.Error_Description":["The server name or address could not be resolved "],"agent.name.text":["Cyberfortress-WS"],"host.os.version":["10.0"],"winlog.record_id":["1212"],"host.os.name":["Windows Server 2022 Standard Evaluation"],"log.level":["error"],"agent.name":["Cyberfortress-WS"],"host.name":["cyberfortress-ws"],"event.kind":["event"],"winlog.event_data.Previous_security_intelligence_Version":["1.441.331.0"],"winlog.event_data.Security_intelligence_Type":["AntiVirus"],"event.original":["<Event xmlns='http://schemas.microsoft.com/win/2004/08/events/event'><System><Provider Name='Microsoft-Windows-Windows Defender' Guid='{11cd958a-c507-4ef3-b3f2-5fd9dfbd2c78}'/><EventID>2001</EventID><Version>0</Version><Level>2</Level><Task>0</Task><Opcode>0</Opcode><Keywords>0x8000000000000000</Keywords><TimeCreated SystemTime='2025-11-22T07:13:26.1016509Z'/><EventRecordID>1212</EventRecordID><Correlation/><Execution ProcessID='2332' ThreadID='5552'/><Channel>Microsoft-Windows-Windows Defender/Operational</Channel><Computer>Cyberfortress-WS.ad.cyberfortress.local</Computer><Security UserID='S-1-5-18'/></System><EventData><Data Name='Product Name'>Microsoft Defender Antivirus</Data><Data Name='Product Version'>4.18.25090.3009</Data><Data Name='Current security intelligence Version'></Data><Data Name='Previous security intelligence Version'>1.441.331.0</Data><Data Name='Update Source Index'>6</Data><Data Name='Update Source'>Microsoft Malware Protection Center</Data><Data Name='Unused'></Data><Data Name='Domain'>NT AUTHORITY</Data><Data Name='User'>SYSTEM</Data><Data Name='SID'>S-1-5-18</Data><Data Name='Security intelligence Type Index'>1</Data><Data Name='Security intelligence Type'>AntiVirus</Data><Data Name='Update Type Index'>1</Data><Data Name='Update Type'>Full</Data><Data Name='Current Engine Version'></Data><Data Name='Previous Engine Version'>1.1.25100.9002</Data><Data Name='Error Code'>0x80072ee7</Data><Data Name='Error Description'>The server name or address could not be resolved </Data><Data Name='Update State Index'>1</Data><Data Name='Update State'>Search</Data><Data Name='Source Path'>https://go.microsoft.com/fwlink/?LinkID=851034&amp;clcid=0x409&amp;arch=x64&amp;eng=1.1.25100.9002&amp;avdelta=1.441.331.0&amp;asdelta=1.441.331.0&amp;prod=77BDAF73-B396-481F-9042-AD358843EC24&amp;ostype=0&amp;signaturetype=0&amp;beta=0&amp;plat=4.18.25090.3009&amp;OsVersion=10.0.20348.587&amp;altlocation=0</Data></EventData><RenderingInfo Culture='en-US'><Message>Microsoft Defender Antivirus has encountered an error trying to update security intelligence.\r\n \tNew security intelligence Version: \r\n \tPrevious security intelligence Version: 1.441.331.0\r\n \tUpdate Source: Microsoft Malware Protection Center\r\n \tSecurity intelligence Type: AntiVirus\r\n \tUpdate Type: Full\r\n \tUser: NT AUTHORITY\\SYSTEM\r\n \tCurrent Engine Version: \r\n \tPrevious Engine Version: 1.1.25100.9002\r\n \tError code: 0x80072ee7\r\n \tError description: The server name or address could not be resolved </Message><Level>Error</Level><Task></Task><Opcode>Info</Opcode><Channel></Channel><Provider>Microsoft-Windows-Windows Defender</Provider><Keywords></Keywords></RenderingInfo></Event>"],"host.os.type":["windows"],"winlog.event_data.User":["SYSTEM"],"input.type":["winlog"],"winlog.event_data.Update_Type_Index":["1"],"data_stream.type":["logs"],"tags":["preserve_original_event"],"host.architecture":["x86_64"],"event.provider":["Microsoft-Windows-Windows Defender"],"winlog.event_data.Update_State_Index":["1"],"event.code":["2001"],"agent.id":["03c4f422-68d1-4af6-a27f-a78c18180452"],"ecs.version":["8.17.0"],"winlog.event_data.Product_Name":["Microsoft Defender Antivirus"],"event.created":["2025-11-22T07:13:27.871Z"],"agent.version":["8.17.3"],"host.os.family":["windows"],"winlog.process.thread.id":[5552],"winlog.event_data.Update_Source_Index":["6"],"winlog.event_data.Update_Type":["Full"],"winlog.event_data.SID":["S-1-5-18"],"host.os.build":["20348.587"],"winlog.user.type":["User"],"host.ip":["fe80::7cea:4600:3e1d:57aa","192.168.85.115"],"agent.type":["filebeat"],"event.module":["windows"],"host.os.kernel":["10.0.20348.587 (WinBuild.160101.0800)"],"winlog.api":["wineventlog"],"winlog.event_data.Previous_Engine_Version":["1.1.25100.9002"],"elastic_agent.snapshot":[false],"ml.prediction.predicted_value":["WARNING"],"host.id":["0c4d2910-34d4-4e69-a70d-2a9ff52a073e"],"winlog.user.identifier":["S-1-5-18"],"ml.prediction.is_truncated":[true],"ml.prediction.prediction_probability":[0.46435893],"winlog.task":["None"],"winlog.user.domain":["NT AUTHORITY"],"winlog.event_data.Domain":["NT AUTHORITY"],"winlog.event_data.Security_intelligence_Type_Index":["1"],"elastic_agent.id":["03c4f422-68d1-4af6-a27f-a78c18180452"],"data_stream.namespace":["default"],"message":["<Event xmlns='http://schemas.microsoft.com/win/2004/08/events/event'><System><Provider Name='Microsoft-Windows-Windows Defender' Guid='{11cd958a-c507-4ef3-b3f2-5fd9dfbd2c78}'/><EventID>2001</EventID><Version>0</Version><Level>2</Level><Task>0</Task><Opcode>0</Opcode><Keywords>0x8000000000000000</Keywords><TimeCreated SystemTime='2025-11-22T07:13:26.1016509Z'/><EventRecordID>1212</EventRecordID><Correlation/><Execution ProcessID='2332' ThreadID='5552'/><Channel>Microsoft-Windows-Windows Defender/Operational</Channel><Computer>Cyberfortress-WS.ad.cyberfortress.local</Computer><Security UserID='S-1-5-18'/></System><EventData><Data Name='Product Name'>Microsoft Defender Antivirus</Data><Data Name='Product Version'>4.18.25090.3009</Data><Data Name='Current security intelligence Version'></Data><Data Name='Previous security intelligence Version'>1.441.331.0</Data><Data Name='Update Source Index'>6</Data><Data Name='Update Source'>Microsoft Malware Protection Center</Data><Data Name='Unused'></Data><Data Name='Domain'>NT AUTHORITY</Data><Data Name='User'>SYSTEM</Data><Data Name='SID'>S-1-5-18</Data><Data Name='Security intelligence Type Index'>1</Data><Data Name='Security intelligence Type'>AntiVirus</Data><Data Name='Update Type Index'>1</Data><Data Name='Update Type'>Full</Data><Data Name='Current Engine Version'></Data><Data Name='Previous Engine Version'>1.1.25100.9002</Data><Data Name='Error Code'>0x80072ee7</Data><Data Name='Error Description'>The server name or address could not be resolved </Data><Data Name='Update State Index'>1</Data><Data Name='Update State'>Search</Data><Data Name='Source Path'>https://go.microsoft.com/fwlink/?LinkID=851034&amp;clcid=0x409&amp;arch=x64&amp;eng=1.1.25100.9002&amp;avdelta=1.441.331.0&amp;asdelta=1.441.331.0&amp;prod=77BDAF73-B396-481F-9042-AD358843EC24&amp;ostype=0&amp;signaturetype=0&amp;beta=0&amp;plat=4.18.25090.3009&amp;OsVersion=10.0.20348.587&amp;altlocation=0</Data></EventData><RenderingInfo Culture='en-US'><Message>Microsoft Defender Antivirus has encountered an error trying to update security intelligence.\r\n \tNew security intelligence Version: \r\n \tPrevious security intelligence Version: 1.441.331.0\r\n \tUpdate Source: Microsoft Malware Protection Center\r\n \tSecurity intelligence Type: AntiVirus\r\n \tUpdate Type: Full\r\n \tUser: NT AUTHORITY\\SYSTEM\r\n \tCurrent Engine Version: \r\n \tPrevious Engine Version: 1.1.25100.9002\r\n \tError code: 0x80072ee7\r\n \tError description: The server name or address could not be resolved </Message><Level>Error</Level><Task></Task><Opcode>Info</Opcode><Channel></Channel><Provider>Microsoft-Windows-Windows Defender</Provider><Keywords></Keywords></RenderingInfo></Event>"],"winl