.os.type":["windows"],"input.type":["winlog"],"data_stream.type":["logs"],"tags":["preserve_original_event"],"host.architecture":["x86_64"],"event.provider":["Microsoft-Windows-Windows Defender"],"event.code":["5007"],"agent.id":["03c4f422-68d1-4af6-a27f-a78c18180452"],"ecs.version":["8.17.0"],"winlog.event_data.Product_Name":["Microsoft Defender Antivirus"],"event.created":["2025-11-22T07:13:07.696Z"],"agent.version":["8.17.3"],"host.os.family":["windows"],"winlog.process.thread.id":[5196],"winlog.event_data.Old_Value":["HKLM\\SOFTWARE\\Microsoft\\Windows Defender\\SpyNet\\LastMAPSFailureTimeString = 2025-11-22T07:12:48Z"],"winlog.event_data.New_Value":["HKLM\\SOFTWARE\\Microsoft\\Windows Defender\\SpyNet\\LastMAPSFailureTimeString = 2025-11-22T07:13:05Z"],"host.os.build":["20348.587"],"winlog.user.type":["User"],"host.ip":["fe80::7cea:4600:3e1d:57aa","192.168.85.115"],"agent.type":["filebeat"],"event.module":["windows"],"host.os.kernel":["10.0.20348.587 (WinBuild.160101.0800)"],"winlog.api":["wineventlog"],"elastic_agent.snapshot":[false],"ml.prediction.predicted_value":["WARNING"],"host.id":["0c4d2910-34d4-4e69-a70d-2a9ff52a073e"],"winlog.user.identifier":["S-1-5-18"],"ml.prediction.is_truncated":[true],"ml.prediction.prediction_probability":[0.66154546],"winlog.task":["None"],"winlog.user.domain":["NT AUTHORITY"],"elastic_agent.id":["03c4f422-68d1-4af6-a27f-a78c18180452"],"data_stream.namespace":["default"],"message":["<Event xmlns='http://schemas.microsoft.com/win/2004/08/events/event'><System><Provider Name='Microsoft-Windows-Windows Defender' Guid='{11cd958a-c507-4ef3-b3f2-5fd9dfbd2c78}'/><EventID>5007</EventID><Version>0</Version><Level>4</Level><Task>0</Task><Opcode>0</Opcode><Keywords>0x8000000000000000</Keywords><TimeCreated SystemTime='2025-11-22T07:13:05.6988205Z'/><EventRecordID>1207</EventRecordID><Correlation/><Execution ProcessID='2332' ThreadID='5196'/><Channel>Microsoft-Windows-Windows Defender/Operational</Channel><Computer>Cyberfortress-WS.ad.cyberfortress.local</Computer><Security UserID='S-1-5-18'/></System><EventData><Data Name='Product Name'>Microsoft Defender Antivirus</Data><Data Name='Product Version'>4.18.25090.3009</Data><Data Name='Old Value'>HKLM\\SOFTWARE\\Microsoft\\Windows Defender\\SpyNet\\LastMAPSFailureTimeString = 2025-11-22T07:12:48Z</Data><Data Name='New Value'>HKLM\\SOFTWARE\\Microsoft\\Windows Defender\\SpyNet\\LastMAPSFailureTimeString = 2025-11-22T07:13:05Z</Data></EventData><RenderingInfo Culture='en-US'><Message>Microsoft Defender Antivirus Configuration has changed. If this is an unexpected event you should review the settings as this may be the result of malware.\r\n \tOld value: HKLM\\SOFTWARE\\Microsoft\\Windows Defender\\SpyNet\\LastMAPSFailureTimeString = 2025-11-22T07:12:48Z\r\n \tNew value: HKLM\\SOFTWARE\\Microsoft\\Windows Defender\\SpyNet\\LastMAPSFailureTimeString = 2025-11-22T07:13:05Z</Message><Level>Information</Level><Task></Task><Opcode>Info</Opcode><Channel></Channel><Provider>Microsoft-Windows-Windows Defender</Provider><Keywords></Keywords></RenderingInfo></Event>"],"winlog.event_id":["5007"],"winlog.user.name":["SYSTEM"],"event.action":["antivirus-configuration-changed"],"@timestamp":["2025-11-22T07:13:05.698Z"],"winlog.channel":["Microsoft-Windows-Windows Defender/Operational"],"host.os.platform":["windows"],"data_stream.dataset":["windows.windows_defender"],"event.type":["change"],"winlog.opcode":["Info"],"agent.ephemeral_id":["b78cf464-7de2-490c-b768-90f30a814592"],"winlog.event_data.Product_Version":["4.18.25090.3009"],"event.dataset":["windows.windows_defender"]},"highlight":{"message":["<Event xmlns='http://schemas.microsoft.com/win/2004/08/events/event'><System><Provider Name='Microsoft-Windows-Windows Defender' Guid='{11cd958a-c507-4ef3-b3f2-5fd9dfbd2c78}'/><EventID>5007</EventID><Version>0</Version><Level>4</Level><Task>0</Task><Opcode>0</Opcode><Keywords>0x8000000000000000</Keywords><TimeCreated SystemTime='2025-11-22T07:13:05.6988205Z'/><EventRecordID>1207</EventRecordID><Correlation/><Execution ProcessID='2332' ThreadID='5196'/><Channel>Microsoft-Windows-Windows Defender/Operational</Channel><Computer>Cyberfortress-WS.ad.cyberfortress.local</Computer><Security UserID='S-1-5-18'/></System><EventData><Data Name='Product Name'>Microsoft Defender @kibana-highlighted-field@Antivirus@/kibana-highlighted-field@</Data><Data Name='Product Version'>4.18.25090.3009</Data><Data Name='Old Value'>HKLM\\SOFTWARE\\Microsoft\\Windows Defender\\SpyNet\\LastMAPSFailureTimeString = 2025-11-22T07:12:48Z</Data><Data Name='New Value'>HKLM\\SOFTWARE\\Microsoft\\Windows Defender\\SpyNet\\LastMAPSFailureTimeString = 2025-11-22T07:13:05Z</Data></EventData><RenderingInfo Culture='en-US'><Message>Microsoft Defender @kibana-highlighted-field@Antivirus@/kibana-highlighted-field@ Configuration has changed. If this is an unexpected event you should review the settings as this may be the result of @kibana-highlighted-field@malware@/kibana-highlighted-field@.\r\n \tOld value: HKLM\\SOFTWARE\\Microsoft\\Windows Defender\\SpyNet\\LastMAPSFailureTimeString = 2025-11-22T07:12:48Z\r\n \tNew value: HKLM\\SOFTWARE\\Microsoft\\Windows Defender\\SpyNet\\LastMAPSFailureTimeString = 2025-11-22T07:13:05Z</Message><Level>Information</Level><Task></Task><Opcode>Info</Opcode><Channel></Channel><Provider>Microsoft-Windows-Windows Defender</Provider><Keywords></Keywords></RenderingInfo></Event>"]},"sort":["2025-11-22T07:13:05.698Z",183]},{"_index":".ds-logs-windows.windows_defender-default-2025.11.14-000004","_id":"DE1rqpoBm5Tam53ou7_r","_version":1,"_score":null,"fields":{"elastic_agent.version":["8.17.3"],"event.category":["process"],"host.os.name.text":["Windows Server 2022 Standard Evaluation"],"winlog.event_data.Scan_ID":["{6A83D938-D909-4A6A-B03B-E4A4F2E0E6F9}"],"winlog.provider_guid":["{11cd958a-c507-4ef3-b3f2-5fd9dfbd2c78}"],"winlog.provider_name":["Microsoft-Windows-Windows Defender"],"host.name.text":["cyberfortress-ws"],"host.hostname":["Cyberfortress-WS"],"ml.prediction.model_id":["byviz__bylastic_classification_logs"],"winlog.computer_name":["Cyberfortress-WS.ad.cyberfortress.local"],"host.mac":["00-0C-29-26-4D-48"],"winlog.process.pid":[2332],"winlog.event_data.Stop_Reason":["RPC connection rundown"],"agent.name.text":["Cyberfortress-WS"],"host.os.version":["10.0"],"winlog.record_id":["1206"],"host.os.name":["Windows Server 2022 Standard Evaluation"],"log.level":["warning"],"agent.name":["Cyberfortress-WS"],"winlog.event_data.Scan_Parameters":["Quick Scan"],"host.name":["cyberfortress-ws"],"event.kind":["event"],"winlog.activity_id":["{b57310a3-bab0-4d1d-85c8-98f629ee6d1f}"],"event.original":["<Event xmlns='http://schemas.microsoft.com/win/2004/08/events/event'><System><Provider Name='Microsoft-Windows-Windows Defender' Guid='{11cd958a-c507-4ef3-b3f2-5fd9dfbd2c78}'/><EventID>1002</EventID><Version>0</Version><Level>3</Level><Task>0</Task><Opcode>0</Opcode><Keywords>0x8000000000000000</Keywords><TimeCreated SystemTime='2025-11-22T07:12:51.0260774Z'/><EventRecordID>1206</EventRecordID><Correlation ActivityID='{b57310a3-bab0-4d1d-85c8-98f629ee6d1f}'/><Execution ProcessID='2332' ThreadID='4148'/><Channel>Microsoft-Windows-Windows Defender/Operational</Channel><Computer>Cyberfortress-WS.ad.cyberfortress.local</Computer><Security UserID='S-1-5-18'/></System><EventData><Data Name='Product Name'>Microsoft Defender Antivirus</Data><Data Name='Product Version'>4.18.25090.3009</Data><Data Name='Scan ID'>{6A83D938-D909-4A6A-B03B-E4A4F2E0E6F9}</Data><Data Name='Scan Type Index'>1</Data><Data Name='Scan Type'>Antimalware</Data><Data Name='Scan Parameters Index'>1</Data><Data Name='Scan Parameters'>Quick Scan</Data><Data Name='Domain'>NT AUTHORITY</Data><Data Name='User'>SYSTEM</Data><Data Name='SID'>S-1-5-18</Data><Data Name='Stop Reason Index'>3</Data><Data Name='Stop Reason'>RPC connection rundown</Data></EventData><RenderingInfo Culture='en-US'><Message>Microsoft Defender Antivirus scan has been stopped before completion.\r\n \tScan ID: {6A83D938-D909-4A6A-B03B-E4A4F2E0E6F9}\r\n \tScan Type: Antimalware\r\n \tScan Parameters: Quick Scan\r\n  \tUser: NT AUTHORITY\\SYSTEM\r\n \tStop Reason: RPC connection rundown</Message><Level>Warning</Level><Task></Task><Opcode>Info</Opcode><Channel></Channel><Provider>Microsoft-Windows-Windows Defender</Provider><Keywords></Keywords></RenderingInfo></Event>"],"host.os.type":["windows"],"winlog.event_data.Scan_Type_Index":["1"],"winlog.event_data.User":["SYSTEM"],"input.type":["winlog"],"data_stream.type":["logs"],"tags":["preserve_original_event"],"host.architecture":["x86_64"],"winlog.event_data.Scan_Type":["Antimalware"],"event.provider":["Microsoft-Windows-Windows Defender"],"event.code":["1002"],"agent.id":["03c4f422-68d1-4af6-a27f-a78c18180452"],"ecs.version":["8.17.0"],"winlog.event_data.Product_Name":["Microsoft Defender Antivirus"],"event.created":["2025-11-22T07:12:52.514Z"],"agent.version":["8.17.3"],"host.os.family":["windows"],"winlog.event_data.Stop_Reason_Index":["3"],"winlog.process.thread.id":[4148],"winlog.event_data.SID":["S-1-5-18"],"host.os.build":["20348.587"],"winlog.event_data.Scan_Parameters_Index":["1"],"winlog.user.type":["User"],"host.ip":["fe80::7cea:4600:3e1d:57aa","192.168.85.115"],"agent.type":["filebeat"],"event.module":["windows"],"host.os.kernel":["10.0.20348.587 (WinBuild.160101.0800)"],"winlog.api":["wineventlog"],"elastic_agent.snapshot":[false],"ml.prediction.predicted_value":["WARNING"],"host.id":["0c4d2910-34d4-4e69-a70d-2a9ff52a073e"],"winlog.user.identifier":["S-1-5-18"],"ml.prediction.is_truncated":[true],"ml.prediction.prediction_probability":[0.49066472],"winlog.task":["None"],"winlog.user.domain":["NT AUTHORITY"],"winlog.event_data.Domain":["NT AUTHORITY"],"elastic_agent.id":["03c4f422-68d1-4af6-a27f-a78c18180452"],"data_stream.namespace":["default"],"message":["<Event xmlns='http://schemas.microsoft.com/win/2004/08/events/event'><System><Provider Name='Microsoft-Windows-Windows Defender' Guid='{11cd958a-c507-4ef3-b3f2-5fd9dfbd2c78}'/><EventID>1002</EventID><Version>0</Version><Level>3</Level><Task>0</Task><Opcode>0</Opcode><Keywords>0x8000000000000000</Keywords><TimeCreated SystemTime='2025-11-22T07:12:51.0260774Z'/><EventRecordID>1206</EventRecordID><Correlation ActivityID='{b57310a3-bab0-4d1d-85c8-98f629ee6d1f}'/><Execution ProcessID='2332' ThreadID='4148'/><Channel>Microsoft-Windows-Windows Defender/Operational</Channel><Computer>Cyberfortress-WS.ad.cyberfortress.local</Computer><Security UserID='S-1-5-18'/></System><EventData><Data Name='Product Name'>Microsoft Defender Antivirus</Data><Data Name='Product Version'>4.18.25090.3009</Data><Data Name='Scan ID'>{6A83D938-D909-4A6A-B03B-E4A4F2E0E6F9}</Data><Data Name='Scan Type Index'>1</Data><Data Name='Scan Type'>Antimalware</Data><Data Name='Scan Parameters Index'>1</Data><Data Name='Scan Parameters'>Quick Scan</Data><Data Name='Domain'>NT AUTHORITY</Data><Data Name='User'>SYSTEM</Data><Data Name='SID'>S-1-5-18</Data><Data Name='Stop Reason Index'>3</Data><Data Name='Stop Reason'>RPC connection rundown</Data></EventData><RenderingInfo Culture='en-US'><Message>Microsoft Defender Antivirus scan has been stopped before completion.\r\n \tScan ID: {6A83D938-D909-4A6A-B03B-E4A4F2E0E6F9}\r\n \tScan Type: Antimalware\r\n \tScan Parameters: Quick Scan\r\n  \tUser: NT AUTHORITY\\SYSTEM\r\n \tStop Reason: RPC connection rundown</Message><Level>Warning</Level><Task></Task><Opcode>Info</Opcode><Channel></Channel><Provider>Microsoft-Windows-Windows Defender</Provider><Keywords></Keywords></RenderingInfo></Event>"],"winlog.event_id":["1002"],"winlog.user.name":["SYSTEM"],"event.action":["None"],"@timestamp":["2025-11-22T07:12:51.026Z"],"winlog.channel":["Microsoft-Windows-Windows Defender/Operational"],"host.os.platform":["windows"],"data_stream.dataset":["windows.windows_defender"],"event.type":["info"],"winlog.opcode":["Info"],"agent.ephemeral_id":["b78cf464-7de2-490c-b768-90f30a814592"],"winlog.event_data.Product_Version":["4.18.25090.3009"],"event.dataset":["windows.windows_defender"]},"highlight":{"message":["<Event xmlns='http://schemas.microsoft.com/win/2004/08/events/event'><System><Provider Name='Microsoft-Windows-Windows Defender' Guid='{11cd958a-c507-4ef3-b3f2-5fd9dfbd2c78}'/><EventID>1002</EventID><Version>0</Version><Level>3</Level><Task>0</Task><Opcode>0</Opcode><Keywords>0x8000000000000000</Keywords><TimeCreated SystemTime='2025-11-22T07:12:51.0260774Z'/><EventRecordID>1206</EventRecordID><Correlation ActivityID='{b57310a3-bab0-4d1d-85c8-98f629ee6d1f}'/><Execution ProcessID='2332' ThreadID='4148'/><Channel>Microsoft-Windows-Windows Defender/Operational</Channel><Computer>Cyberfortress-WS.ad.cyberfortress.local</Computer><Security UserID='S-1-5-18'/></System><EventData><Data Name='Product Name'>Microsoft Defender @kibana-highlighted-field@Antivirus@/kibana-highlighted-field@</Data><Data Name='Product Version'>4.18.25090.3009</Data><Data Name='Scan ID'>{6A83D938-D909-4A6A-B03B-E4A4F2E0E6F9}</Data><Data Name='Scan Type Index'>1</Data><Data Name='Scan Type'>@kibana-highlighted-field@Antimalware@/kibana-highlighted-field@</Data><Data Name='Scan Parameters Index'>1</Data><Data Name='Scan Parameters'>Quick Scan</Data><Data Name='Domain'>NT AUTHORITY</Data><Data Name='User'>SYSTEM</Data><Data Name='SID'>S-1-5-18</Data><Data Name='Stop Reason Index'>3</Data><Data Name='Stop Reason'>RPC connection rundown</Data></EventData><RenderingInfo Culture='en-US'><Message>Microsoft Defender @kibana-highlighted-field@Antivirus@/kibana-highlighted-field@ scan has been stopped before completion.\r\n \tScan ID: {6A83D938-D909-4A6A-B03B-E4A4F2E0E6F9}\r\n \tScan Type: @kibana-highlighted-field@Antimalware@/kibana-highlighted-field@\r\n \tScan Parameters: Quick Scan\r\n  \tUser: NT AUTHORITY\\SYSTEM\r\n \tStop Reason: RPC connection rundown</Message><Level>Warning</Level><Task></Task><Opcode>Info</Opcode><Channel></Channel><Provider>Microsoft-Windows-Windows Defender</Provider><Keywords></Keywords></RenderingInfo></Event>"],"log.level":["@kibana-highlighted-field@warning@/kibana-highlighted-field@"]},"sort":["2025-11-22T07:12:51.026Z",182]},{"_index":".ds-logs-windows.windows_defender-default-2025.11.14-000004","_id":"CE1rqpoBm5Tam53ou7_r","_version":1,"_score":null,"fields":{"elastic_agent.version":["8.17.3"],"event.category":["configuration"],"host.os.name.text":["Windows Server 2022 Standard Evaluation"],"winlog.provider_guid":["{11cd958a-c507-4ef3-b3f2-5fd9dfbd2c78}"],"winlog.provider_name":["Microsoft-Windows-Windows Defender"],"host.name.text":["cyberfortress-ws"],"host.hostname":["Cyberfortress-WS"],"ml.prediction.model_id":["byviz__bylastic_classification_logs"],"winlog.computer_name":["Cyberfortress-WS.ad.cyberfortress.local"],"host.mac":["00-0C-29-26-4D-48"],"winlog.process.pid":[2332],"agent.name.text":["Cyberfortress-WS"],"host.os.version":["10.0"],"winlog.record_id":["1205"],"host.os.name":["Windows Server 2022 Standard Evaluation"],"log.level":["information"],"agent.name":["Cyberfortress-WS"],"host.name":["cyberfortress-ws"],"event.kind":["event"],"event.original":["<Event xmlns='http://schemas.microsoft.com/win/2004/08/events/event'><System><Provider Name='Microsoft-Windows-Windows Defender' Guid='{11cd958a-c507-4ef3-b3f2-5fd9dfbd2c78}'/><EventID>5007</EventID><Version>0</Version><Level>4</Level><Task>0</Task><Opcode>0</Opcode><Keywords>0x8000000000000000</Keywords><TimeCreated SystemTime='2025-11-22T07:12:49.3724566Z'/><EventRecordID>1205</EventRecordID><Correlation/><Execution ProcessID='2332' ThreadID='4656'/><Channel>Microsoft-Windows-Windows Defender/Operational</Channel><Computer>Cyberfortress-WS.ad.cyberfortress.local</Computer><Security UserID='S-1-5-18'/></System><EventData><Data Name='Product Name'>Microsoft Defender Antivirus</Data><Data Name='Product Version'>4.18.25090.3009</Data><Data Name='Old Value'>HKLM\\SOFTWARE\\Microsoft\\Windows Defender\\SpyNet\\LastMAPSFailureTimeString = 2025-11-22T07:03:23Z</Data><Data Name='New Value'>HKLM\\SOFTWARE\\Microsoft\\Windows Defender\\SpyNet\\LastMAPSFailureTimeString = 2025-11-22T07:12:48Z</Data></EventData><RenderingInfo Culture='en-US'><Message>Microsoft Defender Antivirus Configuration has changed. If this is an unexpected event you should review the settings as this may be the result of malware.\r\n \tOld value: HKLM\\SOFTWARE\\Microsoft\\Windows Defender\\SpyNet\\LastMAPSFailureTimeString = 2025-11-22T07:03:23Z\r\n \tNew value: HKLM\\SOFTWARE\\Microsoft\\Windows Defender\\SpyNet\\LastMAPSFailureTimeString = 2025-11-22T07:12:48Z</Message><Level>Information</Level><Task></Task><Opcode>Info</Opcode><Channel></Channel><Provider>Microsoft-Windows-Windows Defender</Provider><Keywords></Keywords></RenderingInfo></Event>"],"host.os.type":["windows"],"input.type":["winlog"],"data_stream.type":["logs"],"tags":["preserve_original_event"],"host.architecture":["x86_64"],"event.provider":["Microsoft-Windows-Windows Defender"],"event.code":["5007"],"agent.id":["03c4f422-68d1-4af6-a27f-a78c18180452"],"ecs.version":["8.17.0"],"winlog.event_data.Product_Name":["Microsoft Defender Antivirus"],"event.created":["2025-11-22T07:12:50.502Z"],"agent.version":["8.17.3"],"host.os.family":["windows"],"winlog.process.thread.id":[4656],"winlog.event_data.Old_Value":["HKLM\\SOFTWARE\\Microsoft\\Windows Defender\\SpyNet\\LastMAPSFailureTimeString = 2025-11-22T07:03:23Z"],"winlog.event_data.New_Value":["HKLM\\SOFTWARE\\Microsoft\\Windows Defender\\SpyNet\\LastMAPSFailureTimeString = 2025-11-22T07:12:48Z"],"host.os.build":["20348.587"],"winlog.user.type":["User"],"host.ip":["fe80::7cea:4600:3e1d:57aa","192.168.85.115"],"agent.type":["filebeat"],"event.module":["windows"],"host.os.kernel":["10.0.20348.587 (WinBuild.160101.0800)"],"winlog.api":["wineventlog"],"elastic_agent.snapshot":[false],"ml.prediction.predicted_value":["WARNING"],"host.id":["0c4d2910-34d4-4e69-a70d-2a9ff52a073e"],"winlog.user.identifier":["S-1-5-18"],"ml.prediction.is_truncated":[true],"ml.prediction.prediction_probability":[0.6142036],"winlog.task":["None"],"winlog.user.domain":["NT AUTHORITY"],"elastic_agent.id":["03c4f422-68d1-4af6-a27f-a78c18180452"],"data_stream.namespace":["default"],"message":["<Event xmlns='http://schemas.microsoft.com/win/2004/08/events/event'><System><Provider Name='Microsoft-Windows-Windows Defender' Guid='{11cd958a-c507-4ef3-b3f2-5fd9dfbd2c78}'/><EventID>5007</EventID><Version>0</Version><Level>4</Level><Task>0</Task><Opcode>0</Opcode><Keywords>0x8000000000000000</Keywords><TimeCreated SystemTime='2025-11-22T07:12:49.3724566Z'/><EventRecordID>1205</EventRecordID><Correlation/><Execution ProcessID='2332' ThreadID='4656'/><Channel>Microsoft-Windows-Windows Defender/Operational</Channel><Computer>Cyberfortress-WS.ad.cyberfortress.local</Computer><Security UserID='S-1-5-18'/></System><EventData><Data Name='Product Name'>Microsoft Defender Antivirus</Data><Data Name='Product Version'>4.18.25090.3009</Data><Data Name='Old Value'>HKLM\\SOFTWARE\\Microsoft\\Windows Defender\\SpyNet\\LastMAPSFailureTimeString = 2025-11-22T07:03:23Z</Data><Data Name='New Value'>HKLM\\SOFTWARE\\Microsoft\\Windows Defender\\SpyNet\\LastMAPSFailureTimeString = 2025-11-22T07:12:48Z</Data></EventData><RenderingInfo Culture='en-US'><Message>Microsoft Defender Antivirus Configuration has changed. If this is an unexpected event you should review the settings as this may be the result of malware.\r\n \tOld value: HKLM\\SOFTWARE\\Microsoft\\Windows Defender\\SpyNet\\LastMAPSFailureTimeString = 2025-11-22T07:03:23Z\r\n \tNew value: HKLM\\SOFTWARE\\Microsoft\\Windows Defender\\SpyNet\\LastMAPSFailureTimeString = 2025-11-22T07:12:48Z</Message><Level>Information</Level><Task></Task><Opcode>Info</Opcode><Channel></Channel><Provider>Microsoft-Windows-Windows Defender</Provider><Keywords></Keywords></RenderingInfo></Event>"],"winlog.event_id":["5007"],"winlog.user.name":["SYSTEM"],"event.action":["antivirus-configuration-changed"],"@timestamp":["2025-11-22T07:12:49.372Z"],"winlog.channel":["Microsoft-Windows-Windows Defender/Operational"],"host.os.platform":["windows"],"data_stream.dataset":["windows.windows_defender"],"event.type":["change"],"winlog.opcode":["Info"],"agent.ephemeral_id":["b78cf464-7de2-490c-b768-90f30a814592"],"winlog.event_data.Product_Version":["4.18.25090.3009"],"event.dataset":["windows.windows_defender"]},"highlight":{"message":["<Event xmlns='http://schemas.microsoft.com/win/2004/08/events/event'><System><Provider Name='Microsoft-Windows-Windows Defender' Guid='{11cd958a-c507-4ef3-b3f2-5fd9dfbd2c78}'/><EventID>5007</EventID><Version>0</Version><Level>4</Level><Task>0</Task><Opcode>0</Opcode><Keywords>0x8000000000000000</Keywords><TimeCreated SystemTime='2025-11-22T07:12:49.3724566Z'/><EventRecordID>1205</EventRecordID><Correlation/><Execution ProcessID='2332' ThreadID='4656'/><Channel>Microsoft-Windows-Windows Defender/Operational</Channel><Computer>Cyberfortress-WS.ad.cyberfortress.local</Computer><Security UserID='S-1-5-18'/></System><EventData><Data Name='Product Name'>Microsoft Defender @kibana-highlighted-field@Antivirus@/kibana-highlighted-field@</Data><Data Name='Product Version'>4.18.25090.3009</Data><Data Name='Old Value'>HKLM\\SOFTWARE\\Microsoft\\Windows Defender\\SpyNet\\LastMAPSFailureTimeString = 2025-11-22T07:03:23Z</Data><Data Name='New Value'>HKLM\\SOFTWARE\\Microsoft\\Windows Defender\\SpyNet\\LastMAPSFailureTimeString = 2025-11-22T07:12:48Z</Data></EventData><RenderingInfo Culture='en-US'><Message>Microsoft Defender @kibana-highlighted-field@Antivirus@/kibana-highlighted-field@ Configuration has changed. If this is an unexpected event you should review the settings as this may be the result of @kibana-highlighted-field@malware@/kibana-highlighted-field@.\r\n \tOld value: HKLM\\SOFTWARE\\Microsoft\\Windows Defender\\SpyNet\\LastMAPSFailureTimeString = 2025-11-22T07:03:23Z\r\n \tNew value: HKLM\\SOFTWARE\\Microsoft\\Windows Defender\\SpyNet\\LastMAPSFailureTimeString = 2025-11-22T07:12:48Z</Message><Level>Information</Level><Task></Task><Opcode>Info</Opcode><Channel></Channel><Provider>Microsoft-Windows-Windows Defender</Provider><Keywords></Keywords></RenderingInfo></Event>"]},"sort":["2025-11-22T07:12:49.372Z",181]},{"_index":".ds-logs-windows.powershell_operational-default-2025.11.14-000005","_id":"_k1rqpoBm5Tam53ou77r","_version":1,"_score":null,"fields":{"file.path":["C:\\Windows\\TEMP\\SDIAG_b4f7e2fb-1d00-468c-936b-e187ad27de63\\TS_DiagnosticHistory.ps1"],"elastic_agent.version":["8.17.3"],"event.category":["process"],"host.os.name.text":["Windows Server 2022 Standard Evaluation"],"winlog.provider_guid":["{a0c1853b-5c40-4b15-8766-3cf1c58f985a}"],"winlog.provider_name":["Microsoft-Windows-PowerShell"],"host.hostname":["Cyberfortress-WS"],"ml.prediction.model_id":["byviz__bylastic_classification_logs"],"winlog.computer_name":["Cyberfortress-WS.ad.cyberfortress.local"],"host.mac":["00-0C-29-26-4D-48"],"winlog.process.pid":[7164],"agent.name.text":["Cyberfortress-WS"],"host.os.version":["10.0"],"winlog.record_id":["5082"],"host.os.name":["Windows Server 2022 Standard Evaluation"],"log.level":["verbose"],"agent.name":["Cyberfortress-WS"],"host.name":["cyberfortress-ws"],"event.kind":["event"],"powershell.file.script_block_text":["# Copyright  2008, Microsoft Corporation. All rights reserved.\n\ntrap {break}\n\n# Include common library\n. .\\CL_Utility.ps1\n\nImport-LocalizedData -BindingVariable localizationString -FileName CL_LocalizationData\n\n# function library\n# Function to check whether have unnecessary files\nfunction Test-UnnecessaryFiles([string]$folder = $(throw \"No folder is specified\")) {\n    if([String]::IsNullOrEmpty($folder) -or (-not(Test-Path $folder))) {\n        return $false\n    }\n\n    [int]$threshold = -1\n    $folders = Get-ChildItem -literalPath $folder -Recurse -Force | Where-Object {($_.PSIsContainer) -and ((($_.CreationTime).CompareTo((Get-Date).AddMonths($threshold))) -lt 0)}\n\n    return ($folders -ne $null)\n}\n\n# Check troubleshooting history\nWrite-DiagProgress -Activity $localizationString.CheckTSHistory\n\n[string]$userTSHistoryPath = Get-UserTSHistoryPath\n[string]$adminTSHistoryPath = Get-AdminTSHistoryPath\n[double]$userTSHistorySize = (Get-FolderSize $userTSHistoryPath)\n[double]$adminTSHistorySize = (Get-FolderSize $adminTSHistoryPath)\n[double]$totalSize = Format-DiskSpaceMB ($userTSHistorySize + $adminTSHistorySize)\n\n# Reporting\n@{Name=$userTSHistoryPath;Space=$userTSHistorySize} | Select-Object -Property @{Name=$localizationString.userTSHistoryPath;Expression={$_.Name}},@{Name=$localizationString.userTSHistorySize;Expression={(Format-DiskSpaceMB $_.Space) + \"MB\"}} | ConvertTo-Xml | Update-DiagReport -id UserTSHistorySizeInfo -Name $localizationString.UserTSHistoryInfo_name -Description $localizationString.UserTSHistoryInfo_description -rid \"RC_DiagnosticHistory\"\n\n@{Name=$adminTSHistoryPath;Space=$adminTSHistorySize} | Select-Object -Property @{Name=$localizationString.adminTSHistoryPath;Expression={$_.Name}},@{Name=$localizationString.adminTSHistorySize;Expression={(Format-DiskSpaceMB $_.Space) + \"MB\"}} | ConvertTo-Xml | Update-DiagReport -id AdminTSHistorySizeInfo -Name $localizationString.AdminTSHistoryInfo_name -Description $localizationString.AdminTSHistoryInfo_description -rid \"RC_DiagnosticHistory\"\n\n\nif(Test-UnnecessaryFiles $userTSHistoryPath) {\n    Update-DiagRootcause -ID \"RC_DiagnosticHistory\" -Detected $true -Parameter @{'UnwantedSpace'=(Format-DiskSpaceMB $totalSize)}\n    return\n}\n\nif(Test-UnnecessaryFiles $adminTSHistoryPath) {\n    Update-DiagRootcause -ID \"RC_DiagnosticHistory\" -Detected $true -Parameter @{'UnwantedSpace'=(Format-DiskSpaceMB $totalSize)}\n    return\n}\n\nUpdate-DiagRootcause -ID \"RC_DiagnosticHistory\" -Detected $false -Parameter @{'UnwantedSpace'=(Format-DiskSpaceMB $totalSize)}"],"winlog.activity_id":["{e1595d11-5b7d-0000-2c74-59e17d5bdc01}"],"winlog.version":[1],"file.path.text":["C:\\Windows\\TEMP\\SDIAG_b4f7e2fb-1d00-468c-936b-e187ad27de63\\TS_DiagnosticHistory.ps1"],"event.original":["<Event xmlns='http://schemas.microsoft.com/win/2004/08/events/event'><System><Provider Name='Microsoft-Windows-PowerShell' Guid='{a0c1853b-5c40-4b15-8766-3cf1c58f985a}'/><EventID>4104</EventID><Version>1</Version><Level>5</Level><Task>2</Task><Opcode>15</Opcode><Keywords>0x0</Keywords><TimeCreated SystemTime='2025-11-22T07:12:42.1724262Z'/><EventRecordID>5082</EventRecordID><Correlation ActivityID='{e1595d11-5b7d-0000-2c74-59e17d5bdc01}'/><Execution ProcessID='7164' ThreadID='6300'/><Channel>Microsoft-Windows-PowerShell/Operational</Channel><Computer>Cyberfortress-WS.ad.cyberfortress.local</Computer><Security UserID='S-1-5-21-2588347654-3684885112-3212209907-500'/></System><EventData><Data Name='MessageNumber'>1</Data><Data Name='MessageTotal'>1</Data><Data Name='ScriptBlockText'># Copyright  2008, Microsoft Corporation. All rights reserved.\r\n\r\ntrap {break}\r\n\r\n# Include common library\r\n. .\\CL_Utility.ps1\r\n\r\nImport-LocalizedData -BindingVariable localizationString -FileName CL_LocalizationData\r\n\r\n# function library\r\n# Function to check whether have unnecessary files\r\nfunction Test-UnnecessaryFiles([string]$folder = $(throw \"No folder is specified\")) {\r\n    if([String]::IsNullOrEmpty($folder) -or (-not(Test-Path $folder))) {\r\n        return $false\r\n    }\r\n\r\n    [int]$threshold = -1\r\n    $folders = Get-ChildItem -literalPath $folder -Recurse -Force | Where-Object {($_.PSIsContainer) -and ((($_.CreationTime).CompareTo((Get-Date).AddMonths($threshold))) -lt 0)}\r\n\r\n    return ($folders -ne $null)\r\n}\r\n\r\n# Check troubleshooting history\r\nWrite-DiagProgress -Activity $localizationString.CheckTSHistory\r\n\r\n[string]$userTSHistoryPath = Get-UserTSHistoryPath\r\n[string]$adminTSHistoryPath = Get-AdminTSHistoryPath\r\n[double]$userTSHistorySize = (Get-FolderSize $userTSHistoryPath)\r\n[double]$adminTSHistorySize = (Get-FolderSize $adminTSHistoryPath)\r\n[double]$totalSize = Format-DiskSpaceMB ($userTSHistorySize + $adminTSHistorySize)\r\n\r\n# Reporting\r\n@{Name=$userTSHistoryPath;Space=$userTSHistorySize} | Select-Object -Property @{Name=$localizationString.userTSHistoryPath;Expression={$_.Name}},@{Name=$localizationString.userTSHistorySize;Expression={(Format-DiskSpaceMB $_.Space) + \"MB\"}} | ConvertTo-Xml | Update-DiagReport -id UserTSHistorySizeInfo -Name $localizationString.UserTSHistoryInfo_name -Description $localizationString.UserTSHistoryInfo_description -rid \"RC_DiagnosticHistory\"\r\n\r\n@{Name=$adminTSHistoryPath;Space=$adminTSHistorySize} | Select-Object -Property @{Name=$localizationString.adminTSHistoryPath;Expression={$_.Name}},@{Name=$localizationString.adminTSHistorySize;Expression={(Format-DiskSpaceMB $_.Space) + \"MB\"}} | ConvertTo-Xml | Update-DiagReport -id AdminTSHistorySizeInfo -Name $localizationString.AdminTSHistoryInfo_name -Description $localizationString.AdminTSHistoryInfo_description -rid \"RC_DiagnosticHistory\"\r\n\r\n\r\nif(Test-UnnecessaryFiles $userTSHistoryPath) {\r\n    Update-DiagRootcause -ID \"RC_DiagnosticHistory\" -Detected $true -Parameter @{'UnwantedSpace'=(Format-DiskSpaceMB $totalSize)}\r\n    return\r\n}\r\n\r\nif(Test-UnnecessaryFiles $adminTSHistoryPath) {\r\n    Update-DiagRootcause -ID \"RC_DiagnosticHistory\" -Detected $true -Parameter @{'UnwantedSpace'=(Format-DiskSpaceMB $totalSize)}\r\n    return\r\n}\r\n\r\nUpdate-DiagRootcause -ID \"RC_DiagnosticHistory\" -Detected $false -Parameter @{'UnwantedSpace'=(Format-DiskSpaceMB $totalSize)}\r\n</Data><Data Name='ScriptBlockId'>e687fef8-1b35-4cd7-9ef3-76e881382e9e</Data><Data Name='Path'>C:\\Windows\\TEMP\\SDIAG_b4f7e2fb-1d00-468c-936b-e187ad27de63\\TS_DiagnosticHistory.ps1</Data></EventData></Event>"],"host