{"_index":".ds-logs-windows.windows_defender-default-2025.11.14-000004","_id":"R91Nm5oBOMITODGieyCq","_version":1,"_score":null,"fields":{"elastic_agent.version":["8.17.3"],"event.category":["configuration"],"host.os.name.text":["Windows Server 2022 Standard Evaluation"],"winlog.provider_guid":["{11cd958a-c507-4ef3-b3f2-5fd9dfbd2c78}"],"winlog.provider_name":["Microsoft-Windows-Windows Defender"],"host.name.text":["cyberfortress-ws"],"host.hostname":["Cyberfortress-WS"],"winlog.computer_name":["Cyberfortress-WS.ad.cyberfortress.local"],"host.mac":["00-0C-29-26-4D-48"],"winlog.process.pid":[2240],"agent.name.text":["Cyberfortress-WS"],"host.os.version":["10.0"],"winlog.record_id":["1105"],"host.os.name":["Windows Server 2022 Standard Evaluation"],"log.level":["information"],"agent.name":["Cyberfortress-WS"],"host.name":["cyberfortress-ws"],"event.agent_id_status":["verified"],"event.kind":["event"],"host.os.type":["windows"],"input.type":["winlog"],"data_stream.type":["logs"],"host.architecture":["x86_64"],"event.provider":["Microsoft-Windows-Windows Defender"],"event.code":["5007"],"agent.id":["03c4f422-68d1-4af6-a27f-a78c18180452"],"ecs.version":["8.17.0"],"winlog.event_data.Product_Name":["Microsoft Defender Antivirus"],"event.created":["2025-11-19T08:47:26.108Z"],"agent.version":["8.17.3"],"host.os.family":["windows"],"winlog.process.thread.id":[2596],"winlog.event_data.Old_Value":["Default\\ServiceStartStates = 0x0"],"winlog.event_data.New_Value":["HKLM\\SOFTWARE\\Microsoft\\Windows Defender\\ServiceStartStates = 0x1"],"host.os.build":["20348.587"],"winlog.user.type":["User"],"host.ip":["fe80::7cea:4600:3e1d:57aa","192.168.85.115"],"agent.type":["filebeat"],"event.module":["windows"],"host.os.kernel":["10.0.20348.587 (WinBuild.160101.0800)"],"winlog.api":["wineventlog"],"elastic_agent.snapshot":[false],"host.id":["0c4d2910-34d4-4e69-a70d-2a9ff52a073e"],"winlog.user.identifier":["S-1-5-18"],"winlog.task":["None"],"winlog.user.domain":["NT AUTHORITY"],"elastic_agent.id":["03c4f422-68d1-4af6-a27f-a78c18180452"],"data_stream.namespace":["default"],"message":["Microsoft Defender Antivirus Configuration has changed. If this is an unexpected event you should review the settings as this may be the result of malware.\n \tOld value: Default\\ServiceStartStates = 0x0\n \tNew value: HKLM\\SOFTWARE\\Microsoft\\Windows Defender\\ServiceStartStates = 0x1"],"winlog.event_id":["5007"],"winlog.user.name":["SYSTEM"],"event.action":["antivirus-configuration-changed"],"event.ingested":["2025-11-19T08:48:56.000Z"],"@timestamp":["2025-11-19T08:47:11.178Z"],"winlog.channel":["Microsoft-Windows-Windows Defender/Operational"],"host.os.platform":["windows"],"data_stream.dataset":["windows.windows_defender"],"event.type":["change"],"winlog.opcode":["Info"],"agent.ephemeral_id":["2b640a5c-e8e4-4b4e-b271-60302b7e15bb"],"winlog.event_data.Product_Version":["4.18.25090.3009"],"event.dataset":["windows.windows_defender"]},"highlight":{"message":["Microsoft Defender @kibana-highlighted-field@Antivirus@/kibana-highlighted-field@ Configuration has changed. If this is an unexpected event you should review the settings as this may be the result of @kibana-highlighted-field@malware@/kibana-highlighted-field@.\n \tOld value: Default\\ServiceStartStates = 0x0\n \tNew value: HKLM\\SOFTWARE\\Microsoft\\Windows Defender\\ServiceStartStates = 0x1"]},"sort":["2025-11-19T08:47:11.178Z",53]},{"_index":".ds-logs-windows.windows_defender-default-2025.11.14-000004","_id":"Rt1Nm5oBOMITODGieyCq","_version":1,"_score":null,"fields":{"elastic_agent.version":["8.17.3"],"event.category":["configuration"],"host.os.name.text":["Windows Server 2022 Standard Evaluation"],"winlog.provider_guid":["{11cd958a-c507-4ef3-b3f2-5fd9dfbd2c78}"],"winlog.provider_name":["Microsoft-Windows-Windows Defender"],"host.name.text":["cyberfortress-ws"],"host.hostname":["Cyberfortress-WS"],"winlog.computer_name":["Cyberfortress-WS.ad.cyberfortress.local"],"host.mac":["00-0C-29-26-4D-48"],"winlog.process.pid":[2240],"agent.name.text":["Cyberfortress-WS"],"host.os.version":["10.0"],"winlog.record_id":["1104"],"host.os.name":["Windows Server 2022 Standard Evaluation"],"log.level":["information"],"agent.name":["Cyberfortress-WS"],"host.name":["cyberfortress-ws"],"event.agent_id_status":["verified"],"event.kind":["event"],"host.os.type":["windows"],"input.type":["winlog"],"data_stream.type":["logs"],"host.architecture":["x86_64"],"event.provider":["Microsoft-Windows-Windows Defender"],"event.code":["5007"],"agent.id":["03c4f422-68d1-4af6-a27f-a78c18180452"],"ecs.version":["8.17.0"],"winlog.event_data.Product_Name":["Microsoft Defender Antivirus"],"event.created":["2025-11-19T08:47:26.108Z"],"agent.version":["8.17.3"],"host.os.family":["windows"],"winlog.process.thread.id":[2596],"winlog.event_data.Old_Value":["HKLM\\SOFTWARE\\Microsoft\\Windows Defender\\Diagnostics\\InitializingComponentProgress = CheckingLowCostDevice"],"winlog.event_data.New_Value":["HKLM\\SOFTWARE\\Microsoft\\Windows Defender\\Diagnostics\\InitializingComponentProgress = PostPlatformUpdate"],"host.os.build":["20348.587"],"winlog.user.type":["User"],"host.ip":["fe80::7cea:4600:3e1d:57aa","192.168.85.115"],"agent.type":["filebeat"],"event.module":["windows"],"host.os.kernel":["10.0.20348.587 (WinBuild.160101.0800)"],"winlog.api":["wineventlog"],"elastic_agent.snapshot":[false],"host.id":["0c4d2910-34d4-4e69-a70d-2a9ff52a073e"],"winlog.user.identifier":["S-1-5-18"],"winlog.task":["None"],"winlog.user.domain":["NT AUTHORITY"],"elastic_agent.id":["03c4f422-68d1-4af6-a27f-a78c18180452"],"data_stream.namespace":["default"],"message":["Microsoft Defender Antivirus Configuration has changed. If this is an unexpected event you should review the settings as this may be the result of malware.\n \tOld value: HKLM\\SOFTWARE\\Microsoft\\Windows Defender\\Diagnostics\\InitializingComponentProgress = CheckingLowCostDevice\n \tNew value: HKLM\\SOFTWARE\\Microsoft\\Windows Defender\\Diagnostics\\InitializingComponentProgress = PostPlatformUpdate"],"winlog.event_id":["5007"],"winlog.user.name":["SYSTEM"],"event.action":["antivirus-configuration-changed"],"event.ingested":["2025-11-19T08:48:56.000Z"],"@timestamp":["2025-11-19T08:46:53.450Z"],"winlog.channel":["Microsoft-Windows-Windows Defender/Operational"],"host.os.platform":["windows"],"data_stream.dataset":["windows.windows_defender"],"event.type":["change"],"winlog.opcode":["Info"],"agent.ephemeral_id":["2b640a5c-e8e4-4b4e-b271-60302b7e15bb"],"winlog.event_data.Product_Version":["4.18.25090.3009"],"event.dataset":["windows.windows_defender"]},"highlight":{"message":["Microsoft Defender @kibana-highlighted-field@Antivirus@/kibana-highlighted-field@ Configuration has changed. If this is an unexpected event you should review the settings as this may be the result of @kibana-highlighted-field@malware@/kibana-highlighted-field@.\n \tOld value: HKLM\\SOFTWARE\\Microsoft\\Windows Defender\\Diagnostics\\InitializingComponentProgress = CheckingLowCostDevice\n \tNew value: HKLM\\SOFTWARE\\Microsoft\\Windows Defender\\Diagnostics\\InitializingComponentProgress = PostPlatformUpdate"]},"sort":["2025-11-19T08:46:53.450Z",52]},{"_index":".ds-logs-windows.windows_defender-default-2025.11.14-000004","_id":"Rd1Nm5oBOMITODGieyCq","_version":1,"_score":null,"fields":{"elastic_agent.version":["8.17.3"],"event.category":["configuration"],"host.os.name.text":["Windows Server 2022 Standard Evaluation"],"winlog.provider_guid":["{11cd958a-c507-4ef3-b3f2-5fd9dfbd2c78}"],"winlog.provider_name":["Microsoft-Windows-Windows Defender"],"host.name.text":["cyberfortress-ws"],"host.hostname":["Cyberfortress-WS"],"winlog.computer_name":["Cyberfortress-WS.ad.cyberfortress.local"],"host.mac":["00-0C-29-26-4D-48"],"winlog.process.pid":[2240],"agent.name.text":["Cyberfortress-WS"],"host.os.version":["10.0"],"winlog.record_id":["1103"],"host.os.name":["Windows Server 2022 Standard Evaluation"],"log.level":["information"],"agent.name":["Cyberfortress-WS"],"host.name":["cyberfortress-ws"],"event.agent_id_status":["verified"],"event.kind":["event"],"host.os.type":["windows"],"input.type":["winlog"],"data_stream.type":["logs"],"host.architecture":["x86_64"],"event.provider":["Microsoft-Windows-Windows Defender"],"event.code":["5007"],"agent.id":["03c4f422-68d1-4af6-a27f-a78c18180452"],"ecs.version":["8.17.0"],"winlog.event_data.Product_Name":["Microsoft Defender Antivirus"],"event.created":["2025-11-19T08:47:26.108Z"],"agent.version":["8.17.3"],"host.os.family":["windows"],"winlog.process.thread.id":[2596],"winlog.event_data.Old_Value":["HKLM\\SOFTWARE\\Microsoft\\Windows Defender\\CoreService\\WdConfigHash = 0x686CE571"],"winlog.event_data.New_Value":["HKLM\\SOFTWARE\\Microsoft\\Windows Defender\\CoreService\\WdConfigHash = 0x654A88D6"],"host.os.build":["20348.587"],"winlog.user.type":["User"],"host.ip":["fe80::7cea:4600:3e1d:57aa","192.168.85.115"],"agent.type":["filebeat"],"event.module":["windows"],"host.os.kernel":["10.0.20348.587 (WinBuild.160101.0800)"],"winlog.api":["wineventlog"],"elastic_agent.snapshot":[false],"host.id":["0c4d2910-34d4-4e69-a70d-2a9ff52a073e"],"winlog.user.identifier":["S-1-5-18"],"winlog.task":["None"],"winlog.user.domain":["NT AUTHORITY"],"elastic_agent.id":["03c4f422-68d1-4af6-a27f-a78c18180452"],"data_stream.namespace":["default"],"message":["Microsoft Defender Antivirus Configuration has changed. If this is an unexpected event you should review the settings as this may be the result of malware.\n \tOld value: HKLM\\SOFTWARE\\Microsoft\\Windows Defender\\CoreService\\WdConfigHash = 0x686CE571\n \tNew value: HKLM\\SOFTWARE\\Microsoft\\Windows Defender\\CoreService\\WdConfigHash = 0x654A88D6"],"winlog.event_id":["5007"],"winlog.user.name":["SYSTEM"],"event.action":["antivirus-configuration-changed"],"event.ingested":["2025-11-19T08:48:56.000Z"],"@timestamp":["2025-11-19T08:46:53.449Z"],"winlog.channel":["Microsoft-Windows-Windows Defender/Operational"],"host.os.platform":["windows"],"data_stream.dataset":["windows.windows_defender"],"event.type":["change"],"winlog.opcode":["Info"],"agent.ephemeral_id":["2b640a5c-e8e4-4b4e-b271-60302b7e15bb"],"winlog.event_data.Product_Version":["4.18.25090.3009"],"event.dataset":["windows.windows_defender"]},"highlight":{"message":["Microsoft Defender @kibana-highlighted-field@Antivirus@/kibana-highlighted-field@ Configuration has changed. If this is an unexpected event you should review the settings as this may be the result of @kibana-highlighted-field@malware@/kibana-highlighted-field@.\n \tOld value: HKLM\\SOFTWARE\\Microsoft\\Windows Defender\\CoreService\\WdConfigHash = 0x686CE571\n \tNew value: HKLM\\SOFTWARE\\Microsoft\\Windows Defender\\CoreService\\WdConfigHash = 0x654A88D6"]},"sort":["2025-11-19T08:46:53.449Z",51]},{"_index":".ds-logs-windows.windows_defender-default-2025.11.14-000004","_id":"RN1Nm5oBOMITODGieyCq","_version":1,"_score":null,"fields":{"elastic_agent.version":["8.17.3"],"event.category":["configuration"],"host.os.name.text":["Windows Server 2022 Standard Evaluation"],"winlog.provider_guid":["{11cd958a-c507-4ef3-b3f2-5fd9dfbd2c78}"],"winlog.provider_name":["Microsoft-Windows-Windows Defender"],"host.name.text":["cyberfortress-ws"],"host.hostname":["Cyberfortress-WS"],"winlog.computer_name":["Cyberfortress-WS.ad.cyberfortress.local"],"host.mac":["00-0C-29-26-4D-48"],"winlog.process.pid":[2240],"agent.name.text":["Cyberfortress-WS"],"host.os.version":["10.0"],"winlog.record_id":["1102"],"host.os.name":["Windows Server 2022 Standard Evaluation"],"log.level":["information"],"agent.name":["Cyberfortress-WS"],"host.name":["cyberfortress-ws"],"event.agent_id_status":["verified"],"event.kind":["event"],"host.os.type":["windows"],"input.type":["winlog"],"data_stream.type":["logs"],"host.architecture":["x86_64"],"event.provider":["Microsoft-Windows-Windows Defender"],"event.code":["5007"],"agent.id":["03c4f422-68d1-4af6-a27f-a78c18180452"],"ecs.version":["8.17.0"],"winlog.event_data.Product_Name":["Microsoft Defender Antivirus"],"event.created":["2025-11-19T08:47:26.092Z"],"agent.version":["8.17.3"],"host.os.family":["windows"],"winlog.process.thread.id":[2596],"winlog.event_data.Old_Value":["HKLM\\SOFTWARE\\Microsoft\\Windows Defender\\Diagnostics\\InitializingComponentProgress = InitializeMiscConfigLibrary"],"winlog.event_data.New_Value":["HKLM\\SOFTWARE\\Microsoft\\Windows Defender\\Diagnostics\\InitializingComponentProgress = CheckingLowCostDevice"],"host.os.build":["20348.587"],"winlog.user.type":["User"],"host.ip":["fe80::7cea:4600:3e1d:57aa","192.168.85.115"],"agent.type":["filebeat"],"event.module":["windows"],"host.os.kernel":["10.0.20348.587 (WinBuild.160101.0800)"],"winlog.api":["wineventlog"],"elastic_agent.snapshot":[false],"host.id":["0c4d2910-34d4-4e69-a70d-2a9ff52a073e"],"winlog.user.identifier":["S-1-5-18"],"winlog.task":["None"],"winlog.user.domain":["NT AUTHORITY"],"elastic_agent.id":["03c4f422-68d1-4af6-a27f-a78c18180452"],"data_stream.namespace":["default"],"message":["Microsoft Defender Antivirus Configuration has changed. If this is an unexpected event you should review the settings as this may be the result of malware.\n \tOld value: HKLM\\SOFTWARE\\Microsoft\\Windows Defender\\Diagnostics\\InitializingComponentProgress = InitializeMiscConfigLibrary\n \tNew value: HKLM\\SOFTWARE\\Microsoft\\Windows Defender\\Diagnostics\\InitializingComponentProgress = CheckingLowCostDevice"],"winlog.event_id":["5007"],"winlog.user.name":["SYSTEM"],"event.action":["antivirus-configuration-changed"],"event.ingested":["2025-11-19T08:48:56.000Z"],"@timestamp":["2025-11-19T08:46:52.939Z"],"winlog.channel":["Microsoft-Windows-Windows Defender/Operational"],"host.os.platform":["windows"],"data_stream.dataset":["windows.windows_defender"],"event.type":["change"],"winlog.opcode":["Info"],"agent.ephemeral_id":["2b640a5c-e8e4-4b4e-b271-60302b7e15bb"],"winlog.event_data.Product_Version":["4.18.25090.3009"],"event.dataset":["windows.windows_defender"]},"highlight":{"message":["Microsoft Defender @kibana-highlighted-field@Antivirus@/kibana-highlighted-field@ Configuration has changed. If this is an unexpected event you should review the settings as this may be the result of @kibana-highlighted-field@malware@/kibana-highlighted-field@.\n \tOld value: HKLM\\SOFTWARE\\Microsoft\\Windows Defender\\Diagnostics\\InitializingComponentProgress = InitializeMiscConfigLibrary\n \tNew value: HKLM\\SOFTWARE\\Microsoft\\Windows Defender\\Diagnostics\\InitializingComponentProgress = CheckingLowCostDevice"]},"sort":["2025-11-19T08:46:52.939Z",50]},{"_index":".ds-logs-windows.windows_defender-default-2025.11.14-000004","_id":"Q91Nm5oBOMITODGieyCq","_version":1,"_score":null,"fields":{"elastic_agent.version":["8.17.3"],"event.category":["configuration"],"host.os.name.text":["Windows Server 2022 Standard Evaluation"],"winlog.provider_guid":["{11cd958a-c507-4ef3-b3f2-5fd9dfbd2c78}"],"winlog.provider_name":["Microsoft-Windows-Windows Defender"],"host.name.text":["cyberfortress-ws"],"host.hostname":["Cyberfortress-WS"],"winlog.computer_name":["Cyberfortress-WS.ad.cyberfortress.local"],"host.mac":["00-0C-29-26-4D-48"],"winlog.process.pid":[2240],"agent.name.text":["Cyberfortress-WS"],"host.os.version":["10.0"],"winlog.record_id":["1101"],"host.os.name":["Windows Server 2022 Standard Evaluation"],"log.level":["information"],"agent.name":["Cyberfortress-WS"],"host.name":["cyberfortress-ws"],"event.agent_id_status":["verified"],"event.kind":["event"],"host.os.type":["windows"],"input.type":["winlog"],"data_stream.type":["logs"],"host.architecture":["x86_64"],"event.provider":["Microsoft-Windows-Windows Defender"],"event.code":["5007"],"agent.id":["03c4f422-68d1-4af6-a27f-a78c18180452"],"ecs.version":["8.17.0"],"winlog.event_data.Product_Name":["Microsoft Defender Antivirus"],"event.created":["2025-11-19T08:47:26.092Z"],"agent.version":["8.17.3"],"host.os.family":["windows"],"winlog.process.thread.id":[2596],"winlog.event_data.Old_Value":["Default\\IsServiceRunning = 0x0"],"winlog.event_data.New_Value":["HKLM\\SOFTWARE\\Microsoft\\Windows Defender\\IsServiceRunning = 0x1"],"host.os.build":["20348.587"],"winlog.user.type":["User"],"host.ip":["fe80::7cea:4600:3e1d:57aa","192.168.85.115"],"agent.type":["filebeat"],"event.module":["windows"],"host.os.kernel":["10.0.20348.587 (WinBuild.160101.0800)"],"winlog.api":["wineventlog"],"elastic_agent.snapshot":[false],"host.id":["0c4d2910-34d4-4e69-a70d-2a9ff52a073e"],"winlog.user.identifier":["S-1-5-18"],"winlog.task":["None"],"winlog.user.domain":["NT AUTHORITY"],"elastic_agent.id":["03c4f422-68d1-4af6-a27f-a78c18180452"],"data_stream.namespace":["default"],"message":["Microsoft Defender Antivirus Configuration has changed. If this is an unexpected event you should review the settings as this may be the result of malware.\n \tOld value: Default\\IsServiceRunning = 0x0\n \tNew value: HKLM\\SOFTWARE\\Microsoft\\Windows Defender\\IsServiceRunning = 0x1"],"winlog.event_id":["5007"],"winlog.user.name":["SYSTEM"],"event.action":["antivirus-configuration-changed"],"event.ingested":["2025-11-19T08:48:56.000Z"],"@timestamp":["2025-11-19T08:46:52.914Z"],"winlog.channel":["Microsoft-Windows-Windows Defender/Operational"],"host.os.platform":["windows"],"data_stream.dataset":["windows.windows_defender"],"event.type":["change"],"winlog.opcode":["Info"],"agent.ephemeral_id":["2b640a5c-e8e4-4b4e-b271-60302b7e15bb"],"winlog.event_data.Product_Version":["4.18.25090.3009"],"event.dataset":["windows.windows_defender"]},"highlight":{"message":["Microsoft Defender @kibana-highlighted-field@Antivirus@/kibana-highlighted-field@ Configuration has changed. If this is an unexpected event you should review the settings as this may be the result of @kibana-highlighted-field@malware@/kibana-highlighted-field@.\n \tOld value: Default\\IsServiceRunning = 0x0\n \tNew value: HKLM\\SOFTWARE\\Microsoft\\Windows Defender\\IsServiceRunning = 0x1"]},"sort":["2025-11-19T08:46:52.914Z",49]},{"_index":".ds-logs-windows.windows_defender-default-2025.11.14-000004","_id":"Qt1Nm5oBOMITODGieyCq","_version":1,"_score":null,"fields":{"elastic_agent.version":["8.17.3"],"event.category":["process"],"host.os.name.text":["Windows Server 2022 Standard Evaluation"],"winlog.provider_guid":["{11cd958a-c507-4ef3-b3f2-5fd9dfbd2c78}"],"winlog.provider_name":["Microsoft-Windows-Windows Defender"],"host.name.text":["cyberfortress-ws"],"host.hostname":["Cyberfortress-WS"],"winlog.computer_name":["Cyberfortress-WS.ad.cyberfortress.local"],"host.mac":["00-0C-29-26-4D-48"],"winlog.event_data.Error_Code":["0x80070002"],"winlog.process.pid":[2240],"winlog.event_data.Error_Description":["The system cannot find the file specified. "],"agent.name.text":["Cyberfortress-WS"],"host.os.version":["10.0"],"winlog.event_data.Failure_Reason":["Group Policy hive was not ready when MDE AV service started and AV configurations might be not as expected."],"winlog.event_data.Feature_Name":["MDE AV Configurations"],"winlog.record_id":["1100"],"host.os.name":["Windows Server 2022 Standard Evaluation"],"log.level":["information"],"agent.name":["Cyberfortress-WS"],"host.name":["cyberfortress-ws"],"event.agent_id_status":["verified"],"event.kind":["event"],"winlog.event_data.Failure_Id":["0x00000003"],"host.os.type":["windows"],"input.type":["winlog"],"data_stream.type":["logs"],"host.architecture":["x86_64"],"event.provider":["Microsoft-Windows-Windows Defender"],"event.code":["5017"],"agent.id":["03c4f422-68d1-4af6-a27f-a78c18180452"],"ecs.version":["8.17.0"],"winlog.event_data.Product_Name":["Microsoft Defender Antivirus"],"event.created":["2025-11-19T08:47:25.959Z"],"agent.version":["8.17.3"],"host.os.family":["windows"],"winlog.process.thread.id":[2500],"winlog.event_data.Recommendation":["Investigate recent changes in Group Policy server settings and reboot the device."],"host.os.build":["20348.587"],"winlog.user.type":["User"],"host.ip":["fe80::7cea:4600:3e1d:57aa","192.168.85.115"],"agent.type":["filebeat"],"event.module":["windows"],"host.os.kernel":["10.0.20348.587 (WinBuild.160101.0800)"],"winlog.api":["wineventlog"],"elastic_agent.snapshot":[false],"host.id":["0c4d2910-34d4-4e69-a70d-2a9ff52a073e"],"winlog.user.identifier":["S-1-5-18"],"winlog.task":["None"],"winlog.user.domain":["NT AUTHORITY"],"elastic_agent.id":["03c4f422-68d1-4af6-a27f-a78c18180452"],"data_stream.namespace":["default"],"message":["Microsoft Defender Antivirus service feature has encountered an error and failed.\n \tFeature: MDE AV Configurations\n  \tFailure Reason: Group Policy hive was not ready when MDE AV service started and AV configurations might be not as expected.\n \tRecommended Mitigation: Investigate recent changes in Group Policy server settings and reboot the device.\n \tError Code: 0x80070002\n \tError description: The system cannot find the file specified. "],"winlog.event_id":["5017"],"winlog.user.name":["SYSTEM"],"event.action":["None"],"event.ingested":["2025-11-19T08:48:56.000Z"],"@timestamp":["2025-11-19T08:46:52.817Z"],"winlog.channel":["Microsoft-Windows-Windows Defender/Operational"],"host.os.platform":["windows"],"data_stream.dataset":["windows.windows_defender"],"event.type":["info"],"winlog.opcode":["Info"],"agent.ephemeral_id":["2b640a5c-e8e4-4b4e-b271-60302b7e15bb"],"winlog.event_data.Product_Version":["4.18.25090.3009"],"event.dataset":["windows.windows_defender"]},"highlight":{"message":["Microsoft Defender @kibana-highlighted-field@Antivirus@/kibana-highlighted-field@ service feature has encountered an error and failed.\n \tFeature: MDE AV Configurations\n  \tFailure Reason: Group Policy hive was not ready when MDE AV service started and AV configurations might be not as expected.\n \tRecommended Mitigation: Investigate recent changes in Group Policy server settings and reboot the device.\n \tError Code: 0x80070002\n \tError description: The system cannot find the file specified."]},"sort":["2025-11-19T08:46:52.817Z",48]},{"_index":".ds-logs-windows.windows_defender-default-2025.11.14-000004","_id":"Qd1Nm5oBOMITODGieyCq","_version":1,"_score":null,"fields":{"elastic_agent.version":["8.17.3"],"event.category":["configuration"],"host.os.name.text":["Windows Server 2022 Standard Evaluation"],"winlog.provider_guid":["{11cd958a-c507-4ef3-b3f2-5fd9dfbd2c78}"],"winlog.provider_name":["Microsoft-Windows-Windows Defender"],"host.name.text":["cyberfortress-ws"],"host.hostname":["Cyberfortress-WS"],"winlog.computer_name":["Cyberfortress-WS.ad.cyberfortress.local"],"host.mac":["00-0C-29-26-4D-48"],"winlog.process.pid":[2276],"agent.name.text":["Cyberfortress-WS"],"host.os.version":["10.0"],"winlog.record_id":["1099"],"host.os.name":["Windows Server 2022 Standard Evaluation"],"log.level":["information"],"agent.name":["Cyberfortress-WS"],"host.name":["cyberfortress-ws"],"event.agent_id_status":["verified"],"event.kind":["event"],"host.os.type":["windows"],"input.type":["winlog"],"data_stream.type":["logs"],"host.architecture":["x86_64"],"event.provider":["Microsoft-Windows-Windows Defender"],"event.code":["5007"],"agent.id":["03c4f422-68d1-4af6-a27f-a78c18180452"],"ecs.version":["8.17.0"],"winlog.event_data.Product_Name":["Microsoft Defender Antivirus"],"event.created":["2025-11-19T08:47:25.958Z"],"agent.version":["8.17.3"],"host.os.family":["windows"],"winlog.process.thread.id":[2724],"winlog.event_data.Old_Value":["HKLM\\SOFTWARE\\Microsoft\\Windows Defender\\Diagnostics\\CleanupComponentProgress = RtpPluginStop"],"winlog.event_data.New_Value":["HKLM\\SOFTWARE\\Microsoft\\Windows Defender\\Diagnostics\\CleanupComponentProgress = CleanupEngine"],"host.os.build":["20348.587"],"winlog.user.type":["User"],"host.ip":["fe80::7cea:4600:3e1d:57aa","192.168.85.115"],"agent.type":["filebeat"],"event.module":["windows"],"host.os.kernel":["10.0.20348.587 (WinBuild.160101.0800)"],"winlog.api":["wineventlog"],"elastic_agent.snapshot":[false],"host.id":["0c4d2910-34d4-4e69-a70d-2a9ff52a073e"],"winlog.user.identifier":["S-1-5-18"],"winlog.task":["None"],"winlog.user.domain":["NT AUTHORITY"],"elastic_agent.id":["03c4f422-68d1-4af6-a27f-a78c18180452"],"data_stream.namespace":["default"],"message":["Microsoft Defender Antivirus Configuration has changed. If this is an unexpected event you should review the settings as this may be the result of malware.\n \tOld value: HKLM\\SOFTWARE\\Microsoft\\Windows Defender\\Diagnostics\\CleanupComponentProgress = RtpPluginStop\n \tNew value: HKLM\\SOFTWARE\\Microsoft\\Windows Defender\\Diagnostics\\CleanupComponentProgress = CleanupEngine"],"winlog.event_id":["5007"],"winlog.user.name":["SYSTEM"],"event.action":["antivirus-configuration-changed"],"event.ingested":["2025-11-19T08:48:56.000Z"],"@timestamp":["2025-11-18T04:23:30.617Z"],"winlog.channel":["Microsoft-Windows-Windows Defender/Operational"],"host.os.platform":["windows"],"data_stream.dataset":["windows.windows_defender"],"event.type":["change"],"winlog.opcode":["Info"],"agent.ephemeral_id":["2b640a5c-e8e4-4b4e-b271-60302b7e15bb"],"winlog.event_data.Product_Version":["4.18.25090.3009"],"event.dataset":["windows.windows_defender"]},"highlight":{"message":["Microsoft Defender @kibana-highlighted-field@Antivirus@/kibana-highlighted-field@ Configuration has changed. If this is an unexpected event you should review the settings as this may be the result of @kibana-highlighted-field@malware@/kibana-highlighted-field@.\n \tOld value: HKLM\\SOFTWARE\\Microsoft\\Windows Defender\\Diagnostics\\CleanupComponentProgress = RtpPluginStop\n \tNew value: HKLM\\SOFTWARE\\Microsoft\\Windows Defender\\Diagnostics\\CleanupComponentProgress = CleanupEngine"]},"sort":["2025-11-18T04:23:30.617Z",47]},{"_index":".ds-logs-windows.windows_defender-default-2025.11.14-000004","_id":"QN1Nm5oBOMITODGieyCq","_version":1,"_score":null,"fields":{"elastic_agent.version":["8.17.3"],"event.category":["configuration"],"host.os.name.text":["Windows Server 2022 Standard Evaluation"],"winlog.provider_guid":["{11cd958a-c507-4ef3-b3f2-5fd9dfbd2c78}"],"winlog.provider_name":["Microsoft-Windows-Windows Defender"],"host.name.text":["cyberfortress-ws"],"host.hostname":["Cyberfortress-WS"],"winlog.computer_name":["Cyberfortress-WS.ad.cyberfortress.local"],"host.mac":["00-0C-29-26-4D-48"],"winlog.process.pid":[2276],"agent.name.text":["Cyberfortress-WS"],"host.os.version":["10.0"],"winlog.record_id":["1098"],"host.os.name":["Windows Server 2022 Standard Evaluation"],"log.level":["information"],"agent.name":["Cyberfortress-WS"],"host.name":["cyberfortress-ws"],"event.agent_id_status":["verified"],"event.kind":["event"],"host.os.type":["windows"],"input.type":["winlog"],"data_stream.type":["logs"],"host.architecture":["x86_64"],"event.provider":["Microsoft-Windows-Windows Defender"],"event.code":["5007"],"agent.id":["03c4f422-68d1-4af6-a27f-a78c18180452"],"ecs.version":["8.17.0"],"winlog.event_data.Product_Name":["Microsoft Defender Antivirus"],"event.created":["2025-11-19T08:47:25.921Z"],"agent.version":["8.17.3"],"host.os.family":["windows"],"winlog.process.thread.id":[3792],"winlog.event_data.Old_Value":["HKLM\\SOFTWARE\\Microsoft\\Windows Defender\\Diagnostics\\CleanupComponentProgress = CleanupCompleted"],"winlog.event_data.New_Value":["HKLM\\SOFTWARE\\Microsoft\\Windows Defender\\Diagnostics\\CleanupComponentProgress = RtpPluginStop"],"host.os.build":["20348.587"],"winlog.user.type":["User"],"host.ip":["fe80::7cea:4600:3e1d:57aa","192.168.85.115"],"agent.type":["filebeat"],"event.module":["windows"],"host.os.kernel":["10.0.20348.587 (WinBuild.160101.0800)"],"winlog.api":["wineventlog"],"elastic_agent.snapshot":[false],"host.id":["0c4d2910-34d4-4e69-a70d-2a9ff52a073e"],"winlog.user.identifier":["S-1-5-18"],"winlog.task":["None"],"winlog.user.domain":["NT AUTHORITY"],"elastic_agent.id":["03c4f422-68d1-4af6-a27f-a78c18180452"],"data_stream.namespace":["default"],"message":["Microsoft Defender Antivirus Configuration has changed. If this is an unexpected event you should review the settings as this may be the result of malware.\n \tOld value: HKLM\\SOFTWARE\\Microsoft\\Windows Defender\\Diagnostics\\CleanupComponentProgress = CleanupCompleted\n \tNew value: HKLM\\SOFTWARE\\Microsoft\\Windows Defender\\Diagnostics\\CleanupComponentProgress = RtpPluginStop"],"winlog.event_id":["5007"],"winlog.user.name":["SYSTEM"],"event.action":["antivirus-configuration-changed"],"event.ingested":["2025-11-19T08:48:56.000Z"],"@timestamp":["2025-11-18T04:23:29.586Z"],"winlog.channel":["Microsoft-Windows-Windows Defender/Operational"],"host.os.platform":["windows"],"data_stream.dataset":["windows.windows_defender"],"event.type":["change"],"winlog.opcode":["Info"],"agent.ephemeral_id":["2b640a5c-e8e4-4b4e-b271-60302b7e15bb"],"winlog.event_data.Product_Version":["4.18.25090.3009"],"event.dataset":["windows.windows_defender"]},"highlight":{"message":["Microsoft Defender @kibana-highlighted-field@Antivirus@/kibana-highlighted-field@ Configuration has changed. If this is an unexpected event you should review the settings as this may be the result of @kibana-highlighted-field@malware@/kibana-highlighted-field@.\n \tOld value: HKLM\\SOFTWARE\\Microsoft\\Windows Defender\\Diagnostics\\CleanupComponentProgress = CleanupCompleted\n \tNew value: HKLM\\SOFTWARE\\Microsoft\\Windows Defender\\Diagnostics\\CleanupComponentProgress = RtpPluginStop"]},"sort":["2025-11-18T04:23:29.586Z",46]},{"_index":".ds-logs-windows.windows_defender-default-2025.11.14-000004","_id":"tMgklZoB2kq2OPeMaYkb","_version":1,"_score":null,"fields":{"elastic_agent.version":["8.17.3"],"event.category":["process"],"winlog.event_data.Last_quick_scan_source":["2"],"host.os.name.text":["Windows Server 2022 Standard Evaluation"],"winlog.provider_guid":["{11cd958a-c507-4ef3-b3f2-5fd9dfbd2c78}"],"winlog.provider_name":["Microsoft-Windows-Windows Defender"],"host.name.text":["cyberfortress-ws"],"host.hostname":["Cyberfortress-WS"],"winlog.computer_name":["Cyberfortress-WS.ad.cyberfortress.local"],"host.mac":["00-0C-29-26-4D-48"],"winlog.process.pid":[2276],"winlog.event_data.Last_quick_scan_end_time":["2025-11-06T08:32:57.000Z"],"agent.name.text":["Cyberfortress-WS"],"host.os.version":["10.0"],"winlog.event_data.Last_full_scan_age":["4294967295"],"winlog.record_id":["1097"],"host.os.name":["Windows Server 2022 Standard Evaluation"],"winlog.event_data.Engine_up-to-date":["0"],"log.level":["information"],"agent.name":["Cyberfortress-WS"],"host.name":["cyberfortress-ws"],"event.agent_id_status":["verified"],"event.kind":["event"],"winlog.event_data.Engine_version":["1.1.25090.3001"],"host.os.type":["windows"],"winlog.event_data.RTP_state":["Enabled"],"winlog.event_data.Platform_version":["4.18.25090.3009"],"input.type":["winlog"],"data_stream.type":["logs"],"winlog.event_data.Last_AS_security_intelligence_age":["20"],"host.architecture":["x86_64"],"winlog.event_data.AV_security_intelligence_version":["1.439.535.0"],"event.provider":["Microsoft-Windows-Windows Defender"],"event.code":["1151"],"agent.id":["03c4f422-68d1-4af6-a27f-a78c18180452"],"ecs.version":["8.17.0"],"winlog.event_data.Product_Name":["Microsoft Defender Antivirus"],"event.created":["2025-11-18T04:06:12.489Z"],"agent.version":["8.17.3"],"host.os.family":["windows"],"winlog.event_data.AS_security_intelligence_version":["1.439.535.0"],"winlog.event_data.Last_quick_scan_age":["11"],"winlog.process.thread.id":[2724],"winlog.event_data.Last_full_scan_source":["0"],"winlog.event_data.NRI_security_intelligence_version":["1.439.535.0"],"winlog.event_data.IOAV_state":["Enabled"],"host.os.build":["20348.587"],"winlog.user.type":["User"],"host.ip":["fe80::7cea:4600:3e1d:57aa","192.168.85.115"],"agent.type":["filebeat"],"event.module":["windows"],"host.os.kernel":["10.0.20348.587 (WinBuild.160101.0800)"],"winlog.event_data.Latest_engine_version":["1.1.25090.3001"],"winlog.api":["wineventlog"],"elastic_agent.snapshot":[false],"winlog.event_data.Last_AV_security_intelligence_age":["20"],"host.id":["0c4d2910-34d4-4e69-a70d-2a9ff52a073e"],"winlog.event_data.Platform_up-to-date":["1"],"winlog.user.identifier":["S-1-5-18"],"winlog.task":["None"],"winlog.user.domain":["NT AUTHORITY"],"winlog.event_data.Product_status":["0x00080060"],"elastic_agent.id":["03c4f422-68d1-4af6-a27f-a78c18180452"],"data_stream.namespace":["default"],"winlog.event_data.BM_state":["Enabled"],"winlog.event_data.Last_full_scan_end_time":["1601-01-01T00:00:00.000Z"],"winlog.event_data.Last_full_scan_start_time":["1601-01-01T00:00:00.000Z"],"message":["Endpoint Protection client health report (time in UTC):\n \tPlatform version: 4.18.25090.3009\n \tEngine version: 1.1.25090.3001\n \tNetwork Realtime Inspection engine version: 1.1.25090.3001\n \tAntivirus security intelligence version: 1.439.535.0\n \tAntispyware security intelligence version: 1.439.535.0\n \tNetwork Realtime Inspection security intelligence version: 1.439.535.0\n \tRTP state: Enabled\n \tOA state: Enabled\n \tIOAV state: Enabled\n \tBM state: Enabled\n \tAntivirus security intelligence age: 20\n \tAntispyware security intelligence age: 20\n \tLast quick scan age: 11\n \tLast full scan age: 4294967295\n \tAntivirus security intelligence creation time: 2025-10-29T01:44:44Z\n \tAntispyware security intelligence creation time: 2025-10-29T01:44:43Z\n \tLast quick scan start time: 2025-11-06T08:32:32Z\n \tLast quick scan end time: 2025-11-06T08:32:57Z\n \tLast quick scan source: 2\n \tLast full scan start time: 1601-01-01T00:00:00Z\n \tLast full scan end time: 1601-01-01T00:00:00Z\n \tLast full scan source: 0\n \tProduct status: 0x00080060"],"winlog.event_id":["1151"],"winlog.user.name":["SYSTEM"],"winlog.event_data.AS_security_intelligence_creation_time":["2025-10-29T01:44:43.000Z"],"event.action":["None"],"event.ingested":["2025-11-18T04:06:22.000Z"],"@timestamp":["2025-11-18T04:06:10.747Z"],"winlog.channel":["Microsoft-Windows-Windows Defender/Operational"],"host.os.platform":["windows"],"data_stream.dataset":["windows.windows_defender"],"event.type":["info"],"winlog.event_data.AV_security_intelligence_creation_time":["2025-10-29T01:44:44.000Z"],"winlog.event_data.Latest_platform_version":["4.18.25080.5"],"winlog.opcode":["Info"],"agent.ephemeral_id":["535620ed-9c24-45bf-a2ef-6a0e2a3f7f74"],"winlog.event_data.NRI_engine_version":["1.1.25090.3001"],"event.dataset":["windows.windows_defender"],"winlog.event_data.Last_quick_scan_start_time":["2025-11-06T08:32:32.000Z"],"winlog.event_data.OA_state":["Enabled"]},"highlight":{"message":["Endpoint Protection client health report (time in UTC):\n \tPlatform version: 4.18.25090.3009\n \tEngine version: 1.1.25090.3001\n \tNetwork Realtime Inspection engine version: 1.1.25090.3001\n \t@kibana-highlighted-field@Antivirus@/kibana-highlighted-field@ security intelligence version: 1.439.535.0\n \tAntispyware security intelligence version: 1.439.535.0\n \tNetwork Realtime Inspection security intelligence version: 1.439.535.0\n \tRTP state: Enabled\n \tOA state: Enabled\n \tIOAV state: Enabled\n \tBM state: Enabled\n \t@kibana-highlighted-field@Antivirus@/kibana-highlighted-field@ security intelligence age: 20\n \tAntispyware security intelligence age: 20\n \tLast quick scan age: 11\n \tLast full scan age: 4294967295\n \t@kibana-highlighted-field@Antivirus@/kibana-highlighted-field@ security intelligence creation time: 2025-10-29T01:44:44Z\n \tAntispyware security intelligence creation time: 2025-10-29T01:44:43Z\n \tLast quick scan start time: 2025-11-06T08:32:32Z\n \tLast quick scan end time: 2025-11-06T08:32:57Z\n \tLast quick scan source: 2\n \tLast full scan start time: 1601-01-01T00:00:00Z\n \tLast full scan end time: 1601-01-01T00:00:00Z\n \tLast full scan source: 0\n \tProduct status: 0x00080060"]},"sort":["2025-11-18T04:06:10.747Z",45]},{"_index":".ds-logs-windows.windows_defender-default-2025.10.14-000003","_id":"qLlQgZoBzGGMWC9btflL","_version":1,"_score":null,"fields":{"elastic_agent.version":["8.17.3"],"event.category":["configuration"],"host.os.name.text":["Windows Server 2022 Standard Evaluation"],"winlog.provider_guid":["{11cd958a-c507-4ef3-b3f2-5fd9dfbd2c78}"],"winlog.provider_name":["Microsoft-Windows-Windows Defender"],"host.name.text":["cyberfortress-ws"],"host.hostname":["Cyberfortress-WS"],"winlog.computer_name":["Cyberfortress-WS.ad.cyberfortress.local"],"host.mac":["00-0C-29-26-4D-48"],"winlog.process.pid":[2280],"agent.name.text":["Cyberfortress-WS"],"host.os.version":["10.0"],"winlog.record_id":["1054"],"host.os.name":["Windows Server 2022 Standard Evaluation"],"log.level":["information"],"agent.name":["Cyberfortress-WS"],"host.name":["cyberfortress-ws"],"event.agent_id_status":["verified"],"event.kind":["event"],"host.os.type":["windows"],"input.type":["winlog"],"data_stream.type":["logs"],"host.architecture":["x86_64"],"event.provider":["Microsoft-Windows-Windows Defender"],"event.code":["5007"],"agent.id":["03c4f422-68d1-4af6-a27f-a78c18180452"],"ecs.version":["8.17.0"],"winlog.event_data.Product_Name":["Microsoft Defender Antivirus"],"event.created":["2025-11-14T07:42:11.920Z"],"agent.version":["8.17.3"],"host.os.family":["windows"],"winlog.process.thread.id":[4680],"winlog.event_data.Old_Value":["HKLM\\SOFTWARE\\Microsoft\\Windows Defender\\Diagnostics\\LastSignatureUpdateResult = 0x8024402C"],"winlog.event_data.New_Value":["HKLM\\SOFTWARE\\Microsoft\\Windows Defender\\Diagnostics\\LastSignatureUpdateResult = 0x80072EE7"],"host.os.build":["20348.587"],"winlog.user.type":["User"],"host.ip":["fe80::7cea:4600:3e1d:57aa","192.168.85.115"],"agent.type":["filebeat"],"event.module":["windows"],"host.os.kernel":["10.0.20348.587 (WinBuild.160101.0800)"],"winlog.api":["wineventlog"],"elastic_agent.snapshot":[false],"host.id":["0c4d2910-34d4-4e69-a70d-2a9ff52a073e"],"winlog.user.identifier":["S-1-5-18"],"winlog.task":["None"],"winlog.user.domain":["NT AUTHORITY"],"elastic_agent.id":["03c4f422-68d1-4af6-a27f-a78c18180452"],"data_stream.namespace":["default"],"message":["Microsoft Defender Antivirus Configuration has changed. If this is an unexpected event you should review the settings as this may be the result of malware.\n \tOld value: HKLM\\SOFTWARE\\Microsoft\\Windows Defender\\Diagnostics\\LastSignatureUpdateResult = 0x8024402C\n \tNew value: HKLM\\SOFTWARE\\Microsoft\\Windows Defender\\Diagnostics\\LastSignatureUpdateResult = 0x80072EE7"],"winlog.event_id":["5007"],"winlog.user.name":["SYSTEM"],"event.action":["antivirus-configuration-changed"],"event.ingested":["2025-11-14T07:42:21.000Z"],"@timestamp":["2025-11-14T07:42:11.187Z"],"winlog.channel":["Microsoft-Windows-Windows Defender/Operational"],"host.os.platform":["windows"],"data_stream.dataset":["windows.windows_defender"],"event.type":["change"],"winlog.opcode":["Info"],"agent.ephemeral_id":["be6bd89e-a442-49e6-8b86-b73b15aff26f"],"winlog.event_data.Product_Version":["4.18.25090.3009"],"event.dataset":["windows.windows_defender"]},"highlight":{"message":["Microsoft Defender @kibana-highlighted-field@Antivirus@/kibana-highlighted-field@ Configuration has changed. If this is an unexpected event you should review the settings as this may be the result of @kibana-highlighted-field@malware@/kibana-highlighted-field@.\n \tOld value: HKLM\\SOFTWARE\\Microsoft\\Windows Defender\\Diagnostics\\LastSignatureUpdateResult = 0x8024402C\n \tNew value: HKLM\\SOFTWARE\\Microsoft\\Windows Defender\\Diagnostics\\LastSignatureUpdateResult = 0x80072EE7"]},"sort":["2025-11-14T07:42:11.187Z",6]},{"_index":".ds-logs-windows.windows_defender-default-2025.10.14-000003","_id":"p7lQgZoBzGGMWC9btflL","_version":1,"_score":null,"fields":{"winlog.event_data.Source_Path":["https://go.microsoft.com/fwlink/?LinkID=870379&clcid=0x409&arch=x64&eng=1.1.25090.3001&avdelta=1.439.535.0&asdelta=1.439.535.0&prod=77BDAF73-B396-481F-9042-AD358843EC24&ostype=0&signaturetype=0&beta=0&plat=4.18.25090.3009&OsVersion=10.0.20348.587&altlocation=0"],"elastic_agent.version":["8.17.3"],"event.category":["process"],"host.os.name.text":["Windows Server 2022 Standard Evaluation"],"winlog.provider_guid":["{11cd958a-c507-4ef3-b3f2-5fd9dfbd2c78}"],"winlog.provider_name":["Microsoft-Windows-Windows Defender"],"host.name.text":["cyberfortress-ws"],"host.hostname":["Cyberfortress-WS"],"winlog.computer_name":["Cyberfortress-WS.ad.cyberfortress.local"],"winlog.event_data.Update_State":["Search"],"host.mac":["00-0C-29-26-4D-48"],"winlog.event_data.Error_Code":["0x80072ee7"],"winlog.process.pid":[2280],"winlog.event_data.Error_Description":["The server name or address could not be resolved "],"agent.name.text":["Cyberfortress-WS"],"host.os.version":["10.0"],"winlog.record_id":["1053"],"host.os.name":["Windows Server 2022 Standard Evaluation"],"log.level":["error"],"agent.name":["Cyberfortress-WS"],"host.name":["cyberfortress-ws"],"event.agent_id_status":["verified"],"event.kind":["event"],"winlog.event_data.Previous_security_intelligence_Version":["1.439.535.0"],"winlog.event_data.Security_intelligence_Type":["AntiVirus"],"host.os.type":["windows"],"winlog.event_data.User":["SYSTEM"],"input.type":["winlog"],"winlog.event_data.Update_Type_Index":["1"],"data_stream.type":["logs"],"host.architecture":["x86_64"],"event.provider":["Microsoft-Windows-Windows Defender"],"winlog.event_data.Update_State_Index":["1"],"event.code":["2001"],"agent.id":["03c4f422-68d1-4af6-a27f-a78c18180452"],"ecs.version":["8.17.0"],"winlog.event_data.Product_Name":["Microsoft Defender Antivirus"],"event.created":["2025-11-14T07:42:11.920Z"],"agent.version":["8.17.3"],"host.os.family":["windows"],"winlog.process.thread.id":[2604],"winlog.event_data.Update_Source_Index":["6"],"winlog.event_data.Update_Type":["Full"],"winlog.event_data.SID":["S-1-5-18"],"host.os.build":["20348.587"],"winlog.user.type":["User"],"host.ip":["fe80::7cea:4600:3e1d:57aa","192.168.85.115"],"agent.type":["filebeat"],"event.module":["windows"],"host.os.kernel":["10.0.20348.587 (WinBuild.160101.0800)"],"winlog.api":["wineventlog"],"winlog.event_data.Previous_Engine_Version":["1.1.25090.3001"],"elastic_agent.snapshot":[false],"host.id":["0c4d2910-34d4-4e69-a70d-2a9ff52a073e"],"winlog.user.identifier":["S-1-5-18"],"winlog.task":["None"],"winlog.user.domain":["NT AUTHORITY"],"winlog.event_data.Domain":["NT AUTHORITY"],"winlog.event_data.Security_intelligence_Type_Index":["1"],"elastic_agent.id":["03c4f422-68d1-4af6-a27f-a78c18180452"],"data_stream.namespace":["default"],"message":["Microsoft Defender Antivirus has encountered an error trying to update security intelligence.\n \tNew security intelligence Version: \n \tPrevious security intelligence Version: 1.439.535.0\n \tUpdate Source: Microsoft Malware Protection Center\n \tSecurity intelligence Type: AntiVirus\n \tUpdate Type: Full\n \tUser: NT AUTHORITY\\SYSTEM\n \tCurrent Engine Version: \n \tPrevious Engine Version: 1.1.25090.3001\n \tError code: 0x80072ee7\n \tError description: The server name or address could not be resolved "],"winlog.event_id":["2001"],"winlog.user.name":["SYSTEM"],"event.action":["None"],"event.ingested":["2025-11-14T07:42:21.000Z"],"@timestamp":["2025-11-14T07:42:10.713Z"],"winlog.channel":["Microsoft-Windows-Windows Defender/Operational"],"host.os.platform":["windows"],"data_stream.dataset":["windows.windows_defender"],"event.type":["info"],"winlog.opcode":["Info"],"agent.ephemeral_id":["be6bd89e-a442-49e6-8b86-b73b15aff26f"],"winlog.event_data.Product_Version":["4.18.25090.3009"],"winlog.event_data.Update_Source":["Microsoft Malware Protection Center"],"event.dataset":["windows.windows_defender"]},"highlight":{"message":["Microsoft Defender @kibana-highlighted-field@Antivirus@/kibana-highlighted-field@ has encountered an error trying to update security intelligence.\n \tNew security intelligence Version: \n \tPrevious security intelligence Version: 1.439.535.0\n \tUpdate Source: Microsoft @kibana-highlighted-field@Malware@/kibana-highlighted-field@ Protection Center\n \tSecurity intelligence Type: @kibana-highlighted-field@AntiVirus@/kibana-highlighted-field@\n \tUpdate Type: Full\n \tUser: NT AUTHORITY\\SYSTEM\n \tCurrent Engine Version: \n \tPrevious Engine Version: 1.1.25090.3001\n \tError code: 0x80072ee7\n \tError description: The server name or address could not be resolved"],"log.level":["@kibana-highlighted-field@error@/kibana-highlighted-field@"]},"sort":["2025-11-14T07:42:10.713Z",5]},{"_index":".ds-logs-windows.windows_defender-default-2025.10.14-000003","_id":"prlQgZoBzGGMWC9btflL","_version":1,"_score":null,"fields":{"winlog.event_data.Source_Path":["https://go.microsoft.com/fwlink/?LinkID=870379&clcid=0x409&arch=x64&eng=1.1.25090.3001&avdelta=1.439.535.0&asdelta=1.439.535.0&prod=77BDAF73-B396-481F-9042-AD358843EC24&ostype=0&signaturetype=0&beta=0&plat=4.18.25090.3009&OsVersion=10.0.20348.587&altlocation=0"],"elastic_agent.version":["8.17.3"],"event.category":["process"],"host.os.name.text":["Windows Server 2022 Standard Evaluation"],"winlog.provider_guid":["{11cd958a-c507-4ef3-b3f2-5fd9dfbd2c78}"],"winlog.provider_name":["Microsoft-Windows-Windows Defender"],"host.name.text":["cyberfortress-ws"],"host.hostname":["Cyberfortress-WS"],"winlog.computer_name":["Cyberfortress-WS.ad.cyberfortress.local"],"winlog.event_data.Update_State":["Search"],"host.mac":["00-0C-29-26-4D-48"],"winlog.event_data.Error_Code":["0x80072ee7"],"winlog.process.pid":[2280],"winlog.event_data.Error_Description":["The server name or address could not be resolved "],"agent.name.text":["Cyberfortress-WS"],"host.os.version":["10.0"],"winlog.record_id":["1052"],"host.os.name":["Windows Server 2022 Standard Evaluation"],"log.level":["error"],"agent.name":["Cyberfortress-WS"],"host.name":["cyberfortress-ws"],"event.agent_id_status":["verified"],"event.kind":["event"],"winlog.event_data.Previous_security_intelligence_Version":["1.439.535.0"],"winlog.event_data.Security_intelligence_Type":["AntiSpyware"],"host.os.type":["windows"],"winlog.event_data.User":["SYSTEM"],"input.type":["winlog"],"winlog.event_data.Update_Type_Index":["1"],"data_stream.type":["logs"],"host.architecture":["x86_64"],"event.provider":["Microsoft-Windows-Windows Defender"],"winlog.event_data.Update_State_Index":["1"],"event.code":["2001"],"agent.id":["03c4f422-68d1-4af6-a27f-a78c18180452"],"ecs.version":["8.17.0"],"winlog.event_data.Product_Name":["Microsoft Defender Antivirus"],"event.created":["2025-11-14T07:42:11.920Z"],"agent.version":["8.17.3"],"host.os.family":["windows"],"winlog.process.thread.id":[2604],"winlog.event_data.Update_Source_Index":["6"],"winlog.event_data.Update_Type":["Full"],"winlog.event_data.SID":["S-1-5-18"],"host.os.build":["20348.587"],"winlog.user.type":["User"],"host.ip":["fe80::7cea:4600:3e1d:57aa","192.168.85.115"],"agent.type":["filebeat"],"event.module":["windows"],"host.os.kernel":["10.0.20348.587 (WinBuild.160101.0800)"],"winlog.api":["wineventlog"],"winlog.event_data.Previous_Engine_Version":["1.1.25090.3001"],"elastic_agent.snapshot":[false],"host.id":["0c4d2910-34d4-4e69-a70d-2a9ff52a073e"],"winlog.user.identifier":["S-1-5-18"],"winlog.task":["None"],"winlog.user.domain":["NT AUTHORITY"],"winlog.event_data.Domain":["NT AUTHORITY"],"winlog.event_data.Security_intelligence_Type_Index":["2"],"elastic_agent.id":["03c4f422-68d1-4af6-a27f-a78c18180452"],"data_stream.namespace":["default"],"message":["Microsoft Defender Antivirus has encountered an error trying to update security intelligence.\n \tNew security intelligence Version: \n \tPrevious security intelligence Version: 1.439.535.0\n \tUpdate Source: Microsoft Malware Protection Center\n \tSecurity intelligence Type: AntiSpyware\n \tUpdate Type: Full\n \tUser: NT AUTHORITY\\SYSTEM\n \tCurrent Engine Version: \n \tPrevious Engine Version: 1.1.25090.3001\n \tError code: 0x80072ee7\n \tError description: The server name or address could not be resolved "],"winlog.event_id":["2001"],"winlog.user.name":["SYSTEM"],"event.action":["None"],"event.ingested":["2025-11-14T07:42:21.000Z"],"@timestamp":["2025-11-14T07:42:10.711Z"],"winlog.channel":["Microsoft-Windows-Windows Defender/Operational"],"host.os.platform":["windows"],"data_stream.dataset":["windows.windows_defender"],"event.type":["info"],"winlog.opcode":["Info"],"agent.ephemeral_id":["be6bd89e-a442-49e6-8b86-b73b15aff26f"],"winlog.event_data.Product_Version":["4.18.25090.3009"],"winlog.event_data.Update_Source":["Microsoft Malware Protection Center"],"event.dataset":["windows.windows_defender"]},"highlight":{"message":["Microsoft Defender @kibana-highlighted-field@Antivirus@/kibana-highlighted-field@ has encountered an error trying to update security intelligence.\n \tNew security intelligence Version: \n \tPrevious security intelligence Version: 1.439.535.0\n \tUpdate Source: Microsoft @kibana-highlighted-field@Malware@/kibana-highlighted-field@ Protection Center\n \tSecurity intelligence Type: AntiSpyware\n \tUpdate Type: Full\n \tUser: NT AUTHORITY\\SYSTEM\n \tCurrent Engine Version: \n \tPrevious Engine Version: 1.1.25090.3001\n \tError code: 0x80072ee7\n \tError description: The server name or address could not be resolved"],"log.level":["@kibana-highlighted-field@error@/kibana-highlighted-field@"]},"sort":["2025-11-14T07:42:10.711Z",4]},