og.event_id":["1000"],"winlog.user.name":["SYSTEM"],"event.action":["None"],"@timestamp":["2025-11-22T07:12:21.082Z"],"winlog.channel":["Microsoft-Windows-Windows Defender/Operational"],"host.os.platform":["windows"],"data_stream.dataset":["windows.windows_defender"],"event.type":["info"],"winlog.opcode":["Info"],"agent.ephemeral_id":["b78cf464-7de2-490c-b768-90f30a814592"],"winlog.event_data.Product_Version":["4.18.25090.3009"],"event.dataset":["windows.windows_defender"]},"highlight":{"message":["<Event xmlns='http://schemas.microsoft.com/win/2004/08/events/event'><System><Provider Name='Microsoft-Windows-Windows Defender' Guid='{11cd958a-c507-4ef3-b3f2-5fd9dfbd2c78}'/><EventID>1000</EventID><Version>0</Version><Level>4</Level><Task>0</Task><Opcode>0</Opcode><Keywords>0x8000000000000000</Keywords><TimeCreated SystemTime='2025-11-22T07:12:21.0828464Z'/><EventRecordID>1203</EventRecordID><Correlation/><Execution ProcessID='2332' ThreadID='4148'/><Channel>Microsoft-Windows-Windows Defender/Operational</Channel><Computer>Cyberfortress-WS.ad.cyberfortress.local</Computer><Security UserID='S-1-5-18'/></System><EventData><Data Name='Product Name'>Microsoft Defender @kibana-highlighted-field@Antivirus@/kibana-highlighted-field@</Data><Data Name='Product Version'>4.18.25090.3009</Data><Data Name='Scan ID'>{6A83D938-D909-4A6A-B03B-E4A4F2E0E6F9}</Data><Data Name='Scan Type Index'>1</Data><Data Name='Scan Type'>@kibana-highlighted-field@Antimalware@/kibana-highlighted-field@</Data><Data Name='Scan Parameters Index'>1</Data><Data Name='Scan Parameters'>Quick Scan</Data><Data Name='Domain'>NT AUTHORITY</Data><Data Name='User'>SYSTEM</Data><Data Name='SID'>S-1-5-18</Data><Data Name='Scan Resources'></Data><Data Name='Scan Trigger Index'>55</Data><Data Name='Scan Trigger'>Scheduled maintenance</Data><Data Name='Scan Only If Idle'>Enabled</Data><Data Name='Low CPU Priority for Scans'>Disabled</Data><Data Name='Thread Priority'>7</Data></EventData><RenderingInfo Culture='en-US'><Message>Microsoft Defender @kibana-highlighted-field@Antivirus@/kibana-highlighted-field@ scan has started.\r\n \tScan ID: {6A83D938-D909-4A6A-B03B-E4A4F2E0E6F9}\r\n \tScan Type: @kibana-highlighted-field@Antimalware@/kibana-highlighted-field@\r\n \tScan Parameters: Quick Scan\r\n \tScan Resources: \r\n  \tUser: NT AUTHORITY\\SYSTEM\r\n \tScan Trigger: Scheduled maintenance\r\n \tScan Only If Idle: Enabled\r\n \tLow CPU Priority for Scans: Disabled\r\n \tThread Priority: 7</Message><Level>Information</Level><Task></Task><Opcode>Info</Opcode><Channel></Channel><Provider>Microsoft-Windows-Windows Defender</Provider><Keywords></Keywords></RenderingInfo></Event>"]},"sort":["2025-11-22T07:12:21.082Z",179]},{"_index":".ds-logs-windows.windows_defender-default-2025.11.14-000004","_id":"7k1pqpoBm5Tam53ozKqz","_version":1,"_score":null,"fields":{"elastic_agent.version":["8.17.3"],"event.category":["configuration"],"host.os.name.text":["Windows Server 2022 Standard Evaluation"],"winlog.provider_guid":["{11cd958a-c507-4ef3-b3f2-5fd9dfbd2c78}"],"winlog.provider_name":["Microsoft-Windows-Windows Defender"],"host.name.text":["cyberfortress-ws"],"host.hostname":["Cyberfortress-WS"],"ml.prediction.model_id":["byviz__bylastic_classification_logs"],"winlog.computer_name":["Cyberfortress-WS.ad.cyberfortress.local"],"host.mac":["00-0C-29-26-4D-48"],"winlog.process.pid":[2332],"agent.name.text":["Cyberfortress-WS"],"host.os.version":["10.0"],"winlog.record_id":["1202"],"host.os.name":["Windows Server 2022 Standard Evaluation"],"log.level":["information"],"agent.name":["Cyberfortress-WS"],"host.name":["cyberfortress-ws"],"event.kind":["event"],"event.original":["<Event xmlns='http://schemas.microsoft.com/win/2004/08/events/event'><System><Provider Name='Microsoft-Windows-Windows Defender' Guid='{11cd958a-c507-4ef3-b3f2-5fd9dfbd2c78}'/><EventID>5007</EventID><Version>0</Version><Level>4</Level><Task>0</Task><Opcode>0</Opcode><Keywords>0x8000000000000000</Keywords><TimeCreated SystemTime='2025-11-22T07:03:23.8787517Z'/><EventRecordID>1202</EventRecordID><Correlation/><Execution ProcessID='2332' ThreadID='2596'/><Channel>Microsoft-Windows-Windows Defender/Operational</Channel><Computer>Cyberfortress-WS.ad.cyberfortress.local</Computer><Security UserID='S-1-5-18'/></System><EventData><Data Name='Product Name'>Microsoft Defender Antivirus</Data><Data Name='Product Version'>4.18.25090.3009</Data><Data Name='Old Value'>HKLM\\SOFTWARE\\Microsoft\\Windows Defender\\SpyNet\\LastMAPSFailureTimeString = 2025-11-21T03:45:43Z</Data><Data Name='New Value'>HKLM\\SOFTWARE\\Microsoft\\Windows Defender\\SpyNet\\LastMAPSFailureTimeString = 2025-11-22T07:03:23Z</Data></EventData><RenderingInfo Culture='en-US'><Message>Microsoft Defender Antivirus Configuration has changed. If this is an unexpected event you should review the settings as this may be the result of malware.\r\n \tOld value: HKLM\\SOFTWARE\\Microsoft\\Windows Defender\\SpyNet\\LastMAPSFailureTimeString = 2025-11-21T03:45:43Z\r\n \tNew value: HKLM\\SOFTWARE\\Microsoft\\Windows Defender\\SpyNet\\LastMAPSFailureTimeString = 2025-11-22T07:03:23Z</Message><Level>Information</Level><Task></Task><Opcode>Info</Opcode><Channel></Channel><Provider>Microsoft-Windows-Windows Defender</Provider><Keywords></Keywords></RenderingInfo></Event>"],"host.os.type":["windows"],"input.type":["winlog"],"data_stream.type":["logs"],"tags":["preserve_original_event"],"host.architecture":["x86_64"],"event.provider":["Microsoft-Windows-Windows Defender"],"event.code":["5007"],"agent.id":["03c4f422-68d1-4af6-a27f-a78c18180452"],"ecs.version":["8.17.0"],"winlog.event_data.Product_Name":["Microsoft Defender Antivirus"],"event.created":["2025-11-22T07:03:25.858Z"],"agent.version":["8.17.3"],"host.os.family":["windows"],"winlog.process.thread.id":[2596],"winlog.event_data.Old_Value":["HKLM\\SOFTWARE\\Microsoft\\Windows Defender\\SpyNet\\LastMAPSFailureTimeString = 2025-11-21T03:45:43Z"],"winlog.event_data.New_Value":["HKLM\\SOFTWARE\\Microsoft\\Windows Defender\\SpyNet\\LastMAPSFailureTimeString = 2025-11-22T07:03:23Z"],"host.os.build":["20348.587"],"winlog.user.type":["User"],"host.ip":["fe80::7cea:4600:3e1d:57aa","192.168.85.115"],"agent.type":["filebeat"],"event.module":["windows"],"host.os.kernel":["10.0.20348.587 (WinBuild.160101.0800)"],"winlog.api":["wineventlog"],"elastic_agent.snapshot":[false],"ml.prediction.predicted_value":["WARNING"],"host.id":["0c4d2910-34d4-4e69-a70d-2a9ff52a073e"],"winlog.user.identifier":["S-1-5-18"],"ml.prediction.is_truncated":[true],"ml.prediction.prediction_probability":[0.65126055],"winlog.task":["None"],"winlog.user.domain":["NT AUTHORITY"],"elastic_agent.id":["03c4f422-68d1-4af6-a27f-a78c18180452"],"data_stream.namespace":["default"],"message":["<Event xmlns='http://schemas.microsoft.com/win/2004/08/events/event'><System><Provider Name='Microsoft-Windows-Windows Defender' Guid='{11cd958a-c507-4ef3-b3f2-5fd9dfbd2c78}'/><EventID>5007</EventID><Version>0</Version><Level>4</Level><Task>0</Task><Opcode>0</Opcode><Keywords>0x8000000000000000</Keywords><TimeCreated SystemTime='2025-11-22T07:03:23.8787517Z'/><EventRecordID>1202</EventRecordID><Correlation/><Execution ProcessID='2332' ThreadID='2596'/><Channel>Microsoft-Windows-Windows Defender/Operational</Channel><Computer>Cyberfortress-WS.ad.cyberfortress.local</Computer><Security UserID='S-1-5-18'/></System><EventData><Data Name='Product Name'>Microsoft Defender Antivirus</Data><Data Name='Product Version'>4.18.25090.3009</Data><Data Name='Old Value'>HKLM\\SOFTWARE\\Microsoft\\Windows Defender\\SpyNet\\LastMAPSFailureTimeString = 2025-11-21T03:45:43Z</Data><Data Name='New Value'>HKLM\\SOFTWARE\\Microsoft\\Windows Defender\\SpyNet\\LastMAPSFailureTimeString = 2025-11-22T07:03:23Z</Data></EventData><RenderingInfo Culture='en-US'><Message>Microsoft Defender Antivirus Configuration has changed. If this is an unexpected event you should review the settings as this may be the result of malware.\r\n \tOld value: HKLM\\SOFTWARE\\Microsoft\\Windows Defender\\SpyNet\\LastMAPSFailureTimeString = 2025-11-21T03:45:43Z\r\n \tNew value: HKLM\\SOFTWARE\\Microsoft\\Windows Defender\\SpyNet\\LastMAPSFailureTimeString = 2025-11-22T07:03:23Z</Message><Level>Information</Level><Task></Task><Opcode>Info</Opcode><Channel></Channel><Provider>Microsoft-Windows-Windows Defender</Provider><Keywords></Keywords></RenderingInfo></Event>"],"winlog.event_id":["5007"],"winlog.user.name":["SYSTEM"],"event.action":["antivirus-configuration-changed"],"@timestamp":["2025-11-22T07:03:23.878Z"],"winlog.channel":["Microsoft-Windows-Windows Defender/Operational"],"host.os.platform":["windows"],"data_stream.dataset":["windows.windows_defender"],"event.type":["change"],"winlog.opcode":["Info"],"agent.ephemeral_id":["b78cf464-7de2-490c-b768-90f30a814592"],"winlog.event_data.Product_Version":["4.18.25090.3009"],"event.dataset":["windows.windows_defender"]},"highlight":{"message":["<Event xmlns='http://schemas.microsoft.com/win/2004/08/events/event'><System><Provider Name='Microsoft-Windows-Windows Defender' Guid='{11cd958a-c507-4ef3-b3f2-5fd9dfbd2c78}'/><EventID>5007</EventID><Version>0</Version><Level>4</Level><Task>0</Task><Opcode>0</Opcode><Keywords>0x8000000000000000</Keywords><TimeCreated SystemTime='2025-11-22T07:03:23.8787517Z'/><EventRecordID>1202</EventRecordID><Correlation/><Execution ProcessID='2332' ThreadID='2596'/><Channel>Microsoft-Windows-Windows Defender/Operational</Channel><Computer>Cyberfortress-WS.ad.cyberfortress.local</Computer><Security UserID='S-1-5-18'/></System><EventData><Data Name='Product Name'>Microsoft Defender @kibana-highlighted-field@Antivirus@/kibana-highlighted-field@</Data><Data Name='Product Version'>4.18.25090.3009</Data><Data Name='Old Value'>HKLM\\SOFTWARE\\Microsoft\\Windows Defender\\SpyNet\\LastMAPSFailureTimeString = 2025-11-21T03:45:43Z</Data><Data Name='New Value'>HKLM\\SOFTWARE\\Microsoft\\Windows Defender\\SpyNet\\LastMAPSFailureTimeString = 2025-11-22T07:03:23Z</Data></EventData><RenderingInfo Culture='en-US'><Message>Microsoft Defender @kibana-highlighted-field@Antivirus@/kibana-highlighted-field@ Configuration has changed. If this is an unexpected event you should review the settings as this may be the result of @kibana-highlighted-field@malware@/kibana-highlighted-field@.\r\n \tOld value: HKLM\\SOFTWARE\\Microsoft\\Windows Defender\\SpyNet\\LastMAPSFailureTimeString = 2025-11-21T03:45:43Z\r\n \tNew value: HKLM\\SOFTWARE\\Microsoft\\Windows Defender\\SpyNet\\LastMAPSFailureTimeString = 2025-11-22T07:03:23Z</Message><Level>Information</Level><Task></Task><Opcode>Info</Opcode><Channel></Channel><Provider>Microsoft-Windows-Windows Defender</Provider><Keywords></Keywords></RenderingInfo></Event>"]},"sort":["2025-11-22T07:03:23.878Z",178]},{"_index":".ds-logs-windows.windows_defender-default-2025.11.14-000004","_id":"1U1nqpoBm5Tam53ooJph","_version":1,"_score":null,"fields":{"elastic_agent.version":["8.17.3"],"event.category":["configuration"],"host.os.name.text":["Windows Server 2022 Standard Evaluation"],"winlog.provider_guid":["{11cd958a-c507-4ef3-b3f2-5fd9dfbd2c78}"],"winlog.provider_name":["Microsoft-Windows-Windows Defender"],"host.name.text":["cyberfortress-ws"],"host.hostname":["Cyberfortress-WS"],"ml.prediction.model_id":["byviz__bylastic_classification_logs"],"winlog.computer_name":["Cyberfortress-WS.ad.cyberfortress.local"],"host.mac":["00-0C-29-26-4D-48"],"winlog.process.pid":[2332],"agent.name.text":["Cyberfortress-WS"],"host.os.version":["10.0"],"winlog.record_id":["1201"],"host.os.name":["Windows Server 2022 Standard Evaluation"],"log.level":["information"],"agent.name":["Cyberfortress-WS"],"host.name":["cyberfortress-ws"],"event.kind":["event"],"event.original":["<Event xmlns='http://schemas.microsoft.com/win/2004/08/events/event'><System><Provider Name='Microsoft-Windows-Windows Defender' Guid='{11cd958a-c507-4ef3-b3f2-5fd9dfbd2c78}'/><EventID>5007</EventID><Version>0</Version><Level>4</Level><Task>0</Task><Opcode>0</Opcode><Keywords>0x8000000000000000</Keywords><TimeCreated SystemTime='2025-11-22T07:02:53.9997806Z'/><EventRecordID>1201</EventRecordID><Correlation/><Execution ProcessID='2332' ThreadID='2612'/><Channel>Microsoft-Windows-Windows Defender/Operational</Channel><Computer>Cyberfortress-WS.ad.cyberfortress.local</Computer><Security UserID='S-1-5-18'/></System><EventData><Data Name='Product Name'>Microsoft Defender Antivirus</Data><Data Name='Product Version'>4.18.25090.3009</Data><Data Name='Old Value'>HKLM\\SOFTWARE\\Microsoft\\Windows Defender\\ServiceStartStates = 0x1</Data><Data Name='New Value'>Default\\ServiceStartStates = 0x0</Data></EventData><RenderingInfo Culture='en-US'><Message>Microsoft Defender Antivirus Configuration has changed. If this is an unexpected event you should review the settings as this may be the result of malware.\r\n \tOld value: HKLM\\SOFTWARE\\Microsoft\\Windows Defender\\ServiceStartStates = 0x1\r\n \tNew value: Default\\ServiceStartStates = 0x0</Message><Level>Information</Level><Task></Task><Opcode>Info</Opcode><Channel></Channel><Provider>Microsoft-Windows-Windows Defender</Provider><Keywords></Keywords></RenderingInfo></Event>"],"host.os.type":["windows"],"input.type":["winlog"],"data_stream.type":["logs"],"tags":["preserve_original_event"],"host.architecture":["x86_64"],"event.provider":["Microsoft-Windows-Windows Defender"],"event.code":["5007"],"agent.id":["03c4f422-68d1-4af6-a27f-a78c18180452"],"ecs.version":["8.17.0"],"winlog.event_data.Product_Name":["Microsoft Defender Antivirus"],"event.created":["2025-11-22T07:02:57.359Z"],"agent.version":["8.17.3"],"host.os.family":["windows"],"winlog.process.thread.id":[2612],"winlog.event_data.Old_Value":["HKLM\\SOFTWARE\\Microsoft\\Windows Defender\\ServiceStartStates = 0x1"],"winlog.event_data.New_Value":["Default\\ServiceStartStates = 0x0"],"host.os.build":["20348.587"],"winlog.user.type":["User"],"host.ip":["fe80::7cea:4600:3e1d:57aa","192.168.85.115"],"agent.type":["filebeat"],"event.module":["windows"],"host.os.kernel":["10.0.20348.587 (WinBuild.160101.0800)"],"winlog.api":["wineventlog"],"elastic_agent.snapshot":[false],"ml.prediction.predicted_value":["WARNING"],"host.id":["0c4d2910-34d4-4e69-a70d-2a9ff52a073e"],"winlog.user.identifier":["S-1-5-18"],"ml.prediction.is_truncated":[true],"ml.prediction.prediction_probability":[0.6622279],"winlog.task":["None"],"winlog.user.domain":["NT AUTHORITY"],"elastic_agent.id":["03c4f422-68d1-4af6-a27f-a78c18180452"],"data_stream.namespace":["default"],"message":["<Event xmlns='http://schemas.microsoft.com/win/2004/08/events/event'><System><Provider Name='Microsoft-Windows-Windows Defender' Guid='{11cd958a-c507-4ef3-b3f2-5fd9dfbd2c78}'/><EventID>5007</EventID><Version>0</Version><Level>4</Level><Task>0</Task><Opcode>0</Opcode><Keywords>0x8000000000000000</Keywords><TimeCreated SystemTime='2025-11-22T07:02:53.9997806Z'/><EventRecordID>1201</EventRecordID><Correlation/><Execution ProcessID='2332' ThreadID='2612'/><Channel>Microsoft-Windows-Windows Defender/Operational</Channel><Computer>Cyberfortress-WS.ad.cyberfortress.local</Computer><Security UserID='S-1-5-18'/></System><EventData><Data Name='Product Name'>Microsoft Defender Antivirus</Data><Data Name='Product Version'>4.18.25090.3009</Data><Data Name='Old Value'>HKLM\\SOFTWARE\\Microsoft\\Windows Defender\\ServiceStartStates = 0x1</Data><Data Name='New Value'>Default\\ServiceStartStates = 0x0</Data></EventData><RenderingInfo Culture='en-US'><Message>Microsoft Defender Antivirus Configuration has changed. If this is an unexpected event you should review the settings as this may be the result of malware.\r\n \tOld value: HKLM\\SOFTWARE\\Microsoft\\Windows Defender\\ServiceStartStates = 0x1\r\n \tNew value: Default\\ServiceStartStates = 0x0</Message><Level>Information</Level><Task></Task><Opcode>Info</Opcode><Channel></Channel><Provider>Microsoft-Windows-Windows Defender</Provider><Keywords></Keywords></RenderingInfo></Event>"],"winlog.event_id":["5007"],"winlog.user.name":["SYSTEM"],"event.action":["antivirus-configuration-changed"],"@timestamp":["2025-11-22T07:02:53.999Z"],"winlog.channel":["Microsoft-Windows-Windows Defender/Operational"],"host.os.platform":["windows"],"data_stream.dataset":["windows.windows_defender"],"event.type":["change"],"winlog.opcode":["Info"],"agent.ephemeral_id":["b78cf464-7de2-490c-b768-90f30a814592"],"winlog.event_data.Product_Version":["4.18.25090.3009"],"event.dataset":["windows.windows_defender"]},"highlight":{"message":["<Event xmlns='http://schemas.microsoft.com/win/2004/08/events/event'><System><Provider Name='Microsoft-Windows-Windows Defender' Guid='{11cd958a-c507-4ef3-b3f2-5fd9dfbd2c78}'/><EventID>5007</EventID><Version>0</Version><Level>4</Level><Task>0</Task><Opcode>0</Opcode><Keywords>0x8000000000000000</Keywords><TimeCreated SystemTime='2025-11-22T07:02:53.9997806Z'/><EventRecordID>1201</EventRecordID><Correlation/><Execution ProcessID='2332' ThreadID='2612'/><Channel>Microsoft-Windows-Windows Defender/Operational</Channel><Computer>Cyberfortress-WS.ad.cyberfortress.local</Computer><Security UserID='S-1-5-18'/></System><EventData><Data Name='Product Name'>Microsoft Defender @kibana-highlighted-field@Antivirus@/kibana-highlighted-field@</Data><Data Name='Product Version'>4.18.25090.3009</Data><Data Name='Old Value'>HKLM\\SOFTWARE\\Microsoft\\Windows Defender\\ServiceStartStates = 0x1</Data><Data Name='New Value'>Default\\ServiceStartStates = 0x0</Data></EventData><RenderingInfo Culture='en-US'><Message>Microsoft Defender @kibana-highlighted-field@Antivirus@/kibana-highlighted-field@ Configuration has changed. If this is an unexpected event you should review the settings as this may be the result of @kibana-highlighted-field@malware@/kibana-highlighted-field@.\r\n \tOld value: HKLM\\SOFTWARE\\Microsoft\\Windows Defender\\ServiceStartStates = 0x1\r\n \tNew value: Default\\ServiceStartStates = 0x0</Message><Level>Information</Level><Task></Task><Opcode>Info</Opcode><Channel></Channel><Provider>Microsoft-Windows-Windows Defender</Provider><Keywords></Keywords></RenderingInfo></Event>"]},"sort":["2025-11-22T07:02:53.999Z",177]},{"_index":".ds-logs-windows.windows_defender-default-2025.11.14-000004","_id":"VE1nqpoBm5Tam53oL5XZ","_version":1,"_score":null,"fields":{"elastic_agent.version":["8.17.3"],"event.category":["configuration"],"host.os.name.text":["Windows Server 2022 Standard Evaluation"],"winlog.provider_guid":["{11cd958a-c507-4ef3-b3f2-5fd9dfbd2c78}"],"winlog.provider_name":["Microsoft-Windows-Windows Defender"],"host.name.text":["cyberfortress-ws"],"host.hostname":["Cyberfortress-WS"],"ml.prediction.model_id":["byviz__bylastic_classification_logs"],"winlog.computer_name":["Cyberfortress-WS.ad.cyberfortress.local"],"host.mac":["00-0C-29-26-4D-48"],"winlog.process.pid":[2332],"agent.name.text":["Cyberfortress-WS"],"host.os.version":["10.0"],"winlog.record_id":["1201"],"host.os.name":["Windows Server 2022 Standard Evaluation"],"log.level":["information"],"agent.name":["Cyberfortress-WS"],"host.name":["cyberfortress-ws"],"event.kind":["event"],"event.original":["<Event xmlns='http://schemas.microsoft.com/win/2004/08/events/event'><System><Provider Name='Microsoft-Windows-Windows Defender' Guid='{11cd958a-c507-4ef3-b3f2-5fd9dfbd2c78}'/><EventID>5007</EventID><Version>0</Version><Level>4</Level><Task>0</Task><Opcode>0</Opcode><Keywords>0x8000000000000000</Keywords><TimeCreated SystemTime='2025-11-22T07:02:53.9997806Z'/><EventRecordID>1201</EventRecordID><Correlation/><Execution ProcessID='2332' ThreadID='2612'/><Channel>Microsoft-Windows-Windows Defender/Operational</Channel><Computer>Cyberfortress-WS.ad.cyberfortress.local</Computer><Security UserID='S-1-5-18'/></System><EventData><Data Name='Product Name'>Microsoft Defender Antivirus</Data><Data Name='Product Version'>4.18.25090.3009</Data><Data Name='Old Value'>HKLM\\SOFTWARE\\Microsoft\\Windows Defender\\ServiceStartStates = 0x1</Data><Data Name='New Value'>Default\\ServiceStartStates = 0x0</Data></EventData><RenderingInfo Culture='en-US'><Message>Microsoft Defender Antivirus Configuration has changed. If this is an unexpected event you should review the settings as this may be the result of malware.\r\n \tOld value: HKLM\\SOFTWARE\\Microsoft\\Windows Defender\\ServiceStartStates = 0x1\r\n \tNew value: Default\\ServiceStartStates = 0x0</Message><Level>Information</Level><Task></Task><Opcode>Info</Opcode><Channel></Channel><Provider>Microsoft-Windows-Windows Defender</Provider><Keywords></Keywords></RenderingInfo></Event>"],"host.os.type":["windows"],"input.type":["winlog"],"data_stream.type":["logs"],"tags":["preserve_original_event"],"host.architecture":["x86_64"],"event.provider":["Microsoft-Windows-Windows Defender"],"event.code":["5007"],"agent.id":["03c4f422-68d1-4af6-a27f-a78c18180452"],"ecs.version":["8.17.0"],"winlog.event_data.Product_Name":["Microsoft Defender Antivirus"],"event.created":["2025-11-22T07:02:57.359Z"],"agent.version":["8.17.3"],"host.os.family":["windows"],"winlog.process.thread.id":[2612],"winlog.event_data.Old_Value":["HKLM\\SOFTWARE\\Microsoft\\Windows Defender\\ServiceStartStates = 0x1"],"winlog.event_data.New_Value":["Default\\ServiceStartStates = 0x0"],"host.os.build":["20348.587"],"winlog.user.type":["User"],"host.ip":["fe80::7cea:4600:3e1d:57aa","192.168.85.115"],"agent.type":["filebeat"],"event.module":["windows"],"host.os.kernel":["10.0.20348.587 (WinBuild.160101.0800)"],"winlog.api":["wineventlog"],"elastic_agent.snapshot":[false],"ml.prediction.predicted_value":["WARNING"],"host.id":["0c4d2910-34d4-4e69-a70d-2a9ff52a073e"],"winlog.user.identifier":["S-1-5-18"],"ml.prediction.is_truncated":[true],"ml.prediction.prediction_probability":[0.6622279],"winlog.task":["None"],"winlog.user.domain":["NT AUTHORITY"],"elastic_agent.id":["03c4f422-68d1-4af6-a27f-a78c18180452"],"data_stream.namespace":["default"],"message":["<Event xmlns='http://schemas.microsoft.com/win/2004/08/events/event'><System><Provider Name='Microsoft-Windows-Windows Defender' Guid='{11cd958a-c507-4ef3-b3f2-5fd9dfbd2c78}'/><EventID>5007</EventID><Version>0</Version><Level>4</Level><Task>0</Task><Opcode>0</Opcode><Keywords>0x8000000000000000</Keywords><TimeCreated SystemTime='2025-11-22T07:02:53.9997806Z'/><EventRecordID>1201</EventRecordID><Correlation/><Execution ProcessID='2332' ThreadID='2612'/><Channel>Microsoft-Windows-Windows Defender/Operational</Channel><Computer>Cyberfortress-WS.ad.cyberfortress.local</Computer><Security UserID='S-1-5-18'/></System><EventData><Data Name='Product Name'>Microsoft Defender Antivirus</Data><Data Name='Product Version'>4.18.25090.3009</Data><Data Name='Old Value'>HKLM\\SOFTWARE\\Microsoft\\Windows Defender\\ServiceStartStates = 0x1</Data><Data Name='New Value'>Default\\ServiceStartStates = 0x0</Data></EventData><RenderingInfo Culture='en-US'><Message>Microsoft Defender Antivirus Configuration has changed. If this is an unexpected event you should review the settings as this may be the result of malware.\r\n \tOld value: HKLM\\SOFTWARE\\Microsoft\\Windows Defender\\ServiceStartStates = 0x1\r\n \tNew value: Default\\ServiceStartStates = 0x0</Message><Level>Information</Level><Task></Task><Opcode>Info</Opcode><Channel></Channel><Provider>Microsoft-Windows-Windows Defender</Provider><Keywords></Keywords></RenderingInfo></Event>"],"winlog.event_id":["5007"],"winlog.user.name":["SYSTEM"],"event.action":["antivirus-configuration-changed"],"@timestamp":["2025-11-22T07:02:53.999Z"],"winlog.channel":["Microsoft-Windows-Windows Defender/Operational"],"host.os.platform":["windows"],"data_stream.dataset":["windows.windows_defender"],"event.type":["change"],"winlog.opcode":["Info"],"agent.ephemeral_id":["b78cf464-7de2-490c-b768-90f30a814592"],"winlog.event_data.Product_Version":["4.18.25090.3009"],"event.dataset":["windows.windows_defender"]},"highlight":{"message":["<Event xmlns='http://schemas.microsoft.com/win/2004/08/events/event'><System><Provider Name='Microsoft-Windows-Windows Defender' Guid='{11cd958a-c507-4ef3-b3f2-5fd9dfbd2c78}'/><EventID>5007</EventID><Version>0</Version><Level>4</Level><Task>0</Task><Opcode>0</Opcode><Keywords>0x8000000000000000</Keywords><TimeCreated SystemTime='2025-11-22T07:02:53.9997806Z'/><EventRecordID>1201</EventRecordID><Correlation/><Execution ProcessID='2332' ThreadID='2612'/><Channel>Microsoft-Windows-Windows Defender/Operational</Channel><Computer>Cyberfortress-WS.ad.cyberfortress.local</Computer><Security UserID='S-1-5-18'/></System><EventData><Data Name='Product Name'>Microsoft Defender @kibana-highlighted-field@Antivirus@/kibana-highlighted-field@</Data><Data Name='Product Version'>4.18.25090.3009</Data><Data Name='Old Value'>HKLM\\SOFTWARE\\Microsoft\\Windows Defender\\ServiceStartStates = 0x1</Data><Data Name='New Value'>Default\\ServiceStartStates = 0x0</Data></EventData><RenderingInfo Culture='en-US'><Message>Microsoft Defender @kibana-highlighted-field@Antivirus@/kibana-highlighted-field@ Configuration has changed. If this is an unexpected event you should review the settings as this may be the result of @kibana-highlighted-field@malware@/kibana-highlighted-field@.\r\n \tOld value: HKLM\\SOFTWARE\\Microsoft\\Windows Defender\\ServiceStartStates = 0x1\r\n \tNew value: Default\\ServiceStartStates = 0x0</Message><Level>Information</Level><Task></Task><Opcode>Info</Opcode><Channel></Channel><Provider>Microsoft-Windows-Windows Defender</Provider><Keywords></Keywords></RenderingInfo></Event>"]},"sort":["2025-11-22T07:02:53.999Z",163]},{"_index":".ds-logs-windows.windows_defender-default-2025.11.14-000004","_id":"2E1lqpoBm5Tam53oJIQZ","_version":1,"_score":null,"fields":{"elastic_agent.version":["8.17.3"],"event.category":["configuration"],"host.os.name.text":["Windows Server 2022 Standard Evaluation"],"winlog.provider_guid":["{11cd958a-c507-4ef3-b3f2-5fd9dfbd2c78}"],"winlog.provider_name":["Microsoft-Windows-Windows Defender"],"host.name.text":["cyberfortress-ws"],"host.hostname":["Cyberfortress-WS"],"ml.prediction.model_id":["byviz__bylastic_classification_logs"],"winlog.computer_name":["Cyberfortress-WS.ad.cyberfortress.local"],"host.mac":["00-0C-29-26-4D-48"],"winlog.process.pid":[2332],"agent.name.text":["Cyberfortress-WS"],"host.os.version":["10.0"],"winlog.record_id":["1201"],"host.os.name":["Windows Server 2022 Standard Evaluation"],"log.level":["information"],"agent.name":["Cyberfortress-WS"],"host.name":["cyberfortress-ws"],"event.kind":["event"],"event.original":["<Event xmlns='http://schemas.microsoft.com/win/2004/08/events/event'><System><Provider Name='Microsoft-Windows-Windows Defender' Guid='{11cd958a-c507-4ef3-b3f2-5fd9dfbd2c78}'/><EventID>5007</EventID><Version>0</Version><Level>4</Level><Task>0</Task><Opcode>0</Opcode><Keywords>0x8000000000000000</Keywords><TimeCreated SystemTime='2025-11-22T07:02:53.9997806Z'/><EventRecordID>1201</EventRecordID><Correlation/><Execution ProcessID='2332' ThreadID='2612'/><Channel>Microsoft-Windows-Windows Defender/Operational</Channel><Computer>Cyberfortress-WS.ad.cyberfortress.local</Computer><Security UserID='S-1-5-18'/></System><EventData><Data Name='Product Name'>Microsoft Defender Antivirus</Data><Data Name='Product Version'>4.18.25090.3009</Data><Data Name='Old Value'>HKLM\\SOFTWARE\\Microsoft\\Windows Defender\\ServiceStartStates = 0x1</Data><Data Name='New Value'>Default\\ServiceStartStates = 0x0</Data></EventData><RenderingInfo Culture='en-US'><Message>Microsoft Defender Antivirus Configuration has changed. If this is an unexpected event you should review the settings as this may be the result of malware.\r\n \tOld value: HKLM\\SOFTWARE\\Microsoft\\Windows Defender\\ServiceStartStates = 0x1\r\n \tNew value: Default\\ServiceStartStates = 0x0</Message><Level>Information</Level><Task></Task><Opcode>Info</Opcode><Channel></Channel><Provider>Microsoft-Windows-Windows Defender</Provider><Keywords></Keywords></RenderingInfo></Event>"],"host.os.type":["windows"],"input.type":["winlog"],"data_stream.type":["logs"],"tags":["preserve_original_event"],"host.architecture":["x86_64"],"event.provider":["Microsoft-Windows-Windows Defender"],"event.code":["5007"],"agent.id":["03c4f422-68d1-4af6-a27f-a78c18180452"],"ecs.version":["8.17.0"],"winlog.event_data.Product_Name":["Microsoft Defender Antivirus"],"event.created":["2025-11-22T07:02:57.359Z"],"agent.version":["8.17.3"],"host.os.family":["windows"],"winlog.process.thread.id":[2612],"winlog.event_data.Old_Value":["HKLM\\SOFTWARE\\Microsoft\\Windows Defender\\ServiceStartStates = 0x1"],"winlog.event_data.New_Value":["Default\\ServiceStartStates = 0x0"],"host.os.build":["20348.587"],"winlog.user.type":["User"],"host.ip":["fe80::7cea:4600:3e1d:57aa","192.168.85.115"],"agent.type":["filebeat"],"event.module":["windows"],"host.os.kernel":["10.0.20348.587 (WinBuild.160101.0800)"],"winlog.api":["wineventlog"],"elastic_agent.snapshot":[false],"ml.prediction.predicted_value":["WARNING"],"host.id":["0c4d2910-34d4-4e69-a70d-2a9ff52a073e"],"winlog.user.identifier":["S-1-5-18"],"ml.prediction.is_truncated":[true],"ml.prediction.prediction_probability":[0.6622279],"winlog.task":["None"],"winlog.user.domain":["NT AUTHORITY"],"elastic_agent.id":["03c4f422-68d1-4af6-a27f-a78c18180452"],"data_stream.namespace":["default"],"message":["<Event xmlns='http://schemas.microsoft.com/win/2004/08/events/event'><System><Provider Name='Microsoft-Windows-Windows Defender' Guid='{11cd958a-c507-4ef3-b3f2-5fd9dfbd2c78}'/><EventID>5007</EventID><Version>0</Version><Level>4</Level><Task>0</Task><Opcode>0</Opcode><Keywords>0x8000000000000000</Keywords><TimeCreated SystemTime='2025-11-22T07:02:53.9997806Z'/><EventRecordID>1201</EventRecordID><Correlation/><Execution ProcessID='2332' ThreadID='2612'/><Channel>Microsoft-Windows-Windows Defender/Operational</Channel><Computer>Cyberfortress-WS.ad.cyberfortress.local</Computer><Security UserID='S-1-5-18'/></System><EventData><Data Name='Product Name'>Microsoft Defender Antivirus</Data><Data Name='Product Version'>4.18.25090.3009</Data><Data Name='Old Value'>HKLM\\SOFTWARE\\Microsoft\\Windows Defender\\ServiceStartStates = 0x1</Data><Data Name='New Value'>Default\\ServiceStartStates = 0x0</Data></EventData><RenderingInfo Culture='en-US'><Message>Microsoft Defender Antivirus Configuration has changed. If this is an unexpected event you should review the settings as this may be the result of malware.\r\n \tOld value: HKLM\\SOFTWARE\\Microsoft\\Windows Defender\\ServiceStartStates = 0x1\r\n \tNew value: Default\\ServiceStartStates = 0x0</Message><Level>Information</Level><Task></Task><Opcode>Info</Opcode><Channel></Channel><Provider>Microsoft-Windows-Windows Defender</Provider><Keywords></Keywords></RenderingInfo></Event>"],"winlog.event_id":["5007"],"winlog.user.name":["SYSTEM"],"event.action":["antivirus-configuration-changed"],"@timestamp":["2025-11-22T07:02:53.999Z"],"winlog.channel":["Microsoft-Windows-Windows Defender/Operational"],"host.os.platform":["windows"],"data_stream.dataset":["windows.windows_defender"],"event.type":["change"],"winlog.opcode":["Info"],"agent.ephemeral_id":["b78cf464-7de2-490c-b768-90f30a814592"],"winlog.event_data.Product_Version":["4.18.25090.3009"],"event.dataset":["windows.windows_defender"]},"highlight":{"message":["<Event xmlns='http://schemas.microsoft.com/win/2004/08/events/event'><System><Provider Name='Microsoft-Windows-Windows Defender' Guid='{11cd958a-c507-4ef3-b3f2-5fd9dfbd2c78}'/><EventID>5007</EventID><Version>0</Version><Level>4</Level><Task>0</Task><Opcode>0</Opcode><Keywords>0x8000000000000000</Keywords><TimeCreated SystemTime='2025-11-22T07:02:53.9997806Z'/><EventRecordID>1201</EventRecordID><Correlation/><Execution ProcessID='2332' ThreadID='2612'/><Channel>Microsoft-Windows-Windows Defender/Operational</Channel><Computer>Cyberfortress-WS.ad.cyberfortress.local</Computer><Security UserID='S-1-5-18'/></System><EventData><Data Name='Product Name'>Microsoft Defender @kibana-highlighted-field@Antivirus@/kibana-highlighted-field@</Data><Data Name='Product Version'>4.18.25090.3009</Data><Data Name='Old Value'>HKLM\\SOFTWARE\\Microsoft\\Windows Defender\\ServiceStartStates = 0x1</Data><Data Name='New Value'>Default\\ServiceStartStates = 0x0</Data></EventData><RenderingInfo Culture='en-US'><Message>Microsoft Defender @kibana-highlighted-field@Antivirus@/kibana-highlighted-field@ Configuration has changed. If this is an unexpected event you should review the settings as this may be the result of @kibana-highlighted-field@malware@/kibana-highlighted-field@.\r\n \tOld value: HKLM\\SOFTWARE\\Microsoft\\Windows Defender\\ServiceStartStates = 0x1\r\n \tNew value: Default\\ServiceStartStates = 0x0</Message><Level>Information</Level><Task></Task><Opcode>Info</Opcode><Channel></Channel><Provider>Microsoft-Windows-Windows Defender</Provider><Keywords></Keywords></RenderingInfo></Event>"]},"sort":["2025-11-22T07:02:53.999Z",149]},{"_index":".ds-logs-windows.windows_defender-default-2025.11.14-000004","_id":"1E1nqpoBm5Tam53ooJph","_version":1,"_score":null,"fields":{"elastic_agent.version":["8.17.3"],"event.category":["configuration"],"host.os.name.text":["Windows Server 2022 Standard Evaluation"],"winlog.provider_guid":["{11cd958a-c507-4ef3-b3f2-5fd9dfbd2c78}"],"winlog.provider_name":["Microsoft-Windows-Windows Defender"],"host.name.text":["cyberfortress-ws"],"host.hostname":["Cyberfortress-WS"],"ml.prediction.model_id":["byviz__bylastic_classification_logs"],"winlog.computer_name":["Cyberfortress-WS.ad.cyberfortress.local"],"host.mac":["00-0C-29-26-4D-48"],"winlog.process.pid":[2332],"agent.name.text":["Cyberfortress-WS"],"host.os.version":["10.0"],"winlog.record_id":["1200"],"host.os.name":["Windows Server 2022 Standard Evaluation"],"log.level":["information"],"agent.name":["Cyberfortress-WS"],"host.name":["cyberfortress-ws"],"event.kind":["event"],"event.original":["<Event xmlns='http://schemas.microsoft.com/win/2004/08/events/event'><System><Provider Name='Microsoft-Windows-Windows Defender' Guid='{11cd958a-c507-4ef3-b3f2-5fd9dfbd2c78}'/><EventID>5007</EventID><Version>0</Version><Level>4</Level><Task>0</Task><Opcode>0</Opcode><Keywords>0x8000000000000000</Keywords><TimeCreated SystemTime='2025-11-22T07:02:50.8464627Z'/><EventRecordID>1200</EventRecordID><Correlation/><Execution ProcessID='2332' ThreadID='4804'/><Channel>Microsoft-Windows-Windows Defender/Operational</Channel><Computer>Cyberfortress-WS.ad.cyberfortress.local</Computer><Security UserID='S-1-5-18'/></System><EventData><Data Name='Product Name'>Microsoft Defender Antivirus</Data><Data Name='Product Version'>4.18.25090.3009</Data><Data Name='Old Value'>HKLM\\SOFTWARE\\Microsoft\\Windows Defender\\Diagnostics\\InitializingComponentProgress = RefreshFeatureStatus</Data><Data Name='New Value'>HKLM\\SOFTWARE\\Microsoft\\Windows Defender\\Diagnostics\\InitializingComponentProgress = ServiceStartedSuccessfully</Data></EventData><RenderingInfo Culture='en-US'><Message>Microsoft Defender Antivirus Configuration has changed. If this is an unexpected event you should review the settings as this may be the result of malware.\r\n \tOld value: HKLM\\SOFTWARE\\Microsoft\\Windows Defender\\Diagnostics\\InitializingComponentProgress = RefreshFeatureStatus\r\n \tNew value: HKLM\\SOFTWARE\\Microsoft\\Windows Defender\\Diagnostics\\InitializingComponentProgress = ServiceStartedSuccessfully</Message><Level>Information</Level><Task></Task><Opcode>Info</Opcode><Channel></Channel><Provider>Microsoft-Windows-Windows Defender</Provider><Keywords></Keywords></RenderingInfo></Event>"],"host.os.type":["windows"],"input.type":["winlog"],"data_stream.type":["logs"],"tags":["preserve_original_event"],"host.architecture":["x86_64"],"event.provider":["Microsoft-Windows-Windows Defender"],"event.code":["5007"],"agent.id":["03c4f422-68d1-4af6-a27f-a78c18180452"],"ecs.version":["8.17.0"],"winlog.event_data.Product_Name":["Microsoft Defender Antivirus"],"event.created":["2025-11-22T07:02:57.359Z"],"agent.version":["8.17.3"],"host.os.family":["windows"],"winlog.process.thread.id":[4804],"winlog.event_data.Old_Value":["HKLM\\SOFTWARE\\Microsoft\\Windows Defender\\Diagnostics\\InitializingComponentProgress = RefreshFeatureStatus"],"winlog.event_data.New_Value":["HKLM\\SOFTWARE\\Microsoft\\Windows Defender\\Diagnostics\\InitializingComponentProgress = ServiceStartedSuccessfully"],"host.os.build":["20348.587"],"winlog.user.type":["User"],"host.ip":["fe80::7cea:4600:3e1d:57aa","192.168.85.115"],"agent.type":["filebeat"],"event.module":["windows"],"host.os.kernel":["10.0.20348.587 (WinBuild.160101.0800)"],"winlog.api":["wineventlog"],"elastic_agent.snapshot":[false],"ml.prediction.predicted_value":["WARNING"],"host.id":["0c4d2910-34d4-4e69-a70d-2a9ff52a073e"],"winlog.user.identifier":["S-1-5-18"],"ml.prediction.is_truncated":[true],"ml.prediction.prediction_probability":[0.6214076],"winlog.task":["None"],"winlog.user.domain":["NT AUTHORITY"],"elastic_agent.id":["03c4f422-68d1-4af6-a27f-a78c18180452"],"data_stream.namespace":["default"],"message":["<Event xmlns='http://schemas.microsoft.com/win/2004/08/events/event'><System><Provider Name='Microsoft-Windows-Windows Defender' Guid='{11cd958a-c507-4ef3-b3f2-5fd9dfbd2c78}'/><EventID>5007</EventID><Version>0</Version><Level>4</Level><Task>0</Task><Opcode>0</Opcode><Keywords>0x8000000000000000</Keywords><TimeCreated SystemTime='2025-11-22T07:02:50.8464627Z'/><EventRecordID>1200</EventRecordID><Correlation/><Execution ProcessID='2332' ThreadID='4804'/><Channel>Microsoft-Windows-Windows Defender/Operational</Channel><Computer>Cyberfortress-WS.ad.cyberfortress.local</Computer><Security UserID='S-1-5-18'/></System><EventData><Data Name='Product Name'>Microsoft Defender Antivirus</Data><Data Name='Product Version'>4.18.25090.3009</Data><Data Name='Old Value'>HKLM\\SOFTWARE\\Microsoft\\Windows Defender\\Diagnostics\\InitializingComponentProgress = RefreshFeatureStatus</Data><Data Name='New Value'>HKLM\\SOFTWARE\\Microsoft\\Windows Defender\\Diagnostics\\InitializingComponentProgress = ServiceStartedSuccessfully</Data></EventData><RenderingInfo Culture='en-US'><Message>Microsoft Defender Antivirus Configuration has changed. If this is an unexpected event you should review the settings as this may be the result of malware.\r\n \tOld value: HKLM\\SOFTWARE\\Microsoft\\Windows Defender\\Diagnostics\\InitializingComponentProgress = RefreshFeatureStatus\r\n \tNew value: HKLM\\SOFTWARE\\Microsoft\\Windows Defender\\Diagnostics\\InitializingComponentProgress = ServiceStartedSuccessfully</Message><Level>Information</Level><Task></Task><Opcode>Info</Opcode><Channel></Channel><Provider>Microsoft-Windows-Windows Defender</Provider><Keywords></Keywords></RenderingInfo></Event>"],"winlog.event_id":["5007"],"winlog.user.name":["SYSTEM"],"event.action":["antivirus-configuration-changed"],"@timestamp":["2025-11-22T07:02:50.846Z"],"winlog.channel":["Microsoft-Windows-Windows Defender/Operational"],"host.os.platform":["windows"],"data_stream.dataset":["windows.windows_defender"],"event.type":["change"],"winlog.opcode":["Info"],"agent.ephemeral_id":["b78cf464-7de2-490c-b768-90f30a814592"],"winlog.event_data.Product_Version":["4.18.25090.3009"],"event.dataset":["windows.windows_defender"]},"highlight":{"message":["<Event xmlns='http://schemas.microsoft.com/win/2004/08/events/event'><System><Provider Name='Microsoft-Windows-Windows Defender' Guid='{11cd958a-c507-4ef3-b3f2-5fd9dfbd2c78}'/><EventID>5007</EventID><Version>0</Version><Level>4</Level><Task>0</Task><Opcode>0</Opcode><Keywords>0x8000000000000000</Keywords><TimeCreated SystemTime='2025-11-22T07:02:50.8464627Z'/><EventRecordID>1200</EventRecordID><Correlation/><Execution ProcessID='2332' ThreadID='4804'/><Channel>Microsoft-Windows-Windows Defender/Operational</Channel><Computer>Cyberfortress-WS.ad.cyberfortress.local</Computer><Security UserID='S-1-5-18'/></System><EventData><Data Name='Product Name'>Microsoft Defender @kibana-highlighted-field@Antivirus@/kibana-highlighted-field@</Data><Data Name='Product Version'>4.18.25090.3009</Data><Data Name='Old Value'>HKLM\\SOFTWARE\\Microsoft\\Windows Defender\\Diagnostics\\InitializingComponentProgress = RefreshFeatureStatus</Data><Data Name='New Value'>HKLM\\SOFTWARE\\Microsoft\\Windows Defender\\Diagnostics\\InitializingComponentProgress = ServiceStartedSuccessfully</Data></EventData><RenderingInfo Culture='en-US'><Message>Microsoft Defender @kibana-highlighted-field@Antivirus@/kibana-highlighted-field@ Configuration has changed. If this is an unexpected event you should review the settings as this may be the result of @kibana-highlighted-field@malware@/kibana-highlighted-field@.\r\n \tOld value: HKLM\\SOFTWARE\\Microsoft\\Windows Defender\\Diagnostics\\InitializingComponentProgress = RefreshFeatureStatus\r\n \tNew value: HKLM\\SOFTWARE\\Microsoft\\Windows Defender\\Diagnostics\\InitializingComponentProgress = ServiceStartedSuccessfully</Message><Level>Information</Level><Task></Task><Opcode>Info</Opcode><Channel></Channel><Provider>Microsoft-Windows-Windows Defender</Provider><Keywords></Keywords></RenderingInfo></Event>"]},"sort":["2025-11-22T07:02:50.846Z",176]},{"_index":".ds-logs-windows.windows_defender-default-2025.11.14-000004","_id":"U01nqpoBm5Tam53oL5XZ","_version":1,"_score":null,"fields":{"elastic_agent.version":["8.17.3"],"event.category":["configuration"],"host.os.name.text":["Windows Server 2022 Standard Evaluation"],"winlog.provider_guid":["{11cd958a-c507-4ef3-b3f2-5fd9dfbd2c78}"],"winlog.provider_name":["Microsoft-Windows-Windows Defender"],"host.name.text":["cyberfortress-ws"],"host.hostname":["Cyberfortress-WS"],"ml.prediction.model_id":["byviz__bylastic_classification_logs"],"winlog.computer_name":["Cyberfortress-WS.ad.cyberfortress.local"],"host.mac":["00-0C-29-26-4D-48"],"winlog.process.pid":[2332],"agent.name.text":["Cyberfortress-WS"],"host.os.version":["10.0"],"winlog.record_id":["1200"],"host.os.name":["Windows Server 2022 Standard Evaluation"],"log.level":["information"],"agent.name":["Cyberfortress-WS"],"host.name":["cyberfortress-ws"],"event.kind":["event"],"event.original":["<Event xmlns='http://schemas.microsoft.com/win/2004/08/events/event'><System><Provider Name='Microsoft-Windows-Windows Defender' Guid='{11cd958a-c507-4ef3-b3f2-5fd9dfbd2c78}'/><EventID>5007</EventID><Version>0</Version><Level>4</Level><Task>0</Task><Opcode>0</Opcode><Keywords>0x8000000000000000</Keywords><TimeCreated SystemTime='2025-11-22T07:02:50.8464627Z'/><EventRecordID>1200</EventRecordID><Correlation/><Execution ProcessID='2332' ThreadID='4804'/><Channel>Microsoft-Windows-Windows Defender/Operational</Channel><Computer>Cyberfortress-WS.ad.cyberfortress.local</Computer><Security UserID='S-1-5-18'/></System><EventData><Data Name='Product Name'>Microsoft Defender Antivirus</Data><Data Name='Product Version'>4.18.25090.3009</Data><Data Name='Old Value'>HKLM\\SOFTWARE\\Microsoft\\Windows Defender\\Diagnostics\\InitializingComponentProgress = RefreshFeatureStatus</Data><Data Name='New Value'>HKLM\\SOFTWARE\\Microsoft\\Windows Defender\\Diagnostics\\InitializingComponentProgress = ServiceStartedSuccessfully</Data></EventData><RenderingInfo Culture='en-US'><Message>Microsoft Defender Antivirus Configuration has changed. If this is an unexpected event you should review the settings as this may be the result of malware.\r\n \tOld value: HKLM\\SOFTWARE\\Microsoft\\Windows Defender\\Diagnostics\\InitializingComponentProgress = RefreshFeatureStatus\r\n \tNew value: HKLM\\SOFTWARE\\Microsoft\\Windows Defender\\Diagnostics\\InitializingComponentProgress = ServiceStartedSuccessfully</Message><Level>Information</Level><Task></Task><Opcode>Info</Opcode><Channel></Channel><Provider>Microsoft-Windows-Windows Defender</Provider><Keywords></Keywords></RenderingInfo></Event>"],"host.os.type":["windows"],"input.type":["winlog"],"data_stream.type":["logs"],"tags":["preserve_original_event"],"host.architecture":["x86_64"],"event.provider":["Microsoft-Windows-Windows Defender"],"event.code":["5007"],"agent.id":["03c4f422-68d1-4af6-a27f-a78c18180452"],"ecs.version":["8.17.0"],"winlog.event_data.Product_Name":["Microsoft Defender Antivirus"],"event.created":["2025-11-22T07:02:57.359Z"],"agent.version":["8.17.3"],"host.os.family":["windows"],"winlog.process.thread.id":[4804],"winlog.event_data.Old_Value":["HKLM\\SOFTWARE\\Microsoft\\Windows Defender\\Diagnostics\\InitializingComponentProgress = RefreshFeatureStatus"],"winlog.event_data.New_Value":["HKLM\\SOFTWARE\\Microsoft\\Windows Defender\\Diagnostics\\InitializingComponentProgress = ServiceStartedSuccessfully"],"host.os.build":["20348.587"],"winlog.user.type":["User"],"host.ip":["fe80::7cea:4600:3e1d:57aa","192.168.85.115"],"agent.type":["filebeat"],"event.module":["windows"],"host.os.kernel":["10.0.20348.587 (WinBuild.160101.0800)"],"winlog.api":["wineventlog"],"elastic_agent.snapshot":[false],"ml.prediction.predicted_value":["WARNING"],"host.id":["0c4d2910-34d4-4e69-a70d-2a9ff52a073e"],"winlog.user.identifier":["S-1-5-18"],"ml.prediction.is_truncated":[true],"ml.prediction.prediction_probability":[0.6214076],"winlog.task":["None"],"winlog.user.domain":["NT AUTHORITY"],"elastic_agent.id":["03c4f422-68d1-4af6-a27f-a78c18180452"],"data_stream.namespace":["default"],"message":["<Event xmlns='http://schemas.microsoft.com/win/2004/08/events/event'><System><Provider Name='Microsoft-Windows-Windows Defender' Guid='{11cd958a-c507-4ef3-b3f2-5fd9dfbd2c78}'/><EventID>5007</EventID><Version>0</Version><Level>4</Level><Task>0</Task><Opcode>0</Opcode><Keywords>0x8000000000000000</Keywords><TimeCreated SystemTime='2025-11-22T07:02:50.8464627Z'/><EventRecordID>1200</EventRecordID><Correlation/><Execution ProcessID='2332' ThreadID='4804'/><Channel>Microsoft-Windows-Windows Defender/Operational</Channel><Computer>Cyberfortress-WS.ad.cyberfortress.local</Computer><Security UserID='S-1-5-18'/></System><EventData><Data Name='Product Name'>Microsoft Defender Antivirus</Data><Data Name='Product Version'>4.18.25090.3009</Data><Data Name='Old Value'>HKLM\\SOFTWARE\\Microsoft\\Windows Defender\\Diagnostics\\InitializingComponentProgress = RefreshFeatureStatus</Data><Data Name='New Value'>HKLM\\SOFTWARE\\Microsoft\\Windows Defender\\Diagnostics\\InitializingComponentProgress = ServiceStartedSuccessfully</Data></EventData><RenderingInfo Culture='en-US'><Message>Microsoft Defender Antivirus Configuration has changed. If this is an unexpected event you should review the settings as this may be the result of malware.\r\n \tOld value: HKLM\\SOFTWARE\\Microsoft\\Windows Defender\\Diagnostics\\InitializingComponentProgress = RefreshFeatureStatus\r\n \tNew value: HKLM\\SOFTWARE\\Microsoft\\Windows Defender\\Diagnostics\\InitializingComponentProgress = ServiceStartedSuccessfully</Message><Level>Information</Level><Task></Task><Opcode>Info</Opcode><Channel></Channel><Provider>Microsoft-Windows-Windows Defender</Provider><Keywords></Keywords></RenderingInfo></Event>"],"winlog.event_id":["5007"],"winlog.user.name":["SYSTEM"],"event.action":["antivirus-configuration-changed"],"@timestamp":["2025-11-22T07:02:50.846Z"],"winlog.channel":["Microsoft-Windows-Windows Defender/Operational"],"host.os.platform":["windows"],"data_stream.dataset":["windows.windows_defender"],"event.type":["change"],"winlog.opcode":["Info"],"agent.ephemeral_id":["b78cf464-7de2-490c-b768-90f30a814592"],"winlog.event_data.Product_Version":["4.18.25090.3009"],"event.dataset":["windows.windows_defender"]},"highlight":{"message":["<Event xmlns='http://schemas.microsoft.com/win/2004/08/events/event'><System><Provider Name='Microsoft-Windows-Windows Defender' Guid='{11cd958a-c507-4ef3-b3f2-5fd9dfbd2c78}'/><EventID>5007</EventID><Version>0</Version><Level>4</Level><Task>0</Task><Opcode>0</Opcode><Keywords>0x8000000000000000</Keywords><TimeCreated SystemTime='2025-11-22T07:02:50.8464627Z'/><EventRecordID>1200</EventRecordID><Correlation/><Execution ProcessID='2332' ThreadID='4804'/><Channel>Microsoft-Windows-Windows Defender/Operational</Channel><Computer>Cyberfortress-WS.ad.cyberfortress.local</Computer><Security UserID='S-1-5-18'/></System><EventData><Data Name='Product Name'>Microsoft Defender @kibana-highlighted-field@Antivirus@/kibana-highlighted-field@</Data><Data Name='Product Version'>4.18.25090.3009</Data><Data Name='Old Value'>HKLM\\SOFTWARE\\Microsoft\\Windows Defender\\Diagnostics\\InitializingComponentProgress = RefreshFeatureStatus</Data><Data Name='New Value'>HKLM\\SOFTWARE\\Microsoft\\Windows Defender\\Diagnostics\\InitializingComponentProgress = ServiceStartedSuccessfully</Data></EventData><RenderingInfo Culture='en-US'><Message>Microsoft Defender @kibana-highlighted-field@Antivirus@/kibana-highlighted-field@ Configuration has changed. If this is an unexpected event you should review the settings as this may be the result of @kibana-highlighted-field@malware@/kibana-highlighted-field@.\r\n \tOld value: HKLM\\SOFTWARE\\Microsoft\\Windows Defender\\Diagnostics\\InitializingComponentProgress = RefreshFeatureStatus\r\n \tNew value: HKLM\\SOFTWARE\\Microsoft\\Windows Defender\\Diagnostics\\InitializingComponentProgress = ServiceStartedSuccessfully</Message><Level>Information</Level><Task></Task><Opcode>Info</Opcode><Channel></Channel><Provider>Microsoft-Windows-Windows Defender</Provider><Keywords></Keywords></RenderingInfo></Event>"]},"sor