{"_index":".ds-logs-windows.windows_defender-default-2025.10.14-000003","_id":"8VYmOJoBPLHK7pZCEFd5","_version":1,"_score":null,"fields":{"elastic_agent.version":["8.17.3"],"event.category":["configuration"],"host.os.name.text":["Windows Server 2022 Standard Evaluation"],"winlog.provider_guid":["{11cd958a-c507-4ef3-b3f2-5fd9dfbd2c78}"],"winlog.provider_name":["Microsoft-Windows-Windows Defender"],"host.name.text":["cyberfortress-ws"],"host.hostname":["Cyberfortress-WS"],"winlog.computer_name":["Cyberfortress-WS.ad.cyberfortress.local"],"host.mac":["00-0C-29-26-4D-48"],"winlog.process.pid":[2192],"agent.name.text":["Cyberfortress-WS"],"host.os.version":["10.0"],"winlog.record_id":["920"],"host.os.name":["Windows Server 2022 Standard Evaluation"],"log.level":["information"],"agent.name":["Cyberfortress-WS"],"host.name":["cyberfortress-ws"],"event.agent_id_status":["verified"],"event.kind":["event"],"host.os.type":["windows"],"input.type":["winlog"],"data_stream.type":["logs"],"host.architecture":["x86_64"],"event.provider":["Microsoft-Windows-Windows Defender"],"event.code":["5007"],"agent.id":["03c4f422-68d1-4af6-a27f-a78c18180452"],"ecs.version":["8.17.0"],"winlog.event_data.Product_Name":["Microsoft Defender Antivirus"],"event.created":["2025-10-31T02:20:48.557Z"],"agent.version":["8.17.3"],"host.os.family":["windows"],"winlog.process.thread.id":[2612],"winlog.event_data.Old_Value":["HKLM\\SOFTWARE\\Microsoft\\Windows Defender\\Diagnostics\\InitializingComponentProgress = PostPlatformUpdate"],"winlog.event_data.New_Value":["HKLM\\SOFTWARE\\Microsoft\\Windows Defender\\Diagnostics\\InitializingComponentProgress = LoadingEngine"],"host.os.build":["20348.587"],"winlog.user.type":["User"],"host.ip":["fe80::7cea:4600:3e1d:57aa","192.168.85.115"],"agent.type":["filebeat"],"event.module":["windows"],"host.os.kernel":["10.0.20348.587 (WinBuild.160101.0800)"],"winlog.api":["wineventlog"],"elastic_agent.snapshot":[false],"host.id":["0c4d2910-34d4-4e69-a70d-2a9ff52a073e"],"winlog.user.identifier":["S-1-5-18"],"winlog.task":["None"],"winlog.user.domain":["NT AUTHORITY"],"elastic_agent.id":["03c4f422-68d1-4af6-a27f-a78c18180452"],"data_stream.namespace":["default"],"message":["Microsoft Defender Antivirus Configuration has changed. If this is an unexpected event you should review the settings as this may be the result of malware.\n \tOld value: HKLM\\SOFTWARE\\Microsoft\\Windows Defender\\Diagnostics\\InitializingComponentProgress = PostPlatformUpdate\n \tNew value: HKLM\\SOFTWARE\\Microsoft\\Windows Defender\\Diagnostics\\InitializingComponentProgress = LoadingEngine"],"winlog.event_id":["5007"],"winlog.user.name":["SYSTEM"],"event.action":["antivirus-configuration-changed"],"event.ingested":["2025-10-31T02:43:30.000Z"],"@timestamp":["2025-10-31T02:20:44.556Z"],"winlog.channel":["Microsoft-Windows-Windows Defender/Operational"],"host.os.platform":["windows"],"data_stream.dataset":["windows.windows_defender"],"event.type":["change"],"winlog.opcode":["Info"],"agent.ephemeral_id":["342e0bd2-10b7-4b79-a413-a978389f2c61"],"winlog.event_data.Product_Version":["4.18.25090.3009"],"event.dataset":["windows.windows_defender"]},"highlight":{"message":["Microsoft Defender @kibana-highlighted-field@Antivirus@/kibana-highlighted-field@ Configuration has changed. If this is an unexpected event you should review the settings as this may be the result of @kibana-highlighted-field@malware@/kibana-highlighted-field@.\n \tOld value: HKLM\\SOFTWARE\\Microsoft\\Windows Defender\\Diagnostics\\InitializingComponentProgress = PostPlatformUpdate\n \tNew value: HKLM\\SOFTWARE\\Microsoft\\Windows Defender\\Diagnostics\\InitializingComponentProgress = LoadingEngine"]},"sort":["2025-10-31T02:20:44.556Z",451]},{"_index":".ds-logs-windows.windows_defender-default-2025.10.14-000003","_id":"7lYmOJoBPLHK7pZCEFd5","_version":1,"_score":null,"fields":{"elastic_agent.version":["8.17.3"],"event.category":["configuration"],"host.os.name.text":["Windows Server 2022 Standard Evaluation"],"winlog.provider_guid":["{11cd958a-c507-4ef3-b3f2-5fd9dfbd2c78}"],"winlog.provider_name":["Microsoft-Windows-Windows Defender"],"host.name.text":["cyberfortress-ws"],"host.hostname":["Cyberfortress-WS"],"winlog.computer_name":["Cyberfortress-WS.ad.cyberfortress.local"],"host.mac":["00-0C-29-26-4D-48"],"winlog.process.pid":[2192],"agent.name.text":["Cyberfortress-WS"],"host.os.version":["10.0"],"winlog.record_id":["919"],"host.os.name":["Windows Server 2022 Standard Evaluation"],"log.level":["information"],"agent.name":["Cyberfortress-WS"],"host.name":["cyberfortress-ws"],"event.agent_id_status":["verified"],"event.kind":["event"],"host.os.type":["windows"],"input.type":["winlog"],"data_stream.type":["logs"],"host.architecture":["x86_64"],"event.provider":["Microsoft-Windows-Windows Defender"],"event.code":["5007"],"agent.id":["03c4f422-68d1-4af6-a27f-a78c18180452"],"ecs.version":["8.17.0"],"winlog.event_data.Product_Name":["Microsoft Defender Antivirus"],"event.created":["2025-10-31T02:20:48.557Z"],"agent.version":["8.17.3"],"host.os.family":["windows"],"winlog.process.thread.id":[2612],"winlog.event_data.Old_Value":["Default\\ServiceStartStates = 0x0"],"winlog.event_data.New_Value":["HKLM\\SOFTWARE\\Microsoft\\Windows Defender\\ServiceStartStates = 0x1"],"host.os.build":["20348.587"],"winlog.user.type":["User"],"host.ip":["fe80::7cea:4600:3e1d:57aa","192.168.85.115"],"agent.type":["filebeat"],"event.module":["windows"],"host.os.kernel":["10.0.20348.587 (WinBuild.160101.0800)"],"winlog.api":["wineventlog"],"elastic_agent.snapshot":[false],"host.id":["0c4d2910-34d4-4e69-a70d-2a9ff52a073e"],"winlog.user.identifier":["S-1-5-18"],"winlog.task":["None"],"winlog.user.domain":["NT AUTHORITY"],"elastic_agent.id":["03c4f422-68d1-4af6-a27f-a78c18180452"],"data_stream.namespace":["default"],"message":["Microsoft Defender Antivirus Configuration has changed. If this is an unexpected event you should review the settings as this may be the result of malware.\n \tOld value: Default\\ServiceStartStates = 0x0\n \tNew value: HKLM\\SOFTWARE\\Microsoft\\Windows Defender\\ServiceStartStates = 0x1"],"winlog.event_id":["5007"],"winlog.user.name":["SYSTEM"],"event.action":["antivirus-configuration-changed"],"event.ingested":["2025-10-31T02:43:30.000Z"],"@timestamp":["2025-10-31T02:20:44.555Z"],"winlog.channel":["Microsoft-Windows-Windows Defender/Operational"],"host.os.platform":["windows"],"data_stream.dataset":["windows.windows_defender"],"event.type":["change"],"winlog.opcode":["Info"],"agent.ephemeral_id":["342e0bd2-10b7-4b79-a413-a978389f2c61"],"winlog.event_data.Product_Version":["4.18.25090.3009"],"event.dataset":["windows.windows_defender"]},"highlight":{"message":["Microsoft Defender @kibana-highlighted-field@Antivirus@/kibana-highlighted-field@ Configuration has changed. If this is an unexpected event you should review the settings as this may be the result of @kibana-highlighted-field@malware@/kibana-highlighted-field@.\n \tOld value: Default\\ServiceStartStates = 0x0\n \tNew value: HKLM\\SOFTWARE\\Microsoft\\Windows Defender\\ServiceStartStates = 0x1"]},"sort":["2025-10-31T02:20:44.555Z",450]},{"_index":".ds-logs-windows.windows_defender-default-2025.10.14-000003","_id":"61YmOJoBPLHK7pZCEFd5","_version":1,"_score":null,"fields":{"elastic_agent.version":["8.17.3"],"event.category":["configuration"],"host.os.name.text":["Windows Server 2022 Standard Evaluation"],"winlog.provider_guid":["{11cd958a-c507-4ef3-b3f2-5fd9dfbd2c78}"],"winlog.provider_name":["Microsoft-Windows-Windows Defender"],"host.name.text":["cyberfortress-ws"],"host.hostname":["Cyberfortress-WS"],"winlog.computer_name":["Cyberfortress-WS.ad.cyberfortress.local"],"host.mac":["00-0C-29-26-4D-48"],"winlog.process.pid":[2192],"agent.name.text":["Cyberfortress-WS"],"host.os.version":["10.0"],"winlog.record_id":["918"],"host.os.name":["Windows Server 2022 Standard Evaluation"],"log.level":["information"],"agent.name":["Cyberfortress-WS"],"host.name":["cyberfortress-ws"],"event.agent_id_status":["verified"],"event.kind":["event"],"host.os.type":["windows"],"input.type":["winlog"],"data_stream.type":["logs"],"host.architecture":["x86_64"],"event.provider":["Microsoft-Windows-Windows Defender"],"event.code":["5007"],"agent.id":["03c4f422-68d1-4af6-a27f-a78c18180452"],"ecs.version":["8.17.0"],"winlog.event_data.Product_Name":["Microsoft Defender Antivirus"],"event.created":["2025-10-31T02:20:48.557Z"],"agent.version":["8.17.3"],"host.os.family":["windows"],"winlog.process.thread.id":[2612],"winlog.event_data.Old_Value":["HKLM\\SOFTWARE\\Microsoft\\Windows Defender\\Diagnostics\\InitializingComponentProgress = InitWppTracing"],"winlog.event_data.New_Value":["HKLM\\SOFTWARE\\Microsoft\\Windows Defender\\Diagnostics\\InitializingComponentProgress = PostPlatformUpdate"],"host.os.build":["20348.587"],"winlog.user.type":["User"],"host.ip":["fe80::7cea:4600:3e1d:57aa","192.168.85.115"],"agent.type":["filebeat"],"event.module":["windows"],"host.os.kernel":["10.0.20348.587 (WinBuild.160101.0800)"],"winlog.api":["wineventlog"],"elastic_agent.snapshot":[false],"host.id":["0c4d2910-34d4-4e69-a70d-2a9ff52a073e"],"winlog.user.identifier":["S-1-5-18"],"winlog.task":["None"],"winlog.user.domain":["NT AUTHORITY"],"elastic_agent.id":["03c4f422-68d1-4af6-a27f-a78c18180452"],"data_stream.namespace":["default"],"message":["Microsoft Defender Antivirus Configuration has changed. If this is an unexpected event you should review the settings as this may be the result of malware.\n \tOld value: HKLM\\SOFTWARE\\Microsoft\\Windows Defender\\Diagnostics\\InitializingComponentProgress = InitWppTracing\n \tNew value: HKLM\\SOFTWARE\\Microsoft\\Windows Defender\\Diagnostics\\InitializingComponentProgress = PostPlatformUpdate"],"winlog.event_id":["5007"],"winlog.user.name":["SYSTEM"],"event.action":["antivirus-configuration-changed"],"event.ingested":["2025-10-31T02:43:30.000Z"],"@timestamp":["2025-10-31T02:20:27.836Z"],"winlog.channel":["Microsoft-Windows-Windows Defender/Operational"],"host.os.platform":["windows"],"data_stream.dataset":["windows.windows_defender"],"event.type":["change"],"winlog.opcode":["Info"],"agent.ephemeral_id":["342e0bd2-10b7-4b79-a413-a978389f2c61"],"winlog.event_data.Product_Version":["4.18.25090.3009"],"event.dataset":["windows.windows_defender"]},"highlight":{"message":["Microsoft Defender @kibana-highlighted-field@Antivirus@/kibana-highlighted-field@ Configuration has changed. If this is an unexpected event you should review the settings as this may be the result of @kibana-highlighted-field@malware@/kibana-highlighted-field@.\n \tOld value: HKLM\\SOFTWARE\\Microsoft\\Windows Defender\\Diagnostics\\InitializingComponentProgress = InitWppTracing\n \tNew value: HKLM\\SOFTWARE\\Microsoft\\Windows Defender\\Diagnostics\\InitializingComponentProgress = PostPlatformUpdate"]},"sort":["2025-10-31T02:20:27.836Z",449]},{"_index":".ds-logs-windows.windows_defender-default-2025.10.14-000003","_id":"6FYmOJoBPLHK7pZCEFd5","_version":1,"_score":null,"fields":{"elastic_agent.version":["8.17.3"],"event.category":["configuration"],"host.os.name.text":["Windows Server 2022 Standard Evaluation"],"winlog.provider_guid":["{11cd958a-c507-4ef3-b3f2-5fd9dfbd2c78}"],"winlog.provider_name":["Microsoft-Windows-Windows Defender"],"host.name.text":["cyberfortress-ws"],"host.hostname":["Cyberfortress-WS"],"winlog.computer_name":["Cyberfortress-WS.ad.cyberfortress.local"],"host.mac":["00-0C-29-26-4D-48"],"winlog.process.pid":[2192],"agent.name.text":["Cyberfortress-WS"],"host.os.version":["10.0"],"winlog.record_id":["917"],"host.os.name":["Windows Server 2022 Standard Evaluation"],"log.level":["information"],"agent.name":["Cyberfortress-WS"],"host.name":["cyberfortress-ws"],"event.agent_id_status":["verified"],"event.kind":["event"],"host.os.type":["windows"],"input.type":["winlog"],"data_stream.type":["logs"],"host.architecture":["x86_64"],"event.provider":["Microsoft-Windows-Windows Defender"],"event.code":["5007"],"agent.id":["03c4f422-68d1-4af6-a27f-a78c18180452"],"ecs.version":["8.17.0"],"winlog.event_data.Product_Name":["Microsoft Defender Antivirus"],"event.created":["2025-10-31T02:20:48.557Z"],"agent.version":["8.17.3"],"host.os.family":["windows"],"winlog.process.thread.id":[2612],"winlog.event_data.Old_Value":["HKLM\\SOFTWARE\\Microsoft\\Windows Defender\\CoreService\\WdConfigHash = 0x686CE571"],"winlog.event_data.New_Value":["HKLM\\SOFTWARE\\Microsoft\\Windows Defender\\CoreService\\WdConfigHash = 0x654A88D6"],"host.os.build":["20348.587"],"winlog.user.type":["User"],"host.ip":["fe80::7cea:4600:3e1d:57aa","192.168.85.115"],"agent.type":["filebeat"],"event.module":["windows"],"host.os.kernel":["10.0.20348.587 (WinBuild.160101.0800)"],"winlog.api":["wineventlog"],"elastic_agent.snapshot":[false],"host.id":["0c4d2910-34d4-4e69-a70d-2a9ff52a073e"],"winlog.user.identifier":["S-1-5-18"],"winlog.task":["None"],"winlog.user.domain":["NT AUTHORITY"],"elastic_agent.id":["03c4f422-68d1-4af6-a27f-a78c18180452"],"data_stream.namespace":["default"],"message":["Microsoft Defender Antivirus Configuration has changed. If this is an unexpected event you should review the settings as this may be the result of malware.\n \tOld value: HKLM\\SOFTWARE\\Microsoft\\Windows Defender\\CoreService\\WdConfigHash = 0x686CE571\n \tNew value: HKLM\\SOFTWARE\\Microsoft\\Windows Defender\\CoreService\\WdConfigHash = 0x654A88D6"],"winlog.event_id":["5007"],"winlog.user.name":["SYSTEM"],"event.action":["antivirus-configuration-changed"],"event.ingested":["2025-10-31T02:43:30.000Z"],"@timestamp":["2025-10-31T02:20:27.835Z"],"winlog.channel":["Microsoft-Windows-Windows Defender/Operational"],"host.os.platform":["windows"],"data_stream.dataset":["windows.windows_defender"],"event.type":["change"],"winlog.opcode":["Info"],"agent.ephemeral_id":["342e0bd2-10b7-4b79-a413-a978389f2c61"],"winlog.event_data.Product_Version":["4.18.25090.3009"],"event.dataset":["windows.windows_defender"]},"highlight":{"message":["Microsoft Defender @kibana-highlighted-field@Antivirus@/kibana-highlighted-field@ Configuration has changed. If this is an unexpected event you should review the settings as this may be the result of @kibana-highlighted-field@malware@/kibana-highlighted-field@.\n \tOld value: HKLM\\SOFTWARE\\Microsoft\\Windows Defender\\CoreService\\WdConfigHash = 0x686CE571\n \tNew value: HKLM\\SOFTWARE\\Microsoft\\Windows Defender\\CoreService\\WdConfigHash = 0x654A88D6"]},"sort":["2025-10-31T02:20:27.835Z",448]},{"_index":".ds-logs-windows.windows_defender-default-2025.10.14-000003","_id":"5lYmOJoBPLHK7pZCEFd5","_version":1,"_score":null,"fields":{"elastic_agent.version":["8.17.3"],"event.category":["configuration"],"host.os.name.text":["Windows Server 2022 Standard Evaluation"],"winlog.provider_guid":["{11cd958a-c507-4ef3-b3f2-5fd9dfbd2c78}"],"winlog.provider_name":["Microsoft-Windows-Windows Defender"],"host.name.text":["cyberfortress-ws"],"host.hostname":["Cyberfortress-WS"],"winlog.computer_name":["Cyberfortress-WS.ad.cyberfortress.local"],"host.mac":["00-0C-29-26-4D-48"],"winlog.process.pid":[2192],"agent.name.text":["Cyberfortress-WS"],"host.os.version":["10.0"],"winlog.record_id":["916"],"host.os.name":["Windows Server 2022 Standard Evaluation"],"log.level":["information"],"agent.name":["Cyberfortress-WS"],"host.name":["cyberfortress-ws"],"event.agent_id_status":["verified"],"event.kind":["event"],"host.os.type":["windows"],"input.type":["winlog"],"data_stream.type":["logs"],"host.architecture":["x86_64"],"event.provider":["Microsoft-Windows-Windows Defender"],"event.code":["5007"],"agent.id":["03c4f422-68d1-4af6-a27f-a78c18180452"],"ecs.version":["8.17.0"],"winlog.event_data.Product_Name":["Microsoft Defender Antivirus"],"event.created":["2025-10-31T02:20:48.557Z"],"agent.version":["8.17.3"],"host.os.family":["windows"],"winlog.process.thread.id":[2612],"winlog.event_data.Old_Value":["HKLM\\SOFTWARE\\Microsoft\\Windows Defender\\Diagnostics\\InitializingComponentProgress = InitializeMiscConfigLibrary"],"winlog.event_data.New_Value":["HKLM\\SOFTWARE\\Microsoft\\Windows Defender\\Diagnostics\\InitializingComponentProgress = InitWppTracing"],"host.os.build":["20348.587"],"winlog.user.type":["User"],"host.ip":["fe80::7cea:4600:3e1d:57aa","192.168.85.115"],"agent.type":["filebeat"],"event.module":["windows"],"host.os.kernel":["10.0.20348.587 (WinBuild.160101.0800)"],"winlog.api":["wineventlog"],"elastic_agent.snapshot":[false],"host.id":["0c4d2910-34d4-4e69-a70d-2a9ff52a073e"],"winlog.user.identifier":["S-1-5-18"],"winlog.task":["None"],"winlog.user.domain":["NT AUTHORITY"],"elastic_agent.id":["03c4f422-68d1-4af6-a27f-a78c18180452"],"data_stream.namespace":["default"],"message":["Microsoft Defender Antivirus Configuration has changed. If this is an unexpected event you should review the settings as this may be the result of malware.\n \tOld value: HKLM\\SOFTWARE\\Microsoft\\Windows Defender\\Diagnostics\\InitializingComponentProgress = InitializeMiscConfigLibrary\n \tNew value: HKLM\\SOFTWARE\\Microsoft\\Windows Defender\\Diagnostics\\InitializingComponentProgress = InitWppTracing"],"winlog.event_id":["5007"],"winlog.user.name":["SYSTEM"],"event.action":["antivirus-configuration-changed"],"event.ingested":["2025-10-31T02:43:30.000Z"],"@timestamp":["2025-10-31T02:20:27.240Z"],"winlog.channel":["Microsoft-Windows-Windows Defender/Operational"],"host.os.platform":["windows"],"data_stream.dataset":["windows.windows_defender"],"event.type":["change"],"winlog.opcode":["Info"],"agent.ephemeral_id":["342e0bd2-10b7-4b79-a413-a978389f2c61"],"winlog.event_data.Product_Version":["4.18.25090.3009"],"event.dataset":["windows.windows_defender"]},"highlight":{"message":["Microsoft Defender @kibana-highlighted-field@Antivirus@/kibana-highlighted-field@ Configuration has changed. If this is an unexpected event you should review the settings as this may be the result of @kibana-highlighted-field@malware@/kibana-highlighted-field@.\n \tOld value: HKLM\\SOFTWARE\\Microsoft\\Windows Defender\\Diagnostics\\InitializingComponentProgress = InitializeMiscConfigLibrary\n \tNew value: HKLM\\SOFTWARE\\Microsoft\\Windows Defender\\Diagnostics\\InitializingComponentProgress = InitWppTracing"]},"sort":["2025-10-31T02:20:27.240Z",447]},{"_index":".ds-logs-windows.windows_defender-default-2025.10.14-000003","_id":"41YmOJoBPLHK7pZCEFd5","_version":1,"_score":null,"fields":{"elastic_agent.version":["8.17.3"],"event.category":["configuration"],"host.os.name.text":["Windows Server 2022 Standard Evaluation"],"winlog.provider_guid":["{11cd958a-c507-4ef3-b3f2-5fd9dfbd2c78}"],"winlog.provider_name":["Microsoft-Windows-Windows Defender"],"host.name.text":["cyberfortress-ws"],"host.hostname":["Cyberfortress-WS"],"winlog.computer_name":["Cyberfortress-WS.ad.cyberfortress.local"],"host.mac":["00-0C-29-26-4D-48"],"winlog.process.pid":[2192],"agent.name.text":["Cyberfortress-WS"],"host.os.version":["10.0"],"winlog.record_id":["915"],"host.os.name":["Windows Server 2022 Standard Evaluation"],"log.level":["information"],"agent.name":["Cyberfortress-WS"],"host.name":["cyberfortress-ws"],"event.agent_id_status":["verified"],"event.kind":["event"],"host.os.type":["windows"],"input.type":["winlog"],"data_stream.type":["logs"],"host.architecture":["x86_64"],"event.provider":["Microsoft-Windows-Windows Defender"],"event.code":["5007"],"agent.id":["03c4f422-68d1-4af6-a27f-a78c18180452"],"ecs.version":["8.17.0"],"winlog.event_data.Product_Name":["Microsoft Defender Antivirus"],"event.created":["2025-10-31T02:20:48.556Z"],"agent.version":["8.17.3"],"host.os.family":["windows"],"winlog.process.thread.id":[2612],"winlog.event_data.Old_Value":["Default\\IsServiceRunning = 0x0"],"winlog.event_data.New_Value":["HKLM\\SOFTWARE\\Microsoft\\Windows Defender\\IsServiceRunning = 0x1"],"host.os.build":["20348.587"],"winlog.user.type":["User"],"host.ip":["fe80::7cea:4600:3e1d:57aa","192.168.85.115"],"agent.type":["filebeat"],"event.module":["windows"],"host.os.kernel":["10.0.20348.587 (WinBuild.160101.0800)"],"winlog.api":["wineventlog"],"elastic_agent.snapshot":[false],"host.id":["0c4d2910-34d4-4e69-a70d-2a9ff52a073e"],"winlog.user.identifier":["S-1-5-18"],"winlog.task":["None"],"winlog.user.domain":["NT AUTHORITY"],"elastic_agent.id":["03c4f422-68d1-4af6-a27f-a78c18180452"],"data_stream.namespace":["default"],"message":["Microsoft Defender Antivirus Configuration has changed. If this is an unexpected event you should review the settings as this may be the result of malware.\n \tOld value: Default\\IsServiceRunning = 0x0\n \tNew value: HKLM\\SOFTWARE\\Microsoft\\Windows Defender\\IsServiceRunning = 0x1"],"winlog.event_id":["5007"],"winlog.user.name":["SYSTEM"],"event.action":["antivirus-configuration-changed"],"event.ingested":["2025-10-31T02:43:30.000Z"],"@timestamp":["2025-10-31T02:20:27.239Z"],"winlog.channel":["Microsoft-Windows-Windows Defender/Operational"],"host.os.platform":["windows"],"data_stream.dataset":["windows.windows_defender"],"event.type":["change"],"winlog.opcode":["Info"],"agent.ephemeral_id":["342e0bd2-10b7-4b79-a413-a978389f2c61"],"winlog.event_data.Product_Version":["4.18.25090.3009"],"event.dataset":["windows.windows_defender"]},"highlight":{"message":["Microsoft Defender @kibana-highlighted-field@Antivirus@/kibana-highlighted-field@ Configuration has changed. If this is an unexpected event you should review the settings as this may be the result of @kibana-highlighted-field@malware@/kibana-highlighted-field@.\n \tOld value: Default\\IsServiceRunning = 0x0\n \tNew value: HKLM\\SOFTWARE\\Microsoft\\Windows Defender\\IsServiceRunning = 0x1"]},"sort":["2025-10-31T02:20:27.239Z",446]},{"_index":".ds-logs-windows.windows_defender-default-2025.10.14-000003","_id":"3lYmOJoBPLHK7pZCEFd5","_version":1,"_score":null,"fields":{"elastic_agent.version":["8.17.3"],"event.category":["process"],"host.os.name.text":["Windows Server 2022 Standard Evaluation"],"winlog.provider_guid":["{11cd958a-c507-4ef3-b3f2-5fd9dfbd2c78}"],"winlog.provider_name":["Microsoft-Windows-Windows Defender"],"host.name.text":["cyberfortress-ws"],"host.hostname":["Cyberfortress-WS"],"winlog.computer_name":["Cyberfortress-WS.ad.cyberfortress.local"],"host.mac":["00-0C-29-26-4D-48"],"winlog.event_data.Error_Code":["0x80070002"],"winlog.process.pid":[2192],"winlog.event_data.Error_Description":["The system cannot find the file specified. "],"agent.name.text":["Cyberfortress-WS"],"host.os.version":["10.0"],"winlog.event_data.Failure_Reason":["Group Policy hive was not ready when MDE AV service started and AV configurations might be not as expected."],"winlog.event_data.Feature_Name":["MDE AV Configurations"],"winlog.record_id":["914"],"host.os.name":["Windows Server 2022 Standard Evaluation"],"log.level":["information"],"agent.name":["Cyberfortress-WS"],"host.name":["cyberfortress-ws"],"event.agent_id_status":["verified"],"event.kind":["event"],"winlog.event_data.Failure_Id":["0x00000003"],"host.os.type":["windows"],"input.type":["winlog"],"data_stream.type":["logs"],"host.architecture":["x86_64"],"event.provider":["Microsoft-Windows-Windows Defender"],"event.code":["5017"],"agent.id":["03c4f422-68d1-4af6-a27f-a78c18180452"],"ecs.version":["8.17.0"],"winlog.event_data.Product_Name":["Microsoft Defender Antivirus"],"event.created":["2025-10-31T02:20:48.553Z"],"agent.version":["8.17.3"],"host.os.family":["windows"],"winlog.process.thread.id":[2500],"winlog.event_data.Recommendation":["Investigate recent changes in Group Policy server settings and reboot the device."],"host.os.build":["20348.587"],"winlog.user.type":["User"],"host.ip":["fe80::7cea:4600:3e1d:57aa","192.168.85.115"],"agent.type":["filebeat"],"event.module":["windows"],"host.os.kernel":["10.0.20348.587 (WinBuild.160101.0800)"],"winlog.api":["wineventlog"],"elastic_agent.snapshot":[false],"host.id":["0c4d2910-34d4-4e69-a70d-2a9ff52a073e"],"winlog.user.identifier":["S-1-5-18"],"winlog.task":["None"],"winlog.user.domain":["NT AUTHORITY"],"elastic_agent.id":["03c4f422-68d1-4af6-a27f-a78c18180452"],"data_stream.namespace":["default"],"message":["Microsoft Defender Antivirus service feature has encountered an error and failed.\n \tFeature: MDE AV Configurations\n  \tFailure Reason: Group Policy hive was not ready when MDE AV service started and AV configurations might be not as expected.\n \tRecommended Mitigation: Investigate recent changes in Group Policy server settings and reboot the device.\n \tError Code: 0x80070002\n \tError description: The system cannot find the file specified. "],"winlog.event_id":["5017"],"winlog.user.name":["SYSTEM"],"event.action":["None"],"event.ingested":["2025-10-31T02:43:29.000Z"],"@timestamp":["2025-10-31T02:20:27.153Z"],"winlog.channel":["Microsoft-Windows-Windows Defender/Operational"],"host.os.platform":["windows"],"data_stream.dataset":["windows.windows_defender"],"event.type":["info"],"winlog.opcode":["Info"],"agent.ephemeral_id":["342e0bd2-10b7-4b79-a413-a978389f2c61"],"winlog.event_data.Product_Version":["4.18.25090.3009"],"event.dataset":["windows.windows_defender"]},"highlight":{"message":["Microsoft Defender @kibana-highlighted-field@Antivirus@/kibana-highlighted-field@ service feature has encountered an error and failed.\n \tFeature: MDE AV Configurations\n  \tFailure Reason: Group Policy hive was not ready when MDE AV service started and AV configurations might be not as expected.\n \tRecommended Mitigation: Investigate recent changes in Group Policy server settings and reboot the device.\n \tError Code: 0x80070002\n \tError description: The system cannot find the file specified."]},"sort":["2025-10-31T02:20:27.153Z",445]},{"_index":".ds-logs-windows.windows_defender-default-2025.10.14-000003","_id":"e1YmOJoBPLHK7pZCEFd5","_version":1,"_score":null,"fields":{"elastic_agent.version":["8.17.3"],"event.category":["configuration"],"host.os.name.text":["Windows Server 2022 Standard Evaluation"],"winlog.provider_guid":["{11cd958a-c507-4ef3-b3f2-5fd9dfbd2c78}"],"winlog.provider_name":["Microsoft-Windows-Windows Defender"],"host.name.text":["cyberfortress-ws"],"host.hostname":["Cyberfortress-WS"],"winlog.computer_name":["Cyberfortress-WS.ad.cyberfortress.local"],"host.mac":["00-0C-29-26-4D-48"],"winlog.process.pid":[2348],"agent.name.text":["Cyberfortress-WS"],"host.os.version":["10.0"],"winlog.record_id":["913"],"host.os.name":["Windows Server 2022 Standard Evaluation"],"log.level":["information"],"agent.name":["Cyberfortress-WS"],"host.name":["cyberfortress-ws"],"event.agent_id_status":["verified"],"event.kind":["event"],"host.os.type":["windows"],"input.type":["winlog"],"data_stream.type":["logs"],"host.architecture":["x86_64"],"event.provider":["Microsoft-Windows-Windows Defender"],"event.code":["5007"],"agent.id":["03c4f422-68d1-4af6-a27f-a78c18180452"],"ecs.version":["8.17.0"],"winlog.event_data.Product_Name":["Microsoft Defender Antivirus"],"event.created":["2025-10-31T02:20:48.552Z"],"agent.version":["8.17.3"],"host.os.family":["windows"],"winlog.process.thread.id":[2920],"winlog.event_data.Old_Value":["HKLM\\SOFTWARE\\Microsoft\\Windows Defender\\Diagnostics\\CleanupComponentProgress = RtpPluginStop"],"winlog.event_data.New_Value":["HKLM\\SOFTWARE\\Microsoft\\Windows Defender\\Diagnostics\\CleanupComponentProgress = CleanupEngine"],"host.os.build":["20348.587"],"winlog.user.type":["User"],"host.ip":["fe80::7cea:4600:3e1d:57aa","192.168.85.115"],"agent.type":["filebeat"],"event.module":["windows"],"host.os.kernel":["10.0.20348.587 (WinBuild.160101.0800)"],"winlog.api":["wineventlog"],"elastic_agent.snapshot":[false],"host.id":["0c4d2910-34d4-4e69-a70d-2a9ff52a073e"],"winlog.user.identifier":["S-1-5-18"],"winlog.task":["None"],"winlog.user.domain":["NT AUTHORITY"],"elastic_agent.id":["03c4f422-68d1-4af6-a27f-a78c18180452"],"data_stream.namespace":["default"],"message":["Microsoft Defender Antivirus Configuration has changed. If this is an unexpected event you should review the settings as this may be the result of malware.\n \tOld value: HKLM\\SOFTWARE\\Microsoft\\Windows Defender\\Diagnostics\\CleanupComponentProgress = RtpPluginStop\n \tNew value: HKLM\\SOFTWARE\\Microsoft\\Windows Defender\\Diagnostics\\CleanupComponentProgress = CleanupEngine"],"winlog.event_id":["5007"],"winlog.user.name":["SYSTEM"],"event.action":["antivirus-configuration-changed"],"event.ingested":["2025-10-31T02:43:29.000Z"],"@timestamp":["2025-10-30T10:11:57.984Z"],"winlog.channel":["Microsoft-Windows-Windows Defender/Operational"],"host.os.platform":["windows"],"data_stream.dataset":["windows.windows_defender"],"event.type":["change"],"winlog.opcode":["Info"],"agent.ephemeral_id":["342e0bd2-10b7-4b79-a413-a978389f2c61"],"winlog.event_data.Product_Version":["4.18.25090.3009"],"event.dataset":["windows.windows_defender"]},"highlight":{"message":["Microsoft Defender @kibana-highlighted-field@Antivirus@/kibana-highlighted-field@ Configuration has changed. If this is an unexpected event you should review the settings as this may be the result of @kibana-highlighted-field@malware@/kibana-highlighted-field@.\n \tOld value: HKLM\\SOFTWARE\\Microsoft\\Windows Defender\\Diagnostics\\CleanupComponentProgress = RtpPluginStop\n \tNew value: HKLM\\SOFTWARE\\Microsoft\\Windows Defender\\Diagnostics\\CleanupComponentProgress = CleanupEngine"]},"sort":["2025-10-30T10:11:57.984Z",444]},{"_index":".ds-logs-windows.windows_defender-default-2025.10.14-000003","_id":"d1YmOJoBPLHK7pZCEFd5","_version":1,"_score":null,"fields":{"elastic_agent.version":["8.17.3"],"event.category":["configuration"],"host.os.name.text":["Windows Server 2022 Standard Evaluation"],"winlog.provider_guid":["{11cd958a-c507-4ef3-b3f2-5fd9dfbd2c78}"],"winlog.provider_name":["Microsoft-Windows-Windows Defender"],"host.name.text":["cyberfortress-ws"],"host.hostname":["Cyberfortress-WS"],"winlog.computer_name":["Cyberfortress-WS.ad.cyberfortress.local"],"host.mac":["00-0C-29-26-4D-48"],"winlog.process.pid":[2348],"agent.name.text":["Cyberfortress-WS"],"host.os.version":["10.0"],"winlog.record_id":["912"],"host.os.name":["Windows Server 2022 Standard Evaluation"],"log.level":["information"],"agent.name":["Cyberfortress-WS"],"host.name":["cyberfortress-ws"],"event.agent_id_status":["verified"],"event.kind":["event"],"host.os.type":["windows"],"input.type":["winlog"],"data_stream.type":["logs"],"host.architecture":["x86_64"],"event.provider":["Microsoft-Windows-Windows Defender"],"event.code":["5007"],"agent.id":["03c4f422-68d1-4af6-a27f-a78c18180452"],"ecs.version":["8.17.0"],"winlog.event_data.Product_Name":["Microsoft Defender Antivirus"],"event.created":["2025-10-31T02:20:47.906Z"],"agent.version":["8.17.3"],"host.os.family":["windows"],"winlog.process.thread.id":[2668],"winlog.event_data.Old_Value":["HKLM\\SOFTWARE\\Microsoft\\Windows Defender\\Diagnostics\\CleanupComponentProgress = CleanupCompleted"],"winlog.event_data.New_Value":["HKLM\\SOFTWARE\\Microsoft\\Windows Defender\\Diagnostics\\CleanupComponentProgress = RtpPluginStop"],"host.os.build":["20348.587"],"winlog.user.type":["User"],"host.ip":["fe80::7cea:4600:3e1d:57aa","192.168.85.115"],"agent.type":["filebeat"],"event.module":["windows"],"host.os.kernel":["10.0.20348.587 (WinBuild.160101.0800)"],"winlog.api":["wineventlog"],"elastic_agent.snapshot":[false],"host.id":["0c4d2910-34d4-4e69-a70d-2a9ff52a073e"],"winlog.user.identifier":["S-1-5-18"],"winlog.task":["None"],"winlog.user.domain":["NT AUTHORITY"],"elastic_agent.id":["03c4f422-68d1-4af6-a27f-a78c18180452"],"data_stream.namespace":["default"],"message":["Microsoft Defender Antivirus Configuration has changed. If this is an unexpected event you should review the settings as this may be the result of malware.\n \tOld value: HKLM\\SOFTWARE\\Microsoft\\Windows Defender\\Diagnostics\\CleanupComponentProgress = CleanupCompleted\n \tNew value: HKLM\\SOFTWARE\\Microsoft\\Windows Defender\\Diagnostics\\CleanupComponentProgress = RtpPluginStop"],"winlog.event_id":["5007"],"winlog.user.name":["SYSTEM"],"event.action":["antivirus-configuration-changed"],"event.ingested":["2025-10-31T02:43:29.000Z"],"@timestamp":["2025-10-30T10:11:57.197Z"],"winlog.channel":["Microsoft-Windows-Windows Defender/Operational"],"host.os.platform":["windows"],"data_stream.dataset":["windows.windows_defender"],"event.type":["change"],"winlog.opcode":["Info"],"agent.ephemeral_id":["342e0bd2-10b7-4b79-a413-a978389f2c61"],"winlog.event_data.Product_Version":["4.18.25090.3009"],"event.dataset":["windows.windows_defender"]},"highlight":{"message":["Microsoft Defender @kibana-highlighted-field@Antivirus@/kibana-highlighted-field@ Configuration has changed. If this is an unexpected event you should review the settings as this may be the result of @kibana-highlighted-field@malware@/kibana-highlighted-field@.\n \tOld value: HKLM\\SOFTWARE\\Microsoft\\Windows Defender\\Diagnostics\\CleanupComponentProgress = CleanupCompleted\n \tNew value: HKLM\\SOFTWARE\\Microsoft\\Windows Defender\\Diagnostics\\CleanupComponentProgress = RtpPluginStop"]},"sort":["2025-10-30T10:11:57.197Z",443]},{"_index":".ds-logs-windows.windows_defender-default-2025.10.14-000003","_id":"ue-YNJoB_8ua5yLfVpf_","_version":1,"_score":null,"fields":{"elastic_agent.version":["8.17.3"],"event.category":["process"],"winlog.event_data.Last_quick_scan_source":["2"],"host.os.name.text":["Windows Server 2022 Standard Evaluation"],"winlog.provider_guid":["{11cd958a-c507-4ef3-b3f2-5fd9dfbd2c78}"],"winlog.provider_name":["Microsoft-Windows-Windows Defender"],"host.name.text":["cyberfortress-ws"],"host.hostname":["Cyberfortress-WS"],"winlog.computer_name":["Cyberfortress-WS.ad.cyberfortress.local"],"host.mac":["00-0C-29-26-4D-48"],"winlog.process.pid":[2348],"winlog.event_data.Last_quick_scan_end_time":["2025-10-30T09:13:45.000Z"],"agent.name.text":["Cyberfortress-WS"],"host.os.version":["10.0"],"winlog.event_data.Last_full_scan_age":["4294967295"],"winlog.record_id":["911"],"host.os.name":["Windows Server 2022 Standard Evaluation"],"winlog.event_data.Engine_up-to-date":["0"],"log.level":["information"],"agent.name":["Cyberfortress-WS"],"host.name":["cyberfortress-ws"],"event.agent_id_status":["verified"],"event.kind":["event"],"winlog.event_data.Engine_version":["1.1.25090.3001"],"host.os.type":["windows"],"winlog.event_data.RTP_state":["Enabled"],"winlog.event_data.Platform_version":["4.18.25090.3009"],"input.type":["winlog"],"data_stream.type":["logs"],"winlog.event_data.Last_AS_security_intelligence_age":["1"],"host.architecture":["x86_64"],"winlog.event_data.AV_security_intelligence_version":["1.439.535.0"],"event.provider":["Microsoft-Windows-Windows Defender"],"event.code":["1151"],"agent.id":["03c4f422-68d1-4af6-a27f-a78c18180452"],"ecs.version":["8.17.0"],"winlog.event_data.Product_Name":["Microsoft Defender Antivirus"],"event.created":["2025-10-30T10:09:40.427Z"],"agent.version":["8.17.3"],"host.os.family":["windows"],"winlog.event_data.AS_security_intelligence_version":["1.439.535.0"],"winlog.event_data.Last_quick_scan_age":["0"],"winlog.process.thread.id":[4872],"winlog.event_data.Last_full_scan_source":["0"],"winlog.event_data.NRI_security_intelligence_version":["1.439.535.0"],"winlog.event_data.IOAV_state":["Enabled"],"host.os.build":["20348.587"],"winlog.user.type":["User"],"host.ip":["fe80::7cea:4600:3e1d:57aa","192.168.85.115"],"agent.type":["filebeat"],"event.module":["windows"],"host.os.kernel":["10.0.20348.587 (WinBuild.160101.0800)"],"winlog.event_data.Latest_engine_version":["1.1.25090.3001"],"winlog.api":["wineventlog"],"elastic_agent.snapshot":[false],"winlog.event_data.Last_AV_security_intelligence_age":["1"],"host.id":["0c4d2910-34d4-4e69-a70d-2a9ff52a073e"],"winlog.event_data.Platform_up-to-date":["1"],"winlog.user.identifier":["S-1-5-18"],"winlog.task":["None"],"winlog.user.domain":["NT AUTHORITY"],"winlog.event_data.Product_status":["0x00080000"],"elastic_agent.id":["03c4f422-68d1-4af6-a27f-a78c18180452"],"data_stream.namespace":["default"],"winlog.event_data.BM_state":["Enabled"],"winlog.event_data.Last_full_scan_end_time":["1601-01-01T00:00:00.000Z"],"winlog.event_data.Last_full_scan_start_time":["1601-01-01T00:00:00.000Z"],"message":["Endpoint Protection client health report (time in UTC):\n \tPlatform version: 4.18.25090.3009\n \tEngine version: 1.1.25090.3001\n \tNetwork Realtime Inspection engine version: 1.1.25090.3001\n \tAntivirus security intelligence version: 1.439.535.0\n \tAntispyware security intelligence version: 1.439.535.0\n \tNetwork Realtime Inspection security intelligence version: 1.439.535.0\n \tRTP state: Enabled\n \tOA state: Enabled\n \tIOAV state: Enabled\n \tBM state: Enabled\n \tAntivirus security intelligence age: 1\n \tAntispyware security intelligence age: 1\n \tLast quick scan age: 0\n \tLast full scan age: 4294967295\n \tAntivirus security intelligence creation time: 2025-10-29T01:44:44Z\n \tAntispyware security intelligence creation time: 2025-10-29T01:44:43Z\n \tLast quick scan start time: 2025-10-30T09:13:03Z\n \tLast quick scan end time: 2025-10-30T09:13:45Z\n \tLast quick scan source: 2\n \tLast full scan start time: 1601-01-01T00:00:00Z\n \tLast full scan end time: 1601-01-01T00:00:00Z\n \tLast full scan source: 0\n \tProduct status: 0x00080000"],"winlog.event_id":["1151"],"winlog.user.name":["SYSTEM"],"winlog.event_data.AS_security_intelligence_creation_time":["2025-10-29T01:44:43.000Z"],"event.action":["None"],"event.ingested":["2025-10-30T10:09:50.000Z"],"@timestamp":["2025-10-30T10:09:38.749Z"],"winlog.channel":["Microsoft-Windows-Windows Defender/Operational"],"host.os.platform":["windows"],"data_stream.dataset":["windows.windows_defender"],"event.type":["info"],"winlog.event_data.AV_security_intelligence_creation_time":["2025-10-29T01:44:44.000Z"],"winlog.event_data.Latest_platform_version":["4.18.25080.5"],"winlog.opcode":["Info"],"agent.ephemeral_id":["3256cb5b-857c-4fbb-a338-e5040d2974fe"],"winlog.event_data.NRI_engine_version":["1.1.25090.3001"],"event.dataset":["windows.windows_defender"],"winlog.event_data.Last_quick_scan_start_time":["2025-10-30T09:13:03.000Z"],"winlog.event_data.OA_state":["Enabled"]},"highlight":{"message":["Endpoint Protection client health report (time in UTC):\n \tPlatform version: 4.18.25090.3009\n \tEngine version: 1.1.25090.3001\n \tNetwork Realtime Inspection engine version: 1.1.25090.3001\n \t@kibana-highlighted-field@Antivirus@/kibana-highlighted-field@ security intelligence version: 1.439.535.0\n \tAntispyware security intelligence version: 1.439.535.0\n \tNetwork Realtime Inspection security intelligence version: 1.439.535.0\n \tRTP state: Enabled\n \tOA state: Enabled\n \tIOAV state: Enabled\n \tBM state: Enabled\n \t@kibana-highlighted-field@Antivirus@/kibana-highlighted-field@ security intelligence age: 1\n \tAntispyware security intelligence age: 1\n \tLast quick scan age: 0\n \tLast full scan age: 4294967295\n \t@kibana-highlighted-field@Antivirus@/kibana-highlighted-field@ security intelligence creation time: 2025-10-29T01:44:44Z\n \tAntispyware security intelligence creation time: 2025-10-29T01:44:43Z\n \tLast quick scan start time: 2025-10-30T09:13:03Z\n \tLast quick scan end time: 2025-10-30T09:13:45Z\n \tLast quick scan source: 2\n \tLast full scan start time: 1601-01-01T00:00:00Z\n \tLast full scan end time: 1601-01-01T00:00:00Z\n \tLast full scan source: 0\n \tProduct status: 0x00080000"]},"sort":["2025-10-30T10:09:38.749Z",442]},{"_index":".ds-logs-windows.windows_defender-default-2025.10.14-000003","_id":"QuxlNJoB_8ua5yLfE4-2","_version":1,"_score":null,"fields":{"elastic_agent.version":["8.17.3"],"event.category":["process"],"host.os.name.text":["Windows Server 2022 Standard Evaluation"],"winlog.event_data.Scan_ID":["{D1BD2C11-E316-4BCF-8855-524C8F623B86}"],"winlog.provider_guid":["{11cd958a-c507-4ef3-b3f2-5fd9dfbd2c78}"],"winlog.provider_name":["Microsoft-Windows-Windows Defender"],"host.name.text":["cyberfortress-ws"],"host.hostname":["Cyberfortress-WS"],"winlog.computer_name":["Cyberfortress-WS.ad.cyberfortress.local"],"host.mac":["00-0C-29-26-4D-48"],"winlog.process.pid":[2348],"agent.name.text":["Cyberfortress-WS"],"host.os.version":["10.0"],"winlog.event_data.Scan_Time_Minutes":["00"],"winlog.record_id":["909"],"host.os.name":["Windows Server 2022 Standard Evaluation"],"log.level":["information"],"agent.name":["Cyberfortress-WS"],"winlog.event_data.Scan_Parameters":["Quick Scan"],"host.name":["cyberfortress-ws"],"event.agent_id_status":["verified"],"event.kind":["event"],"winlog.activity_id":["{0ef6c2cd-5e00-434d-a691-266e79cd046a}"],"host.os.type":["windows"],"winlog.event_data.Scan_Type_Index":["1"],"winlog.event_data.User":["SYSTEM"],"input.type":["winlog"],"data_stream.type":["logs"],"host.architecture":["x86_64"],"winlog.event_data.Scan_Type":["Antimalware"],"event.provider":["Microsoft-Windows-Windows Defender"],"event.code":["1001"],"agent.id":["03c4f422-68d1-4af6-a27f-a78c18180452"],"ecs.version":["8.17.0"],"winlog.event_data.Product_Name":["Microsoft Defender Antivirus"],"event.created":["2025-10-30T09:13:45.847Z"],"agent.version":["8.17.3"],"host.os.family":["windows"],"winlog.process.thread.id":[3680],"winlog.event_data.Scan_Time_Seconds":["42"],"winlog.event_data.SID":["S-1-5-18"],"host.os.build":["20348.587"],"winlog.event_data.Scan_Parameters_Index":["1"],"winlog.user.type":["User"],"host.ip":["fe80::7cea:4600:3e1d:57aa","192.168.85.115"],"agent.type":["filebeat"],"event.module":["windows"],"host.os.kernel":["10.0.20348.587 (WinBuild.160101.0800)"],"winlog.api":["wineventlog"],"elastic_agent.snapshot":[false],"host.id":["0c4d2910-34d4-4e69-a70d-2a9ff52a073e"],"winlog.user.identifier":["S-1-5-18"],"winlog.event_data.Scan_Time_Hours":["0"],"winlog.task":["None"],"winlog.user.domain":["NT AUTHORITY"],"winlog.event_data.Domain":["NT AUTHORITY"],"elastic_agent.id":["03c4f422-68d1-4af6-a27f-a78c18180452"],"data_stream.namespace":["default"],"message":["Microsoft Defender Antivirus scan has finished.\n \tScan ID: {D1BD2C11-E316-4BCF-8855-524C8F623B86}\n \tScan Type: Antimalware\n \tScan Parameters: Quick Scan\n \tUser: NT AUTHORITY\\SYSTEM\n \tScan Time: 0:00:42"],"winlog.event_id":["1001"],"winlog.user.name":["SYSTEM"],"event.action":["None"],"event.ingested":["2025-10-30T09:13:50.000Z"],"@timestamp":["2025-10-30T09:13:45.498Z"],"winlog.channel":["Microsoft-Windows-Windows Defender/Operational"],"host.os.platform":["windows"],"data_stream.dataset":["windows.windows_defender"],"event.type":["info"],"winlog.opcode":["Info"],"agent.ephemeral_id":["3256cb5b-857c-4fbb-a338-e5040d2974fe"],"winlog.event_data.Product_Version":["4.18.25090.3009"],"event.dataset":["windows.windows_defender"]},"highlight":{"message":["Microsoft Defender @kibana-highlighted-field@Antivirus@/kibana-highlighted-field@ scan has finished.\n \tScan ID: {D1BD2C11-E316-4BCF-8855-524C8F623B86}\n \tScan Type: @kibana-highlighted-field@Antimalware@/kibana-highlighted-field@\n \tScan Parameters: Quick Scan\n \tUser: NT AUTHORITY\\SYSTEM\n \tScan Time: 0:00:42"]},"sort":["2025-10-30T09:13:45.498Z",440]},{"_index":".ds-logs-windows.windows_defender-default-2025.10.14-000003","_id":"u-xkNJoB_8ua5yLfhYbw","_version":1,"_score":null,"fields":{"winlog.event_data.Scan_Only_If_Idle":["Enabled"],"elastic_agent.version":["8.17.3"],"event.category":["process"],"host.os.name.text":["Windows Server 2022 Standard Evaluation"],"winlog.event_data.Scan_ID":["{D1BD2C11-E316-4BCF-8855-524C8F623B86}"],"winlog.provider_guid":["{11cd958a-c507-4ef3-b3f2-5fd9dfbd2c78}"],"winlog.provider_name":["Microsoft-Windows-Windows Defender"],"host.name.text":["cyberfortress-ws"],"host.hostname":["Cyberfortress-WS"],"winlog.computer_name":["Cyberfortress-WS.ad.cyberfortress.local"],"host.mac":["00-0C-29-26-4D-48"],"winlog.process.pid":[2348],"agent.name.text":["Cyberfortress-WS"],"host.os.version":["10.0"],"winlog.record_id":["908"],"host.os.name":["Windows Server 2022 Standard Evaluation"],"log.level":["information"],"agent.name":["Cyberfortress-WS"],"winlog.event_data.Scan_Parameters":["Quick Scan"],"host.name":["cyberfortress-ws"],"event.agent_id_status":["verified"],"event.kind":["event"],"winlog.event_data.Scan_Trigger":["Scheduled maintenance"],"host.os.type":["windows"],"winlog.event_data.Scan_Type_Index":["1"],"winlog.event_data.User":["SYSTEM"],"input.type":["winlog"],"data_stream.type":["logs"],"host.architecture":["x86_64"],"winlog.event_data.Scan_Type":["Antimalware"],"event.provider":["Microsoft-Windows-Windows Defender"],"event.code":["1000"],"agent.id":["03c4f422-68d1-4af6-a27f-a78c18180452"],"ecs.version":["8.17.0"],"winlog.event_data.Product_Name":["Microsoft Defender Antivirus"],"event.created":["2025-10-30T09:13:04.537Z"],"agent.version":["8.17.3"],"host.os.family":["windows"],"winlog.process.thread.id":[3680],"winlog.event_data.SID":["S-1-5-18"],"host.os.build":["20348.587"],"winlog.event_data.Scan_Parameters_Index":["1"],"winlog.user.type":["User"],"host.ip":["fe80::7cea:4600:3e1d:57aa","192.168.85.115"],"agent.type":["filebeat"],"winlog.event_data.Low_CPU_Priority_for_Scans":["Disabled"],"winlog.event_data.Scan_Trigger_Index":["55"],"event.module":["windows"],"host.os.kernel":["10.0.20348.587 (WinBuild.160101.0800)"],"winlog.api":["wineventlog"],"elastic_agent.snapshot":[false],"host.id":["0c4d2910-34d4-4e69-a70d-2a9ff52a073e"],"winlog.user.identifier":["S-1-5-18"],"winlog.task":["None"],"winlog.user.domain":["NT AUTHORITY"],"winlog.event_data.Domain":["NT AUTHORITY"],"elastic_agent.id":["03c4f422-68d1-4af6-a27f-a78c18180452"],"data_stream.namespace":["default"],"winlog.event_data.Thread_Priority":["7"],"message":["Microsoft Defender Antivirus scan has started.\n \tScan ID: {D1BD2C11-E316-4BCF-8855-524C8F623B86}\n \tScan Type: Antimalware\n \tScan Parameters: Quick Scan\n \tScan Resources: \n  \tUser: NT AUTHORITY\\SYSTEM\n \tScan Trigger: Scheduled maintenance\n \tScan Only If Idle: Enabled\n \tLow CPU Priority for Scans: Disabled\n \tThread Priority: 7"],"winlog.event_id":["1000"],"winlog.user.name":["SYSTEM"],"event.action":["None"],"event.ingested":["2025-10-30T09:13:14.000Z"],"@timestamp":["2025-10-30T09:13:03.421Z"],"winlog.channel":["Microsoft-Windows-Windows Defender/Operational"],"host.os.platform":["windows"],"data_stream.dataset":["windows.windows_defender"],"event.type":["info"],"winlog.opcode":["Info"],"agent.ephemeral_id":["3256cb5b-857c-4fbb-a338-e5040d2974fe"],"winlog.event_data.Product_Version":["4.18.25090.3009"],"event.dataset":["windows.windows_defender"]},"highlight":{"message":["Microsoft Defender @kibana-highlighted-field@Antivirus@/kibana-highlighted-field@ scan has started.\n \tScan ID: {D1BD2C11-E316-4BCF-8855-524C8F623B86}\n \tScan Type: @kibana-highlighted-field@Antimalware@/kibana-highlighted-field@\n \tScan Parameters: Quick Scan\n \tScan Resources: \n  \tUser: NT AUTHORITY\\SYSTEM\n \tScan Trigger: Scheduled maintenance\n \tScan Only If Idle: Enabled\n \tLow CPU Priority for Scans: Disabled\n \tThread Priority: 7"]},"sort":["2025-10-30T09:13:03.421Z",439]},