{"_index":".ds-logs-windows.windows_defender-default-2025.11.14-000004","_id":"QbovoJoBrmRYshrlGYN7","_version":1,"_score":null,"fields":{"elastic_agent.version":["8.17.3"],"event.category":["process"],"host.os.name.text":["Windows Server 2022 Standard Evaluation"],"winlog.provider_guid":["{11cd958a-c507-4ef3-b3f2-5fd9dfbd2c78}"],"winlog.provider_name":["Microsoft-Windows-Windows Defender"],"host.name.text":["cyberfortress-ws"],"host.hostname":["Cyberfortress-WS"],"winlog.computer_name":["Cyberfortress-WS.ad.cyberfortress.local"],"host.mac":["00-0C-29-26-4D-48"],"winlog.event_data.Error_Code":["0x80070002"],"winlog.process.pid":[2232],"winlog.event_data.Error_Description":["The system cannot find the file specified. "],"agent.name.text":["Cyberfortress-WS"],"host.os.version":["10.0"],"winlog.event_data.Failure_Reason":["Group Policy hive was not ready when MDE AV service started and AV configurations might be not as expected."],"winlog.event_data.Feature_Name":["MDE AV Configurations"],"winlog.record_id":["1137"],"host.os.name":["Windows Server 2022 Standard Evaluation"],"log.level":["information"],"agent.name":["Cyberfortress-WS"],"host.name":["cyberfortress-ws"],"event.agent_id_status":["verified"],"event.kind":["event"],"winlog.event_data.Failure_Id":["0x00000003"],"host.os.type":["windows"],"input.type":["winlog"],"data_stream.type":["logs"],"host.architecture":["x86_64"],"event.provider":["Microsoft-Windows-Windows Defender"],"event.code":["5017"],"agent.id":["03c4f422-68d1-4af6-a27f-a78c18180452"],"ecs.version":["8.17.0"],"winlog.event_data.Product_Name":["Microsoft Defender Antivirus"],"event.created":["2025-11-20T07:31:52.523Z"],"agent.version":["8.17.3"],"host.os.family":["windows"],"winlog.process.thread.id":[2504],"winlog.event_data.Recommendation":["Investigate recent changes in Group Policy server settings and reboot the device."],"host.os.build":["20348.587"],"winlog.user.type":["User"],"host.ip":["fe80::7cea:4600:3e1d:57aa","192.168.85.115"],"agent.type":["filebeat"],"event.module":["windows"],"host.os.kernel":["10.0.20348.587 (WinBuild.160101.0800)"],"winlog.api":["wineventlog"],"elastic_agent.snapshot":[false],"host.id":["0c4d2910-34d4-4e69-a70d-2a9ff52a073e"],"winlog.user.identifier":["S-1-5-18"],"winlog.task":["None"],"winlog.user.domain":["NT AUTHORITY"],"elastic_agent.id":["03c4f422-68d1-4af6-a27f-a78c18180452"],"data_stream.namespace":["default"],"message":["Microsoft Defender Antivirus service feature has encountered an error and failed.\n \tFeature: MDE AV Configurations\n  \tFailure Reason: Group Policy hive was not ready when MDE AV service started and AV configurations might be not as expected.\n \tRecommended Mitigation: Investigate recent changes in Group Policy server settings and reboot the device.\n \tError Code: 0x80070002\n \tError description: The system cannot find the file specified. "],"winlog.event_id":["5017"],"winlog.user.name":["SYSTEM"],"event.action":["None"],"event.ingested":["2025-11-20T07:33:49.000Z"],"@timestamp":["2025-11-20T07:30:57.219Z"],"winlog.channel":["Microsoft-Windows-Windows Defender/Operational"],"host.os.platform":["windows"],"data_stream.dataset":["windows.windows_defender"],"event.type":["info"],"winlog.opcode":["Info"],"agent.ephemeral_id":["761644e5-1192-4beb-93c0-d9b83cb58d12"],"winlog.event_data.Product_Version":["4.18.25090.3009"],"event.dataset":["windows.windows_defender"]},"highlight":{"message":["Microsoft Defender @kibana-highlighted-field@Antivirus@/kibana-highlighted-field@ service feature has encountered an error and failed.\n \tFeature: MDE AV Configurations\n  \tFailure Reason: Group Policy hive was not ready when MDE AV service started and AV configurations might be not as expected.\n \tRecommended Mitigation: Investigate recent changes in Group Policy server settings and reboot the device.\n \tError Code: 0x80070002\n \tError description: The system cannot find the file specified."]},"sort":["2025-11-20T07:30:57.219Z",85]},{"_index":".ds-logs-windows.windows_defender-default-2025.11.14-000004","_id":"QLovoJoBrmRYshrlGYN7","_version":1,"_score":null,"fields":{"elastic_agent.version":["8.17.3"],"event.category":["configuration"],"host.os.name.text":["Windows Server 2022 Standard Evaluation"],"winlog.provider_guid":["{11cd958a-c507-4ef3-b3f2-5fd9dfbd2c78}"],"winlog.provider_name":["Microsoft-Windows-Windows Defender"],"host.name.text":["cyberfortress-ws"],"host.hostname":["Cyberfortress-WS"],"winlog.computer_name":["Cyberfortress-WS.ad.cyberfortress.local"],"host.mac":["00-0C-29-26-4D-48"],"winlog.process.pid":[2232],"agent.name.text":["Cyberfortress-WS"],"host.os.version":["10.0"],"winlog.record_id":["1136"],"host.os.name":["Windows Server 2022 Standard Evaluation"],"log.level":["information"],"agent.name":["Cyberfortress-WS"],"host.name":["cyberfortress-ws"],"event.agent_id_status":["verified"],"event.kind":["event"],"host.os.type":["windows"],"input.type":["winlog"],"data_stream.type":["logs"],"host.architecture":["x86_64"],"event.provider":["Microsoft-Windows-Windows Defender"],"event.code":["5007"],"agent.id":["03c4f422-68d1-4af6-a27f-a78c18180452"],"ecs.version":["8.17.0"],"winlog.event_data.Product_Name":["Microsoft Defender Antivirus"],"event.created":["2025-11-20T07:31:52.523Z"],"agent.version":["8.17.3"],"host.os.family":["windows"],"winlog.process.thread.id":[2624],"winlog.event_data.Old_Value":["HKLM\\SOFTWARE\\Microsoft\\Windows Defender\\Diagnostics\\InitializingComponentProgress = InitializeMiscConfigLibrary"],"winlog.event_data.New_Value":["HKLM\\SOFTWARE\\Microsoft\\Windows Defender\\Diagnostics\\InitializingComponentProgress = InitializeGlobalConfig"],"host.os.build":["20348.587"],"winlog.user.type":["User"],"host.ip":["fe80::7cea:4600:3e1d:57aa","192.168.85.115"],"agent.type":["filebeat"],"event.module":["windows"],"host.os.kernel":["10.0.20348.587 (WinBuild.160101.0800)"],"winlog.api":["wineventlog"],"elastic_agent.snapshot":[false],"host.id":["0c4d2910-34d4-4e69-a70d-2a9ff52a073e"],"winlog.user.identifier":["S-1-5-18"],"winlog.task":["None"],"winlog.user.domain":["NT AUTHORITY"],"elastic_agent.id":["03c4f422-68d1-4af6-a27f-a78c18180452"],"data_stream.namespace":["default"],"message":["Microsoft Defender Antivirus Configuration has changed. If this is an unexpected event you should review the settings as this may be the result of malware.\n \tOld value: HKLM\\SOFTWARE\\Microsoft\\Windows Defender\\Diagnostics\\InitializingComponentProgress = InitializeMiscConfigLibrary\n \tNew value: HKLM\\SOFTWARE\\Microsoft\\Windows Defender\\Diagnostics\\InitializingComponentProgress = InitializeGlobalConfig"],"winlog.event_id":["5007"],"winlog.user.name":["SYSTEM"],"event.action":["antivirus-configuration-changed"],"event.ingested":["2025-11-20T07:33:49.000Z"],"@timestamp":["2025-11-20T07:30:57.178Z"],"winlog.channel":["Microsoft-Windows-Windows Defender/Operational"],"host.os.platform":["windows"],"data_stream.dataset":["windows.windows_defender"],"event.type":["change"],"winlog.opcode":["Info"],"agent.ephemeral_id":["761644e5-1192-4beb-93c0-d9b83cb58d12"],"winlog.event_data.Product_Version":["4.18.25090.3009"],"event.dataset":["windows.windows_defender"]},"highlight":{"message":["Microsoft Defender @kibana-highlighted-field@Antivirus@/kibana-highlighted-field@ Configuration has changed. If this is an unexpected event you should review the settings as this may be the result of @kibana-highlighted-field@malware@/kibana-highlighted-field@.\n \tOld value: HKLM\\SOFTWARE\\Microsoft\\Windows Defender\\Diagnostics\\InitializingComponentProgress = InitializeMiscConfigLibrary\n \tNew value: HKLM\\SOFTWARE\\Microsoft\\Windows Defender\\Diagnostics\\InitializingComponentProgress = InitializeGlobalConfig"]},"sort":["2025-11-20T07:30:57.178Z",84]},{"_index":".ds-logs-windows.windows_defender-default-2025.11.14-000004","_id":"P7ovoJoBrmRYshrlGYN7","_version":1,"_score":null,"fields":{"elastic_agent.version":["8.17.3"],"event.category":["configuration"],"host.os.name.text":["Windows Server 2022 Standard Evaluation"],"winlog.provider_guid":["{11cd958a-c507-4ef3-b3f2-5fd9dfbd2c78}"],"winlog.provider_name":["Microsoft-Windows-Windows Defender"],"host.name.text":["cyberfortress-ws"],"host.hostname":["Cyberfortress-WS"],"winlog.computer_name":["Cyberfortress-WS.ad.cyberfortress.local"],"host.mac":["00-0C-29-26-4D-48"],"winlog.process.pid":[2232],"agent.name.text":["Cyberfortress-WS"],"host.os.version":["10.0"],"winlog.record_id":["1135"],"host.os.name":["Windows Server 2022 Standard Evaluation"],"log.level":["information"],"agent.name":["Cyberfortress-WS"],"host.name":["cyberfortress-ws"],"event.agent_id_status":["verified"],"event.kind":["event"],"host.os.type":["windows"],"input.type":["winlog"],"data_stream.type":["logs"],"host.architecture":["x86_64"],"event.provider":["Microsoft-Windows-Windows Defender"],"event.code":["5007"],"agent.id":["03c4f422-68d1-4af6-a27f-a78c18180452"],"ecs.version":["8.17.0"],"winlog.event_data.Product_Name":["Microsoft Defender Antivirus"],"event.created":["2025-11-20T07:31:52.523Z"],"agent.version":["8.17.3"],"host.os.family":["windows"],"winlog.process.thread.id":[2624],"winlog.event_data.Old_Value":["Default\\IsServiceRunning = 0x0"],"winlog.event_data.New_Value":["HKLM\\SOFTWARE\\Microsoft\\Windows Defender\\IsServiceRunning = 0x1"],"host.os.build":["20348.587"],"winlog.user.type":["User"],"host.ip":["fe80::7cea:4600:3e1d:57aa","192.168.85.115"],"agent.type":["filebeat"],"event.module":["windows"],"host.os.kernel":["10.0.20348.587 (WinBuild.160101.0800)"],"winlog.api":["wineventlog"],"elastic_agent.snapshot":[false],"host.id":["0c4d2910-34d4-4e69-a70d-2a9ff52a073e"],"winlog.user.identifier":["S-1-5-18"],"winlog.task":["None"],"winlog.user.domain":["NT AUTHORITY"],"elastic_agent.id":["03c4f422-68d1-4af6-a27f-a78c18180452"],"data_stream.namespace":["default"],"message":["Microsoft Defender Antivirus Configuration has changed. If this is an unexpected event you should review the settings as this may be the result of malware.\n \tOld value: Default\\IsServiceRunning = 0x0\n \tNew value: HKLM\\SOFTWARE\\Microsoft\\Windows Defender\\IsServiceRunning = 0x1"],"winlog.event_id":["5007"],"winlog.user.name":["SYSTEM"],"event.action":["antivirus-configuration-changed"],"event.ingested":["2025-11-20T07:33:49.000Z"],"@timestamp":["2025-11-20T07:30:57.178Z"],"winlog.channel":["Microsoft-Windows-Windows Defender/Operational"],"host.os.platform":["windows"],"data_stream.dataset":["windows.windows_defender"],"event.type":["change"],"winlog.opcode":["Info"],"agent.ephemeral_id":["761644e5-1192-4beb-93c0-d9b83cb58d12"],"winlog.event_data.Product_Version":["4.18.25090.3009"],"event.dataset":["windows.windows_defender"]},"highlight":{"message":["Microsoft Defender @kibana-highlighted-field@Antivirus@/kibana-highlighted-field@ Configuration has changed. If this is an unexpected event you should review the settings as this may be the result of @kibana-highlighted-field@malware@/kibana-highlighted-field@.\n \tOld value: Default\\IsServiceRunning = 0x0\n \tNew value: HKLM\\SOFTWARE\\Microsoft\\Windows Defender\\IsServiceRunning = 0x1"]},"sort":["2025-11-20T07:30:57.178Z",83]},{"_index":".ds-logs-windows.windows_defender-default-2025.11.14-000004","_id":"ProvoJoBrmRYshrlGYN7","_version":1,"_score":null,"fields":{"elastic_agent.version":["8.17.3"],"event.category":["configuration"],"host.os.name.text":["Windows Server 2022 Standard Evaluation"],"winlog.provider_guid":["{11cd958a-c507-4ef3-b3f2-5fd9dfbd2c78}"],"winlog.provider_name":["Microsoft-Windows-Windows Defender"],"host.name.text":["cyberfortress-ws"],"host.hostname":["Cyberfortress-WS"],"winlog.computer_name":["Cyberfortress-WS.ad.cyberfortress.local"],"host.mac":["00-0C-29-26-4D-48"],"winlog.process.pid":[2240],"agent.name.text":["Cyberfortress-WS"],"host.os.version":["10.0"],"winlog.record_id":["1134"],"host.os.name":["Windows Server 2022 Standard Evaluation"],"log.level":["information"],"agent.name":["Cyberfortress-WS"],"host.name":["cyberfortress-ws"],"event.agent_id_status":["verified"],"event.kind":["event"],"host.os.type":["windows"],"input.type":["winlog"],"data_stream.type":["logs"],"host.architecture":["x86_64"],"event.provider":["Microsoft-Windows-Windows Defender"],"event.code":["5007"],"agent.id":["03c4f422-68d1-4af6-a27f-a78c18180452"],"ecs.version":["8.17.0"],"winlog.event_data.Product_Name":["Microsoft Defender Antivirus"],"event.created":["2025-11-20T07:31:52.523Z"],"agent.version":["8.17.3"],"host.os.family":["windows"],"winlog.process.thread.id":[6936],"winlog.event_data.Old_Value":["HKLM\\SOFTWARE\\Microsoft\\Windows Defender\\Diagnostics\\CleanupComponentProgress = RtpPluginStop"],"winlog.event_data.New_Value":["HKLM\\SOFTWARE\\Microsoft\\Windows Defender\\Diagnostics\\CleanupComponentProgress = CleanupEngine"],"host.os.build":["20348.587"],"winlog.user.type":["User"],"host.ip":["fe80::7cea:4600:3e1d:57aa","192.168.85.115"],"agent.type":["filebeat"],"event.module":["windows"],"host.os.kernel":["10.0.20348.587 (WinBuild.160101.0800)"],"winlog.api":["wineventlog"],"elastic_agent.snapshot":[false],"host.id":["0c4d2910-34d4-4e69-a70d-2a9ff52a073e"],"winlog.user.identifier":["S-1-5-18"],"winlog.task":["None"],"winlog.user.domain":["NT AUTHORITY"],"elastic_agent.id":["03c4f422-68d1-4af6-a27f-a78c18180452"],"data_stream.namespace":["default"],"message":["Microsoft Defender Antivirus Configuration has changed. If this is an unexpected event you should review the settings as this may be the result of malware.\n \tOld value: HKLM\\SOFTWARE\\Microsoft\\Windows Defender\\Diagnostics\\CleanupComponentProgress = RtpPluginStop\n \tNew value: HKLM\\SOFTWARE\\Microsoft\\Windows Defender\\Diagnostics\\CleanupComponentProgress = CleanupEngine"],"winlog.event_id":["5007"],"winlog.user.name":["SYSTEM"],"event.action":["antivirus-configuration-changed"],"event.ingested":["2025-11-20T07:33:49.000Z"],"@timestamp":["2025-11-19T10:26:54.280Z"],"winlog.channel":["Microsoft-Windows-Windows Defender/Operational"],"host.os.platform":["windows"],"data_stream.dataset":["windows.windows_defender"],"event.type":["change"],"winlog.opcode":["Info"],"agent.ephemeral_id":["761644e5-1192-4beb-93c0-d9b83cb58d12"],"winlog.event_data.Product_Version":["4.18.25090.3009"],"event.dataset":["windows.windows_defender"]},"highlight":{"message":["Microsoft Defender @kibana-highlighted-field@Antivirus@/kibana-highlighted-field@ Configuration has changed. If this is an unexpected event you should review the settings as this may be the result of @kibana-highlighted-field@malware@/kibana-highlighted-field@.\n \tOld value: HKLM\\SOFTWARE\\Microsoft\\Windows Defender\\Diagnostics\\CleanupComponentProgress = RtpPluginStop\n \tNew value: HKLM\\SOFTWARE\\Microsoft\\Windows Defender\\Diagnostics\\CleanupComponentProgress = CleanupEngine"]},"sort":["2025-11-19T10:26:54.280Z",82]},{"_index":".ds-logs-windows.windows_defender-default-2025.11.14-000004","_id":"PbovoJoBrmRYshrlGYN7","_version":1,"_score":null,"fields":{"elastic_agent.version":["8.17.3"],"event.category":["configuration"],"host.os.name.text":["Windows Server 2022 Standard Evaluation"],"winlog.provider_guid":["{11cd958a-c507-4ef3-b3f2-5fd9dfbd2c78}"],"winlog.provider_name":["Microsoft-Windows-Windows Defender"],"host.name.text":["cyberfortress-ws"],"host.hostname":["Cyberfortress-WS"],"winlog.computer_name":["Cyberfortress-WS.ad.cyberfortress.local"],"host.mac":["00-0C-29-26-4D-48"],"winlog.process.pid":[2240],"agent.name.text":["Cyberfortress-WS"],"host.os.version":["10.0"],"winlog.record_id":["1133"],"host.os.name":["Windows Server 2022 Standard Evaluation"],"log.level":["information"],"agent.name":["Cyberfortress-WS"],"host.name":["cyberfortress-ws"],"event.agent_id_status":["verified"],"event.kind":["event"],"host.os.type":["windows"],"input.type":["winlog"],"data_stream.type":["logs"],"host.architecture":["x86_64"],"event.provider":["Microsoft-Windows-Windows Defender"],"event.code":["5007"],"agent.id":["03c4f422-68d1-4af6-a27f-a78c18180452"],"ecs.version":["8.17.0"],"winlog.event_data.Product_Name":["Microsoft Defender Antivirus"],"event.created":["2025-11-20T07:31:51.254Z"],"agent.version":["8.17.3"],"host.os.family":["windows"],"winlog.process.thread.id":[4548],"winlog.event_data.Old_Value":["HKLM\\SOFTWARE\\Microsoft\\Windows Defender\\Diagnostics\\CleanupComponentProgress = CleanupCompleted"],"winlog.event_data.New_Value":["HKLM\\SOFTWARE\\Microsoft\\Windows Defender\\Diagnostics\\CleanupComponentProgress = RtpPluginStop"],"host.os.build":["20348.587"],"winlog.user.type":["User"],"host.ip":["fe80::7cea:4600:3e1d:57aa","192.168.85.115"],"agent.type":["filebeat"],"event.module":["windows"],"host.os.kernel":["10.0.20348.587 (WinBuild.160101.0800)"],"winlog.api":["wineventlog"],"elastic_agent.snapshot":[false],"host.id":["0c4d2910-34d4-4e69-a70d-2a9ff52a073e"],"winlog.user.identifier":["S-1-5-18"],"winlog.task":["None"],"winlog.user.domain":["NT AUTHORITY"],"elastic_agent.id":["03c4f422-68d1-4af6-a27f-a78c18180452"],"data_stream.namespace":["default"],"message":["Microsoft Defender Antivirus Configuration has changed. If this is an unexpected event you should review the settings as this may be the result of malware.\n \tOld value: HKLM\\SOFTWARE\\Microsoft\\Windows Defender\\Diagnostics\\CleanupComponentProgress = CleanupCompleted\n \tNew value: HKLM\\SOFTWARE\\Microsoft\\Windows Defender\\Diagnostics\\CleanupComponentProgress = RtpPluginStop"],"winlog.event_id":["5007"],"winlog.user.name":["SYSTEM"],"event.action":["antivirus-configuration-changed"],"event.ingested":["2025-11-20T07:33:49.000Z"],"@timestamp":["2025-11-19T10:26:53.047Z"],"winlog.channel":["Microsoft-Windows-Windows Defender/Operational"],"host.os.platform":["windows"],"data_stream.dataset":["windows.windows_defender"],"event.type":["change"],"winlog.opcode":["Info"],"agent.ephemeral_id":["761644e5-1192-4beb-93c0-d9b83cb58d12"],"winlog.event_data.Product_Version":["4.18.25090.3009"],"event.dataset":["windows.windows_defender"]},"highlight":{"message":["Microsoft Defender @kibana-highlighted-field@Antivirus@/kibana-highlighted-field@ Configuration has changed. If this is an unexpected event you should review the settings as this may be the result of @kibana-highlighted-field@malware@/kibana-highlighted-field@.\n \tOld value: HKLM\\SOFTWARE\\Microsoft\\Windows Defender\\Diagnostics\\CleanupComponentProgress = CleanupCompleted\n \tNew value: HKLM\\SOFTWARE\\Microsoft\\Windows Defender\\Diagnostics\\CleanupComponentProgress = RtpPluginStop"]},"sort":["2025-11-19T10:26:53.047Z",81]},{"_index":".ds-logs-windows.windows_defender-default-2025.11.14-000004","_id":"pt-Dm5oBOMITODGiDHw1","_version":1,"_score":null,"fields":{"elastic_agent.version":["8.17.3"],"event.category":["process"],"winlog.event_data.Last_quick_scan_source":["2"],"host.os.name.text":["Windows Server 2022 Standard Evaluation"],"winlog.provider_guid":["{11cd958a-c507-4ef3-b3f2-5fd9dfbd2c78}"],"winlog.provider_name":["Microsoft-Windows-Windows Defender"],"host.name.text":["cyberfortress-ws"],"host.hostname":["Cyberfortress-WS"],"winlog.computer_name":["Cyberfortress-WS.ad.cyberfortress.local"],"host.mac":["00-0C-29-26-4D-48"],"winlog.process.pid":[2240],"winlog.event_data.Last_quick_scan_end_time":["2025-11-06T08:32:57.000Z"],"agent.name.text":["Cyberfortress-WS"],"host.os.version":["10.0"],"winlog.event_data.Last_full_scan_age":["4294967295"],"winlog.record_id":["1132"],"host.os.name":["Windows Server 2022 Standard Evaluation"],"winlog.event_data.Engine_up-to-date":["0"],"log.level":["information"],"agent.name":["Cyberfortress-WS"],"host.name":["cyberfortress-ws"],"event.agent_id_status":["verified"],"event.kind":["event"],"winlog.event_data.Engine_version":["1.1.25100.9002"],"host.os.type":["windows"],"winlog.event_data.RTP_state":["Enabled"],"winlog.event_data.Platform_version":["4.18.25090.3009"],"input.type":["winlog"],"data_stream.type":["logs"],"winlog.event_data.Last_AS_security_intelligence_age":["0"],"host.architecture":["x86_64"],"winlog.event_data.AV_security_intelligence_version":["1.441.331.0"],"event.provider":["Microsoft-Windows-Windows Defender"],"event.code":["1151"],"agent.id":["03c4f422-68d1-4af6-a27f-a78c18180452"],"ecs.version":["8.17.0"],"winlog.event_data.Product_Name":["Microsoft Defender Antivirus"],"event.created":["2025-11-19T09:47:17.914Z"],"agent.version":["8.17.3"],"host.os.family":["windows"],"winlog.event_data.AS_security_intelligence_version":["1.441.331.0"],"winlog.event_data.Last_quick_scan_age":["13"],"winlog.process.thread.id":[1804],"winlog.event_data.Last_full_scan_source":["0"],"winlog.event_data.NRI_security_intelligence_version":["1.441.331.0"],"winlog.event_data.IOAV_state":["Enabled"],"host.os.build":["20348.587"],"winlog.user.type":["User"],"host.ip":["fe80::7cea:4600:3e1d:57aa","192.168.85.115"],"agent.type":["filebeat"],"event.module":["windows"],"host.os.kernel":["10.0.20348.587 (WinBuild.160101.0800)"],"winlog.event_data.Latest_engine_version":["1.1.25100.9002"],"winlog.api":["wineventlog"],"elastic_agent.snapshot":[false],"winlog.event_data.Last_AV_security_intelligence_age":["0"],"host.id":["0c4d2910-34d4-4e69-a70d-2a9ff52a073e"],"winlog.event_data.Platform_up-to-date":["0"],"winlog.user.identifier":["S-1-5-18"],"winlog.task":["None"],"winlog.user.domain":["NT AUTHORITY"],"winlog.event_data.Product_status":["0x00080000"],"elastic_agent.id":["03c4f422-68d1-4af6-a27f-a78c18180452"],"data_stream.namespace":["default"],"winlog.event_data.BM_state":["Enabled"],"winlog.event_data.Last_full_scan_end_time":["1601-01-01T00:00:00.000Z"],"winlog.event_data.Last_full_scan_start_time":["1601-01-01T00:00:00.000Z"],"message":["Endpoint Protection client health report (time in UTC):\n \tPlatform version: 4.18.25090.3009\n \tEngine version: 1.1.25100.9002\n \tNetwork Realtime Inspection engine version: 1.1.25100.9002\n \tAntivirus security intelligence version: 1.441.331.0\n \tAntispyware security intelligence version: 1.441.331.0\n \tNetwork Realtime Inspection security intelligence version: 1.441.331.0\n \tRTP state: Enabled\n \tOA state: Enabled\n \tIOAV state: Enabled\n \tBM state: Enabled\n \tAntivirus security intelligence age: 0\n \tAntispyware security intelligence age: 0\n \tLast quick scan age: 13\n \tLast full scan age: 4294967295\n \tAntivirus security intelligence creation time: 2025-11-19T02:50:21Z\n \tAntispyware security intelligence creation time: 2025-11-19T02:50:21Z\n \tLast quick scan start time: 2025-11-06T08:32:32Z\n \tLast quick scan end time: 2025-11-06T08:32:57Z\n \tLast quick scan source: 2\n \tLast full scan start time: 1601-01-01T00:00:00Z\n \tLast full scan end time: 1601-01-01T00:00:00Z\n \tLast full scan source: 0\n \tProduct status: 0x00080000"],"winlog.event_id":["1151"],"winlog.user.name":["SYSTEM"],"winlog.event_data.AS_security_intelligence_creation_time":["2025-11-19T02:50:21.000Z"],"event.action":["None"],"event.ingested":["2025-11-19T09:47:28.000Z"],"@timestamp":["2025-11-19T09:47:15.991Z"],"winlog.channel":["Microsoft-Windows-Windows Defender/Operational"],"host.os.platform":["windows"],"data_stream.dataset":["windows.windows_defender"],"event.type":["info"],"winlog.event_data.AV_security_intelligence_creation_time":["2025-11-19T02:50:21.000Z"],"winlog.event_data.Latest_platform_version":["4.18.25100.9008"],"winlog.opcode":["Info"],"agent.ephemeral_id":["2b640a5c-e8e4-4b4e-b271-60302b7e15bb"],"winlog.event_data.NRI_engine_version":["1.1.25100.9002"],"event.dataset":["windows.windows_defender"],"winlog.event_data.Last_quick_scan_start_time":["2025-11-06T08:32:32.000Z"],"winlog.event_data.OA_state":["Enabled"]},"highlight":{"message":["Endpoint Protection client health report (time in UTC):\n \tPlatform version: 4.18.25090.3009\n \tEngine version: 1.1.25100.9002\n \tNetwork Realtime Inspection engine version: 1.1.25100.9002\n \t@kibana-highlighted-field@Antivirus@/kibana-highlighted-field@ security intelligence version: 1.441.331.0\n \tAntispyware security intelligence version: 1.441.331.0\n \tNetwork Realtime Inspection security intelligence version: 1.441.331.0\n \tRTP state: Enabled\n \tOA state: Enabled\n \tIOAV state: Enabled\n \tBM state: Enabled\n \t@kibana-highlighted-field@Antivirus@/kibana-highlighted-field@ security intelligence age: 0\n \tAntispyware security intelligence age: 0\n \tLast quick scan age: 13\n \tLast full scan age: 4294967295\n \t@kibana-highlighted-field@Antivirus@/kibana-highlighted-field@ security intelligence creation time: 2025-11-19T02:50:21Z\n \tAntispyware security intelligence creation time: 2025-11-19T02:50:21Z\n \tLast quick scan start time: 2025-11-06T08:32:32Z\n \tLast quick scan end time: 2025-11-06T08:32:57Z\n \tLast quick scan source: 2\n \tLast full scan start time: 1601-01-01T00:00:00Z\n \tLast full scan end time: 1601-01-01T00:00:00Z\n \tLast full scan source: 0\n \tProduct status: 0x00080000"]},"sort":["2025-11-19T09:47:15.991Z",80]},{"_index":".ds-logs-windows.powershell_operational-default-2025.11.14-000005","_id":"GN1bm5oBOMITODGiGubN","_version":1,"_score":null,"fields":{"file.path":["C:\\Windows\\TEMP\\SDIAG_a26edb9f-3a21-4764-8dbb-419c055a6809\\TS_DiagnosticHistory.ps1"],"elastic_agent.version":["8.17.3"],"event.category":["process"],"host.os.name.text":["Windows Server 2022 Standard Evaluation"],"winlog.provider_guid":["{a0c1853b-5c40-4b15-8766-3cf1c58f985a}"],"winlog.provider_name":["Microsoft-Windows-PowerShell"],"host.hostname":["Cyberfortress-WS"],"winlog.computer_name":["Cyberfortress-WS.ad.cyberfortress.local"],"host.mac":["00-0C-29-26-4D-48"],"winlog.process.pid":[3836],"agent.name.text":["Cyberfortress-WS"],"host.os.version":["10.0"],"winlog.record_id":["5021"],"host.os.name":["Windows Server 2022 Standard Evaluation"],"log.level":["verbose"],"agent.name":["Cyberfortress-WS"],"host.name":["cyberfortress-ws"],"event.agent_id_status":["verified"],"event.kind":["event"],"powershell.file.script_block_text":["# Copyright  2008, Microsoft Corporation. All rights reserved.\n\ntrap {break}\n\n# Include common library\n. .\\CL_Utility.ps1\n\nImport-LocalizedData -BindingVariable localizationString -FileName CL_LocalizationData\n\n# function library\n# Function to check whether have unnecessary files\nfunction Test-UnnecessaryFiles([string]$folder = $(throw \"No folder is specified\")) {\n    if([String]::IsNullOrEmpty($folder) -or (-not(Test-Path $folder))) {\n        return $false\n    }\n\n    [int]$threshold = -1\n    $folders = Get-ChildItem -literalPath $folder -Recurse -Force | Where-Object {($_.PSIsContainer) -and ((($_.CreationTime).CompareTo((Get-Date).AddMonths($threshold))) -lt 0)}\n\n    return ($folders -ne $null)\n}\n\n# Check troubleshooting history\nWrite-DiagProgress -Activity $localizationString.CheckTSHistory\n\n[string]$userTSHistoryPath = Get-UserTSHistoryPath\n[string]$adminTSHistoryPath = Get-AdminTSHistoryPath\n[double]$userTSHistorySize = (Get-FolderSize $userTSHistoryPath)\n[double]$adminTSHistorySize = (Get-FolderSize $adminTSHistoryPath)\n[double]$totalSize = Format-DiskSpaceMB ($userTSHistorySize + $adminTSHistorySize)\n\n# Reporting\n@{Name=$userTSHistoryPath;Space=$userTSHistorySize} | Select-Object -Property @{Name=$localizationString.userTSHistoryPath;Expression={$_.Name}},@{Name=$localizationString.userTSHistorySize;Expression={(Format-DiskSpaceMB $_.Space) + \"MB\"}} | ConvertTo-Xml | Update-DiagReport -id UserTSHistorySizeInfo -Name $localizationString.UserTSHistoryInfo_name -Description $localizationString.UserTSHistoryInfo_description -rid \"RC_DiagnosticHistory\"\n\n@{Name=$adminTSHistoryPath;Space=$adminTSHistorySize} | Select-Object -Property @{Name=$localizationString.adminTSHistoryPath;Expression={$_.Name}},@{Name=$localizationString.adminTSHistorySize;Expression={(Format-DiskSpaceMB $_.Space) + \"MB\"}} | ConvertTo-Xml | Update-DiagReport -id AdminTSHistorySizeInfo -Name $localizationString.AdminTSHistoryInfo_name -Description $localizationString.AdminTSHistoryInfo_description -rid \"RC_DiagnosticHistory\"\n\n\nif(Test-UnnecessaryFiles $userTSHistoryPath) {\n    Update-DiagRootcause -ID \"RC_DiagnosticHistory\" -Detected $true -Parameter @{'UnwantedSpace'=(Format-DiskSpaceMB $totalSize)}\n    return\n}\n\nif(Test-UnnecessaryFiles $adminTSHistoryPath) {\n    Update-DiagRootcause -ID \"RC_DiagnosticHistory\" -Detected $true -Parameter @{'UnwantedSpace'=(Format-DiskSpaceMB $totalSize)}\n    return\n}\n\nUpdate-DiagRootcause -ID \"RC_DiagnosticHistory\" -Detected $false -Parameter @{'UnwantedSpace'=(Format-DiskSpaceMB $totalSize)}"],"winlog.activity_id":["{00527285-5931-0000-5795-52003159dc01}"],"winlog.version":[1],"file.path.text":["C:\\Windows\\TEMP\\SDIAG_a26edb9f-3a21-4764-8dbb-419c055a6809\\TS_DiagnosticHistory.ps1"],"host.os.type":["windows"],"user.id":["S-1-5-21-2588347654-3684885112-3212209907-500"],"input.type":["winlog"],"data_stream.type":["logs"],"powershell.sequence":[1],"host.architecture":["x86_64"],"powershell.file.script_block_hash":["jNOKnyIk5Idh0XkjRTAmRKOUiak="],"event.provider":["Microsoft-Windows-PowerShell"],"event.code":["4104"],"agent.id":["03c4f422-68d1-4af6-a27f-a78c18180452"],"ecs.version":["8.17.0"],"powershell.file.script_block_id":["e8c83c08-cd21-4f28-b885-a313582e5865"],"event.created":["2025-11-19T09:03:44.111Z"],"agent.version":["8.17.3"],"file.extension":["ps1"],"host.os.family":["windows"],"powershell.total":[1],"winlog.process.thread.id":[6872],"host.os.build":["20348.587"],"winlog.user.type":["User"],"host.ip":["fe80::7cea:4600:3e1d:57aa","192.168.85.115"],"agent.type":["filebeat"],"event.module":["windows"],"host.os.kernel":["10.0.20348.587 (WinBuild.160101.0800)"],"winlog.api":["wineventlog"],"elastic_agent.snapshot":[false],"host.id":["0c4d2910-34d4-4e69-a70d-2a9ff52a073e"],"winlog.user.identifier":["S-1-5-21-2588347654-3684885112-3212209907-500"],"file.directory":["C:\\Windows\\TEMP\\SDIAG_a26edb9f-3a21-4764-8dbb-419c055a6809"],"winlog.task":["Execute a Remote Command"],"winlog.user.domain":["AD"],"elastic_agent.id":["03c4f422-68d1-4af6-a27f-a78c18180452"],"data_stream.namespace":["default"],"file.name":["TS_DiagnosticHistory.ps1"],"message":["Creating Scriptblock text (1 of 1):\n# Copyright  2008, Microsoft Corporation. All rights reserved.\n\ntrap {break}\n\n# Include common library\n. .\\CL_Utility.ps1\n\nImport-LocalizedData -BindingVariable localizationString -FileName CL_LocalizationData\n\n# function library\n# Function to check whether have unnecessary files\nfunction Test-UnnecessaryFiles([string]$folder = $(throw \"No folder is specified\")) {\n    if([String]::IsNullOrEmpty($folder) -or (-not(Test-Path $folder))) {\n        return $false\n    }\n\n    [int]$threshold = -1\n    $folders = Get-ChildItem -literalPath $folder -Recurse -Force | Where-Object {($_.PSIsContainer) -and ((($_.CreationTime).CompareTo((Get-Date).AddMonths($threshold))) -lt 0)}\n\n    return ($folders -ne $null)\n}\n\n# Check troubleshooting history\nWrite-DiagProgress -Activity $localizationString.CheckTSHistory\n\n[string]$userTSHistoryPath = Get-UserTSHistoryPath\n[string]$adminTSHistoryPath = Get-AdminTSHistoryPath\n[double]$userTSHistorySize = (Get-FolderSize $userTSHistoryPath)\n[double]$adminTSHistorySize = (Get-FolderSize $adminTSHistoryPath)\n[double]$totalSize = Format-DiskSpaceMB ($userTSHistorySize + $adminTSHistorySize)\n\n# Reporting\n@{Name=$userTSHistoryPath;Space=$userTSHistorySize} | Select-Object -Property @{Name=$localizationString.userTSHistoryPath;Expression={$_.Name}},@{Name=$localizationString.userTSHistorySize;Expression={(Format-DiskSpaceMB $_.Space) + \"MB\"}} | ConvertTo-Xml | Update-DiagReport -id UserTSHistorySizeInfo -Name $localizationString.UserTSHistoryInfo_name -Description $localizationString.UserTSHistoryInfo_description -rid \"RC_DiagnosticHistory\"\n\n@{Name=$adminTSHistoryPath;Space=$adminTSHistorySize} | Select-Object -Property @{Name=$localizationString.adminTSHistoryPath;Expression={$_.Name}},@{Name=$localizationString.adminTSHistorySize;Expression={(Format-DiskSpaceMB $_.Space) + \"MB\"}} | ConvertTo-Xml | Update-DiagReport -id AdminTSHistorySizeInfo -Name $localizationString.AdminTSHistoryInfo_name -Description $localizationString.AdminTSHistoryInfo_description -rid \"RC_DiagnosticHistory\"\n\n\nif(Test-UnnecessaryFiles $userTSHistoryPath) {\n    Update-DiagRootcause -ID \"RC_DiagnosticHistory\" -Detected $true -Parameter @{'UnwantedSpace'=(Format-DiskSpaceMB $totalSize)}\n    return\n}\n\nif(Test-UnnecessaryFiles $adminTSHistoryPath) {\n    Update-DiagRootcause -ID \"RC_DiagnosticHistory\" -Detected $true -Parameter @{'UnwantedSpace'=(Format-DiskSpaceMB $totalSize)}\n    return\n}\n\nUpdate-DiagRootcause -ID \"RC_DiagnosticHistory\" -Detected $false -Parameter @{'UnwantedSpace'=(Format-DiskSpaceMB $totalSize)}\n\n\nScriptBlock ID: e8c83c08-cd21-4f28-b885-a313582e5865\nPath: C:\\Windows\\TEMP\\SDIAG_a26edb9f-3a21-4764-8dbb-419c055a6809\\TS_DiagnosticHistory.ps1"],"winlog.event_id":["4104"],"winlog.user.name":["Administrator"],"event.action":["Execute a Remote Command"],"event.ingested":["2025-11-19T09:03:50.000Z"],"@timestamp":["2025-11-19T09:03:43.907Z"],"winlog.channel":["Microsoft-Windows-PowerShell/Operational"],"host.os.platform":["windows"],"data_stream.dataset":["windows.powershell_operational"],"event.type":["info"],"agent.ephemeral_id":["2b640a5c-e8e4-4b4e-b271-60302b7e15bb"],"event.dataset":["windows.powershell_operational"]},"highlight":{"message":["\\CL_Utility.ps1\n\nImport-LocalizedData -BindingVariable localizationString -FileName CL_LocalizationData\n\n# function library\n# Function to check whether have unnecessary files\nfunction Test-UnnecessaryFiles([string]$folder = $(throw \"No folder is specified\")) {\n    if([String]::IsNullOrEmpty($folder) -or (-not(Test-Path $folder))) {\n        return $false\n    }\n\n    [int]$threshold = -1\n    $folders = Get-ChildItem -literalPath $folder -Recurse -Force | Where-Object {($_.PSIsContainer) -and ((($_.CreationTime).CompareTo((Get-Date).AddMonths($threshold))) -lt 0)}\n\n    return ($folders -ne $null)\n}\n\n# Check troubleshooting history\nWrite-DiagProgress -Activity $localizationString.CheckTSHistory\n\n[string]$userTSHistoryPath = Get-UserTSHistoryPath\n[string]$adminTSHistoryPath = Get-AdminTSHistoryPath\n[double]$userTSHistorySize = (Get-FolderSize $userTSHistoryPath)\n[double]$adminTSHistorySize = (Get-FolderSize $adminTSHistoryPath)\n[double]$totalSize = Format-DiskSpaceMB ($userTSHistorySize + $adminTSHistorySize)\n\n# Reporting\n@{Name=$userTSHistoryPath;Space=$userTSHistorySize} | Select-Object -Property @{Name=$localizationString.userTSHistoryPath;Expression={$_.Name}},@{Name=$localizationString.userTSHistorySize;Expression={(Format-DiskSpaceMB $_.Space) + \"MB\"}} | ConvertTo-Xml | Update-DiagReport -id UserTSHistorySizeInfo -Name $localizationString.UserTSHistoryInfo_name -Description $localizationString.UserTSHistoryInfo_description -rid \"RC_DiagnosticHistory\"\n\n@{Name=$adminTSHistoryPath;Space=$adminTSHistorySize} | Select-Object -Property @{Name=$localizationString.adminTSHistoryPath;Expression={$_.Name}},@{Name=$localizationString.adminTSHistorySize;Expression={(Format-DiskSpaceMB $_.Space) + \"MB\"}} | ConvertTo-Xml | Update-DiagReport -id AdminTSHistorySizeInfo -Name $localizationString.AdminTSHistoryInfo_name -Description $localizationString.AdminTSHistoryInfo_description -rid \"RC_DiagnosticHistory\"\n\n\nif(Test-UnnecessaryFiles $userTSHistoryPath) {\n    Update-DiagRootcause -ID \"RC_DiagnosticHistory\" -@kibana-highlighted-field@Detected@/kibana-highlighted-field@ $true -Parameter @{'UnwantedSpace'=(Format-DiskSpaceMB $totalSize)}\n    return\n}\n\nif(Test-UnnecessaryFiles $adminTSHistoryPath) {\n    Update-DiagRootcause -ID \"RC_DiagnosticHistory\" -@kibana-highlighted-field@Detected@/kibana-highlighted-field@ $true -Parameter @{'UnwantedSpace'=(Format-DiskSpaceMB $totalSize)}\n    return\n}\n\nUpdate-DiagRootcause -ID \"RC_DiagnosticHistory\" -@kibana-highlighted-field@Detected@/kibana-highlighted-field@ $false -Parameter @{'UnwantedSpace'=(Format-DiskSpaceMB $totalSize)}\n\n\nScriptBlock ID: e8c83c08-cd21-4f28-b885-a313582e5865\nPath: C:\\Windows\\TEMP\\SDIAG_a26edb9f-3a21-4764-8dbb-419c055a6809\\TS_DiagnosticHistory.ps1"]},"sort":["2025-11-19T09:03:43.907Z",90]},