[{"_index":".ds-logs-windows.windows_defender-default-2025.11.14-000004","_id":"VI1E6JoBauYgcmL89cHq","_version":1,"_score":null,"fields":{"elastic_agent.version":["8.17.3"],"event.category":["configuration"],"host.os.name.text":["Windows Server 2022 Standard Evaluation"],"winlog.provider_guid":["{11cd958a-c507-4ef3-b3f2-5fd9dfbd2c78}"],"winlog.provider_name":["Microsoft-Windows-Windows Defender"],"host.name.text":["cyberfortress-ws"],"host.hostname":["Cyberfortress-WS"],"ml.prediction.model_id":["byviz__bylastic_classification_logs"],"winlog.computer_name":["Cyberfortress-WS.ad.cyberfortress.local"],"host.mac":["00-0C-29-26-4D-48"],"winlog.process.pid":[2208],"agent.name.text":["Cyberfortress-WS"],"host.os.version":["10.0"],"winlog.record_id":["1524"],"host.os.name":["Windows Server 2022 Standard Evaluation"],"log.level":["information"],"agent.name":["Cyberfortress-WS"],"host.name":["cyberfortress-ws"],"event.kind":["event"],"event.original":["<Event xmlns='http://schemas.microsoft.com/win/2004/08/events/event'><System><Provider Name='Microsoft-Windows-Windows Defender' Guid='{11cd958a-c507-4ef3-b3f2-5fd9dfbd2c78}'/><EventID>5007</EventID><Version>0</Version><Level>4</Level><Task>0</Task><Opcode>0</Opcode><Keywords>0x8000000000000000</Keywords><TimeCreated SystemTime='2025-12-04T07:30:14.7714528Z'/><EventRecordID>1524</EventRecordID><Correlation/><Execution ProcessID='2208' ThreadID='5516'/><Channel>Microsoft-Windows-Windows Defender/Operational</Channel><Computer>Cyberfortress-WS.ad.cyberfortress.local</Computer><Security UserID='S-1-5-18'/></System><EventData><Data Name='Product Name'>Microsoft Defender Antivirus</Data><Data Name='Product Version'>4.18.25100.9008</Data><Data Name='Old Value'>HKLM\\SOFTWARE\\Microsoft\\Windows Defender\\CoreService\\WdConfigHash = 0x2024A716</Data><Data Name='New Value'>HKLM\\SOFTWARE\\Microsoft\\Windows Defender\\CoreService\\WdConfigHash = 0x8956A11F</Data></EventData><RenderingInfo Culture='en-US'><Message>Microsoft Defender Antivirus Configuration has changed. If this is an unexpected event you should review the settings as this may be the result of malware.\r\n \tOld value: HKLM\\SOFTWARE\\Microsoft\\Windows Defender\\CoreService\\WdConfigHash = 0x2024A716\r\n \tNew value: HKLM\\SOFTWARE\\Microsoft\\Windows Defender\\CoreService\\WdConfigHash = 0x8956A11F</Message><Level>Information</Level><Task></Task><Opcode>Info</Opcode><Channel></Channel><Provider>Microsoft-Windows-Windows Defender</Provider><Keywords></Keywords></RenderingInfo></Event>"],"host.os.type":["windows"],"input.type":["winlog"],"data_stream.type":["logs"],"tags":["preserve_original_event"],"host.architecture":["x86_64"],"event.provider":["Microsoft-Windows-Windows Defender"],"ml_input":["Windows Alert: 5007 | Provider: Microsoft-Windows-Windows Defender | Message: Microsoft Defender Antivirus Configuration has changed. If this is an unexpected event you should review the settings as this may be the result of malware.\n \tOld value: HKLM\\SOFTWARE\\Microsoft\\Windows Defender\\CoreService\\WdConfigHash = 0x2024A716\n \tNew value: HKLM\\SOFTWARE\\Microsoft\\Windows Defender\\CoreService\\WdConfigHash = 0x8956A11F"],"event.code":["5007"],"agent.id":["03c4f422-68d1-4af6-a27f-a78c18180452"],"ecs.version":["8.17.0"],"winlog.event_data.Product_Name":["Microsoft Defender Antivirus"],"event.created":["2025-12-04T07:30:15.537Z"],"ml.prediction.top_classes.class_score":[0.7615496],"agent.version":["8.17.3"],"host.os.family":["windows"],"winlog.process.thread.id":[5516],"winlog.event_data.Old_Value":["HKLM\\SOFTWARE\\Microsoft\\Windows Defender\\CoreService\\WdConfigHash = 0x2024A716"],"winlog.event_data.New_Value":["HKLM\\SOFTWARE\\Microsoft\\Windows Defender\\CoreService\\WdConfigHash = 0x8956A11F"],"host.os.build":["20348.587"],"winlog.user.type":["User"],"host.ip":["fe80::7cea:4600:3e1d:57aa","192.168.85.115"],"agent.type":["filebeat"],"event.module":["windows"],"host.os.kernel":["10.0.20348.587 (WinBuild.160101.0800)"],"winlog.api":["wineventlog"],"elastic_agent.snapshot":[false],"ml.prediction.predicted_value":["WARNING"],"host.id":["0c4d2910-34d4-4e69-a70d-2a9ff52a073e"],"winlog.user.identifier":["S-1-5-18"],"ml.prediction.prediction_probability":[0.7615496],"winlog.task":["None"],"winlog.user.domain":["NT AUTHORITY"],"elastic_agent.id":["03c4f422-68d1-4af6-a27f-a78c18180452"],"data_stream.namespace":["default"],"ml.prediction.top_classes.class_name":["WARNING"],"message":["Microsoft Defender Antivirus Configuration has changed. If this is an unexpected event you should review the settings as this may be the result of malware.\n \tOld value: HKLM\\SOFTWARE\\Microsoft\\Windows Defender\\CoreService\\WdConfigHash = 0x2024A716\n \tNew value: HKLM\\SOFTWARE\\Microsoft\\Windows Defender\\CoreService\\WdConfigHash = 0x8956A11F"],"winlog.event_id":["5007"],"winlog.user.name":["SYSTEM"],"event.action":["antivirus-configuration-changed"],"@timestamp":["2025-12-04T07:30:14.771Z"],"winlog.channel":["Microsoft-Windows-Windows Defender/Operational"],"host.os.platform":["windows"],"data_stream.dataset":["windows.windows_defender"],"event.type":["change"],"winlog.opcode":["Info"],"agent.ephemeral_id":["e55de884-a28c-41d9-adb3-69c13bf2c52e"],"ml.prediction.top_classes.class_probability":[0.7615496],"winlog.event_data.Product_Version":["4.18.25100.9008"],"event.dataset":["windows.windows_defender"]},"highlight":{"message":["Microsoft Defender @kibana-highlighted-field@Antivirus@/kibana-highlighted-field@ Configuration has changed. If this is an unexpected event you should review the settings as this may be the result of @kibana-highlighted-field@malware@/kibana-highlighted-field@.\n \tOld value: HKLM\\SOFTWARE\\Microsoft\\Windows Defender\\CoreService\\WdConfigHash = 0x2024A716\n \tNew value: HKLM\\SOFTWARE\\Microsoft\\Windows Defender\\CoreService\\WdConfigHash = 0x8956A11F"]},"sort":["2025-12-04T07:30:14.771Z",2]},{"_index":".ds-logs-windows.windows_defender-default-2025.11.14-000004","_id":"U41E6JoBauYgcmL89cHq","_version":1,"_score":null,"fields":{"elastic_agent.version":["8.17.3"],"event.category":["process"],"host.os.name.text":["Windows Server 2022 Standard Evaluation"],"winlog.provider_guid":["{11cd958a-c507-4ef3-b3f2-5fd9dfbd2c78}"],"winlog.provider_name":["Microsoft-Windows-Windows Defender"],"host.name.text":["cyberfortress-ws"],"winlog.event_data.Current_Engine_Version":["1.1.25100.9002"],"host.hostname":["Cyberfortress-WS"],"ml.prediction.model_id":["byviz__bylastic_classification_logs"],"winlog.computer_name":["Cyberfortress-WS.ad.cyberfortress.local"],"host.mac":["00-0C-29-26-4D-48"],"winlog.process.pid":[2208],"agent.name.text":["Cyberfortress-WS"],"host.os.version":["10.0"],"winlog.record_id":["1523"],"host.os.name":["Windows Server 2022 Standard Evaluation"],"log.level":["information"],"agent.name":["Cyberfortress-WS"],"host.name":["cyberfortress-ws"],"event.kind":["event"],"winlog.event_data.Previous_security_intelligence_Version":["1.441.678.0"],"winlog.event_data.Security_intelligence_Type":["AntiSpyware"],"event.original":["<Event xmlns='http://schemas.microsoft.com/win/2004/08/events/event'><System><Provider Name='Microsoft-Windows-Windows Defender' Guid='{11cd958a-c507-4ef3-b3f2-5fd9dfbd2c78}'/><EventID>2000</EventID><Version>0</Version><Level>4</Level><Task>0</Task><Opcode>0</Opcode><Keywords>0x8000000000000000</Keywords><TimeCreated SystemTime='2025-12-04T07:30:14.3511574Z'/><EventRecordID>1523</EventRecordID><Correlation/><Execution ProcessID='2208' ThreadID='1760'/><Channel>Microsoft-Windows-Windows Defender/Operational</Channel><Computer>Cyberfortress-WS.ad.cyberfortress.local</Computer><Security UserID='S-1-5-18'/></System><EventData><Data Name='Product Name'>Microsoft Defender Antivirus</Data><Data Name='Product Version'>4.18.25100.9008</Data><Data Name='Current security intelligence Version'>1.441.707.0</Data><Data Name='Previous security intelligence Version'>1.441.678.0</Data><Data Name='Unused'></Data><Data Name='Unused2'></Data><Data Name='Unused3'></Data><Data Name='Domain'>NT AUTHORITY</Data><Data Name='User'>SYSTEM</Data><Data Name='SID'>S-1-5-18</Data><Data Name='Security intelligence Type Index'>2</Data><Data Name='Security intelligence Type'>AntiSpyware</Data><Data Name='Update Type Index'>2</Data><Data Name='Update Type'>Delta</Data><Data Name='Current Engine Version'>1.1.25100.9002</Data><Data Name='Previous Engine Version'>1.1.25100.9002</Data></EventData><RenderingInfo Culture='en-US'><Message>Microsoft Defender Antivirus security intelligence version updated.\r\n \tCurrent security intelligence Version: 1.441.707.0\r\n \tPrevious security intelligence Version: 1.441.678.0\r\n \tSecurity intelligence Type: AntiSpyware\r\n \tUpdate Type: Delta\r\n \tUser: NT AUTHORITY\\SYSTEM\r\n \tCurrent Engine Version: 1.1.25100.9002\r\n \tPrevious Engine Version: 1.1.25100.9002</Message><Level>Information</Level><Task></Task><Opcode>Info</Opcode><Channel></Channel><Provider>Microsoft-Windows-Windows Defender</Provider><Keywords></Keywords></RenderingInfo></Event>"],"host.os.type":["windows"],"winlog.event_data.User":["SYSTEM"],"input.type":["winlog"],"winlog.event_data.Update_Type_Index":["2"],"data_stream.type":["logs"],"tags":["preserve_original_event"],"host.architecture":["x86_64"],"event.provider":["Microsoft-Windows-Windows Defender"],"ml_input":["Windows Alert: 2000 | Provider: Microsoft-Windows-Windows Defender | Message: Microsoft Defender Antivirus security intelligence version updated.\n \tCurrent security intelligence Version: 1.441.707.0\n \tPrevious security intelligence Version: 1.441.678.0\n \tSecurity intelligence Type: AntiSpyware\n \tUpdate Type: Delta\n \tUser: NT AUTHORITY\\SYSTEM\n \tCurrent Engine Version: 1.1.25100.9002\n \tPrevious Engine Version: 1.1.25100.9002"],"event.code":["2000"],"agent.id":["03c4f422-68d1-4af6-a27f-a78c18180452"],"ecs.version":["8.17.0"],"winlog.event_data.Product_Name":["Microsoft Defender Antivirus"],"event.created":["2025-12-04T07:30:15.537Z"],"ml.prediction.top_classes.class_score":[0.9137403],"agent.version":["8.17.3"],"host.os.family":["windows"],"winlog.process.thread.id":[1760],"winlog.event_data.Update_Type":["Delta"],"winlog.event_data.SID":["S-1-5-18"],"host.os.build":["20348.587"],"winlog.user.type":["User"],"host.ip":["fe80::7cea:4600:3e1d:57aa","192.168.85.115"],"agent.type":["filebeat"],"event.module":["windows"],"host.os.kernel":["10.0.20348.587 (WinBuild.160101.0800)"],"winlog.api":["wineventlog"],"winlog.event_data.Previous_Engine_Version":["1.1.25100.9002"],"elastic_agent.snapshot":[false],"ml.prediction.predicted_value":["INFO"],"host.id":["0c4d2910-34d4-4e69-a70d-2a9ff52a073e"],"winlog.user.identifier":["S-1-5-18"],"ml.prediction.prediction_probability":[0.9137403],"winlog.task":["None"],"winlog.user.domain":["NT AUTHORITY"],"winlog.event_data.Domain":["NT AUTHORITY"],"winlog.event_data.Security_intelligence_Type_Index":["2"],"elastic_agent.id":["03c4f422-68d1-4af6-a27f-a78c18180452"],"data_stream.namespace":["default"],"ml.prediction.top_classes.class_name":["INFO"],"message":["Microsoft Defender Antivirus security intelligence version updated.\n \tCurrent security intelligence Version: 1.441.707.0\n \tPrevious security intelligence Version: 1.441.678.0\n \tSecurity intelligence Type: AntiSpyware\n \tUpdate Type: Delta\n \tUser: NT AUTHORITY\\SYSTEM\n \tCurrent Engine Version: 1.1.25100.9002\n \tPrevious Engine Version: 1.1.25100.9002"],"winlog.event_id":["2000"],"winlog.user.name":["SYSTEM"],"winlog.event_data.Current_security_intelligence_Version":["1.441.707.0"],"event.action":["antivirus-updated"],"@timestamp":["2025-12-04T07:30:14.351Z"],"winlog.channel":["Microsoft-Windows-Windows Defender/Operational"],"host.os.platform":["windows"],"data_stream.dataset":["windows.windows_defender"],"event.type":["info"],"winlog.opcode":["Info"],"agent.ephemeral_id":["e55de884-a28c-41d9-adb3-69c13bf2c52e"],"ml.prediction.top_classes.class_probability":[0.9137403],"winlog.event_data.Product_Version":["4.18.25100.9008"],"event.dataset":["windows.windows_defender"]},"highlight":{"message":["Microsoft Defender @kibana-highlighted-field@Antivirus@/kibana-highlighted-field@ security intelligence version updated.\n \tCurrent security intelligence Version: 1.441.707.0\n \tPrevious security intelligence Version: 1.441.678.0\n \tSecurity intelligence Type: AntiSpyware\n \tUpdate Type: Delta\n \tUser: NT AUTHORITY\\SYSTEM\n \tCurrent Engine Version: 1.1.25100.9002\n \tPrevious Engine Version: 1.1.25100.9002"]},"sort":["2025-12-04T07:30:14.351Z",1]},{"_index":".ds-logs-windows.windows_defender-default-2025.11.14-000004","_id":"Uo1E6JoBauYgcmL89cHq","_version":1,"_score":null,"fields":{"elastic_agent.version":["8.17.3"],"event.category":["process"],"host.os.name.text":["Windows Server 2022 Standard Evaluation"],"winlog.provider_guid":["{11cd958a-c507-4ef3-b3f2-5fd9dfbd2c78}"],"winlog.provider_name":["Microsoft-Windows-Windows Defender"],"host.name.text":["cyberfortress-ws"],"winlog.event_data.Current_Engine_Version":["1.1.25100.9002"],"host.hostname":["Cyberfortress-WS"],"ml.prediction.model_id":["byviz__bylastic_classification_logs"],"winlog.computer_name":["Cyberfortress-WS.ad.cyberfortress.local"],"host.mac":["00-0C-29-26-4D-48"],"winlog.process.pid":[2208],"agent.name.text":["Cyberfortress-WS"],"host.os.version":["10.0"],"winlog.record_id":["1522"],"host.os.name":["Windows Server 2022 Standard Evaluation"],"log.level":["information"],"agent.name":["Cyberfortress-WS"],"host.name":["cyberfortress-ws"],"event.kind":["event"],"winlog.event_data.Previous_security_intelligence_Version":["1.441.678.0"],"winlog.event_data.Security_intelligence_Type":["AntiVirus"],"event.original":["<Event xmlns='http://schemas.microsoft.com/win/2004/08/events/event'><System><Provider Name='Microsoft-Windows-Windows Defender' Guid='{11cd958a-c507-4ef3-b3f2-5fd9dfbd2c78}'/><EventID>2000</EventID><Version>0</Version><Level>4</Level><Task>0</Task><Opcode>0</Opcode><Keywords>0x8000000000000000</Keywords><TimeCreated SystemTime='2025-12-04T07:30:14.3495837Z'/><EventRecordID>1522</EventRecordID><Correlation/><Execution ProcessID='2208' ThreadID='1760'/><Channel>Microsoft-Windows-Windows Defender/Operational</Channel><Computer>Cyberfortress-WS.ad.cyberfortress.local</Computer><Security UserID='S-1-5-18'/></System><EventData><Data Name='Product Name'>Microsoft Defender Antivirus</Data><Data Name='Product Version'>4.18.25100.9008</Data><Data Name='Current security intelligence Version'>1.441.707.0</Data><Data Name='Previous security intelligence Version'>1.441.678.0</Data><Data Name='Unused'></Data><Data Name='Unused2'></Data><Data Name='Unused3'></Data><Data Name='Domain'>NT AUTHORITY</Data><Data Name='User'>SYSTEM</Data><Data Name='SID'>S-1-5-18</Data><Data Name='Security intelligence Type Index'>1</Data><Data Name='Security intelligence Type'>AntiVirus</Data><Data Name='Update Type Index'>2</Data><Data Name='Update Type'>Delta</Data><Data Name='Current Engine Version'>1.1.25100.9002</Data><Data Name='Previous Engine Version'>1.1.25100.9002</Data></EventData><RenderingInfo Culture='en-US'><Message>Microsoft Defender Antivirus security intelligence version updated.\r\n \tCurrent security intelligence Version: 1.441.707.0\r\n \tPrevious security intelligence Version: 1.441.678.0\r\n \tSecurity intelligence Type: AntiVirus\r\n \tUpdate Type: Delta\r\n \tUser: NT AUTHORITY\\SYSTEM\r\n \tCurrent Engine Version: 1.1.25100.9002\r\n \tPrevious Engine Version: 1.1.25100.9002</Message><Level>Information</Level><Task></Task><Opcode>Info</Opcode><Channel></Channel><Provider>Microsoft-Windows-Windows Defender</Provider><Keywords></Keywords></RenderingInfo></Event>"],"host.os.type":["windows"],"winlog.event_data.User":["SYSTEM"],"input.type":["winlog"],"winlog.event_data.Update_Type_Index":["2"],"data_stream.type":["logs"],"tags":["preserve_original_event"],"host.architecture":["x86_64"],"event.provider":["Microsoft-Windows-Windows Defender"],"ml_input":["Windows Alert: 2000 | Provider: Microsoft-Windows-Windows Defender | Message: Microsoft Defender Antivirus security intelligence version updated.\n \tCurrent security intelligence Version: 1.441.707.0\n \tPrevious security intelligence Version: 1.441.678.0\n \tSecurity intelligence Type: AntiVirus\n \tUpdate Type: Delta\n \tUser: NT AUTHORITY\\SYSTEM\n \tCurrent Engine Version: 1.1.25100.9002\n \tPrevious Engine Version: 1.1.25100.9002"],"event.code":["2000"],"agent.id":["03c4f422-68d1-4af6-a27f-a78c18180452"],"ecs.version":["8.17.0"],"winlog.event_data.Product_Name":["Microsoft Defender Antivirus"],"event.created":["2025-12-04T07:30:15.537Z"],"ml.prediction.top_classes.class_score":[0.92547154],"agent.version":["8.17.3"],"host.os.family":["windows"],"winlog.process.thread.id":[1760],"winlog.event_data.Update_Type":["Delta"],"winlog.event_data.SID":["S-1-5-18"],"host.os.build":["20348.587"],"winlog.user.type":["User"],"host.ip":["fe80::7cea:4600:3e1d:57aa","192.168.85.115"],"agent.type":["filebeat"],"event.module":["windows"],"host.os.kernel":["10.0.20348.587 (WinBuild.160101.0800)"],"winlog.api":["wineventlog"],"winlog.event_data.Previous_Engine_Version":["1.1.25100.9002"],"elastic_agent.snapshot":[false],"ml.prediction.predicted_value":["INFO"],"host.id":["0c4d2910-34d4-4e69-a70d-2a9ff52a073e"],"winlog.user.identifier":["S-1-5-18"],"ml.prediction.prediction_probability":[0.92547154],"winlog.task":["None"],"winlog.user.domain":["NT AUTHORITY"],"winlog.event_data.Domain":["NT AUTHORITY"],"winlog.event_data.Security_intelligence_Type_Index":["1"],"elastic_agent.id":["03c4f422-68d1-4af6-a27f-a78c18180452"],"data_stream.namespace":["default"],"ml.prediction.top_classes.class_name":["INFO"],"message":["Microsoft Defender Antivirus security intelligence version updated.\n \tCurrent security intelligence Version: 1.441.707.0\n \tPrevious security intelligence Version: 1.441.678.0\n \tSecurity intelligence Type: AntiVirus\n \tUpdate Type: Delta\n \tUser: NT AUTHORITY\\SYSTEM\n \tCurrent Engine Version: 1.1.25100.9002\n \tPrevious Engine Version: 1.1.25100.9002"],"winlog.event_id":["2000"],"winlog.user.name":["SYSTEM"],"winlog.event_data.Current_security_intelligence_Version":["1.441.707.0"],"event.action":["antivirus-updated"],"@timestamp":["2025-12-04T07:30:14.349Z"],"winlog.channel":["Microsoft-Windows-Windows Defender/Operational"],"host.os.platform":["windows"],"data_stream.dataset":["windows.windows_defender"],"event.type":["info"],"winlog.opcode":["Info"],"agent.ephemeral_id":["e55de884-a28c-41d9-adb3-69c13bf2c52e"],"ml.prediction.top_classes.class_probability":[0.92547154],"winlog.event_data.Product_Version":["4.18.25100.9008"],"event.dataset":["windows.windows_defender"]},"highlight":{"message":["Microsoft Defender @kibana-highlighted-field@Antivirus@/kibana-highlighted-field@ security intelligence version updated.\n \tCurrent security intelligence Version: 1.441.707.0\n \tPrevious security intelligence Version: 1.441.678.0\n \tSecurity intelligence Type: @kibana-highlighted-field@AntiVirus@/kibana-highlighted-field@\n \tUpdate Type: Delta\n \tUser: NT AUTHORITY\\SYSTEM\n \tCurrent Engine Version: 1.1.25100.9002\n \tPrevious Engine Version: 1.1.25100.9002"]},"sort":["2025-12-04T07:30:14.349Z",0]},{"_index":".ds-logs-windows.windows_defender-default-2025.11.14-000004","_id":"E41E6JoBauYgcmL8Rrwv","_version":1,"_score":null,"fields":{"elastic_agent.version":["8.17.3"],"event.category":["process"],"host.os.name.text":["Windows Server 2022 Standard Evaluation"],"winlog.event_data.Scan_ID":["{02CBC35B-7D05-4DAC-9D90-95EC50FFDFF3}"],"winlog.provider_guid":["{11cd958a-c507-4ef3-b3f2-5fd9dfbd2c78}"],"winlog.provider_name":["Microsoft-Windows-Windows Defender"],"host.name.text":["cyberfortress-ws"],"host.hostname":["Cyberfortress-WS"],"ml.prediction.model_id":["byviz__bylastic_classification_logs"],"winlog.computer_name":["Cyberfortress-WS.ad.cyberfortress.local"],"host.mac":["00-0C-29-26-4D-48"],"winlog.process.pid":[2208],"winlog.event_data.Stop_Reason":["RPC connection rundown"],"agent.name.text":["Cyberfortress-WS"],"host.os.version":["10.0"],"winlog.record_id":["1521"],"host.os.name":["Windows Server 2022 Standard Evaluation"],"log.level":["warning"],"agent.name":["Cyberfortress-WS"],"winlog.event_data.Scan_Parameters":["Quick Scan"],"host.name":["cyberfortress-ws"],"event.kind":["event"],"winlog.activity_id":["{84f2fee3-26b5-4229-a050-ffdcce7e4038}"],"event.original":["<Event xmlns='http://schemas.microsoft.com/win/2004/08/events/event'><System><Provider Name='Microsoft-Windows-Windows Defender' Guid='{11cd958a-c507-4ef3-b3f2-5fd9dfbd2c78}'/><EventID>1002</EventID><Version>0</Version><Level>3</Level><Task>0</Task><Opcode>0</Opcode><Keywords>0x8000000000000000</Keywords><TimeCreated SystemTime='2025-12-04T07:29:33.3255149Z'/><EventRecordID>1521</EventRecordID><Correlation ActivityID='{84f2fee3-26b5-4229-a050-ffdcce7e4038}'/><Execution ProcessID='2208' ThreadID='2700'/><Channel>Microsoft-Windows-Windows Defender/Operational</Channel><Computer>Cyberfortress-WS.ad.cyberfortress.local</Computer><Security UserID='S-1-5-18'/></System><EventData><Data Name='Product Name'>Microsoft Defender Antivirus</Data><Data Name='Product Version'>4.18.25100.9008</Data><Data Name='Scan ID'>{02CBC35B-7D05-4DAC-9D90-95EC50FFDFF3}</Data><Data Name='Scan Type Index'>1</Data><Data Name='Scan Type'>Antimalware</Data><Data Name='Scan Parameters Index'>1</Data><Data Name='Scan Parameters'>Quick Scan</Data><Data Name='Domain'>NT AUTHORITY</Data><Data Name='User'>SYSTEM</Data><Data Name='SID'>S-1-5-18</Data><Data Name='Stop Reason Index'>3</Data><Data Name='Stop Reason'>RPC connection rundown</Data></EventData><RenderingInfo Culture='en-US'><Message>Microsoft Defender Antivirus scan has been stopped before completion.\r\n \tScan ID: {02CBC35B-7D05-4DAC-9D90-95EC50FFDFF3}\r\n \tScan Type: Antimalware\r\n \tScan Parameters: Quick Scan\r\n  \tUser: NT AUTHORITY\\SYSTEM\r\n \tStop Reason: RPC connection rundown</Message><Level>Warning</Level><Task></Task><Opcode>Info</Opcode><Channel></Channel><Provider>Microsoft-Windows-Windows Defender</Provider><Keywords></Keywords></RenderingInfo></Event>"],"host.os.type":["windows"],"winlog.event_data.Scan_Type_Index":["1"],"winlog.event_data.User":["SYSTEM"],"input.type":["winlog"],"data_stream.type":["logs"],"tags":["preserve_original_event"],"host.architecture":["x86_64"],"winlog.event_data.Scan_Type":["Antimalware"],"event.provider":["Microsoft-Windows-Windows Defender"],"ml_input":["Windows Alert: 1002 | Provider: Microsoft-Windows-Windows Defender | Message: Microsoft Defender Antivirus scan has been stopped before completion.\n \tScan ID: {02CBC35B-7D05-4DAC-9D90-95EC50FFDFF3}\n \tScan Type: Antimalware\n \tScan Parameters: Quick Scan\n  \tUser: NT AUTHORITY\\SYSTEM\n \tStop Reason: RPC connection rundown"],"event.code":["1002"],"agent.id":["03c4f422-68d1-4af6-a27f-a78c18180452"],"ecs.version":["8.17.0"],"winlog.event_data.Product_Name":["Microsoft Defender Antivirus"],"event.created":["2025-12-04T07:29:34.008Z"],"ml.prediction.top_classes.class_score":[0.77200794],"agent.version":["8.17.3"],"host.os.family":["windows"],"winlog.event_data.Stop_Reason_Index":["3"],"winlog.process.thread.id":[2700],"winlog.event_data.SID":["S-1-5-18"],"host.os.build":["20348.587"],"winlog.event_data.Scan_Parameters_Index":["1"],"winlog.user.type":["User"],"host.ip":["fe80::7cea:4600:3e1d:57aa","192.168.85.115"],"agent.type":["filebeat"],"event.module":["windows"],"host.os.kernel":["10.0.20348.587 (WinBuild.160101.0800)"],"winlog.api":["wineventlog"],"elastic_agent.snapshot":[false],"ml.prediction.predicted_value":["WARNING"],"host.id":["0c4d2910-34d4-4e69-a70d-2a9ff52a073e"],"winlog.user.identifier":["S-1-5-18"],"ml.prediction.prediction_probability":[0.77200794],"winlog.task":["None"],"winlog.user.domain":["NT AUTHORITY"],"winlog.event_data.Domain":["NT AUTHORITY"],"elastic_agent.id":["03c4f422-68d1-4af6-a27f-a78c18180452"],"data_stream.namespace":["default"],"ml.prediction.top_classes.class_name":["WARNING"],"message":["Microsoft Defender Antivirus scan has been stopped before completion.\n \tScan ID: {02CBC35B-7D05-4DAC-9D90-95EC50FFDFF3}\n \tScan Type: Antimalware\n \tScan Parameters: Quick Scan\n  \tUser: NT AUTHORITY\\SYSTEM\n \tStop Reason: RPC connection rundown"],"winlog.event_id":["1002"],"winlog.user.name":["SYSTEM"],"event.action":["None"],"@timestamp":["2025-12-04T07:29:33.325Z"],"winlog.channel":["Microsoft-Windows-Windows Defender/Operational"],"host.os.platform":["windows"],"data_stream.dataset":["windows.windows_defender"],"event.type":["info"],"winlog.opcode":["Info"],"agent.ephemeral_id":["e55de884-a28c-41d9-adb3-69c13bf2c52e"],"ml.prediction.top_classes.class_probability":[0.77200794],"winlog.event_data.Product_Version":["4.18.25100.9008"],"event.dataset":["windows.windows_defender"]},"highlight":{"message":["Microsoft Defender @kibana-highlighted-field@Antivirus@/kibana-highlighted-field@ scan has been stopped before completion.\n \tScan ID: {02CBC35B-7D05-4DAC-9D90-95EC50FFDFF3}\n \tScan Type: @kibana-highlighted-field@Antimalware@/kibana-highlighted-field@\n \tScan Parameters: Quick Scan\n  \tUser: NT AUTHORITY\\SYSTEM\n \tStop Reason: RPC connection rundown"],"log.level":["@kibana-highlighted-field@warning@/kibana-highlighted-field@"]},"sort":["2025-12-04T07:29:33.325Z",4]},{"_index":".ds-logs-windows.windows_defender-default-2025.11.14-000004","_id":"_41E6JoBauYgcmL8Rrsv","_version":1,"_score":null,"fields":{"winlog.event_data.Scan_Only_If_Idle":["Enabled"],"elastic_agent.version":["8.17.3"],"event.category":["process"],"host.os.name.text":["Windows Server 2022 Standard Evaluation"],"winlog.event_data.Scan_ID":["{02CBC35B-7D05-4DAC-9D90-95EC50FFDFF3}"],"winlog.provider_guid":["{11cd958a-c507-4ef3-b3f2-5fd9dfbd2c78}"],"winlog.provider_name":["Microsoft-Windows-Windows Defender"],"host.name.text":["cyberfortress-ws"],"host.hostname":["Cyberfortress-WS"],"ml.prediction.model_id":["byviz__bylastic_classification_logs"],"winlog.computer_name":["Cyberfortress-WS.ad.cyberfortress.local"],"host.mac":["00-0C-29-26-4D-48"],"winlog.process.pid":[2208],"agent.name.text":["Cyberfortress-WS"],"host.os.version":["10.0"],"winlog.record_id":["1520"],"host.os.name":["Windows Server 2022 Standard Evaluation"],"log.level":["information"],"agent.name":["Cyberfortress-WS"],"winlog.event_data.Scan_Parameters":["Quick Scan"],"host.name":["cyberfortress-ws"],"event.kind":["event"],"winlog.event_data.Scan_Trigger":["Scheduled maintenance"],"event.original":["<Event xmlns='http://schemas.microsoft.com/win/2004/08/events/event'><System><Provider Name='Microsoft-Windows-Windows Defender' Guid='{11cd958a-c507-4ef3-b3f2-5fd9dfbd2c78}'/><EventID>1000</EventID><Version>0</Version><Level>4</Level><Task>0</Task><Opcode>0</Opcode><Keywords>0x8000000000000000</Keywords><TimeCreated SystemTime='2025-12-04T07:29:27.0877626Z'/><EventRecordID>1520</EventRecordID><Correlation/><Execution ProcessID='2208' ThreadID='2700'/><Channel>Microsoft-Windows-Windows Defender/Operational</Channel><Computer>Cyberfortress-WS.ad.cyberfortress.local</Computer><Security UserID='S-1-5-18'/></System><EventData><Data Name='Product Name'>Microsoft Defender Antivirus</Data><Data Name='Product Version'>4.18.25100.9008</Data><Data Name='Scan ID'>{02CBC35B-7D05-4DAC-9D90-95EC50FFDFF3}</Data><Data Name='Scan Type Index'>1</Data><Data Name='Scan Type'>Antimalware</Data><Data Name='Scan Parameters Index'>1</Data><Data Name='Scan Parameters'>Quick Scan</Data><Data Name='Domain'>NT AUTHORITY</Data><Data Name='User'>SYSTEM</Data><Data Name='SID'>S-1-5-18</Data><Data Name='Scan Resources'></Data><Data Name='Scan Trigger Index'>55</Data><Data Name='Scan Trigger'>Scheduled maintenance</Data><Data Name='Scan Only If Idle'>Enabled</Data><Data Name='Low CPU Priority for Scans'>Disabled</Data><Data Name='Thread Priority'>7</Data></EventData><RenderingInfo Culture='en-US'><Message>Microsoft Defender Antivirus scan has started.\r\n \tScan ID: {02CBC35B-7D05-4DAC-9D90-95EC50FFDFF3}\r\n \tScan Type: Antimalware\r\n \tScan Parameters: Quick Scan\r\n \tScan Resources: \r\n  \tUser: NT AUTHORITY\\SYSTEM\r\n \tScan Trigger: Scheduled maintenance\r\n \tScan Only If Idle: Enabled\r\n \tLow CPU Priority for Scans: Disabled\r\n \tThread Priority: 7</Message><Level>Information</Level><Task></Task><Opcode>Info</Opcode><Channel></Channel><Provider>Microsoft-Windows-Windows Defender</Provider><Keywords></Keywords></RenderingInfo></Event>"],"host.os.type":["windows"],"winlog.event_data.Scan_Type_Index":["1"],"winlog.event_data.User":["SYSTEM"],"input.type":["winlog"],"data_stream.type":["logs"],"tags":["preserve_original_event"],"host.architecture":["x86_64"],"winlog.event_data.Scan_Type":["Antimalware"],"event.provider":["Microsoft-Windows-Windows Defender"],"ml_input":["Windows Alert: 1000 | Provider: Microsoft-Windows-Windows Defender | Message: Microsoft Defender Antivirus scan has started.\n \tScan ID: {02CBC35B-7D05-4DAC-9D90-95EC50FFDFF3}\n \tScan Type: Antimalware\n \tScan Parameters: Quick Scan\n \tScan Resources: \n  \tUser: NT AUTHORITY\\SYSTEM\n \tScan Trigger: Scheduled maintenance\n \tScan Only If Idle: Enabled\n \tLow CPU Priority for Scans: Disabled\n \tThread Priority: 7"],"event.code":["1000"],"agent.id":["03c4f422-68d1-4af6-a27f-a78c18180452"],"ecs.version":["8.17.0"],"winlog.event_data.Product_Name":["Microsoft Defender Antivirus"],"event.created":["2025-12-04T07:29:27.928Z"],"ml.prediction.top_classes.class_score":[0.87709916],"agent.version":["8.17.3"],"host.os.family":["windows"],"winlog.process.thread.id":[2700],"winlog.event_data.SID":["S-1-5-18"],"host.os.build":["20348.587"],"winlog.event_data.Scan_Parameters_Index":["1"],"winlog.user.type":["User"],"host.ip":["fe80::7cea:4600:3e1d:57aa","192.168.85.115"],"agent.type":["filebeat"],"winlog.event_data.Low_CPU_Priority_for_Scans":["Disabled"],"winlog.event_data.Scan_Trigger_Index":["55"],"event.module":["windows"],"host.os.kernel":["10.0.20348.587 (WinBuild.160101.0800)"],"winlog.api":["wineventlog"],"elastic_agent.snapshot":[false],"ml.prediction.predicted_value":["WARNING"],"host.id":["0c4d2910-34d4-4e69-a70d-2a9ff52a073e"],"winlog.user.identifier":["S-1-5-18"],"ml.prediction.prediction_probability":[0.87709916],"winlog.task":["None"],"winlog.user.domain":["NT AUTHORITY"],"winlog.event_data.Domain":["NT AUTHORITY"],"elastic_agent.id":["03c4f422-68d1-4af6-a27f-a78c18180452"],"data_stream.namespace":["default"],"winlog.event_data.Thread_Priority":["7"],"ml.prediction.top_classes.class_name":["WARNING"],"message":["Microsoft Defender Antivirus scan has started.\n \tScan ID: {02CBC35B-7D05-4DAC-9D90-95EC50FFDFF3}\n \tScan Type: Antimalware\n \tScan Parameters: Quick Scan\n \tScan Resources: \n  \tUser: NT AUTHORITY\\SYSTEM\n \tScan Trigger: Scheduled maintenance\n \tScan Only If Idle: Enabled\n \tLow CPU Priority for Scans: Disabled\n \tThread Priority: 7"],"winlog.event_id":["1000"],"winlog.user.name":["SYSTEM"],"event.action":["None"],"@timestamp":["2025-12-04T07:29:27.087Z"],"winlog.channel":["Microsoft-Windows-Windows Defender/Operational"],"host.os.platform":["windows"],"data_stream.dataset":["windows.windows_defender"],"event.type":["info"],"winlog.opcode":["Info"],"agent.ephemeral_id":["e55de884-a28c-41d9-adb3-69c13bf2c52e"],"ml.prediction.top_classes.class_probability":[0.87709916],"winlog.event_data.Product_Version":["4.18.25100.9008"],"event.dataset":["windows.windows_defender"]},"highlight":{"message":["Microsoft Defender @kibana-highlighted-field@Antivirus@/kibana-highlighted-field@ scan has started.\n \tScan ID: {02CBC35B-7D05-4DAC-9D90-95EC50FFDFF3}\n \tScan Type: @kibana-highlighted-field@Antimalware@/kibana-highlighted-field@\n \tScan Parameters: Quick Scan\n \tScan Resources: \n  \tUser: NT AUTHORITY\\SYSTEM\n \tScan Trigger: Scheduled maintenance\n \tScan Only If Idle: Enabled\n \tLow CPU Priority for Scans: Disabled\n \tThread Priority: 7"]},"sort":["2025-12-04T07:29:27.087Z",3]},{"_index":".ds-logs-windows.windows_defender-default-2025.11.14-000004","_id":"b4086JoBauYgcmL8lnUz","_version":1,"_score":null,"fields":{"elastic_agent.version":["8.17.3"],"event.category":["configuration"],"host.os.name.text":["Windows Server 2022 Standard Evaluation"],"winlog.provider_guid":["{11cd958a-c507-4ef3-b3f2-5fd9dfbd2c78}"],"winlog.provider_name":["Microsoft-Windows-Windows Defender"],"host.name.text":["cyberfortress-ws"],"host.hostname":["Cyberfortress-WS"],"ml.prediction.model_id":["byviz__bylastic_classification_logs"],"winlog.computer_name":["Cyberfortress-WS.ad.cyberfortress.local"],"host.mac":["00-0C-29-26-4D-48"],"winlog.process.pid":[2208],"agent.name.text":["Cyberfortress-WS"],"host.os.version":["10.0"],"winlog.record_id":["1519"],"host.os.name":["Windows Server 2022 Standard Evaluation"],"log.level":["information"],"agent.name":["Cyberfortress-WS"],"host.name":["cyberfortress-ws"],"event.kind":["event"],"event.original":["<Event xmlns='http://schemas.microsoft.com/win/2004/08/events/event'><System><Provider Name='Microsoft-Windows-Windows Defender' Guid='{11cd958a-c507-4ef3-b3f2-5fd9dfbd2c78}'/><EventID>5007</EventID><Version>0</Version><Level>4</Level><Task>0</Task><Opcode>0</Opcode><Keywords>0x8000000000000000</Keywords><TimeCreated SystemTime='2025-12-04T07:20:51.7007535Z'/><EventRecordID>1519</EventRecordID><Correlation/><Execution ProcessID='2208' ThreadID='2600'/><Channel>Microsoft-Windows-Windows Defender/Operational</Channel><Computer>Cyberfortress-WS.ad.cyberfortress.local</Computer><Security UserID='S-1-5-18'/></System><EventData><Data Name='Product Name'>Microsoft Defender Antivirus</Data><Data Name='Product Version'>4.18.25100.9008</Data><Data Name='Old Value'>HKLM\\SOFTWARE\\Microsoft\\Windows Defender\\Features\\EcsConfigs\\ETag\\Tag = \"o9Aa96VpvAdi+PkNeMuRA6l8IugQGwh2dJt/NrFclLg=\"</Data><Data Name='New Value'>HKLM\\SOFTWARE\\Microsoft\\Windows Defender\\Features\\EcsConfigs\\ETag\\Tag = \"hLkf2UxfqNuij2bCehez6lPBHoCXFdrodVvb/dVa7Cg=\"</Data></EventData><RenderingInfo Culture='en-US'><Message>Microsoft Defender Antivirus Configuration has changed. If this is an unexpected event you should review the settings as this may be the result of malware.\r\n \tOld value: HKLM\\SOFTWARE\\Microsoft\\Windows Defender\\Features\\EcsConfigs\\ETag\\Tag = \"o9Aa96VpvAdi+PkNeMuRA6l8IugQGwh2dJt/NrFclLg=\"\r\n \tNew value: HKLM\\SOFTWARE\\Microsoft\\Windows Defender\\Features\\EcsConfigs\\ETag\\Tag = \"hLkf2UxfqNuij2bCehez6lPBHoCXFdrodVvb/dVa7Cg=\"</Message><Level>Information</Level><Task></Task><Opcode>Info</Opcode><Channel></Channel><Provider>Microsoft-Windows-Windows Defender</Provider><Keywords></Keywords></RenderingInfo></Event>"],"host.os.type":["windows"],"input.type":["winlog"],"data_stream.type":["logs"],"tags":["preserve_original_event"],"host.architecture":["x86_64"],"event.provider":["Microsoft-Windows-Windows Defender"],"ml_input":["Windows Alert: 5007 | Provider: Microsoft-Windows-Windows Defender | Message: Microsoft Defender Antivirus Configuration has changed. If this is an unexpected event you should review the settings as this may be the result of malware.\n \tOld value: HKLM\\SOFTWARE\\Microsoft\\Windows Defender\\Features\\EcsConfigs\\ETag\\Tag = \"o9Aa96VpvAdi+PkNeMuRA6l8IugQGwh2dJt/NrFclLg=\"\n \tNew value: HKLM\\SOFTWARE\\Microsoft\\Windows Defender\\Features\\EcsConfigs\\ETag\\Tag = \"hLkf2UxfqNuij2bCehez6lPBHoCXFdrodVvb/dVa7Cg=\""],"event.code":["5007"],"agent.id":["03c4f422-68d1-4af6-a27f-a78c18180452"],"ecs.version":["8.17.0"],"winlog.event_data.Product_Name":["Microsoft Defender Antivirus"],"event.created":["2025-12-04T07:20:52.942Z"],"ml.prediction.top_classes.class_score":[0.61499876],"agent.version":["8.17.3"],"host.os.family":["windows"],"winlog.process.thread.id":[2600],"winlog.event_data.Old_Value":["HKLM\\SOFTWARE\\Microsoft\\Windows Defender\\Features\\EcsConfigs\\ETag\\Tag = \"o9Aa96VpvAdi+PkNeMuRA6l8IugQGwh2dJt/NrFclLg=\""],"winlog.event_data.New_Value":["HKLM\\SOFTWARE\\Microsoft\\Windows Defender\\Features\\EcsConfigs\\ETag\\Tag = \"hLkf2UxfqNuij2bCehez6lPBHoCXFdrodVvb/dVa7Cg=\""],"host.os.build":["20348.587"],"winlog.user.type":["User"],"host.ip":["fe80::7cea:4600:3e1d:57aa","192.168.85.115"],"agent.type":["filebeat"],"event.module":["windows"],"host.os.kernel":["10.0.20348.587 (WinBuild.160101.0800)"],"winlog.api":["wineventlog"],"elastic_agent.snapshot":[false],"ml.prediction.predicted_value":["WARNING"],"host.id":["0c4d2910-34d4-4e69-a70d-2a9ff52a073e"],"winlog.user.identifier":["S-1-5-18"],"ml.prediction.prediction_probability":[0.61499876],"winlog.task":["None"],"winlog.user.domain":["NT AUTHORITY"],"elastic_agent.id":["03c4f422-68d1-4af6-a27f-a78c18180452"],"data_stream.namespace":["default"],"ml.prediction.top_classes.class_name":["WARNING"],"message":["Microsoft Defender Antivirus Configuration has changed. If this is an unexpected event you should review the settings as this may be the result of malware.\n \tOld value: HKLM\\SOFTWARE\\Microsoft\\Windows Defender\\Features\\EcsConfigs\\ETag\\Tag = \"o9Aa96VpvAdi+PkNeMuRA6l8IugQGwh2dJt/NrFclLg=\"\n \tNew value: HKLM\\SOFTWARE\\Microsoft\\Windows Defender\\Features\\EcsConfigs\\ETag\\Tag = \"hLkf2UxfqNuij2bCehez6lPBHoCXFdrodVvb/dVa7Cg=\""],"winlog.event_id":["5007"],"winlog.user.name":["SYSTEM"],"event.action":["antivirus-configuration-changed"],"@timestamp":["2025-12-04T07:20:51.700Z"],"winlog.channel":["Microsoft-Windows-Windows Defender/Operational"],"host.os.platform":["windows"],"data_stream.dataset":["windows.windows_defender"],"event.type":["change"],"winlog.opcode":["Info"],"agent.ephemeral_id":["e55de884-a28c-41d9-adb3-69c13bf2c52e"],"ml.prediction.top_classes.class_probability":[0.61499876],"winlog.event_data.Product_Version":["4.18.25100.9008"],"event.dataset":["windows.windows_defender"]},"highlight":{"message":["Microsoft Defender @kibana-highlighted-field@Antivirus@/kibana-highlighted-field@ Configuration has changed. If this is an unexpected event you should review the settings as this may be the result of @kibana-highlighted-field@malware@/kibana-highlighted-field@.\n \tOld value: HKLM\\SOFTWARE\\Microsoft\\Windows Defender\\Features\\EcsConfigs\\ETag\\Tag = \"o9Aa96VpvAdi+PkNeMuRA6l8IugQGwh2dJt/NrFclLg=\"\n \tNew value: HKLM\\SOFTWARE\\Microsoft\\Windows Defender\\Features\\EcsConfigs\\ETag\\Tag = \"hLkf2UxfqNuij2bCehez6lPBHoCXFdrodVvb/dVa7Cg=\""]},"sort":["2025-12-04T07:20:51.700Z",6]},{"_index":".ds-logs-windows.windows_defender-default-2025.11.14-000004","_id":"Z4086JoBauYgcmL8lnUz","_version":1,"_score":null,"fields":{"elastic_agent.version":["8.17.3"],"event.category":["configuration"],"host.os.name.text":["Windows Server 2022 Standard Evaluation"],"winlog.provider_guid":["{11cd958a-c507-4ef3-b3f2-5fd9dfbd2c78}"],"winlog.provider_name":["Microsoft-Windows-Windows Defender"],"host.name.text":["cyberfortress-ws"],"host.hostname":["Cyberfortress-WS"],"ml.prediction.model_id":["byviz__bylastic_classification_logs"],"winlog.computer_name":["Cyberfortress-WS.ad.cyberfortress.local"],"host.mac":["00-0C-29-26-4D-48"],"winlog.process.pid":[2208],"agent.name.text":["Cyberfortress-WS"],"host.os.version":["10.0"],"winlog.record_id":["1518"],"host.os.name":["Windows Server 2022 Standard Evaluation"],"log.level":["information"],"agent.name":["Cyberfortress-WS"],"host.name":["cyberfortress-ws"],"event.kind":["event"],"event.original":["<Event xmlns='http://schemas.microsoft.com/win/2004/08/events/event'><System><Provider Name='Microsoft-Windows-Windows Defender' Guid='{11cd958a-c507-4ef3-b3f2-5fd9dfbd2c78}'/><EventID>5007</EventID><Version>0</Version><Level>4</Level><Task>0</Task><Opcode>0</Opcode><Keywords>0x8000000000000000</Keywords><TimeCreated SystemTime='2025-12-04T07:20:28.2657220Z'/><EventRecordID>1518</EventRecordID><Correlation/><Execution ProcessID='2208' ThreadID='2612'/><Channel>Microsoft-Windows-Windows Defender/Operational</Channel><Computer>Cyberfortress-WS.ad.cyberfortress.local</Computer><Security UserID='S-1-5-18'/></System><EventData><Data Name='Product Name'>Microsoft Defender Antivirus</Data><Data Name='Product Version'>4.18.25100.9008</Data><Data Name='Old Value'>HKLM\\SOFTWARE\\Microsoft\\Windows Defender\\ServiceStartStates = 0x1</Data><Data Name='New Value'>Default\\ServiceStartStates = 0x0</Data></EventData><RenderingInfo Culture='en-US'><Message>Microsoft Defender Antivirus Configuration has changed. If this is an unexpected event you should review the settings as this may be the result of malware.\r\n \tOld value: HKLM\\SOFTWARE\\Microsoft\\Windows Defender\\ServiceStartStates = 0x1\r\n \tNew value: Default\\ServiceStartStates = 0x0</Message><Level>Information</Level><Task></Task><Opcode>Info</Opcode><Channel></Channel><Provider>Microsoft-Windows-Windows Defender</Provider><Keywords></Keywords></RenderingInfo></Event>"],"host.os.type":["windows"],"input.type":["winlog"],"data_stream.type":["logs"],"tags":["preserve_original_event"],"host.architecture":["x86_64"],"event.provider":["Microsoft-Windows-Windows Defender"],"ml_input":["Windows Alert: 5007 | Provider: Microsoft-Windows-Windows Defender | Message: Microsoft Defender Antivirus Configuration has changed. If this is an unexpected event you should review the settings as this may be the result of malware.\n \tOld value: HKLM\\SOFTWARE\\Microsoft\\Windows Defender\\ServiceStartStates = 0x1\n \tNew value: Default\\ServiceStartStates = 0x0"],"event.code":["5007"],"agent.id":["03c4f422-68d1-4af6-a27f-a78c18180452"],"ecs.version":["8.17.0"],"winlog.event_data.Product_Name":["Microsoft Defender Antivirus"],"event.created":["2025-12-04T07:20:29.655Z"],"ml.prediction.top_classes.class_score":[0.74551207],"agent.version":["8.17.3"],"host.os.family":["windows"],"winlog.process.thread.id":[2612],"winlog.event_data.Old_Value":["HKLM\\SOFTWARE\\Microsoft\\Windows Defender\\ServiceStartStates = 0x1"],"winlog.event_data.New_Value":["Default\\ServiceStartStates = 0x0"],"host.os.build":["20348.587"],"winlog.user.type":["User"],"host.ip":["fe80::7cea:4600:3e1d:57aa","192.168.85.115"],"agent.type":["filebeat"],"event.module":["windows"],"host.os.kernel":["10.0.20348.587 (WinBuild.160101.0800)"],"winlog.api":["wineventlog"],"elastic_agent.snapshot":[false],"ml.prediction.predicted_value":["WARNING"],"host.id":["0c4d2910-34d4-4e69-a70d-2a9ff52a073e"],"winlog.user.identifier":["S-1-5-18"],"ml.prediction.prediction_probability":[0.74551207],"winlog.task":["None"],"winlog.user.domain":["NT AUTHORITY"],"elastic_agent.id":["03c4f422-68d1-4af6-a27f-a78c18180452"],"data_stream.namespace":["default"],"ml.prediction.top_classes.class_name":["WARNING"],"message":["Microsoft Defender Antivirus Configuration has changed. If this is an unexpected event you should review the settings as this may be the result of malware.\n \tOld value: HKLM\\SOFTWARE\\Microsoft\\Windows Defender\\ServiceStartStates = 0x1\n \tNew value: Default\\ServiceStartStates = 0x0"],"winlog.event_id":["5007"],"winlog.user.name":["SYSTEM"],"event.action":["antivirus-configuration-changed"],"@timestamp":["2025-12-04T07:20:28.265Z"],"winlog.channel":["Microsoft-Windows-Windows Defender/Operational"],"host.os.platform":["windows"],"data_stream.dataset":["windows.windows_defender"],"event.type":["change"],"winlog.opcode":["Info"],"agent.ephemeral_id":["e55de884-a28c-41d9-adb3-69c13bf2c52e"],"ml.prediction.top_classes.class_probability":[0.74551207],"winlog.event_data.Product_Version":["4.18.25100.9008"],"event.dataset":["windows.windows_defender"]},"highlight":{"message":["Microsoft Defender @kibana-highlighted-field@Antivirus@/kibana-highlighted-field@ Configuration has changed. If this is an unexpected event you should review the settings as this may be the result of @kibana-highlighted-field@malware@/kibana-highlighted-field@.\n \tOld value: HKLM\\SOFTWARE\\Microsoft\\Windows Defender\\ServiceStartStates = 0x1\n \tNew value: Default\\ServiceStartStates = 0x0"]},"sort":["2025-12-04T07:20:28.265Z",5]},{"_index":".ds-logs-windows.windows_defender-default-2025.11.14-000004","_id":"Ao086JoBauYgcmL8LV5f","_version":1,"_score":null,"fields":{"elastic_agent.version":["8.17.3"],"event.category":["configuration"],"host.os.name.text":["Windows Server 2022 Standard Evaluation"],"winlog.provider_guid":["{11cd958a-c507-4ef3-b3f2-5fd9dfbd2c78}"],"winlog.provider_name":["Microsoft-Windows-Windows Defender"],"host.name.text":["cyberfortress-ws"],"host.hostname":["Cyberfortress-WS"],"ml.prediction.model_id":["byviz__bylastic_classification_logs"],"winlog.computer_name":["Cyberfortress-WS.ad.cyberfortress.local"],"host.mac":["00-0C-29-26-4D-48"],"winlog.process.pid":[2208],"agent.name.text":["Cyberfortress-WS"],"host.os.version":["10.0"],"winlog.record_id":["1517"],"host.os.name":["Windows Server 2022 Standard Evaluation"],"log.level":["information"],"agent.name":["Cyberfortress-WS"],"host.name":["cyberfortress-ws"],"event.kind":["event"],"event.original":["<Event xmlns='http://schemas.microsoft.com/win/2004/08/events/event'><System><Provider Name='Microsoft-Windows-Windows Defender' Guid='{11cd958a-c507-4ef3-b3f2-5fd9dfbd2c78}'/><EventID>5007</EventID><Version>0</Version><Level>4</Level><Task>0</Task><Opcode>0</Opcode><Keywords>0x8000000000000000</Keywords><TimeCreated SystemTime='2025-12-04T07:19:32.1741685Z'/><EventRecordID>1517</EventRecordID><Correlation/><Execution ProcessID='2208' ThreadID='2600'/><Channel>Microsoft-Windows-Windows Defender/Operational</Channel><Computer>Cyberfortress-WS.ad.cyberfortress.local</Computer><Security UserID='S-1-5-18'/></System><EventData><Data Name='Product Name'>Microsoft Defender Antivirus</Data><Data Name='Product Version'>4.18.25100.9008</Data><Data Name='Old Value'>HKLM\\SOFTWARE\\Microsoft\\Windows Defender\\Diagnostics\\InitializingComponentProgress = LoadingEngine</Data><Data Name='New Value'>HKLM\\SOFTWARE\\Microsoft\\Windows Defender\\Diagnostics\\InitializingComponentProgress = ServiceStartedSuccessfully</Data></EventData><RenderingInfo Culture='en-US'><Message>Microsoft Defender Antivirus Configuration has changed. If this is an unexpected event you should review the settings as this may be the result of malware.\r\n \tOld value: HKLM\\SOFTWARE\\Microsoft\\Windows Defender\\Diagnostics\\InitializingComponentProgress = LoadingEngine\r\n \tNew value: HKLM\\SOFTWARE\\Microsoft\\Windows Defender\\Diagnostics\\InitializingComponentProgress = ServiceStartedSuccessfully</Message><Level>Information</Level><Task></Task><Opcode>Info</Opcode><Channel></Channel><Provider>Microsoft-Windows-Windows Defender</Provider><Keywords></Keywords></RenderingInfo></Event>"],"host