{"_index":".ds-logs-windows.windows_defender-default-2025.10.14-000003","_id":"tRWDL5oBNZ8tUkk0iAG2","_version":1,"_score":null,"fields":{"elastic_agent.version":["8.17.3"],"event.category":["process"],"host.os.name.text":["Windows Server 2022 Standard Evaluation"],"winlog.event_data.Scan_ID":["{55F4763D-2F6E-4DE4-84E0-382202C06846}"],"winlog.provider_guid":["{11cd958a-c507-4ef3-b3f2-5fd9dfbd2c78}"],"winlog.provider_name":["Microsoft-Windows-Windows Defender"],"host.name.text":["cyberfortress-ws"],"host.hostname":["Cyberfortress-WS"],"winlog.computer_name":["Cyberfortress-WS.ad.cyberfortress.local"],"host.mac":["00-0C-29-26-4D-48"],"winlog.process.pid":[2256],"agent.name.text":["Cyberfortress-WS"],"host.os.version":["10.0"],"winlog.event_data.Scan_Time_Minutes":["00"],"winlog.record_id":["880"],"host.os.name":["Windows Server 2022 Standard Evaluation"],"log.level":["information"],"agent.name":["Cyberfortress-WS"],"winlog.event_data.Scan_Parameters":["Quick Scan"],"host.name":["cyberfortress-ws"],"event.agent_id_status":["verified"],"event.kind":["event"],"winlog.activity_id":["{907c4a8b-9819-40f6-a014-e7226e5eb578}"],"host.os.type":["windows"],"winlog.event_data.Scan_Type_Index":["1"],"winlog.event_data.User":["SYSTEM"],"input.type":["winlog"],"data_stream.type":["logs"],"host.architecture":["x86_64"],"winlog.event_data.Scan_Type":["Antimalware"],"event.provider":["Microsoft-Windows-Windows Defender"],"event.code":["1001"],"agent.id":["03c4f422-68d1-4af6-a27f-a78c18180452"],"ecs.version":["8.17.0"],"winlog.event_data.Product_Name":["Microsoft Defender Antivirus"],"event.created":["2025-10-29T10:28:57.244Z"],"agent.version":["8.17.3"],"host.os.family":["windows"],"winlog.process.thread.id":[1696],"winlog.event_data.Scan_Time_Seconds":["30"],"winlog.event_data.SID":["S-1-5-18"],"host.os.build":["20348.587"],"winlog.event_data.Scan_Parameters_Index":["1"],"winlog.user.type":["User"],"host.ip":["fe80::7cea:4600:3e1d:57aa","192.168.85.115"],"agent.type":["filebeat"],"event.module":["windows"],"host.os.kernel":["10.0.20348.587 (WinBuild.160101.0800)"],"winlog.api":["wineventlog"],"elastic_agent.snapshot":[false],"host.id":["0c4d2910-34d4-4e69-a70d-2a9ff52a073e"],"winlog.user.identifier":["S-1-5-18"],"winlog.event_data.Scan_Time_Hours":["0"],"winlog.task":["None"],"winlog.user.domain":["NT AUTHORITY"],"winlog.event_data.Domain":["NT AUTHORITY"],"elastic_agent.id":["03c4f422-68d1-4af6-a27f-a78c18180452"],"data_stream.namespace":["default"],"message":["Microsoft Defender Antivirus scan has finished.\n \tScan ID: {55F4763D-2F6E-4DE4-84E0-382202C06846}\n \tScan Type: Antimalware\n \tScan Parameters: Quick Scan\n \tUser: NT AUTHORITY\\SYSTEM\n \tScan Time: 0:00:30"],"winlog.event_id":["1001"],"winlog.user.name":["SYSTEM"],"event.action":["None"],"event.ingested":["2025-10-29T10:29:00.000Z"],"@timestamp":["2025-10-29T10:28:55.881Z"],"winlog.channel":["Microsoft-Windows-Windows Defender/Operational"],"host.os.platform":["windows"],"data_stream.dataset":["windows.windows_defender"],"event.type":["info"],"winlog.opcode":["Info"],"agent.ephemeral_id":["8cb5fda4-aa6f-42ef-8436-b562f77f3dfc"],"winlog.event_data.Product_Version":["4.18.25090.3009"],"event.dataset":["windows.windows_defender"]},"highlight":{"message":["Microsoft Defender @kibana-highlighted-field@Antivirus@/kibana-highlighted-field@ scan has finished.\n \tScan ID: {55F4763D-2F6E-4DE4-84E0-382202C06846}\n \tScan Type: @kibana-highlighted-field@Antimalware@/kibana-highlighted-field@\n \tScan Parameters: Quick Scan\n \tUser: NT AUTHORITY\\SYSTEM\n \tScan Time: 0:00:30"]},"sort":["2025-10-29T10:28:55.881Z",411]},{"_index":".ds-logs-windows.windows_defender-default-2025.10.14-000003","_id":"QBSDL5oBNZ8tUkk0BvWF","_version":1,"_score":null,"fields":{"winlog.event_data.Scan_Only_If_Idle":["Enabled"],"elastic_agent.version":["8.17.3"],"event.category":["process"],"host.os.name.text":["Windows Server 2022 Standard Evaluation"],"winlog.event_data.Scan_ID":["{55F4763D-2F6E-4DE4-84E0-382202C06846}"],"winlog.provider_guid":["{11cd958a-c507-4ef3-b3f2-5fd9dfbd2c78}"],"winlog.provider_name":["Microsoft-Windows-Windows Defender"],"host.name.text":["cyberfortress-ws"],"host.hostname":["Cyberfortress-WS"],"winlog.computer_name":["Cyberfortress-WS.ad.cyberfortress.local"],"host.mac":["00-0C-29-26-4D-48"],"winlog.process.pid":[2256],"agent.name.text":["Cyberfortress-WS"],"host.os.version":["10.0"],"winlog.record_id":["879"],"host.os.name":["Windows Server 2022 Standard Evaluation"],"log.level":["information"],"agent.name":["Cyberfortress-WS"],"winlog.event_data.Scan_Parameters":["Quick Scan"],"host.name":["cyberfortress-ws"],"event.agent_id_status":["verified"],"event.kind":["event"],"winlog.event_data.Scan_Trigger":["Scheduled maintenance"],"host.os.type":["windows"],"winlog.event_data.Scan_Type_Index":["1"],"winlog.event_data.User":["SYSTEM"],"input.type":["winlog"],"data_stream.type":["logs"],"host.architecture":["x86_64"],"winlog.event_data.Scan_Type":["Antimalware"],"event.provider":["Microsoft-Windows-Windows Defender"],"event.code":["1000"],"agent.id":["03c4f422-68d1-4af6-a27f-a78c18180452"],"ecs.version":["8.17.0"],"winlog.event_data.Product_Name":["Microsoft Defender Antivirus"],"event.created":["2025-10-29T10:28:26.901Z"],"agent.version":["8.17.3"],"host.os.family":["windows"],"winlog.process.thread.id":[1696],"winlog.event_data.SID":["S-1-5-18"],"host.os.build":["20348.587"],"winlog.event_data.Scan_Parameters_Index":["1"],"winlog.user.type":["User"],"host.ip":["fe80::7cea:4600:3e1d:57aa","192.168.85.115"],"agent.type":["filebeat"],"winlog.event_data.Low_CPU_Priority_for_Scans":["Disabled"],"winlog.event_data.Scan_Trigger_Index":["55"],"event.module":["windows"],"host.os.kernel":["10.0.20348.587 (WinBuild.160101.0800)"],"winlog.api":["wineventlog"],"elastic_agent.snapshot":[false],"host.id":["0c4d2910-34d4-4e69-a70d-2a9ff52a073e"],"winlog.user.identifier":["S-1-5-18"],"winlog.task":["None"],"winlog.user.domain":["NT AUTHORITY"],"winlog.event_data.Domain":["NT AUTHORITY"],"elastic_agent.id":["03c4f422-68d1-4af6-a27f-a78c18180452"],"data_stream.namespace":["default"],"winlog.event_data.Thread_Priority":["7"],"message":["Microsoft Defender Antivirus scan has started.\n \tScan ID: {55F4763D-2F6E-4DE4-84E0-382202C06846}\n \tScan Type: Antimalware\n \tScan Parameters: Quick Scan\n \tScan Resources: \n  \tUser: NT AUTHORITY\\SYSTEM\n \tScan Trigger: Scheduled maintenance\n \tScan Only If Idle: Enabled\n \tLow CPU Priority for Scans: Disabled\n \tThread Priority: 7"],"winlog.event_id":["1000"],"winlog.user.name":["SYSTEM"],"event.action":["None"],"event.ingested":["2025-10-29T10:28:27.000Z"],"@timestamp":["2025-10-29T10:28:24.960Z"],"winlog.channel":["Microsoft-Windows-Windows Defender/Operational"],"host.os.platform":["windows"],"data_stream.dataset":["windows.windows_defender"],"event.type":["info"],"winlog.opcode":["Info"],"agent.ephemeral_id":["8cb5fda4-aa6f-42ef-8436-b562f77f3dfc"],"winlog.event_data.Product_Version":["4.18.25090.3009"],"event.dataset":["windows.windows_defender"]},"highlight":{"message":["Microsoft Defender @kibana-highlighted-field@Antivirus@/kibana-highlighted-field@ scan has started.\n \tScan ID: {55F4763D-2F6E-4DE4-84E0-382202C06846}\n \tScan Type: @kibana-highlighted-field@Antimalware@/kibana-highlighted-field@\n \tScan Parameters: Quick Scan\n \tScan Resources: \n  \tUser: NT AUTHORITY\\SYSTEM\n \tScan Trigger: Scheduled maintenance\n \tScan Only If Idle: Enabled\n \tLow CPU Priority for Scans: Disabled\n \tThread Priority: 7"]},"sort":["2025-10-29T10:28:24.960Z",410]},{"_index":".ds-logs-windows.windows_defender-default-2025.10.14-000003","_id":"2BR4L5oBNZ8tUkk0rD6T","_version":1,"_score":null,"fields":{"elastic_agent.version":["8.17.3"],"event.category":["configuration"],"host.os.name.text":["Windows Server 2022 Standard Evaluation"],"winlog.provider_guid":["{11cd958a-c507-4ef3-b3f2-5fd9dfbd2c78}"],"winlog.provider_name":["Microsoft-Windows-Windows Defender"],"host.name.text":["cyberfortress-ws"],"host.hostname":["Cyberfortress-WS"],"winlog.computer_name":["Cyberfortress-WS.ad.cyberfortress.local"],"host.mac":["00-0C-29-26-4D-48"],"winlog.process.pid":[2256],"agent.name.text":["Cyberfortress-WS"],"host.os.version":["10.0"],"winlog.record_id":["878"],"host.os.name":["Windows Server 2022 Standard Evaluation"],"log.level":["information"],"agent.name":["Cyberfortress-WS"],"host.name":["cyberfortress-ws"],"event.agent_id_status":["verified"],"event.kind":["event"],"host.os.type":["windows"],"input.type":["winlog"],"data_stream.type":["logs"],"host.architecture":["x86_64"],"event.provider":["Microsoft-Windows-Windows Defender"],"event.code":["5007"],"agent.id":["03c4f422-68d1-4af6-a27f-a78c18180452"],"ecs.version":["8.17.0"],"winlog.event_data.Product_Name":["Microsoft Defender Antivirus"],"event.created":["2025-10-29T10:16:59.936Z"],"agent.version":["8.17.3"],"host.os.family":["windows"],"winlog.process.thread.id":[4756],"winlog.event_data.Old_Value":["HKLM\\SOFTWARE\\Microsoft\\Windows Defender\\CoreService\\WdConfigHash = 0x5A7A3F53"],"winlog.event_data.New_Value":["HKLM\\SOFTWARE\\Microsoft\\Windows Defender\\CoreService\\WdConfigHash = 0x686CE571"],"host.os.build":["20348.587"],"winlog.user.type":["User"],"host.ip":["fe80::7cea:4600:3e1d:57aa","192.168.85.115"],"agent.type":["filebeat"],"event.module":["windows"],"host.os.kernel":["10.0.20348.587 (WinBuild.160101.0800)"],"winlog.api":["wineventlog"],"elastic_agent.snapshot":[false],"host.id":["0c4d2910-34d4-4e69-a70d-2a9ff52a073e"],"winlog.user.identifier":["S-1-5-18"],"winlog.task":["None"],"winlog.user.domain":["NT AUTHORITY"],"elastic_agent.id":["03c4f422-68d1-4af6-a27f-a78c18180452"],"data_stream.namespace":["default"],"message":["Microsoft Defender Antivirus Configuration has changed. If this is an unexpected event you should review the settings as this may be the result of malware.\n \tOld value: HKLM\\SOFTWARE\\Microsoft\\Windows Defender\\CoreService\\WdConfigHash = 0x5A7A3F53\n \tNew value: HKLM\\SOFTWARE\\Microsoft\\Windows Defender\\CoreService\\WdConfigHash = 0x686CE571"],"winlog.event_id":["5007"],"winlog.user.name":["SYSTEM"],"event.action":["antivirus-configuration-changed"],"event.ingested":["2025-10-29T10:17:09.000Z"],"@timestamp":["2025-10-29T10:16:58.836Z"],"winlog.channel":["Microsoft-Windows-Windows Defender/Operational"],"host.os.platform":["windows"],"data_stream.dataset":["windows.windows_defender"],"event.type":["change"],"winlog.opcode":["Info"],"agent.ephemeral_id":["8cb5fda4-aa6f-42ef-8436-b562f77f3dfc"],"winlog.event_data.Product_Version":["4.18.25090.3009"],"event.dataset":["windows.windows_defender"]},"highlight":{"message":["Microsoft Defender @kibana-highlighted-field@Antivirus@/kibana-highlighted-field@ Configuration has changed. If this is an unexpected event you should review the settings as this may be the result of @kibana-highlighted-field@malware@/kibana-highlighted-field@.\n \tOld value: HKLM\\SOFTWARE\\Microsoft\\Windows Defender\\CoreService\\WdConfigHash = 0x5A7A3F53\n \tNew value: HKLM\\SOFTWARE\\Microsoft\\Windows Defender\\CoreService\\WdConfigHash = 0x686CE571"]},"sort":["2025-10-29T10:16:58.836Z",409]},{"_index":".ds-logs-windows.windows_defender-default-2025.10.14-000003","_id":"1BR4L5oBNZ8tUkk0rD6T","_version":1,"_score":null,"fields":{"elastic_agent.version":["8.17.3"],"event.category":["process"],"host.os.name.text":["Windows Server 2022 Standard Evaluation"],"winlog.provider_guid":["{11cd958a-c507-4ef3-b3f2-5fd9dfbd2c78}"],"winlog.provider_name":["Microsoft-Windows-Windows Defender"],"host.name.text":["cyberfortress-ws"],"winlog.event_data.Current_Engine_Version":["1.1.25090.3001"],"host.hostname":["Cyberfortress-WS"],"winlog.computer_name":["Cyberfortress-WS.ad.cyberfortress.local"],"host.mac":["00-0C-29-26-4D-48"],"winlog.process.pid":[2256],"agent.name.text":["Cyberfortress-WS"],"host.os.version":["10.0"],"winlog.record_id":["877"],"host.os.name":["Windows Server 2022 Standard Evaluation"],"log.level":["information"],"agent.name":["Cyberfortress-WS"],"host.name":["cyberfortress-ws"],"event.agent_id_status":["verified"],"event.kind":["event"],"winlog.event_data.Previous_security_intelligence_Version":["1.439.533.0"],"winlog.event_data.Security_intelligence_Type":["AntiSpyware"],"host.os.type":["windows"],"winlog.event_data.User":["SYSTEM"],"input.type":["winlog"],"winlog.event_data.Update_Type_Index":["2"],"data_stream.type":["logs"],"host.architecture":["x86_64"],"event.provider":["Microsoft-Windows-Windows Defender"],"event.code":["2000"],"agent.id":["03c4f422-68d1-4af6-a27f-a78c18180452"],"ecs.version":["8.17.0"],"winlog.event_data.Product_Name":["Microsoft Defender Antivirus"],"event.created":["2025-10-29T10:16:58.915Z"],"agent.version":["8.17.3"],"host.os.family":["windows"],"winlog.process.thread.id":[4752],"winlog.event_data.Update_Type":["Delta"],"winlog.event_data.SID":["S-1-5-18"],"host.os.build":["20348.587"],"winlog.user.type":["User"],"host.ip":["fe80::7cea:4600:3e1d:57aa","192.168.85.115"],"agent.type":["filebeat"],"event.module":["windows"],"host.os.kernel":["10.0.20348.587 (WinBuild.160101.0800)"],"winlog.api":["wineventlog"],"winlog.event_data.Previous_Engine_Version":["1.1.25090.3001"],"elastic_agent.snapshot":[false],"host.id":["0c4d2910-34d4-4e69-a70d-2a9ff52a073e"],"winlog.user.identifier":["S-1-5-18"],"winlog.task":["None"],"winlog.user.domain":["NT AUTHORITY"],"winlog.event_data.Domain":["NT AUTHORITY"],"winlog.event_data.Security_intelligence_Type_Index":["2"],"elastic_agent.id":["03c4f422-68d1-4af6-a27f-a78c18180452"],"data_stream.namespace":["default"],"message":["Microsoft Defender Antivirus security intelligence version updated.\n \tCurrent security intelligence Version: 1.439.535.0\n \tPrevious security intelligence Version: 1.439.533.0\n \tSecurity intelligence Type: AntiSpyware\n \tUpdate Type: Delta\n \tUser: NT AUTHORITY\\SYSTEM\n \tCurrent Engine Version: 1.1.25090.3001\n \tPrevious Engine Version: 1.1.25090.3001"],"winlog.event_id":["2000"],"winlog.user.name":["SYSTEM"],"winlog.event_data.Current_security_intelligence_Version":["1.439.535.0"],"event.action":["antivirus-updated"],"event.ingested":["2025-10-29T10:17:09.000Z"],"@timestamp":["2025-10-29T10:16:58.411Z"],"winlog.channel":["Microsoft-Windows-Windows Defender/Operational"],"host.os.platform":["windows"],"data_stream.dataset":["windows.windows_defender"],"event.type":["info"],"winlog.opcode":["Info"],"agent.ephemeral_id":["8cb5fda4-aa6f-42ef-8436-b562f77f3dfc"],"winlog.event_data.Product_Version":["4.18.25090.3009"],"event.dataset":["windows.windows_defender"]},"highlight":{"message":["Microsoft Defender @kibana-highlighted-field@Antivirus@/kibana-highlighted-field@ security intelligence version updated.\n \tCurrent security intelligence Version: 1.439.535.0\n \tPrevious security intelligence Version: 1.439.533.0\n \tSecurity intelligence Type: AntiSpyware\n \tUpdate Type: Delta\n \tUser: NT AUTHORITY\\SYSTEM\n \tCurrent Engine Version: 1.1.25090.3001\n \tPrevious Engine Version: 1.1.25090.3001"]},"sort":["2025-10-29T10:16:58.411Z",408]},{"_index":".ds-logs-windows.windows_defender-default-2025.10.14-000003","_id":"0xR4L5oBNZ8tUkk0rD6T","_version":1,"_score":null,"fields":{"elastic_agent.version":["8.17.3"],"event.category":["process"],"host.os.name.text":["Windows Server 2022 Standard Evaluation"],"winlog.provider_guid":["{11cd958a-c507-4ef3-b3f2-5fd9dfbd2c78}"],"winlog.provider_name":["Microsoft-Windows-Windows Defender"],"host.name.text":["cyberfortress-ws"],"winlog.event_data.Current_Engine_Version":["1.1.25090.3001"],"host.hostname":["Cyberfortress-WS"],"winlog.computer_name":["Cyberfortress-WS.ad.cyberfortress.local"],"host.mac":["00-0C-29-26-4D-48"],"winlog.process.pid":[2256],"agent.name.text":["Cyberfortress-WS"],"host.os.version":["10.0"],"winlog.record_id":["876"],"host.os.name":["Windows Server 2022 Standard Evaluation"],"log.level":["information"],"agent.name":["Cyberfortress-WS"],"host.name":["cyberfortress-ws"],"event.agent_id_status":["verified"],"event.kind":["event"],"winlog.event_data.Previous_security_intelligence_Version":["1.439.533.0"],"winlog.event_data.Security_intelligence_Type":["AntiVirus"],"host.os.type":["windows"],"winlog.event_data.User":["SYSTEM"],"input.type":["winlog"],"winlog.event_data.Update_Type_Index":["2"],"data_stream.type":["logs"],"host.architecture":["x86_64"],"event.provider":["Microsoft-Windows-Windows Defender"],"event.code":["2000"],"agent.id":["03c4f422-68d1-4af6-a27f-a78c18180452"],"ecs.version":["8.17.0"],"winlog.event_data.Product_Name":["Microsoft Defender Antivirus"],"event.created":["2025-10-29T10:16:58.826Z"],"agent.version":["8.17.3"],"host.os.family":["windows"],"winlog.process.thread.id":[4752],"winlog.event_data.Update_Type":["Delta"],"winlog.event_data.SID":["S-1-5-18"],"host.os.build":["20348.587"],"winlog.user.type":["User"],"host.ip":["fe80::7cea:4600:3e1d:57aa","192.168.85.115"],"agent.type":["filebeat"],"event.module":["windows"],"host.os.kernel":["10.0.20348.587 (WinBuild.160101.0800)"],"winlog.api":["wineventlog"],"winlog.event_data.Previous_Engine_Version":["1.1.25090.3001"],"elastic_agent.snapshot":[false],"host.id":["0c4d2910-34d4-4e69-a70d-2a9ff52a073e"],"winlog.user.identifier":["S-1-5-18"],"winlog.task":["None"],"winlog.user.domain":["NT AUTHORITY"],"winlog.event_data.Domain":["NT AUTHORITY"],"winlog.event_data.Security_intelligence_Type_Index":["1"],"elastic_agent.id":["03c4f422-68d1-4af6-a27f-a78c18180452"],"data_stream.namespace":["default"],"message":["Microsoft Defender Antivirus security intelligence version updated.\n \tCurrent security intelligence Version: 1.439.535.0\n \tPrevious security intelligence Version: 1.439.533.0\n \tSecurity intelligence Type: AntiVirus\n \tUpdate Type: Delta\n \tUser: NT AUTHORITY\\SYSTEM\n \tCurrent Engine Version: 1.1.25090.3001\n \tPrevious Engine Version: 1.1.25090.3001"],"winlog.event_id":["2000"],"winlog.user.name":["SYSTEM"],"winlog.event_data.Current_security_intelligence_Version":["1.439.535.0"],"event.action":["antivirus-updated"],"event.ingested":["2025-10-29T10:17:09.000Z"],"@timestamp":["2025-10-29T10:16:58.411Z"],"winlog.channel":["Microsoft-Windows-Windows Defender/Operational"],"host.os.platform":["windows"],"data_stream.dataset":["windows.windows_defender"],"event.type":["info"],"winlog.opcode":["Info"],"agent.ephemeral_id":["8cb5fda4-aa6f-42ef-8436-b562f77f3dfc"],"winlog.event_data.Product_Version":["4.18.25090.3009"],"event.dataset":["windows.windows_defender"]},"highlight":{"message":["Microsoft Defender @kibana-highlighted-field@Antivirus@/kibana-highlighted-field@ security intelligence version updated.\n \tCurrent security intelligence Version: 1.439.535.0\n \tPrevious security intelligence Version: 1.439.533.0\n \tSecurity intelligence Type: @kibana-highlighted-field@AntiVirus@/kibana-highlighted-field@\n \tUpdate Type: Delta\n \tUser: NT AUTHORITY\\SYSTEM\n \tCurrent Engine Version: 1.1.25090.3001\n \tPrevious Engine Version: 1.1.25090.3001"]},"sort":["2025-10-29T10:16:58.411Z",407]},{"_index":".ds-logs-windows.windows_defender-default-2025.10.14-000003","_id":"1nFvL5oB6S5R_rUTzjVm","_version":1,"_score":null,"fields":{"elastic_agent.version":["8.17.3"],"event.category":["configuration"],"host.os.name.text":["Windows Server 2022 Standard Evaluation"],"winlog.provider_guid":["{11cd958a-c507-4ef3-b3f2-5fd9dfbd2c78}"],"winlog.provider_name":["Microsoft-Windows-Windows Defender"],"host.name.text":["cyberfortress-ws"],"host.hostname":["Cyberfortress-WS"],"winlog.computer_name":["Cyberfortress-WS.ad.cyberfortress.local"],"host.mac":["00-0C-29-26-4D-48"],"winlog.process.pid":[2256],"agent.name.text":["Cyberfortress-WS"],"host.os.version":["10.0"],"winlog.record_id":["875"],"host.os.name":["Windows Server 2022 Standard Evaluation"],"log.level":["information"],"agent.name":["Cyberfortress-WS"],"host.name":["cyberfortress-ws"],"event.agent_id_status":["verified"],"event.kind":["event"],"host.os.type":["windows"],"input.type":["winlog"],"data_stream.type":["logs"],"host.architecture":["x86_64"],"event.provider":["Microsoft-Windows-Windows Defender"],"event.code":["5007"],"agent.id":["03c4f422-68d1-4af6-a27f-a78c18180452"],"ecs.version":["8.17.0"],"winlog.event_data.Product_Name":["Microsoft Defender Antivirus"],"event.created":["2025-10-29T10:07:17.466Z"],"agent.version":["8.17.3"],"host.os.family":["windows"],"winlog.process.thread.id":[2580],"winlog.event_data.Old_Value":["HKLM\\SOFTWARE\\Microsoft\\Windows Defender\\ServiceStartStates = 0x1"],"winlog.event_data.New_Value":["Default\\ServiceStartStates = 0x0"],"host.os.build":["20348.587"],"winlog.user.type":["User"],"host.ip":["fe80::7cea:4600:3e1d:57aa","192.168.85.115"],"agent.type":["filebeat"],"event.module":["windows"],"host.os.kernel":["10.0.20348.587 (WinBuild.160101.0800)"],"winlog.api":["wineventlog"],"elastic_agent.snapshot":[false],"host.id":["0c4d2910-34d4-4e69-a70d-2a9ff52a073e"],"winlog.user.identifier":["S-1-5-18"],"winlog.task":["None"],"winlog.user.domain":["NT AUTHORITY"],"elastic_agent.id":["03c4f422-68d1-4af6-a27f-a78c18180452"],"data_stream.namespace":["default"],"message":["Microsoft Defender Antivirus Configuration has changed. If this is an unexpected event you should review the settings as this may be the result of malware.\n \tOld value: HKLM\\SOFTWARE\\Microsoft\\Windows Defender\\ServiceStartStates = 0x1\n \tNew value: Default\\ServiceStartStates = 0x0"],"winlog.event_id":["5007"],"winlog.user.name":["SYSTEM"],"event.action":["antivirus-configuration-changed"],"event.ingested":["2025-10-29T10:07:27.000Z"],"@timestamp":["2025-10-29T10:07:15.963Z"],"winlog.channel":["Microsoft-Windows-Windows Defender/Operational"],"host.os.platform":["windows"],"data_stream.dataset":["windows.windows_defender"],"event.type":["change"],"winlog.opcode":["Info"],"agent.ephemeral_id":["8cb5fda4-aa6f-42ef-8436-b562f77f3dfc"],"winlog.event_data.Product_Version":["4.18.25090.3009"],"event.dataset":["windows.windows_defender"]},"highlight":{"message":["Microsoft Defender @kibana-highlighted-field@Antivirus@/kibana-highlighted-field@ Configuration has changed. If this is an unexpected event you should review the settings as this may be the result of @kibana-highlighted-field@malware@/kibana-highlighted-field@.\n \tOld value: HKLM\\SOFTWARE\\Microsoft\\Windows Defender\\ServiceStartStates = 0x1\n \tNew value: Default\\ServiceStartStates = 0x0"]},"sort":["2025-10-29T10:07:15.963Z",406]},{"_index":".ds-logs-windows.windows_defender-default-2025.10.14-000003","_id":"n3FuL5oB6S5R_rUT8gVW","_version":1,"_score":null,"fields":{"elastic_agent.version":["8.17.3"],"event.category":["configuration"],"host.os.name.text":["Windows Server 2022 Standard Evaluation"],"winlog.provider_guid":["{11cd958a-c507-4ef3-b3f2-5fd9dfbd2c78}"],"winlog.provider_name":["Microsoft-Windows-Windows Defender"],"host.name.text":["cyberfortress-ws"],"host.hostname":["Cyberfortress-WS"],"winlog.computer_name":["Cyberfortress-WS.ad.cyberfortress.local"],"host.mac":["00-0C-29-26-4D-48"],"winlog.process.pid":[2256],"agent.name.text":["Cyberfortress-WS"],"host.os.version":["10.0"],"winlog.record_id":["874"],"host.os.name":["Windows Server 2022 Standard Evaluation"],"log.level":["information"],"agent.name":["Cyberfortress-WS"],"host.name":["cyberfortress-ws"],"event.agent_id_status":["verified"],"event.kind":["event"],"host.os.type":["windows"],"input.type":["winlog"],"data_stream.type":["logs"],"host.architecture":["x86_64"],"event.provider":["Microsoft-Windows-Windows Defender"],"event.code":["5007"],"agent.id":["03c4f422-68d1-4af6-a27f-a78c18180452"],"ecs.version":["8.17.0"],"winlog.event_data.Product_Name":["Microsoft Defender Antivirus"],"event.created":["2025-10-29T10:06:20.748Z"],"agent.version":["8.17.3"],"host.os.family":["windows"],"winlog.process.thread.id":[2588],"winlog.event_data.Old_Value":["HKLM\\SOFTWARE\\Microsoft\\Windows Defender\\Diagnostics\\InitializingComponentProgress = LoadingEngine"],"winlog.event_data.New_Value":["HKLM\\SOFTWARE\\Microsoft\\Windows Defender\\Diagnostics\\InitializingComponentProgress = ServiceStartedSuccessfully"],"host.os.build":["20348.587"],"winlog.user.type":["User"],"host.ip":["fe80::7cea:4600:3e1d:57aa","192.168.85.115"],"agent.type":["filebeat"],"event.module":["windows"],"host.os.kernel":["10.0.20348.587 (WinBuild.160101.0800)"],"winlog.api":["wineventlog"],"elastic_agent.snapshot":[false],"host.id":["0c4d2910-34d4-4e69-a70d-2a9ff52a073e"],"winlog.user.identifier":["S-1-5-18"],"winlog.task":["None"],"winlog.user.domain":["NT AUTHORITY"],"elastic_agent.id":["03c4f422-68d1-4af6-a27f-a78c18180452"],"data_stream.namespace":["default"],"message":["Microsoft Defender Antivirus Configuration has changed. If this is an unexpected event you should review the settings as this may be the result of malware.\n \tOld value: HKLM\\SOFTWARE\\Microsoft\\Windows Defender\\Diagnostics\\InitializingComponentProgress = LoadingEngine\n \tNew value: HKLM\\SOFTWARE\\Microsoft\\Windows Defender\\Diagnostics\\InitializingComponentProgress = ServiceStartedSuccessfully"],"winlog.event_id":["5007"],"winlog.user.name":["SYSTEM"],"event.action":["antivirus-configuration-changed"],"event.ingested":["2025-10-29T10:06:31.000Z"],"@timestamp":["2025-10-29T10:06:19.485Z"],"winlog.channel":["Microsoft-Windows-Windows Defender/Operational"],"host.os.platform":["windows"],"data_stream.dataset":["windows.windows_defender"],"event.type":["change"],"winlog.opcode":["Info"],"agent.ephemeral_id":["8cb5fda4-aa6f-42ef-8436-b562f77f3dfc"],"winlog.event_data.Product_Version":["4.18.25090.3009"],"event.dataset":["windows.windows_defender"]},"highlight":{"message":["Microsoft Defender @kibana-highlighted-field@Antivirus@/kibana-highlighted-field@ Configuration has changed. If this is an unexpected event you should review the settings as this may be the result of @kibana-highlighted-field@malware@/kibana-highlighted-field@.\n \tOld value: HKLM\\SOFTWARE\\Microsoft\\Windows Defender\\Diagnostics\\InitializingComponentProgress = LoadingEngine\n \tNew value: HKLM\\SOFTWARE\\Microsoft\\Windows Defender\\Diagnostics\\InitializingComponentProgress = ServiceStartedSuccessfully"]},"sort":["2025-10-29T10:06:19.485Z",405]},{"_index":".ds-logs-windows.windows_defender-default-2025.10.14-000003","_id":"nnFuL5oB6S5R_rUT8gVW","_version":1,"_score":null,"fields":{"elastic_agent.version":["8.17.3"],"event.category":["configuration"],"host.os.name.text":["Windows Server 2022 Standard Evaluation"],"winlog.provider_guid":["{11cd958a-c507-4ef3-b3f2-5fd9dfbd2c78}"],"winlog.provider_name":["Microsoft-Windows-Windows Defender"],"host.name.text":["cyberfortress-ws"],"host.hostname":["Cyberfortress-WS"],"winlog.computer_name":["Cyberfortress-WS.ad.cyberfortress.local"],"host.mac":["00-0C-29-26-4D-48"],"winlog.process.pid":[2256],"agent.name.text":["Cyberfortress-WS"],"host.os.version":["10.0"],"winlog.record_id":["873"],"host.os.name":["Windows Server 2022 Standard Evaluation"],"log.level":["information"],"agent.name":["Cyberfortress-WS"],"host.name":["cyberfortress-ws"],"event.agent_id_status":["verified"],"event.kind":["event"],"host.os.type":["windows"],"input.type":["winlog"],"data_stream.type":["logs"],"host.architecture":["x86_64"],"event.provider":["Microsoft-Windows-Windows Defender"],"event.code":["5007"],"agent.id":["03c4f422-68d1-4af6-a27f-a78c18180452"],"ecs.version":["8.17.0"],"winlog.event_data.Product_Name":["Microsoft Defender Antivirus"],"event.created":["2025-10-29T10:06:20.748Z"],"agent.version":["8.17.3"],"host.os.family":["windows"],"winlog.process.thread.id":[2588],"winlog.event_data.Old_Value":["HKLM\\SOFTWARE\\Microsoft\\Windows Defender\\CoreService\\WdConfigHash = 0x575C52F4"],"winlog.event_data.New_Value":["HKLM\\SOFTWARE\\Microsoft\\Windows Defender\\CoreService\\WdConfigHash = 0x5A7A3F53"],"host.os.build":["20348.587"],"winlog.user.type":["User"],"host.ip":["fe80::7cea:4600:3e1d:57aa","192.168.85.115"],"agent.type":["filebeat"],"event.module":["windows"],"host.os.kernel":["10.0.20348.587 (WinBuild.160101.0800)"],"winlog.api":["wineventlog"],"elastic_agent.snapshot":[false],"host.id":["0c4d2910-34d4-4e69-a70d-2a9ff52a073e"],"winlog.user.identifier":["S-1-5-18"],"winlog.task":["None"],"winlog.user.domain":["NT AUTHORITY"],"elastic_agent.id":["03c4f422-68d1-4af6-a27f-a78c18180452"],"data_stream.namespace":["default"],"message":["Microsoft Defender Antivirus Configuration has changed. If this is an unexpected event you should review the settings as this may be the result of malware.\n \tOld value: HKLM\\SOFTWARE\\Microsoft\\Windows Defender\\CoreService\\WdConfigHash = 0x575C52F4\n \tNew value: HKLM\\SOFTWARE\\Microsoft\\Windows Defender\\CoreService\\WdConfigHash = 0x5A7A3F53"],"winlog.event_id":["5007"],"winlog.user.name":["SYSTEM"],"event.action":["antivirus-configuration-changed"],"event.ingested":["2025-10-29T10:06:31.000Z"],"@timestamp":["2025-10-29T10:06:19.484Z"],"winlog.channel":["Microsoft-Windows-Windows Defender/Operational"],"host.os.platform":["windows"],"data_stream.dataset":["windows.windows_defender"],"event.type":["change"],"winlog.opcode":["Info"],"agent.ephemeral_id":["8cb5fda4-aa6f-42ef-8436-b562f77f3dfc"],"winlog.event_data.Product_Version":["4.18.25090.3009"],"event.dataset":["windows.windows_defender"]},"highlight":{"message":["Microsoft Defender @kibana-highlighted-field@Antivirus@/kibana-highlighted-field@ Configuration has changed. If this is an unexpected event you should review the settings as this may be the result of @kibana-highlighted-field@malware@/kibana-highlighted-field@.\n \tOld value: HKLM\\SOFTWARE\\Microsoft\\Windows Defender\\CoreService\\WdConfigHash = 0x575C52F4\n \tNew value: HKLM\\SOFTWARE\\Microsoft\\Windows Defender\\CoreService\\WdConfigHash = 0x5A7A3F53"]},"sort":["2025-10-29T10:06:19.484Z",404]},{"_index":".ds-logs-windows.windows_defender-default-2025.10.14-000003","_id":"nXFuL5oB6S5R_rUT8gVW","_version":1,"_score":null,"fields":{"elastic_agent.version":["8.17.3"],"event.category":["configuration"],"host.os.name.text":["Windows Server 2022 Standard Evaluation"],"winlog.provider_guid":["{11cd958a-c507-4ef3-b3f2-5fd9dfbd2c78}"],"winlog.provider_name":["Microsoft-Windows-Windows Defender"],"host.name.text":["cyberfortress-ws"],"host.hostname":["Cyberfortress-WS"],"winlog.computer_name":["Cyberfortress-WS.ad.cyberfortress.local"],"host.mac":["00-0C-29-26-4D-48"],"winlog.process.pid":[2256],"agent.name.text":["Cyberfortress-WS"],"host.os.version":["10.0"],"winlog.record_id":["872"],"host.os.name":["Windows Server 2022 Standard Evaluation"],"log.level":["information"],"agent.name":["Cyberfortress-WS"],"host.name":["cyberfortress-ws"],"event.agent_id_status":["verified"],"event.kind":["event"],"host.os.type":["windows"],"input.type":["winlog"],"data_stream.type":["logs"],"host.architecture":["x86_64"],"event.provider":["Microsoft-Windows-Windows Defender"],"event.code":["5007"],"agent.id":["03c4f422-68d1-4af6-a27f-a78c18180452"],"ecs.version":["8.17.0"],"winlog.event_data.Product_Name":["Microsoft Defender Antivirus"],"event.created":["2025-10-29T10:06:20.748Z"],"agent.version":["8.17.3"],"host.os.family":["windows"],"winlog.process.thread.id":[2588],"winlog.event_data.Old_Value":["Default\\ProductAppDataPath = C:\\ProgramData\\Microsoft\\Windows Defender"],"winlog.event_data.New_Value":["HKLM\\SOFTWARE\\Microsoft\\Windows Defender\\ProductAppDataPath = C:\\ProgramData\\Microsoft\\Windows Defender"],"host.os.build":["20348.587"],"winlog.user.type":["User"],"host.ip":["fe80::7cea:4600:3e1d:57aa","192.168.85.115"],"agent.type":["filebeat"],"event.module":["windows"],"host.os.kernel":["10.0.20348.587 (WinBuild.160101.0800)"],"winlog.api":["wineventlog"],"elastic_agent.snapshot":[false],"host.id":["0c4d2910-34d4-4e69-a70d-2a9ff52a073e"],"winlog.user.identifier":["S-1-5-18"],"winlog.task":["None"],"winlog.user.domain":["NT AUTHORITY"],"elastic_agent.id":["03c4f422-68d1-4af6-a27f-a78c18180452"],"data_stream.namespace":["default"],"message":["Microsoft Defender Antivirus Configuration has changed. If this is an unexpected event you should review the settings as this may be the result of malware.\n \tOld value: Default\\ProductAppDataPath = C:\\ProgramData\\Microsoft\\Windows Defender\n \tNew value: HKLM\\SOFTWARE\\Microsoft\\Windows Defender\\ProductAppDataPath = C:\\ProgramData\\Microsoft\\Windows Defender"],"winlog.event_id":["5007"],"winlog.user.name":["SYSTEM"],"event.action":["antivirus-configuration-changed"],"event.ingested":["2025-10-29T10:06:31.000Z"],"@timestamp":["2025-10-29T10:06:19.484Z"],"winlog.channel":["Microsoft-Windows-Windows Defender/Operational"],"host.os.platform":["windows"],"data_stream.dataset":["windows.windows_defender"],"event.type":["change"],"winlog.opcode":["Info"],"agent.ephemeral_id":["8cb5fda4-aa6f-42ef-8436-b562f77f3dfc"],"winlog.event_data.Product_Version":["4.18.25090.3009"],"event.dataset":["windows.windows_defender"]},"highlight":{"message":["Microsoft Defender @kibana-highlighted-field@Antivirus@/kibana-highlighted-field@ Configuration has changed. If this is an unexpected event you should review the settings as this may be the result of @kibana-highlighted-field@malware@/kibana-highlighted-field@.\n \tOld value: Default\\ProductAppDataPath = C:\\ProgramData\\Microsoft\\Windows Defender\n \tNew value: HKLM\\SOFTWARE\\Microsoft\\Windows Defender\\ProductAppDataPath = C:\\ProgramData\\Microsoft\\Windows Defender"]},"sort":["2025-10-29T10:06:19.484Z",403]},{"_index":".ds-logs-windows.windows_defender-default-2025.10.14-000003","_id":"IHFuL5oB6S5R_rUT8gVW","_version":1,"_score":null,"fields":{"elastic_agent.version":["8.17.3"],"event.category":["configuration"],"host.os.name.text":["Windows Server 2022 Standard Evaluation"],"winlog.provider_guid":["{11cd958a-c507-4ef3-b3f2-5fd9dfbd2c78}"],"winlog.provider_name":["Microsoft-Windows-Windows Defender"],"host.name.text":["cyberfortress-ws"],"host.hostname":["Cyberfortress-WS"],"winlog.computer_name":["Cyberfortress-WS.ad.cyberfortress.local"],"host.mac":["00-0C-29-26-4D-48"],"winlog.process.pid":[2256],"agent.name.text":["Cyberfortress-WS"],"host.os.version":["10.0"],"winlog.record_id":["871"],"host.os.name":["Windows Server 2022 Standard Evaluation"],"log.level":["information"],"agent.name":["Cyberfortress-WS"],"host.name":["cyberfortress-ws"],"event.agent_id_status":["verified"],"event.kind":["event"],"host.os.type":["windows"],"input.type":["winlog"],"data_stream.type":["logs"],"host.architecture":["x86_64"],"event.provider":["Microsoft-Windows-Windows Defender"],"event.code":["5007"],"agent.id":["03c4f422-68d1-4af6-a27f-a78c18180452"],"ecs.version":["8.17.0"],"winlog.event_data.Product_Name":["Microsoft Defender Antivirus"],"event.created":["2025-10-29T10:06:20.713Z"],"agent.version":["8.17.3"],"host.os.family":["windows"],"winlog.process.thread.id":[2580],"winlog.event_data.Old_Value":["HKLM\\SOFTWARE\\Microsoft\\Windows Defender\\Diagnostics\\InitializingComponentProgress = PostPlatformUpdate"],"winlog.event_data.New_Value":["HKLM\\SOFTWARE\\Microsoft\\Windows Defender\\Diagnostics\\InitializingComponentProgress = LoadingEngine"],"host.os.build":["20348.587"],"winlog.user.type":["User"],"host.ip":["fe80::7cea:4600:3e1d:57aa","192.168.85.115"],"agent.type":["filebeat"],"event.module":["windows"],"host.os.kernel":["10.0.20348.587 (WinBuild.160101.0800)"],"winlog.api":["wineventlog"],"elastic_agent.snapshot":[false],"host.id":["0c4d2910-34d4-4e69-a70d-2a9ff52a073e"],"winlog.user.identifier":["S-1-5-18"],"winlog.task":["None"],"winlog.user.domain":["NT AUTHORITY"],"elastic_agent.id":["03c4f422-68d1-4af6-a27f-a78c18180452"],"data_stream.namespace":["default"],"message":["Microsoft Defender Antivirus Configuration has changed. If this is an unexpected event you should review the settings as this may be the result of malware.\n \tOld value: HKLM\\SOFTWARE\\Microsoft\\Windows Defender\\Diagnostics\\InitializingComponentProgress = PostPlatformUpdate\n \tNew value: HKLM\\SOFTWARE\\Microsoft\\Windows Defender\\Diagnostics\\InitializingComponentProgress = LoadingEngine"],"winlog.event_id":["5007"],"winlog.user.name":["SYSTEM"],"event.action":["antivirus-configuration-changed"],"event.ingested":["2025-10-29T10:06:31.000Z"],"@timestamp":["2025-10-29T10:06:15.637Z"],"winlog.channel":["Microsoft-Windows-Windows Defender/Operational"],"host.os.platform":["windows"],"data_stream.dataset":["windows.windows_defender"],"event.type":["change"],"winlog.opcode":["Info"],"agent.ephemeral_id":["8cb5fda4-aa6f-42ef-8436-b562f77f3dfc"],"winlog.event_data.Product_Version":["4.18.25090.3009"],"event.dataset":["windows.windows_defender"]},"highlight":{"message":["Microsoft Defender @kibana-highlighted-field@Antivirus@/kibana-highlighted-field@ Configuration has changed. If this is an unexpected event you should review the settings as this may be the result of @kibana-highlighted-field@malware@/kibana-highlighted-field@.\n \tOld value: HKLM\\SOFTWARE\\Microsoft\\Windows Defender\\Diagnostics\\InitializingComponentProgress = PostPlatformUpdate\n \tNew value: HKLM\\SOFTWARE\\Microsoft\\Windows Defender\\Diagnostics\\InitializingComponentProgress = LoadingEngine"]},"sort":["2025-10-29T10:06:15.637Z",402]},{"_index":".ds-logs-windows.windows_defender-default-2025.10.14-000003","_id":"H3FuL5oB6S5R_rUT8gVW","_version":1,"_score":null,"fields":{"elastic_agent.version":["8.17.3"],"event.category":["configuration"],"host.os.name.text":["Windows Server 2022 Standard Evaluation"],"winlog.provider_guid":["{11cd958a-c507-4ef3-b3f2-5fd9dfbd2c78}"],"winlog.provider_name":["Microsoft-Windows-Windows Defender"],"host.name.text":["cyberfortress-ws"],"host.hostname":["Cyberfortress-WS"],"winlog.computer_name":["Cyberfortress-WS.ad.cyberfortress.local"],"host.mac":["00-0C-29-26-4D-48"],"winlog.process.pid":[2256],"agent.name.text":["Cyberfortress-WS"],"host.os.version":["10.0"],"winlog.record_id":["870"],"host.os.name":["Windows Server 2022 Standard Evaluation"],"log.level":["information"],"agent.name":["Cyberfortress-WS"],"host.name":["cyberfortress-ws"],"event.agent_id_status":["verified"],"event.kind":["event"],"host.os.type":["windows"],"input.type":["winlog"],"data_stream.type":["logs"],"host.architecture":["x86_64"],"event.provider":["Microsoft-Windows-Windows Defender"],"event.code":["5007"],"agent.id":["03c4f422-68d1-4af6-a27f-a78c18180452"],"ecs.version":["8.17.0"],"winlog.event_data.Product_Name":["Microsoft Defender Antivirus"],"event.created":["2025-10-29T10:06:20.713Z"],"agent.version":["8.17.3"],"host.os.family":["windows"],"winlog.process.thread.id":[2580],"winlog.event_data.Old_Value":["Default\\ServiceStartStates = 0x0"],"winlog.event_data.New_Value":["HKLM\\SOFTWARE\\Microsoft\\Windows Defender\\ServiceStartStates = 0x1"],"host.os.build":["20348.587"],"winlog.user.type":["User"],"host.ip":["fe80::7cea:4600:3e1d:57aa","192.168.85.115"],"agent.type":["filebeat"],"event.module":["windows"],"host.os.kernel":["10.0.20348.587 (WinBuild.160101.0800)"],"winlog.api":["wineventlog"],"elastic_agent.snapshot":[false],"host.id":["0c4d2910-34d4-4e69-a70d-2a9ff52a073e"],"winlog.user.identifier":["S-1-5-18"],"winlog.task":["None"],"winlog.user.domain":["NT AUTHORITY"],"elastic_agent.id":["03c4f422-68d1-4af6-a27f-a78c18180452"],"data_stream.namespace":["default"],"message":["Microsoft Defender Antivirus Configuration has changed. If this is an unexpected event you should review the settings as this may be the result of malware.\n \tOld value: Default\\ServiceStartStates = 0x0\n \tNew value: HKLM\\SOFTWARE\\Microsoft\\Windows Defender\\ServiceStartStates = 0x1"],"winlog.event_id":["5007"],"winlog.user.name":["SYSTEM"],"event.action":["antivirus-configuration-changed"],"event.ingested":["2025-10-29T10:06:31.000Z"],"@timestamp":["2025-10-29T10:06:15.636Z"],"winlog.channel":["Microsoft-Windows-Windows Defender/Operational"],"host.os.platform":["windows"],"data_stream.dataset":["windows.windows_defender"],"event.type":["change"],"winlog.opcode":["Info"],"agent.ephemeral_id":["8cb5fda4-aa6f-42ef-8436-b562f77f3dfc"],"winlog.event_data.Product_Version":["4.18.25090.3009"],"event.dataset":["windows.windows_defender"]},"highlight":{"message":["Microsoft Defender @kibana-highlighted-field@Antivirus@/kibana-highlighted-field@ Configuration has changed. If this is an unexpected event you should review the settings as this may be the result of @kibana-highlighted-field@malware@/kibana-highlighted-field@.\n \tOld value: Default\\ServiceStartStates = 0x0\n \tNew value: HKLM\\SOFTWARE\\Microsoft\\Windows Defender\\ServiceStartStates = 0x1"]},"sort":["2025-10-29T10:06:15.636Z",401]},{"_index":".ds-logs-windows.windows_defender-default-2025.10.14-000003","_id":"HnFuL5oB6S5R_rUT8gVW","_version":1,"_score":null,"fields":{"elastic_agent.version":["8.17.3"],"event.category":["configuration"],"host.os.name.text":["Windows Server 2022 Standard Evaluation"],"winlog.provider_guid":["{11cd958a-c507-4ef3-b3f2-5fd9dfbd2c78}"],"winlog.provider_name":["Microsoft-Windows-Windows Defender"],"host.name.text":["cyberfortress-ws"],"host.hostname":["Cyberfortress-WS"],"winlog.computer_name":["Cyberfortress-WS.ad.cyberfortress.local"],"host.mac":["00-0C-29-26-4D-48"],"winlog.process.pid":[2256],"agent.name.text":["Cyberfortress-WS"],"host.os.version":["10.0"],"winlog.record_id":["869"],"host.os.name":["Windows Server 2022 Standard Evaluation"],"log.level":["information"],"agent.name":["Cyberfortress-WS"],"host.name":["cyberfortress-ws"],"event.agent_id_status":["verified"],"event.kind":["event"],"host.os.type":["windows"],"input.type":["winlog"],"data_stream.type":["logs"],"host.architecture":["x86_64"],"event.provider":["Microsoft-Windows-Windows Defender"],"event.code":["5007"],"agent.id":["03c4f422-68d1-4af6-a27f-a78c18180452"],"ecs.version":["8.17.0"],"winlog.event_data.Product_Name":["Microsoft Defender Antivirus"],"event.created":["2025-10-29T10:06:20.713Z"],"agent.version":["8.17.3"],"host.os.family":["windows"],"winlog.process.thread.id":[2580],"winlog.event_data.Old_Value":["HKLM\\SOFTWARE\\Microsoft\\Windows Defender\\Diagnostics\\InitializingComponentProgress = InitializeMiscConfigLibrary"],"winlog.event_data.New_Value":["HKLM\\SOFTWARE\\Microsoft\\Windows Defender\\Diagnostics\\InitializingComponentProgress = PostPlatformUpdate"],"host.os.build":["20348.587"],"winlog.user.type":["User"],"host.ip":["fe80::7cea:4600:3e1d:57aa","192.168.85.115"],"agent.type":["filebeat"],"event.module":["windows"],"host.os.kernel":["10.0.20348.587 (WinBuild.160101.0800)"],"winlog.api":["wineventlog"],"elastic_agent.snapshot":[false],"host.id":["0c4d2910-34d4-4e69-a70d-2a9ff52a073e"],"winlog.user.identifier":["S-1-5-18"],"winlog.task":["None"],"winlog.user.domain":["NT AUTHORITY"],"elastic_agent.id":["03c4f422-68d1-4af6-a27f-a78c18180452"],"data_stream.namespace":["default"],"message":["Microsoft Defender Antivirus Configuration has changed. If this is an unexpected event you should review the settings as this may be the result of malware.\n \tOld value: HKLM\\SOFTWARE\\Microsoft\\Windows Defender\\Diagnostics\\InitializingComponentProgress = InitializeMiscConfigLibrary\n \tNew value: HKLM\\SOFTWARE\\Microsoft\\Windows Defender\\Diagnostics\\InitializingComponentProgress = PostPlatformUpdate"],"winlog.event_id":["5007"],"winlog.user.name":["SYSTEM"],"event.action":["antivirus-configuration-changed"],"event.ingested":["2025-10-29T10:06:31.000Z"],"@timestamp":["2025-10-29T10:05:54.971Z"],"winlog.channel":["Microsoft-Windows-Windows Defender/Operational"],"host.os.platform":["windows"],"data_stream.dataset":["windows.windows_defender"],"event.type":["change"],"winlog.opcode":["Info"],"agent.ephemeral_id":["8cb5fda4-aa6f-42ef-8436-b562f77f3dfc"],"winlog.event_data.Product_Version":["4.18.25090.3009"],"event.dataset":["windows.windows_defender"]},"highlight":{"message":["Microsoft Defender @kibana-highlighted-field@Antivirus@/kibana-highlighted-field@ Configuration has changed. If this is an unexpected event you should review the settings as this may be the result of @kibana-highlighted-field@malware@/kibana-highlighted-field@.\n \tOld value: HKLM\\SOFTWARE\\Microsoft\\Windows Defender\\Diagnostics\\InitializingComponentProgress = InitializeMiscConfigLibrary\n \tNew value: HKLM\\SOFTWARE\\Microsoft\\Windows Defender\\Diagnostics\\InitializingComponentProgress = PostPlatformUpdate"]},"sort":["2025-10-29T10:05:54.971Z",400]},{"_index":".ds-logs-windows.windows_defender-default-2025.10.14-000003","_id":"HXFuL5oB6S5R_rUT8gVW","_version":1,"_score":null,"fields":{"elastic_agent.version":["8.17.3"],"event.category":["configuration"],"host.os.name.text":["Windows Server 2022 Standard Evaluation"],"winlog.provider_guid":["{11cd958a-c507-4ef3-b3f2-5fd9dfbd2c78}"],"winlog.provider_name":["Microsoft-Windows-Windows Defender"],"host.name.text":["cyberfortress-ws"],"host.hostname":["Cyberfortress-WS"],"winlog.computer_name":["Cyberfortress-WS.ad.cyberfortress.local"],"host.mac":["00-0C-29-26-4D-48"],"winlog.process.pid":[2256],"agent.name.text":["Cyberfortress-WS"],"host.os.version":["10.0"],"winlog.record_id":["868"],"host.os.name":["Windows Server 2022 Standard Evaluation"],"log.level":["information"],"agent.name":["Cyberfortress-WS"],"host.name":["cyberfortress-ws"],"event.agent_id_status":["verified"],"event.kind":["event"],"host.os.type":["windows"],"input.type":["winlog"],"data_stream.type":["logs"],"host.architecture":["x86_64"],"event.provider":["Microsoft-Windows-Windows Defender"],"event.code":["5007"],"agent.id":["03c4f422-68d1-4af6-a27f-a78c18180452"],"ecs.version":["8.17.0"],"winlog.event_data.Product_Name":["Microsoft Defender Antivirus"],"event.created":["2025-10-29T10:06:20.713Z"],"agent.version":["8.17.3"],"host.os.family":["windows"],"winlog.process.thread.id":[2580],"winlog.event_data.Old_Value":["HKLM\\SOFTWARE\\Microsoft\\Windows Defender\\CoreService\\WdConfigHash = 0x5A7A3F53"],"winlog.event_data.New_Value":["HKLM\\SOFTWARE\\Microsoft\\Windows Defender\\CoreService\\WdConfigHash = 0x575C52F4"],"host.os.build":["20348.587"],"winlog.user.type":["User"],"host.ip":["fe80::7cea:4600:3e1d:57aa","192.168.85.115"],"agent.type":["filebeat"],"event.module":["windows"],"host.os.kernel":["10.0.20348.587 (WinBuild.160101.0800)"],"winlog.api":["wineventlog"],"elastic_agent.snapshot":[false],"host.id":["0c4d2910-34d4-4e69-a70d-2a9ff52a073e"],"winlog.user.identifier":["S-1-5-18"],"winlog.task":["None"],"winlog.user.domain":["NT AUTHORITY"],"elastic_agent.id":["03c4f422-68d1-4af6-a27f-a78c18180452"],"data_stream.namespace":["default"],"message":["Microsoft Defender Antivirus Configuration has changed. If this is an unexpected event you should review the settings as this may be the result of malware.\n \tOld value: HKLM\\SOFTWARE\\Microsoft\\Windows Defender\\CoreService\\WdConfigHash = 0x5A7A3F53\n \tNew value: HKLM\\SOFTWARE\\Microsoft\\Windows Defender\\CoreService\\WdConfigHash = 0x575C52F4"],"winlog.event_id":["5007"],"winlog.user.name":["SYSTEM"],"event.action":["antivirus-configuration-changed"],"event.ingested":["2025-10-29T10:06:31.000Z"],"@timestamp":["2025-10-29T10:05:54.970Z"],"winlog.channel":["Microsoft-Windows-Windows Defender/Operational"],"host.os.platform":["windows"],"data_stream.dataset":["windows.windows_defender"],"event.type":["change"],"winlog.opcode":["Info"],"agent.ephemeral_id":["8cb5fda4-aa6f-42ef-8436-b562f77f3dfc"],"winlog.event_data.Product_Version":["4.18.25090.3009"],"event.dataset":["windows.windows_defender"]},"highlight":{"message":["Microsoft Defender @kibana-highlighted-field@Antivirus@/kibana-highlighted-field@ Configuration has changed. If this is an unexpected event you should review the settings as this may be the result of @kibana-highlighted-field@malware@/kibana-highlighted-field@.\n \tOld value: HKLM\\SOFTWARE\\Microsoft\\Windows Defender\\CoreService\\WdConfigHash = 0x5A7A3F53\n \tNew value: HKLM\\SOFTWARE\\Microsoft\\Windows Defender\\CoreService\\WdConfigHash = 0x575C52F4"]},"sort":["2025-10-29T10:05:54.970Z",399]},