{"_index":".ds-logs-windows.windows_defender-default-2025.10.14-000003","_id":"JF23LpoB6S5R_rUTJKPG","_version":1,"_score":null,"fields":{"elastic_agent.version":["8.17.3"],"event.category":["configuration"],"host.os.name.text":["Windows Server 2022 Standard Evaluation"],"winlog.provider_guid":["{11cd958a-c507-4ef3-b3f2-5fd9dfbd2c78}"],"winlog.provider_name":["Microsoft-Windows-Windows Defender"],"host.name.text":["cyberfortress-ws"],"host.hostname":["Cyberfortress-WS"],"winlog.computer_name":["Cyberfortress-WS.ad.cyberfortress.local"],"host.mac":["00-0C-29-26-4D-48"],"winlog.process.pid":[2088],"agent.name.text":["Cyberfortress-WS"],"host.os.version":["10.0"],"winlog.record_id":["840"],"host.os.name":["Windows Server 2022 Standard Evaluation"],"log.level":["information"],"agent.name":["Cyberfortress-WS"],"host.name":["cyberfortress-ws"],"event.agent_id_status":["verified"],"event.kind":["event"],"host.os.type":["windows"],"input.type":["winlog"],"data_stream.type":["logs"],"host.architecture":["x86_64"],"event.provider":["Microsoft-Windows-Windows Defender"],"event.code":["5007"],"agent.id":["03c4f422-68d1-4af6-a27f-a78c18180452"],"ecs.version":["8.17.0"],"winlog.event_data.Product_Name":["Microsoft Defender Antivirus"],"event.created":["2025-10-29T05:48:23.466Z"],"agent.version":["8.17.3"],"host.os.family":["windows"],"winlog.process.thread.id":[3416],"winlog.event_data.Old_Value":["Default\\IsServiceRunning = 0x0"],"winlog.event_data.New_Value":["HKLM\\SOFTWARE\\Microsoft\\Windows Defender\\IsServiceRunning = 0x1"],"host.os.build":["20348.587"],"winlog.user.type":["User"],"host.ip":["fe80::7cea:4600:3e1d:57aa","192.168.85.115"],"agent.type":["filebeat"],"event.module":["windows"],"host.os.kernel":["10.0.20348.587 (WinBuild.160101.0800)"],"winlog.api":["wineventlog"],"elastic_agent.snapshot":[false],"host.id":["0c4d2910-34d4-4e69-a70d-2a9ff52a073e"],"winlog.user.identifier":["S-1-5-18"],"winlog.task":["None"],"winlog.user.domain":["NT AUTHORITY"],"elastic_agent.id":["03c4f422-68d1-4af6-a27f-a78c18180452"],"data_stream.namespace":["default"],"message":["Microsoft Defender Antivirus Configuration has changed. If this is an unexpected event you should review the settings as this may be the result of malware.\n \tOld value: Default\\IsServiceRunning = 0x0\n \tNew value: HKLM\\SOFTWARE\\Microsoft\\Windows Defender\\IsServiceRunning = 0x1"],"winlog.event_id":["5007"],"winlog.user.name":["SYSTEM"],"event.action":["antivirus-configuration-changed"],"event.ingested":["2025-10-29T06:45:45.000Z"],"@timestamp":["2025-10-29T05:48:02.142Z"],"winlog.channel":["Microsoft-Windows-Windows Defender/Operational"],"host.os.platform":["windows"],"data_stream.dataset":["windows.windows_defender"],"event.type":["change"],"winlog.opcode":["Info"],"agent.ephemeral_id":["b88035ad-37fa-4e97-ba4f-bef5e945ecc2"],"winlog.event_data.Product_Version":["4.18.25090.3009"],"event.dataset":["windows.windows_defender"]},"highlight":{"message":["Microsoft Defender @kibana-highlighted-field@Antivirus@/kibana-highlighted-field@ Configuration has changed. If this is an unexpected event you should review the settings as this may be the result of @kibana-highlighted-field@malware@/kibana-highlighted-field@.\n \tOld value: Default\\IsServiceRunning = 0x0\n \tNew value: HKLM\\SOFTWARE\\Microsoft\\Windows Defender\\IsServiceRunning = 0x1"]},"sort":["2025-10-29T05:48:02.142Z",371]},{"_index":".ds-logs-windows.windows_defender-default-2025.10.14-000003","_id":"Hl23LpoB6S5R_rUTJKPG","_version":1,"_score":null,"fields":{"elastic_agent.version":["8.17.3"],"event.category":["process"],"host.os.name.text":["Windows Server 2022 Standard Evaluation"],"winlog.provider_guid":["{11cd958a-c507-4ef3-b3f2-5fd9dfbd2c78}"],"winlog.provider_name":["Microsoft-Windows-Windows Defender"],"host.name.text":["cyberfortress-ws"],"host.hostname":["Cyberfortress-WS"],"winlog.computer_name":["Cyberfortress-WS.ad.cyberfortress.local"],"host.mac":["00-0C-29-26-4D-48"],"winlog.event_data.Error_Code":["0x80070002"],"winlog.process.pid":[2088],"winlog.event_data.Error_Description":["The system cannot find the file specified. "],"agent.name.text":["Cyberfortress-WS"],"host.os.version":["10.0"],"winlog.event_data.Failure_Reason":["Group Policy hive was not ready when MDE AV service started and AV configurations might be not as expected."],"winlog.event_data.Feature_Name":["MDE AV Configurations"],"winlog.record_id":["839"],"host.os.name":["Windows Server 2022 Standard Evaluation"],"log.level":["information"],"agent.name":["Cyberfortress-WS"],"host.name":["cyberfortress-ws"],"event.agent_id_status":["verified"],"event.kind":["event"],"winlog.event_data.Failure_Id":["0x00000003"],"host.os.type":["windows"],"input.type":["winlog"],"data_stream.type":["logs"],"host.architecture":["x86_64"],"event.provider":["Microsoft-Windows-Windows Defender"],"event.code":["5017"],"agent.id":["03c4f422-68d1-4af6-a27f-a78c18180452"],"ecs.version":["8.17.0"],"winlog.event_data.Product_Name":["Microsoft Defender Antivirus"],"event.created":["2025-10-29T05:48:23.466Z"],"agent.version":["8.17.3"],"host.os.family":["windows"],"winlog.process.thread.id":[3336],"winlog.event_data.Recommendation":["Investigate recent changes in Group Policy server settings and reboot the device."],"host.os.build":["20348.587"],"winlog.user.type":["User"],"host.ip":["fe80::7cea:4600:3e1d:57aa","192.168.85.115"],"agent.type":["filebeat"],"event.module":["windows"],"host.os.kernel":["10.0.20348.587 (WinBuild.160101.0800)"],"winlog.api":["wineventlog"],"elastic_agent.snapshot":[false],"host.id":["0c4d2910-34d4-4e69-a70d-2a9ff52a073e"],"winlog.user.identifier":["S-1-5-18"],"winlog.task":["None"],"winlog.user.domain":["NT AUTHORITY"],"elastic_agent.id":["03c4f422-68d1-4af6-a27f-a78c18180452"],"data_stream.namespace":["default"],"message":["Microsoft Defender Antivirus service feature has encountered an error and failed.\n \tFeature: MDE AV Configurations\n  \tFailure Reason: Group Policy hive was not ready when MDE AV service started and AV configurations might be not as expected.\n \tRecommended Mitigation: Investigate recent changes in Group Policy server settings and reboot the device.\n \tError Code: 0x80070002\n \tError description: The system cannot find the file specified. "],"winlog.event_id":["5017"],"winlog.user.name":["SYSTEM"],"event.action":["None"],"event.ingested":["2025-10-29T06:45:45.000Z"],"@timestamp":["2025-10-29T05:48:01.811Z"],"winlog.channel":["Microsoft-Windows-Windows Defender/Operational"],"host.os.platform":["windows"],"data_stream.dataset":["windows.windows_defender"],"event.type":["info"],"winlog.opcode":["Info"],"agent.ephemeral_id":["b88035ad-37fa-4e97-ba4f-bef5e945ecc2"],"winlog.event_data.Product_Version":["4.18.25090.3009"],"event.dataset":["windows.windows_defender"]},"highlight":{"message":["Microsoft Defender @kibana-highlighted-field@Antivirus@/kibana-highlighted-field@ service feature has encountered an error and failed.\n \tFeature: MDE AV Configurations\n  \tFailure Reason: Group Policy hive was not ready when MDE AV service started and AV configurations might be not as expected.\n \tRecommended Mitigation: Investigate recent changes in Group Policy server settings and reboot the device.\n \tError Code: 0x80070002\n \tError description: The system cannot find the file specified."]},"sort":["2025-10-29T05:48:01.811Z",370]},{"_index":".ds-logs-windows.windows_defender-default-2025.10.14-000003","_id":"GF23LpoB6S5R_rUTJKPG","_version":1,"_score":null,"fields":{"elastic_agent.version":["8.17.3"],"event.category":["configuration"],"host.os.name.text":["Windows Server 2022 Standard Evaluation"],"winlog.provider_guid":["{11cd958a-c507-4ef3-b3f2-5fd9dfbd2c78}"],"winlog.provider_name":["Microsoft-Windows-Windows Defender"],"host.name.text":["cyberfortress-ws"],"host.hostname":["Cyberfortress-WS"],"winlog.computer_name":["Cyberfortress-WS.ad.cyberfortress.local"],"host.mac":["00-0C-29-26-4D-48"],"winlog.process.pid":[2304],"agent.name.text":["Cyberfortress-WS"],"host.os.version":["10.0"],"winlog.record_id":["838"],"host.os.name":["Windows Server 2022 Standard Evaluation"],"log.level":["information"],"agent.name":["Cyberfortress-WS"],"host.name":["cyberfortress-ws"],"event.agent_id_status":["verified"],"event.kind":["event"],"host.os.type":["windows"],"input.type":["winlog"],"data_stream.type":["logs"],"host.architecture":["x86_64"],"event.provider":["Microsoft-Windows-Windows Defender"],"event.code":["5007"],"agent.id":["03c4f422-68d1-4af6-a27f-a78c18180452"],"ecs.version":["8.17.0"],"winlog.event_data.Product_Name":["Microsoft Defender Antivirus"],"event.created":["2025-10-29T05:48:23.466Z"],"agent.version":["8.17.3"],"host.os.family":["windows"],"winlog.process.thread.id":[5204],"winlog.event_data.Old_Value":["HKLM\\SOFTWARE\\Microsoft\\Windows Defender\\Diagnostics\\CleanupComponentProgress = RtpPluginStop"],"winlog.event_data.New_Value":["HKLM\\SOFTWARE\\Microsoft\\Windows Defender\\Diagnostics\\CleanupComponentProgress = CleanupEngine"],"host.os.build":["20348.587"],"winlog.user.type":["User"],"host.ip":["fe80::7cea:4600:3e1d:57aa","192.168.85.115"],"agent.type":["filebeat"],"event.module":["windows"],"host.os.kernel":["10.0.20348.587 (WinBuild.160101.0800)"],"winlog.api":["wineventlog"],"elastic_agent.snapshot":[false],"host.id":["0c4d2910-34d4-4e69-a70d-2a9ff52a073e"],"winlog.user.identifier":["S-1-5-18"],"winlog.task":["None"],"winlog.user.domain":["NT AUTHORITY"],"elastic_agent.id":["03c4f422-68d1-4af6-a27f-a78c18180452"],"data_stream.namespace":["default"],"message":["Microsoft Defender Antivirus Configuration has changed. If this is an unexpected event you should review the settings as this may be the result of malware.\n \tOld value: HKLM\\SOFTWARE\\Microsoft\\Windows Defender\\Diagnostics\\CleanupComponentProgress = RtpPluginStop\n \tNew value: HKLM\\SOFTWARE\\Microsoft\\Windows Defender\\Diagnostics\\CleanupComponentProgress = CleanupEngine"],"winlog.event_id":["5007"],"winlog.user.name":["SYSTEM"],"event.action":["antivirus-configuration-changed"],"event.ingested":["2025-10-29T06:45:45.000Z"],"@timestamp":["2025-10-29T04:34:23.132Z"],"winlog.channel":["Microsoft-Windows-Windows Defender/Operational"],"host.os.platform":["windows"],"data_stream.dataset":["windows.windows_defender"],"event.type":["change"],"winlog.opcode":["Info"],"agent.ephemeral_id":["b88035ad-37fa-4e97-ba4f-bef5e945ecc2"],"winlog.event_data.Product_Version":["4.18.25090.3009"],"event.dataset":["windows.windows_defender"]},"highlight":{"message":["Microsoft Defender @kibana-highlighted-field@Antivirus@/kibana-highlighted-field@ Configuration has changed. If this is an unexpected event you should review the settings as this may be the result of @kibana-highlighted-field@malware@/kibana-highlighted-field@.\n \tOld value: HKLM\\SOFTWARE\\Microsoft\\Windows Defender\\Diagnostics\\CleanupComponentProgress = RtpPluginStop\n \tNew value: HKLM\\SOFTWARE\\Microsoft\\Windows Defender\\Diagnostics\\CleanupComponentProgress = CleanupEngine"]},"sort":["2025-10-29T04:34:23.132Z",369]},{"_index":".ds-logs-windows.windows_defender-default-2025.10.14-000003","_id":"-l23LpoB6S5R_rUTJKLG","_version":1,"_score":null,"fields":{"elastic_agent.version":["8.17.3"],"event.category":["configuration"],"host.os.name.text":["Windows Server 2022 Standard Evaluation"],"winlog.provider_guid":["{11cd958a-c507-4ef3-b3f2-5fd9dfbd2c78}"],"winlog.provider_name":["Microsoft-Windows-Windows Defender"],"host.name.text":["cyberfortress-ws"],"host.hostname":["Cyberfortress-WS"],"winlog.computer_name":["Cyberfortress-WS.ad.cyberfortress.local"],"host.mac":["00-0C-29-26-4D-48"],"winlog.process.pid":[2304],"agent.name.text":["Cyberfortress-WS"],"host.os.version":["10.0"],"winlog.record_id":["837"],"host.os.name":["Windows Server 2022 Standard Evaluation"],"log.level":["information"],"agent.name":["Cyberfortress-WS"],"host.name":["cyberfortress-ws"],"event.agent_id_status":["verified"],"event.kind":["event"],"host.os.type":["windows"],"input.type":["winlog"],"data_stream.type":["logs"],"host.architecture":["x86_64"],"event.provider":["Microsoft-Windows-Windows Defender"],"event.code":["5007"],"agent.id":["03c4f422-68d1-4af6-a27f-a78c18180452"],"ecs.version":["8.17.0"],"winlog.event_data.Product_Name":["Microsoft Defender Antivirus"],"event.created":["2025-10-29T05:48:21.892Z"],"agent.version":["8.17.3"],"host.os.family":["windows"],"winlog.process.thread.id":[3448],"winlog.event_data.Old_Value":["HKLM\\SOFTWARE\\Microsoft\\Windows Defender\\Diagnostics\\CleanupComponentProgress = CleanupCompleted"],"winlog.event_data.New_Value":["HKLM\\SOFTWARE\\Microsoft\\Windows Defender\\Diagnostics\\CleanupComponentProgress = RtpPluginStop"],"host.os.build":["20348.587"],"winlog.user.type":["User"],"host.ip":["fe80::7cea:4600:3e1d:57aa","192.168.85.115"],"agent.type":["filebeat"],"event.module":["windows"],"host.os.kernel":["10.0.20348.587 (WinBuild.160101.0800)"],"winlog.api":["wineventlog"],"elastic_agent.snapshot":[false],"host.id":["0c4d2910-34d4-4e69-a70d-2a9ff52a073e"],"winlog.user.identifier":["S-1-5-18"],"winlog.task":["None"],"winlog.user.domain":["NT AUTHORITY"],"elastic_agent.id":["03c4f422-68d1-4af6-a27f-a78c18180452"],"data_stream.namespace":["default"],"message":["Microsoft Defender Antivirus Configuration has changed. If this is an unexpected event you should review the settings as this may be the result of malware.\n \tOld value: HKLM\\SOFTWARE\\Microsoft\\Windows Defender\\Diagnostics\\CleanupComponentProgress = CleanupCompleted\n \tNew value: HKLM\\SOFTWARE\\Microsoft\\Windows Defender\\Diagnostics\\CleanupComponentProgress = RtpPluginStop"],"winlog.event_id":["5007"],"winlog.user.name":["SYSTEM"],"event.action":["antivirus-configuration-changed"],"event.ingested":["2025-10-29T06:45:44.000Z"],"@timestamp":["2025-10-29T04:34:22.145Z"],"winlog.channel":["Microsoft-Windows-Windows Defender/Operational"],"host.os.platform":["windows"],"data_stream.dataset":["windows.windows_defender"],"event.type":["change"],"winlog.opcode":["Info"],"agent.ephemeral_id":["b88035ad-37fa-4e97-ba4f-bef5e945ecc2"],"winlog.event_data.Product_Version":["4.18.25090.3009"],"event.dataset":["windows.windows_defender"]},"highlight":{"message":["Microsoft Defender @kibana-highlighted-field@Antivirus@/kibana-highlighted-field@ Configuration has changed. If this is an unexpected event you should review the settings as this may be the result of @kibana-highlighted-field@malware@/kibana-highlighted-field@.\n \tOld value: HKLM\\SOFTWARE\\Microsoft\\Windows Defender\\Diagnostics\\CleanupComponentProgress = CleanupCompleted\n \tNew value: HKLM\\SOFTWARE\\Microsoft\\Windows Defender\\Diagnostics\\CleanupComponentProgress = RtpPluginStop"]},"sort":["2025-10-29T04:34:22.145Z",368]},{"_index":".ds-logs-windows.windows_defender-default-2025.10.14-000003","_id":"RJY6LpoB33jfdB2Xk-f2","_version":1,"_score":null,"fields":{"elastic_agent.version":["8.17.3"],"event.category":["process"],"winlog.event_data.Last_quick_scan_source":["2"],"host.os.name.text":["Windows Server 2022 Standard Evaluation"],"winlog.provider_guid":["{11cd958a-c507-4ef3-b3f2-5fd9dfbd2c78}"],"winlog.provider_name":["Microsoft-Windows-Windows Defender"],"host.name.text":["cyberfortress-ws"],"host.hostname":["Cyberfortress-WS"],"winlog.computer_name":["Cyberfortress-WS.ad.cyberfortress.local"],"host.mac":["00-0C-29-26-4D-48"],"winlog.process.pid":[2304],"winlog.event_data.Last_quick_scan_end_time":["2025-10-27T12:19:35.000Z"],"agent.name.text":["Cyberfortress-WS"],"host.os.version":["10.0"],"winlog.event_data.Last_full_scan_age":["4294967295"],"winlog.record_id":["836"],"host.os.name":["Windows Server 2022 Standard Evaluation"],"winlog.event_data.Engine_up-to-date":["0"],"log.level":["information"],"agent.name":["Cyberfortress-WS"],"host.name":["cyberfortress-ws"],"event.agent_id_status":["verified"],"event.kind":["event"],"winlog.event_data.Engine_version":["1.1.25090.3001"],"host.os.type":["windows"],"winlog.event_data.RTP_state":["Enabled"],"winlog.event_data.Platform_version":["4.18.25090.3009"],"input.type":["winlog"],"data_stream.type":["logs"],"winlog.event_data.Last_AS_security_intelligence_age":["1"],"host.architecture":["x86_64"],"winlog.event_data.AV_security_intelligence_version":["1.439.487.0"],"event.provider":["Microsoft-Windows-Windows Defender"],"event.code":["1151"],"agent.id":["03c4f422-68d1-4af6-a27f-a78c18180452"],"ecs.version":["8.17.0"],"winlog.event_data.Product_Name":["Microsoft Defender Antivirus"],"event.created":["2025-10-29T04:29:40.856Z"],"agent.version":["8.17.3"],"host.os.family":["windows"],"winlog.event_data.AS_security_intelligence_version":["1.439.487.0"],"winlog.event_data.Last_quick_scan_age":["1"],"winlog.process.thread.id":[5204],"winlog.event_data.Last_full_scan_source":["0"],"winlog.event_data.NRI_security_intelligence_version":["1.439.487.0"],"winlog.event_data.IOAV_state":["Enabled"],"host.os.build":["20348.587"],"winlog.user.type":["User"],"host.ip":["fe80::7cea:4600:3e1d:57aa","192.168.85.115"],"agent.type":["filebeat"],"event.module":["windows"],"host.os.kernel":["10.0.20348.587 (WinBuild.160101.0800)"],"winlog.event_data.Latest_engine_version":["1.1.25090.3001"],"winlog.api":["wineventlog"],"elastic_agent.snapshot":[false],"winlog.event_data.Last_AV_security_intelligence_age":["1"],"host.id":["0c4d2910-34d4-4e69-a70d-2a9ff52a073e"],"winlog.event_data.Platform_up-to-date":["1"],"winlog.user.identifier":["S-1-5-18"],"winlog.task":["None"],"winlog.user.domain":["NT AUTHORITY"],"winlog.event_data.Product_status":["0x00080000"],"elastic_agent.id":["03c4f422-68d1-4af6-a27f-a78c18180452"],"data_stream.namespace":["default"],"winlog.event_data.BM_state":["Enabled"],"winlog.event_data.Last_full_scan_end_time":["1601-01-01T00:00:00.000Z"],"winlog.event_data.Last_full_scan_start_time":["1601-01-01T00:00:00.000Z"],"message":["Endpoint Protection client health report (time in UTC):\n \tPlatform version: 4.18.25090.3009\n \tEngine version: 1.1.25090.3001\n \tNetwork Realtime Inspection engine version: 1.1.25090.3001\n \tAntivirus security intelligence version: 1.439.487.0\n \tAntispyware security intelligence version: 1.439.487.0\n \tNetwork Realtime Inspection security intelligence version: 1.439.487.0\n \tRTP state: Enabled\n \tOA state: Enabled\n \tIOAV state: Enabled\n \tBM state: Enabled\n \tAntivirus security intelligence age: 1\n \tAntispyware security intelligence age: 1\n \tLast quick scan age: 1\n \tLast full scan age: 4294967295\n \tAntivirus security intelligence creation time: 2025-10-27T06:17:22Z\n \tAntispyware security intelligence creation time: 2025-10-27T06:17:21Z\n \tLast quick scan start time: 2025-10-27T12:19:14Z\n \tLast quick scan end time: 2025-10-27T12:19:35Z\n \tLast quick scan source: 2\n \tLast full scan start time: 1601-01-01T00:00:00Z\n \tLast full scan end time: 1601-01-01T00:00:00Z\n \tLast full scan source: 0\n \tProduct status: 0x00080000"],"winlog.event_id":["1151"],"winlog.user.name":["SYSTEM"],"winlog.event_data.AS_security_intelligence_creation_time":["2025-10-27T06:17:21.000Z"],"event.action":["None"],"event.ingested":["2025-10-29T04:29:42.000Z"],"@timestamp":["2025-10-29T04:29:40.055Z"],"winlog.channel":["Microsoft-Windows-Windows Defender/Operational"],"host.os.platform":["windows"],"data_stream.dataset":["windows.windows_defender"],"event.type":["info"],"winlog.event_data.AV_security_intelligence_creation_time":["2025-10-27T06:17:22.000Z"],"winlog.event_data.Latest_platform_version":["4.18.25080.5"],"winlog.opcode":["Info"],"agent.ephemeral_id":["6ff10c9f-7e96-408f-a391-eb60a44e6c50"],"winlog.event_data.NRI_engine_version":["1.1.25090.3001"],"event.dataset":["windows.windows_defender"],"winlog.event_data.Last_quick_scan_start_time":["2025-10-27T12:19:14.000Z"],"winlog.event_data.OA_state":["Enabled"]},"highlight":{"message":["Endpoint Protection client health report (time in UTC):\n \tPlatform version: 4.18.25090.3009\n \tEngine version: 1.1.25090.3001\n \tNetwork Realtime Inspection engine version: 1.1.25090.3001\n \t@kibana-highlighted-field@Antivirus@/kibana-highlighted-field@ security intelligence version: 1.439.487.0\n \tAntispyware security intelligence version: 1.439.487.0\n \tNetwork Realtime Inspection security intelligence version: 1.439.487.0\n \tRTP state: Enabled\n \tOA state: Enabled\n \tIOAV state: Enabled\n \tBM state: Enabled\n \t@kibana-highlighted-field@Antivirus@/kibana-highlighted-field@ security intelligence age: 1\n \tAntispyware security intelligence age: 1\n \tLast quick scan age: 1\n \tLast full scan age: 4294967295\n \t@kibana-highlighted-field@Antivirus@/kibana-highlighted-field@ security intelligence creation time: 2025-10-27T06:17:22Z\n \tAntispyware security intelligence creation time: 2025-10-27T06:17:21Z\n \tLast quick scan start time: 2025-10-27T12:19:14Z\n \tLast quick scan end time: 2025-10-27T12:19:35Z\n \tLast quick scan source: 2\n \tLast full scan start time: 1601-01-01T00:00:00Z\n \tLast full scan end time: 1601-01-01T00:00:00Z\n \tLast full scan source: 0\n \tProduct status: 0x00080000"]},"sort":["2025-10-29T04:29:40.055Z",367]},{"_index":".ds-logs-windows.windows_defender-default-2025.10.14-000003","_id":"tpIDLpoB33jfdB2Xxf2r","_version":1,"_score":null,"fields":{"elastic_agent.version":["8.17.3"],"event.category":["process"],"winlog.event_data.Last_quick_scan_source":["2"],"host.os.name.text":["Windows Server 2022 Standard Evaluation"],"winlog.provider_guid":["{11cd958a-c507-4ef3-b3f2-5fd9dfbd2c78}"],"winlog.provider_name":["Microsoft-Windows-Windows Defender"],"host.name.text":["cyberfortress-ws"],"host.hostname":["Cyberfortress-WS"],"winlog.computer_name":["Cyberfortress-WS.ad.cyberfortress.local"],"host.mac":["00-0C-29-26-4D-48"],"winlog.process.pid":[2304],"winlog.event_data.Last_quick_scan_end_time":["2025-10-27T12:19:35.000Z"],"agent.name.text":["Cyberfortress-WS"],"host.os.version":["10.0"],"winlog.event_data.Last_full_scan_age":["4294967295"],"winlog.record_id":["834"],"host.os.name":["Windows Server 2022 Standard Evaluation"],"winlog.event_data.Engine_up-to-date":["0"],"log.level":["information"],"agent.name":["Cyberfortress-WS"],"host.name":["cyberfortress-ws"],"event.agent_id_status":["verified"],"event.kind":["event"],"winlog.event_data.Engine_version":["1.1.25090.3001"],"host.os.type":["windows"],"winlog.event_data.RTP_state":["Enabled"],"winlog.event_data.Platform_version":["4.18.25090.3009"],"input.type":["winlog"],"data_stream.type":["logs"],"winlog.event_data.Last_AS_security_intelligence_age":["1"],"host.architecture":["x86_64"],"winlog.event_data.AV_security_intelligence_version":["1.439.487.0"],"event.provider":["Microsoft-Windows-Windows Defender"],"event.code":["1151"],"agent.id":["03c4f422-68d1-4af6-a27f-a78c18180452"],"ecs.version":["8.17.0"],"winlog.event_data.Product_Name":["Microsoft Defender Antivirus"],"event.created":["2025-10-29T03:29:40.467Z"],"agent.version":["8.17.3"],"host.os.family":["windows"],"winlog.event_data.AS_security_intelligence_version":["1.439.487.0"],"winlog.event_data.Last_quick_scan_age":["1"],"winlog.process.thread.id":[5508],"winlog.event_data.Last_full_scan_source":["0"],"winlog.event_data.NRI_security_intelligence_version":["1.439.487.0"],"winlog.event_data.IOAV_state":["Enabled"],"host.os.build":["20348.587"],"winlog.user.type":["User"],"host.ip":["fe80::7cea:4600:3e1d:57aa","192.168.85.115"],"agent.type":["filebeat"],"event.module":["windows"],"host.os.kernel":["10.0.20348.587 (WinBuild.160101.0800)"],"winlog.event_data.Latest_engine_version":["1.1.25090.3001"],"winlog.api":["wineventlog"],"elastic_agent.snapshot":[false],"winlog.event_data.Last_AV_security_intelligence_age":["1"],"host.id":["0c4d2910-34d4-4e69-a70d-2a9ff52a073e"],"winlog.event_data.Platform_up-to-date":["1"],"winlog.user.identifier":["S-1-5-18"],"winlog.task":["None"],"winlog.user.domain":["NT AUTHORITY"],"winlog.event_data.Product_status":["0x00080000"],"elastic_agent.id":["03c4f422-68d1-4af6-a27f-a78c18180452"],"data_stream.namespace":["default"],"winlog.event_data.BM_state":["Enabled"],"winlog.event_data.Last_full_scan_end_time":["1601-01-01T00:00:00.000Z"],"winlog.event_data.Last_full_scan_start_time":["1601-01-01T00:00:00.000Z"],"message":["Endpoint Protection client health report (time in UTC):\n \tPlatform version: 4.18.25090.3009\n \tEngine version: 1.1.25090.3001\n \tNetwork Realtime Inspection engine version: 1.1.25090.3001\n \tAntivirus security intelligence version: 1.439.487.0\n \tAntispyware security intelligence version: 1.439.487.0\n \tNetwork Realtime Inspection security intelligence version: 1.439.487.0\n \tRTP state: Enabled\n \tOA state: Enabled\n \tIOAV state: Enabled\n \tBM state: Enabled\n \tAntivirus security intelligence age: 1\n \tAntispyware security intelligence age: 1\n \tLast quick scan age: 1\n \tLast full scan age: 4294967295\n \tAntivirus security intelligence creation time: 2025-10-27T06:17:22Z\n \tAntispyware security intelligence creation time: 2025-10-27T06:17:21Z\n \tLast quick scan start time: 2025-10-27T12:19:14Z\n \tLast quick scan end time: 2025-10-27T12:19:35Z\n \tLast quick scan source: 2\n \tLast full scan start time: 1601-01-01T00:00:00Z\n \tLast full scan end time: 1601-01-01T00:00:00Z\n \tLast full scan source: 0\n \tProduct status: 0x00080000"],"winlog.event_id":["1151"],"winlog.user.name":["SYSTEM"],"winlog.event_data.AS_security_intelligence_creation_time":["2025-10-27T06:17:21.000Z"],"event.action":["None"],"event.ingested":["2025-10-29T03:29:50.000Z"],"@timestamp":["2025-10-29T03:29:40.093Z"],"winlog.channel":["Microsoft-Windows-Windows Defender/Operational"],"host.os.platform":["windows"],"data_stream.dataset":["windows.windows_defender"],"event.type":["info"],"winlog.event_data.AV_security_intelligence_creation_time":["2025-10-27T06:17:22.000Z"],"winlog.event_data.Latest_platform_version":["4.18.25080.5"],"winlog.opcode":["Info"],"agent.ephemeral_id":["6ff10c9f-7e96-408f-a391-eb60a44e6c50"],"winlog.event_data.NRI_engine_version":["1.1.25090.3001"],"event.dataset":["windows.windows_defender"],"winlog.event_data.Last_quick_scan_start_time":["2025-10-27T12:19:14.000Z"],"winlog.event_data.OA_state":["Enabled"]},"highlight":{"message":["Endpoint Protection client health report (time in UTC):\n \tPlatform version: 4.18.25090.3009\n \tEngine version: 1.1.25090.3001\n \tNetwork Realtime Inspection engine version: 1.1.25090.3001\n \t@kibana-highlighted-field@Antivirus@/kibana-highlighted-field@ security intelligence version: 1.439.487.0\n \tAntispyware security intelligence version: 1.439.487.0\n \tNetwork Realtime Inspection security intelligence version: 1.439.487.0\n \tRTP state: Enabled\n \tOA state: Enabled\n \tIOAV state: Enabled\n \tBM state: Enabled\n \t@kibana-highlighted-field@Antivirus@/kibana-highlighted-field@ security intelligence age: 1\n \tAntispyware security intelligence age: 1\n \tLast quick scan age: 1\n \tLast full scan age: 4294967295\n \t@kibana-highlighted-field@Antivirus@/kibana-highlighted-field@ security intelligence creation time: 2025-10-27T06:17:22Z\n \tAntispyware security intelligence creation time: 2025-10-27T06:17:21Z\n \tLast quick scan start time: 2025-10-27T12:19:14Z\n \tLast quick scan end time: 2025-10-27T12:19:35Z\n \tLast quick scan source: 2\n \tLast full scan start time: 1601-01-01T00:00:00Z\n \tLast full scan end time: 1601-01-01T00:00:00Z\n \tLast full scan source: 0\n \tProduct status: 0x00080000"]},"sort":["2025-10-29T03:29:40.093Z",365]},{"_index":".ds-logs-windows.windows_defender-default-2025.10.14-000003","_id":"Jo_WLZoB33jfdB2Xr_Yf","_version":1,"_score":null,"fields":{"elastic_agent.version":["8.17.3"],"event.category":["configuration"],"host.os.name.text":["Windows Server 2022 Standard Evaluation"],"winlog.provider_guid":["{11cd958a-c507-4ef3-b3f2-5fd9dfbd2c78}"],"winlog.provider_name":["Microsoft-Windows-Windows Defender"],"host.name.text":["cyberfortress-ws"],"host.hostname":["Cyberfortress-WS"],"winlog.computer_name":["Cyberfortress-WS.ad.cyberfortress.local"],"host.mac":["00-0C-29-26-4D-48"],"winlog.process.pid":[2304],"agent.name.text":["Cyberfortress-WS"],"host.os.version":["10.0"],"winlog.record_id":["832"],"host.os.name":["Windows Server 2022 Standard Evaluation"],"log.level":["information"],"agent.name":["Cyberfortress-WS"],"host.name":["cyberfortress-ws"],"event.agent_id_status":["verified"],"event.kind":["event"],"host.os.type":["windows"],"input.type":["winlog"],"data_stream.type":["logs"],"host.architecture":["x86_64"],"event.provider":["Microsoft-Windows-Windows Defender"],"event.code":["5007"],"agent.id":["03c4f422-68d1-4af6-a27f-a78c18180452"],"ecs.version":["8.17.0"],"winlog.event_data.Product_Name":["Microsoft Defender Antivirus"],"event.created":["2025-10-29T02:40:30.610Z"],"agent.version":["8.17.3"],"host.os.family":["windows"],"winlog.process.thread.id":[5508],"winlog.event_data.Old_Value":["HKLM\\SOFTWARE\\Microsoft\\Windows Defender\\Diagnostics\\LastSignatureUpdateResult = 0x0"],"winlog.event_data.New_Value":["HKLM\\SOFTWARE\\Microsoft\\Windows Defender\\Diagnostics\\LastSignatureUpdateResult = 0x80240438"],"host.os.build":["20348.587"],"winlog.user.type":["User"],"host.ip":["fe80::7cea:4600:3e1d:57aa","192.168.85.115"],"agent.type":["filebeat"],"event.module":["windows"],"host.os.kernel":["10.0.20348.587 (WinBuild.160101.0800)"],"winlog.api":["wineventlog"],"elastic_agent.snapshot":[false],"host.id":["0c4d2910-34d4-4e69-a70d-2a9ff52a073e"],"winlog.user.identifier":["S-1-5-18"],"winlog.task":["None"],"winlog.user.domain":["NT AUTHORITY"],"elastic_agent.id":["03c4f422-68d1-4af6-a27f-a78c18180452"],"data_stream.namespace":["default"],"message":["Microsoft Defender Antivirus Configuration has changed. If this is an unexpected event you should review the settings as this may be the result of malware.\n \tOld value: HKLM\\SOFTWARE\\Microsoft\\Windows Defender\\Diagnostics\\LastSignatureUpdateResult = 0x0\n \tNew value: HKLM\\SOFTWARE\\Microsoft\\Windows Defender\\Diagnostics\\LastSignatureUpdateResult = 0x80240438"],"winlog.event_id":["5007"],"winlog.user.name":["SYSTEM"],"event.action":["antivirus-configuration-changed"],"event.ingested":["2025-10-29T02:40:35.000Z"],"@timestamp":["2025-10-29T02:40:29.834Z"],"winlog.channel":["Microsoft-Windows-Windows Defender/Operational"],"host.os.platform":["windows"],"data_stream.dataset":["windows.windows_defender"],"event.type":["change"],"winlog.opcode":["Info"],"agent.ephemeral_id":["6ff10c9f-7e96-408f-a391-eb60a44e6c50"],"winlog.event_data.Product_Version":["4.18.25090.3009"],"event.dataset":["windows.windows_defender"]},"highlight":{"message":["Microsoft Defender @kibana-highlighted-field@Antivirus@/kibana-highlighted-field@ Configuration has changed. If this is an unexpected event you should review the settings as this may be the result of @kibana-highlighted-field@malware@/kibana-highlighted-field@.\n \tOld value: HKLM\\SOFTWARE\\Microsoft\\Windows Defender\\Diagnostics\\LastSignatureUpdateResult = 0x0\n \tNew value: HKLM\\SOFTWARE\\Microsoft\\Windows Defender\\Diagnostics\\LastSignatureUpdateResult = 0x80240438"]},"sort":["2025-10-29T02:40:29.834Z",363]},{"_index":".ds-logs-windows.windows_defender-default-2025.10.14-000003","_id":"JY_WLZoB33jfdB2Xr_Yf","_version":1,"_score":null,"fields":{"winlog.event_data.Source_Path":["https://fe2cr.update.microsoft.com/v6/"],"elastic_agent.version":["8.17.3"],"event.category":["process"],"host.os.name.text":["Windows Server 2022 Standard Evaluation"],"winlog.provider_guid":["{11cd958a-c507-4ef3-b3f2-5fd9dfbd2c78}"],"winlog.provider_name":["Microsoft-Windows-Windows Defender"],"host.name.text":["cyberfortress-ws"],"host.hostname":["Cyberfortress-WS"],"winlog.computer_name":["Cyberfortress-WS.ad.cyberfortress.local"],"winlog.event_data.Update_State":["Search"],"host.mac":["00-0C-29-26-4D-48"],"winlog.event_data.Error_Code":["0x80240438"],"winlog.process.pid":[2304],"winlog.event_data.Error_Description":["An unexpected problem occurred while checking for updates. For information on installing or troubleshooting updates, see Help and Support. "],"agent.name.text":["Cyberfortress-WS"],"host.os.version":["10.0"],"winlog.record_id":["831"],"host.os.name":["Windows Server 2022 Standard Evaluation"],"log.level":["error"],"agent.name":["Cyberfortress-WS"],"host.name":["cyberfortress-ws"],"event.agent_id_status":["verified"],"event.kind":["event"],"winlog.event_data.Previous_security_intelligence_Version":["1.439.487.0"],"winlog.event_data.Security_intelligence_Type":["AntiVirus"],"host.os.type":["windows"],"winlog.event_data.User":["SYSTEM"],"input.type":["winlog"],"winlog.event_data.Update_Type_Index":["1"],"data_stream.type":["logs"],"host.architecture":["x86_64"],"event.provider":["Microsoft-Windows-Windows Defender"],"winlog.event_data.Update_State_Index":["1"],"event.code":["2001"],"agent.id":["03c4f422-68d1-4af6-a27f-a78c18180452"],"ecs.version":["8.17.0"],"winlog.event_data.Product_Name":["Microsoft Defender Antivirus"],"event.created":["2025-10-29T02:40:30.610Z"],"agent.version":["8.17.3"],"host.os.family":["windows"],"winlog.process.thread.id":[5508],"winlog.event_data.Update_Source_Index":["7"],"winlog.event_data.Update_Type":["Full"],"winlog.event_data.SID":["S-1-5-18"],"host.os.build":["20348.587"],"winlog.user.type":["User"],"host.ip":["fe80::7cea:4600:3e1d:57aa","192.168.85.115"],"agent.type":["filebeat"],"event.module":["windows"],"host.os.kernel":["10.0.20348.587 (WinBuild.160101.0800)"],"winlog.api":["wineventlog"],"winlog.event_data.Previous_Engine_Version":["1.1.25090.3001"],"elastic_agent.snapshot":[false],"host.id":["0c4d2910-34d4-4e69-a70d-2a9ff52a073e"],"winlog.user.identifier":["S-1-5-18"],"winlog.task":["None"],"winlog.user.domain":["NT AUTHORITY"],"winlog.event_data.Domain":["NT AUTHORITY"],"winlog.event_data.Security_intelligence_Type_Index":["1"],"elastic_agent.id":["03c4f422-68d1-4af6-a27f-a78c18180452"],"data_stream.namespace":["default"],"message":["Microsoft Defender Antivirus has encountered an error trying to update security intelligence.\n \tNew security intelligence Version: \n \tPrevious security intelligence Version: 1.439.487.0\n \tUpdate Source: Microsoft Update Server\n \tSecurity intelligence Type: AntiVirus\n \tUpdate Type: Full\n \tUser: NT AUTHORITY\\SYSTEM\n \tCurrent Engine Version: \n \tPrevious Engine Version: 1.1.25090.3001\n \tError code: 0x80240438\n \tError description: An unexpected problem occurred while checking for updates. For information on installing or troubleshooting updates, see Help and Support. "],"winlog.event_id":["2001"],"winlog.user.name":["SYSTEM"],"event.action":["None"],"event.ingested":["2025-10-29T02:40:35.000Z"],"@timestamp":["2025-10-29T02:40:29.335Z"],"winlog.channel":["Microsoft-Windows-Windows Defender/Operational"],"host.os.platform":["windows"],"data_stream.dataset":["windows.windows_defender"],"event.type":["info"],"winlog.opcode":["Info"],"agent.ephemeral_id":["6ff10c9f-7e96-408f-a391-eb60a44e6c50"],"winlog.event_data.Product_Version":["4.18.25090.3009"],"winlog.event_data.Update_Source":["Microsoft Update Server"],"event.dataset":["windows.windows_defender"]},"highlight":{"message":["Microsoft Defender @kibana-highlighted-field@Antivirus@/kibana-highlighted-field@ has encountered an error trying to update security intelligence.\n \tNew security intelligence Version: \n \tPrevious security intelligence Version: 1.439.487.0\n \tUpdate Source: Microsoft Update Server\n \tSecurity intelligence Type: @kibana-highlighted-field@AntiVirus@/kibana-highlighted-field@\n \tUpdate Type: Full\n \tUser: NT AUTHORITY\\SYSTEM\n \tCurrent Engine Version: \n \tPrevious Engine Version: 1.1.25090.3001\n \tError code: 0x80240438\n \tError description: An unexpected problem occurred while checking for updates. For information on installing or troubleshooting updates, see Help and Support."],"log.level":["@kibana-highlighted-field@error@/kibana-highlighted-field@"]},"sort":["2025-10-29T02:40:29.335Z",362]},{"_index":".ds-logs-windows.windows_defender-default-2025.10.14-000003","_id":"LI_WLZoB33jfdB2XTO2E","_version":1,"_score":null,"fields":{"elastic_agent.version":["8.17.3"],"event.category":["configuration"],"host.os.name.text":["Windows Server 2022 Standard Evaluation"],"winlog.provider_guid":["{11cd958a-c507-4ef3-b3f2-5fd9dfbd2c78}"],"winlog.provider_name":["Microsoft-Windows-Windows Defender"],"host.name.text":["cyberfortress-ws"],"host.hostname":["Cyberfortress-WS"],"winlog.computer_name":["Cyberfortress-WS.ad.cyberfortress.local"],"host.mac":["00-0C-29-26-4D-48"],"winlog.process.pid":[2304],"agent.name.text":["Cyberfortress-WS"],"host.os.version":["10.0"],"winlog.record_id":["830"],"host.os.name":["Windows Server 2022 Standard Evaluation"],"log.level":["information"],"agent.name":["Cyberfortress-WS"],"host.name":["cyberfortress-ws"],"event.agent_id_status":["verified"],"event.kind":["event"],"host.os.type":["windows"],"input.type":["winlog"],"data_stream.type":["logs"],"host.architecture":["x86_64"],"event.provider":["Microsoft-Windows-Windows Defender"],"event.code":["5007"],"agent.id":["03c4f422-68d1-4af6-a27f-a78c18180452"],"ecs.version":["8.17.0"],"winlog.event_data.Product_Name":["Microsoft Defender Antivirus"],"event.created":["2025-10-29T02:40:00.342Z"],"agent.version":["8.17.3"],"host.os.family":["windows"],"winlog.process.thread.id":[5508],"winlog.event_data.Old_Value":["HKLM\\SOFTWARE\\Microsoft\\Windows Defender\\SpyNet\\LastMAPSFailureTimeString = 2025-10-27T12:05:59Z"],"winlog.event_data.New_Value":["HKLM\\SOFTWARE\\Microsoft\\Windows Defender\\SpyNet\\LastMAPSFailureTimeString = 2025-10-29T02:39:57Z"],"host.os.build":["20348.587"],"winlog.user.type":["User"],"host.ip":["fe80::7cea:4600:3e1d:57aa","192.168.85.115"],"agent.type":["filebeat"],"event.module":["windows"],"host.os.kernel":["10.0.20348.587 (WinBuild.160101.0800)"],"winlog.api":["wineventlog"],"elastic_agent.snapshot":[false],"host.id":["0c4d2910-34d4-4e69-a70d-2a9ff52a073e"],"winlog.user.identifier":["S-1-5-18"],"winlog.task":["None"],"winlog.user.domain":["NT AUTHORITY"],"elastic_agent.id":["03c4f422-68d1-4af6-a27f-a78c18180452"],"data_stream.namespace":["default"],"message":["Microsoft Defender Antivirus Configuration has changed. If this is an unexpected event you should review the settings as this may be the result of malware.\n \tOld value: HKLM\\SOFTWARE\\Microsoft\\Windows Defender\\SpyNet\\LastMAPSFailureTimeString = 2025-10-27T12:05:59Z\n \tNew value: HKLM\\SOFTWARE\\Microsoft\\Windows Defender\\SpyNet\\LastMAPSFailureTimeString = 2025-10-29T02:39:57Z"],"winlog.event_id":["5007"],"winlog.user.name":["SYSTEM"],"event.action":["antivirus-configuration-changed"],"event.ingested":["2025-10-29T02:40:10.000Z"],"@timestamp":["2025-10-29T02:39:58.509Z"],"winlog.channel":["Microsoft-Windows-Windows Defender/Operational"],"host.os.platform":["windows"],"data_stream.dataset":["windows.windows_defender"],"event.type":["change"],"winlog.opcode":["Info"],"agent.ephemeral_id":["6ff10c9f-7e96-408f-a391-eb60a44e6c50"],"winlog.event_data.Product_Version":["4.18.25090.3009"],"event.dataset":["windows.windows_defender"]},"highlight":{"message":["Microsoft Defender @kibana-highlighted-field@Antivirus@/kibana-highlighted-field@ Configuration has changed. If this is an unexpected event you should review the settings as this may be the result of @kibana-highlighted-field@malware@/kibana-highlighted-field@.\n \tOld value: HKLM\\SOFTWARE\\Microsoft\\Windows Defender\\SpyNet\\LastMAPSFailureTimeString = 2025-10-27T12:05:59Z\n \tNew value: HKLM\\SOFTWARE\\Microsoft\\Windows Defender\\SpyNet\\LastMAPSFailureTimeString = 2025-10-29T02:39:57Z"]},"sort":["2025-10-29T02:39:58.509Z",361]},{"_index":".ds-logs-windows.windows_defender-default-2025.10.14-000003","_id":"CY_VLZoB33jfdB2X8uUK","_version":1,"_score":null,"fields":{"elastic_agent.version":["8.17.3"],"event.category":["process"],"host.os.name.text":["Windows Server 2022 Standard Evaluation"],"winlog.event_data.Scan_ID":["{2F24B5B3-846D-47E9-A452-B1937B5D328B}"],"winlog.provider_guid":["{11cd958a-c507-4ef3-b3f2-5fd9dfbd2c78}"],"winlog.provider_name":["Microsoft-Windows-Windows Defender"],"host.name.text":["cyberfortress-ws"],"host.hostname":["Cyberfortress-WS"],"winlog.computer_name":["Cyberfortress-WS.ad.cyberfortress.local"],"host.mac":["00-0C-29-26-4D-48"],"winlog.process.pid":[2304],"winlog.event_data.Stop_Reason":["RPC connection rundown"],"agent.name.text":["Cyberfortress-WS"],"host.os.version":["10.0"],"winlog.record_id":["829"],"host.os.name":["Windows Server 2022 Standard Evaluation"],"log.level":["warning"],"agent.name":["Cyberfortress-WS"],"winlog.event_data.Scan_Parameters":["Quick Scan"],"host.name":["cyberfortress-ws"],"event.agent_id_status":["verified"],"event.kind":["event"],"winlog.activity_id":["{b3079460-eece-453a-9bd7-706b24b00412}"],"host.os.type":["windows"],"winlog.event_data.Scan_Type_Index":["1"],"winlog.event_data.User":["SYSTEM"],"input.type":["winlog"],"data_stream.type":["logs"],"host.architecture":["x86_64"],"winlog.event_data.Scan_Type":["Antimalware"],"event.provider":["Microsoft-Windows-Windows Defender"],"event.code":["1002"],"agent.id":["03c4f422-68d1-4af6-a27f-a78c18180452"],"ecs.version":["8.17.0"],"winlog.event_data.Product_Name":["Microsoft Defender Antivirus"],"event.created":["2025-10-29T02:39:42.179Z"],"agent.version":["8.17.3"],"host.os.family":["windows"],"winlog.event_data.Stop_Reason_Index":["3"],"winlog.process.thread.id":[6408],"winlog.event_data.SID":["S-1-5-18"],"host.os.build":["20348.587"],"winlog.event_data.Scan_Parameters_Index":["1"],"winlog.user.type":["User"],"host.ip":["fe80::7cea:4600:3e1d:57aa","192.168.85.115"],"agent.type":["filebeat"],"event.module":["windows"],"host.os.kernel":["10.0.20348.587 (WinBuild.160101.0800)"],"winlog.api":["wineventlog"],"elastic_agent.snapshot":[false],"host.id":["0c4d2910-34d4-4e69-a70d-2a9ff52a073e"],"winlog.user.identifier":["S-1-5-18"],"winlog.task":["None"],"winlog.user.domain":["NT AUTHORITY"],"winlog.event_data.Domain":["NT AUTHORITY"],"elastic_agent.id":["03c4f422-68d1-4af6-a27f-a78c18180452"],"data_stream.namespace":["default"],"message":["Microsoft Defender Antivirus scan has been stopped before completion.\n \tScan ID: {2F24B5B3-846D-47E9-A452-B1937B5D328B}\n \tScan Type: Antimalware\n \tScan Parameters: Quick Scan\n  \tUser: NT AUTHORITY\\SYSTEM\n \tStop Reason: RPC connection rundown"],"winlog.event_id":["1002"],"winlog.user.name":["SYSTEM"],"event.action":["None"],"event.ingested":["2025-10-29T02:39:47.000Z"],"@timestamp":["2025-10-29T02:39:41.270Z"],"winlog.channel":["Microsoft-Windows-Windows Defender/Operational"],"host.os.platform":["windows"],"data_stream.dataset":["windows.windows_defender"],"event.type":["info"],"winlog.opcode":["Info"],"agent.ephemeral_id":["6ff10c9f-7e96-408f-a391-eb60a44e6c50"],"winlog.event_data.Product_Version":["4.18.25090.3009"],"event.dataset":["windows.windows_defender"]},"highlight":{"message":["Microsoft Defender @kibana-highlighted-field@Antivirus@/kibana-highlighted-field@ scan has been stopped before completion.\n \tScan ID: {2F24B5B3-846D-47E9-A452-B1937B5D328B}\n \tScan Type: @kibana-highlighted-field@Antimalware@/kibana-highlighted-field@\n \tScan Parameters: Quick Scan\n  \tUser: NT AUTHORITY\\SYSTEM\n \tStop Reason: RPC connection rundown"],"log.level":["@kibana-highlighted-field@warning@/kibana-highlighted-field@"]},"sort":["2025-10-29T02:39:41.270Z",360]},{"_index":".ds-logs-windows.windows_defender-default-2025.10.14-000003","_id":"8I_VLZoB33jfdB2X8uQK","_version":1,"_score":null,"fields":{"winlog.event_data.Scan_Only_If_Idle":["Enabled"],"elastic_agent.version":["8.17.3"],"event.category":["process"],"host.os.name.text":["Windows Server 2022 Standard Evaluation"],"winlog.event_data.Scan_ID":["{2F24B5B3-846D-47E9-A452-B1937B5D328B}"],"winlog.provider_guid":["{11cd958a-c507-4ef3-b3f2-5fd9dfbd2c78}"],"winlog.provider_name":["Microsoft-Windows-Windows Defender"],"host.name.text":["cyberfortress-ws"],"host.hostname":["Cyberfortress-WS"],"winlog.computer_name":["Cyberfortress-WS.ad.cyberfortress.local"],"host.mac":["00-0C-29-26-4D-48"],"winlog.process.pid":[2304],"agent.name.text":["Cyberfortress-WS"],"host.os.version":["10.0"],"winlog.record_id":["828"],"host.os.name":["Windows Server 2022 Standard Evaluation"],"log.level":["information"],"agent.name":["Cyberfortress-WS"],"winlog.event_data.Scan_Parameters":["Quick Scan"],"host.name":["cyberfortress-ws"],"event.agent_id_status":["verified"],"event.kind":["event"],"winlog.event_data.Scan_Trigger":["Scheduled maintenance"],"host.os.type":["windows"],"winlog.event_data.Scan_Type_Index":["1"],"winlog.event_data.User":["SYSTEM"],"input.type":["winlog"],"data_stream.type":["logs"],"host.architecture":["x86_64"],"winlog.event_data.Scan_Type":["Antimalware"],"event.provider":["Microsoft-Windows-Windows Defender"],"event.code":["1000"],"agent.id":["03c4f422-68d1-4af6-a27f-a78c18180452"],"ecs.version":["8.17.0"],"winlog.event_data.Product_Name":["Microsoft Defender Antivirus"],"event.created":["2025-10-29T02:39:37.115Z"],"agent.version":["8.17.3"],"host.os.family":["windows"],"winlog.process.thread.id":[6408],"winlog.event_data.SID":["S-1-5-18"],"host.os.build":["20348.587"],"winlog.event_data.Scan_Parameters_Index":["1"],"winlog.user.type":["User"],"host.ip":["fe80::7cea:4600:3e1d:57aa","192.168.85.115"],"agent.type":["filebeat"],"winlog.event_data.Low_CPU_Priority_for_Scans":["Disabled"],"winlog.event_data.Scan_Trigger_Index":["55"],"event.module":["windows"],"host.os.kernel":["10.0.20348.587 (WinBuild.160101.0800)"],"winlog.api":["wineventlog"],"elastic_agent.snapshot":[false],"host.id":["0c4d2910-34d4-4e69-a70d-2a9ff52a073e"],"winlog.user.identifier":["S-1-5-18"],"winlog.task":["None"],"winlog.user.domain":["NT AUTHORITY"],"winlog.event_data.Domain":["NT AUTHORITY"],"elastic_agent.id":["03c4f422-68d1-4af6-a27f-a78c18180452"],"data_stream.namespace":["default"],"winlog.event_data.Thread_Priority":["7"],"message":["Microsoft Defender Antivirus scan has started.\n \tScan ID: {2F24B5B3-846D-47E9-A452-B1937B5D328B}\n \tScan Type: Antimalware\n \tScan Parameters: Quick Scan\n \tScan Resources: \n  \tUser: NT AUTHORITY\\SYSTEM\n \tScan Trigger: Scheduled maintenance\n \tScan Only If Idle: Enabled\n \tLow CPU Priority for Scans: Disabled\n \tThread Priority: 7"],"winlog.event_id":["1000"],"winlog.user.name":["SYSTEM"],"event.action":["None"],"event.ingested":["2025-10-29T02:39:47.000Z"],"@timestamp":["2025-10-29T02:39:35.807Z"],"winlog.channel":["Microsoft-Windows-Windows Defender/Operational"],"host.os.platform":["windows"],"data_stream.dataset":["windows.windows_defender"],"event.type":["info"],"winlog.opcode":["Info"],"agent.ephemeral_id":["6ff10c9f-7e96-408f-a391-eb60a44e6c50"],"winlog.event_data.Product_Version":["4.18.25090.3009"],"event.dataset":["windows.windows_defender"]},"highlight":{"message":["Microsoft Defender @kibana-highlighted-field@Antivirus@/kibana-highlighted-field@ scan has started.\n \tScan ID: {2F24B5B3-846D-47E9-A452-B1937B5D328B}\n \tScan Type: @kibana-highlighted-field@Antimalware@/kibana-highlighted-field@\n \tScan Parameters: Quick Scan\n \tScan Resources: \n  \tUser: NT AUTHORITY\\SYSTEM\n \tScan Trigger: Scheduled maintenance\n \tScan Only If Idle: Enabled\n \tLow CPU Priority for Scans: Disabled\n \tThread Priority: 7"]},"sort":["2025-10-29T02:39:35.807Z",359]},