{"_index":".ds-logs-windows.windows_defender-default-2025.10.14-000003","_id":"pblQgZoBzGGMWC9btflL","_version":1,"_score":null,"fields":{"winlog.event_data.Source_Path":["https://go.microsoft.com/fwlink/?LinkID=870379&clcid=0x409&arch=x64&eng=1.1.25090.3001&avdelta=1.439.535.0&asdelta=1.439.535.0&prod=77BDAF73-B396-481F-9042-AD358843EC24&ostype=0&signaturetype=0&beta=0&plat=4.18.25090.3009&OsVersion=10.0.20348.587&altlocation=0"],"elastic_agent.version":["8.17.3"],"event.category":["process"],"host.os.name.text":["Windows Server 2022 Standard Evaluation"],"winlog.provider_guid":["{11cd958a-c507-4ef3-b3f2-5fd9dfbd2c78}"],"winlog.provider_name":["Microsoft-Windows-Windows Defender"],"host.name.text":["cyberfortress-ws"],"host.hostname":["Cyberfortress-WS"],"winlog.computer_name":["Cyberfortress-WS.ad.cyberfortress.local"],"winlog.event_data.Update_State":["Search"],"host.mac":["00-0C-29-26-4D-48"],"winlog.event_data.Error_Code":["0x80072ee7"],"winlog.process.pid":[2280],"winlog.event_data.Error_Description":["The server name or address could not be resolved "],"agent.name.text":["Cyberfortress-WS"],"host.os.version":["10.0"],"winlog.record_id":["1051"],"host.os.name":["Windows Server 2022 Standard Evaluation"],"log.level":["error"],"agent.name":["Cyberfortress-WS"],"host.name":["cyberfortress-ws"],"event.agent_id_status":["verified"],"event.kind":["event"],"winlog.event_data.Previous_security_intelligence_Version":["1.439.535.0"],"winlog.event_data.Security_intelligence_Type":["AntiVirus"],"host.os.type":["windows"],"winlog.event_data.User":["SYSTEM"],"input.type":["winlog"],"winlog.event_data.Update_Type_Index":["1"],"data_stream.type":["logs"],"host.architecture":["x86_64"],"event.provider":["Microsoft-Windows-Windows Defender"],"winlog.event_data.Update_State_Index":["1"],"event.code":["2001"],"agent.id":["03c4f422-68d1-4af6-a27f-a78c18180452"],"ecs.version":["8.17.0"],"winlog.event_data.Product_Name":["Microsoft Defender Antivirus"],"event.created":["2025-11-14T07:42:11.920Z"],"agent.version":["8.17.3"],"host.os.family":["windows"],"winlog.process.thread.id":[2604],"winlog.event_data.Update_Source_Index":["6"],"winlog.event_data.Update_Type":["Full"],"winlog.event_data.SID":["S-1-5-18"],"host.os.build":["20348.587"],"winlog.user.type":["User"],"host.ip":["fe80::7cea:4600:3e1d:57aa","192.168.85.115"],"agent.type":["filebeat"],"event.module":["windows"],"host.os.kernel":["10.0.20348.587 (WinBuild.160101.0800)"],"winlog.api":["wineventlog"],"winlog.event_data.Previous_Engine_Version":["1.1.25090.3001"],"elastic_agent.snapshot":[false],"host.id":["0c4d2910-34d4-4e69-a70d-2a9ff52a073e"],"winlog.user.identifier":["S-1-5-18"],"winlog.task":["None"],"winlog.user.domain":["NT AUTHORITY"],"winlog.event_data.Domain":["NT AUTHORITY"],"winlog.event_data.Security_intelligence_Type_Index":["1"],"elastic_agent.id":["03c4f422-68d1-4af6-a27f-a78c18180452"],"data_stream.namespace":["default"],"message":["Microsoft Defender Antivirus has encountered an error trying to update security intelligence.\n \tNew security intelligence Version: \n \tPrevious security intelligence Version: 1.439.535.0\n \tUpdate Source: Microsoft Malware Protection Center\n \tSecurity intelligence Type: AntiVirus\n \tUpdate Type: Full\n \tUser: NT AUTHORITY\\SYSTEM\n \tCurrent Engine Version: \n \tPrevious Engine Version: 1.1.25090.3001\n \tError code: 0x80072ee7\n \tError description: The server name or address could not be resolved "],"winlog.event_id":["2001"],"winlog.user.name":["SYSTEM"],"event.action":["None"],"event.ingested":["2025-11-14T07:42:21.000Z"],"@timestamp":["2025-11-14T07:42:10.710Z"],"winlog.channel":["Microsoft-Windows-Windows Defender/Operational"],"host.os.platform":["windows"],"data_stream.dataset":["windows.windows_defender"],"event.type":["info"],"winlog.opcode":["Info"],"agent.ephemeral_id":["be6bd89e-a442-49e6-8b86-b73b15aff26f"],"winlog.event_data.Product_Version":["4.18.25090.3009"],"winlog.event_data.Update_Source":["Microsoft Malware Protection Center"],"event.dataset":["windows.windows_defender"]},"highlight":{"message":["Microsoft Defender @kibana-highlighted-field@Antivirus@/kibana-highlighted-field@ has encountered an error trying to update security intelligence.\n \tNew security intelligence Version: \n \tPrevious security intelligence Version: 1.439.535.0\n \tUpdate Source: Microsoft @kibana-highlighted-field@Malware@/kibana-highlighted-field@ Protection Center\n \tSecurity intelligence Type: @kibana-highlighted-field@AntiVirus@/kibana-highlighted-field@\n \tUpdate Type: Full\n \tUser: NT AUTHORITY\\SYSTEM\n \tCurrent Engine Version: \n \tPrevious Engine Version: 1.1.25090.3001\n \tError code: 0x80072ee7\n \tError description: The server name or address could not be resolved"],"log.level":["@kibana-highlighted-field@error@/kibana-highlighted-field@"]},"sort":["2025-11-14T07:42:10.710Z",3]},{"_index":".ds-logs-windows.windows_defender-default-2025.10.14-000003","_id":"pLlQgZoBzGGMWC9btflL","_version":1,"_score":null,"fields":{"winlog.event_data.Source_Path":["https://go.microsoft.com/fwlink/?LinkID=851034&clcid=0x409&arch=x64&eng=1.1.25090.3001&avdelta=1.439.535.0&asdelta=1.439.535.0&prod=77BDAF73-B396-481F-9042-AD358843EC24&ostype=0&signaturetype=0&beta=0&plat=4.18.25090.3009&OsVersion=10.0.20348.587&altlocation=0"],"elastic_agent.version":["8.17.3"],"event.category":["process"],"host.os.name.text":["Windows Server 2022 Standard Evaluation"],"winlog.provider_guid":["{11cd958a-c507-4ef3-b3f2-5fd9dfbd2c78}"],"winlog.provider_name":["Microsoft-Windows-Windows Defender"],"host.name.text":["cyberfortress-ws"],"host.hostname":["Cyberfortress-WS"],"winlog.computer_name":["Cyberfortress-WS.ad.cyberfortress.local"],"winlog.event_data.Update_State":["Search"],"host.mac":["00-0C-29-26-4D-48"],"winlog.event_data.Error_Code":["0x80072ee7"],"winlog.process.pid":[2280],"winlog.event_data.Error_Description":["The server name or address could not be resolved "],"agent.name.text":["Cyberfortress-WS"],"host.os.version":["10.0"],"winlog.record_id":["1050"],"host.os.name":["Windows Server 2022 Standard Evaluation"],"log.level":["error"],"agent.name":["Cyberfortress-WS"],"host.name":["cyberfortress-ws"],"event.agent_id_status":["verified"],"event.kind":["event"],"winlog.event_data.Previous_security_intelligence_Version":["1.439.535.0"],"winlog.event_data.Security_intelligence_Type":["AntiVirus"],"host.os.type":["windows"],"winlog.event_data.User":["SYSTEM"],"input.type":["winlog"],"winlog.event_data.Update_Type_Index":["1"],"data_stream.type":["logs"],"host.architecture":["x86_64"],"event.provider":["Microsoft-Windows-Windows Defender"],"winlog.event_data.Update_State_Index":["1"],"event.code":["2001"],"agent.id":["03c4f422-68d1-4af6-a27f-a78c18180452"],"ecs.version":["8.17.0"],"winlog.event_data.Product_Name":["Microsoft Defender Antivirus"],"event.created":["2025-11-14T07:42:11.920Z"],"agent.version":["8.17.3"],"host.os.family":["windows"],"winlog.process.thread.id":[2604],"winlog.event_data.Update_Source_Index":["6"],"winlog.event_data.Update_Type":["Full"],"winlog.event_data.SID":["S-1-5-18"],"host.os.build":["20348.587"],"winlog.user.type":["User"],"host.ip":["fe80::7cea:4600:3e1d:57aa","192.168.85.115"],"agent.type":["filebeat"],"event.module":["windows"],"host.os.kernel":["10.0.20348.587 (WinBuild.160101.0800)"],"winlog.api":["wineventlog"],"winlog.event_data.Previous_Engine_Version":["1.1.25090.3001"],"elastic_agent.snapshot":[false],"host.id":["0c4d2910-34d4-4e69-a70d-2a9ff52a073e"],"winlog.user.identifier":["S-1-5-18"],"winlog.task":["None"],"winlog.user.domain":["NT AUTHORITY"],"winlog.event_data.Domain":["NT AUTHORITY"],"winlog.event_data.Security_intelligence_Type_Index":["1"],"elastic_agent.id":["03c4f422-68d1-4af6-a27f-a78c18180452"],"data_stream.namespace":["default"],"message":["Microsoft Defender Antivirus has encountered an error trying to update security intelligence.\n \tNew security intelligence Version: \n \tPrevious security intelligence Version: 1.439.535.0\n \tUpdate Source: Microsoft Malware Protection Center\n \tSecurity intelligence Type: AntiVirus\n \tUpdate Type: Full\n \tUser: NT AUTHORITY\\SYSTEM\n \tCurrent Engine Version: \n \tPrevious Engine Version: 1.1.25090.3001\n \tError code: 0x80072ee7\n \tError description: The server name or address could not be resolved "],"winlog.event_id":["2001"],"winlog.user.name":["SYSTEM"],"event.action":["None"],"event.ingested":["2025-11-14T07:42:21.000Z"],"@timestamp":["2025-11-14T07:42:10.685Z"],"winlog.channel":["Microsoft-Windows-Windows Defender/Operational"],"host.os.platform":["windows"],"data_stream.dataset":["windows.windows_defender"],"event.type":["info"],"winlog.opcode":["Info"],"agent.ephemeral_id":["be6bd89e-a442-49e6-8b86-b73b15aff26f"],"winlog.event_data.Product_Version":["4.18.25090.3009"],"winlog.event_data.Update_Source":["Microsoft Malware Protection Center"],"event.dataset":["windows.windows_defender"]},"highlight":{"message":["Microsoft Defender @kibana-highlighted-field@Antivirus@/kibana-highlighted-field@ has encountered an error trying to update security intelligence.\n \tNew security intelligence Version: \n \tPrevious security intelligence Version: 1.439.535.0\n \tUpdate Source: Microsoft @kibana-highlighted-field@Malware@/kibana-highlighted-field@ Protection Center\n \tSecurity intelligence Type: @kibana-highlighted-field@AntiVirus@/kibana-highlighted-field@\n \tUpdate Type: Full\n \tUser: NT AUTHORITY\\SYSTEM\n \tCurrent Engine Version: \n \tPrevious Engine Version: 1.1.25090.3001\n \tError code: 0x80072ee7\n \tError description: The server name or address could not be resolved"],"log.level":["@kibana-highlighted-field@error@/kibana-highlighted-field@"]},"sort":["2025-11-14T07:42:10.685Z",2]},{"_index":".ds-logs-windows.windows_defender-default-2025.10.14-000003","_id":"o7lQgZoBzGGMWC9btflL","_version":1,"_score":null,"fields":{"winlog.event_data.Source_Path":["https://go.microsoft.com/fwlink/?LinkID=851034&clcid=0x409&arch=x64&eng=1.1.25090.3001&avdelta=1.439.535.0&asdelta=1.439.535.0&prod=77BDAF73-B396-481F-9042-AD358843EC24&ostype=0&signaturetype=0&beta=0&plat=4.18.25090.3009&OsVersion=10.0.20348.587&altlocation=0"],"elastic_agent.version":["8.17.3"],"event.category":["process"],"host.os.name.text":["Windows Server 2022 Standard Evaluation"],"winlog.provider_guid":["{11cd958a-c507-4ef3-b3f2-5fd9dfbd2c78}"],"winlog.provider_name":["Microsoft-Windows-Windows Defender"],"host.name.text":["cyberfortress-ws"],"host.hostname":["Cyberfortress-WS"],"winlog.computer_name":["Cyberfortress-WS.ad.cyberfortress.local"],"winlog.event_data.Update_State":["Search"],"host.mac":["00-0C-29-26-4D-48"],"winlog.event_data.Error_Code":["0x80072ee7"],"winlog.process.pid":[2280],"winlog.event_data.Error_Description":["The server name or address could not be resolved "],"agent.name.text":["Cyberfortress-WS"],"host.os.version":["10.0"],"winlog.record_id":["1049"],"host.os.name":["Windows Server 2022 Standard Evaluation"],"log.level":["error"],"agent.name":["Cyberfortress-WS"],"host.name":["cyberfortress-ws"],"event.agent_id_status":["verified"],"event.kind":["event"],"winlog.event_data.Previous_security_intelligence_Version":["1.439.535.0"],"winlog.event_data.Security_intelligence_Type":["AntiSpyware"],"host.os.type":["windows"],"winlog.event_data.User":["SYSTEM"],"input.type":["winlog"],"winlog.event_data.Update_Type_Index":["1"],"data_stream.type":["logs"],"host.architecture":["x86_64"],"event.provider":["Microsoft-Windows-Windows Defender"],"winlog.event_data.Update_State_Index":["1"],"event.code":["2001"],"agent.id":["03c4f422-68d1-4af6-a27f-a78c18180452"],"ecs.version":["8.17.0"],"winlog.event_data.Product_Name":["Microsoft Defender Antivirus"],"event.created":["2025-11-14T07:42:11.920Z"],"agent.version":["8.17.3"],"host.os.family":["windows"],"winlog.process.thread.id":[2604],"winlog.event_data.Update_Source_Index":["6"],"winlog.event_data.Update_Type":["Full"],"winlog.event_data.SID":["S-1-5-18"],"host.os.build":["20348.587"],"winlog.user.type":["User"],"host.ip":["fe80::7cea:4600:3e1d:57aa","192.168.85.115"],"agent.type":["filebeat"],"event.module":["windows"],"host.os.kernel":["10.0.20348.587 (WinBuild.160101.0800)"],"winlog.api":["wineventlog"],"winlog.event_data.Previous_Engine_Version":["1.1.25090.3001"],"elastic_agent.snapshot":[false],"host.id":["0c4d2910-34d4-4e69-a70d-2a9ff52a073e"],"winlog.user.identifier":["S-1-5-18"],"winlog.task":["None"],"winlog.user.domain":["NT AUTHORITY"],"winlog.event_data.Domain":["NT AUTHORITY"],"winlog.event_data.Security_intelligence_Type_Index":["2"],"elastic_agent.id":["03c4f422-68d1-4af6-a27f-a78c18180452"],"data_stream.namespace":["default"],"message":["Microsoft Defender Antivirus has encountered an error trying to update security intelligence.\n \tNew security intelligence Version: \n \tPrevious security intelligence Version: 1.439.535.0\n \tUpdate Source: Microsoft Malware Protection Center\n \tSecurity intelligence Type: AntiSpyware\n \tUpdate Type: Full\n \tUser: NT AUTHORITY\\SYSTEM\n \tCurrent Engine Version: \n \tPrevious Engine Version: 1.1.25090.3001\n \tError code: 0x80072ee7\n \tError description: The server name or address could not be resolved "],"winlog.event_id":["2001"],"winlog.user.name":["SYSTEM"],"event.action":["None"],"event.ingested":["2025-11-14T07:42:21.000Z"],"@timestamp":["2025-11-14T07:42:10.684Z"],"winlog.channel":["Microsoft-Windows-Windows Defender/Operational"],"host.os.platform":["windows"],"data_stream.dataset":["windows.windows_defender"],"event.type":["info"],"winlog.opcode":["Info"],"agent.ephemeral_id":["be6bd89e-a442-49e6-8b86-b73b15aff26f"],"winlog.event_data.Product_Version":["4.18.25090.3009"],"winlog.event_data.Update_Source":["Microsoft Malware Protection Center"],"event.dataset":["windows.windows_defender"]},"highlight":{"message":["Microsoft Defender @kibana-highlighted-field@Antivirus@/kibana-highlighted-field@ has encountered an error trying to update security intelligence.\n \tNew security intelligence Version: \n \tPrevious security intelligence Version: 1.439.535.0\n \tUpdate Source: Microsoft @kibana-highlighted-field@Malware@/kibana-highlighted-field@ Protection Center\n \tSecurity intelligence Type: AntiSpyware\n \tUpdate Type: Full\n \tUser: NT AUTHORITY\\SYSTEM\n \tCurrent Engine Version: \n \tPrevious Engine Version: 1.1.25090.3001\n \tError code: 0x80072ee7\n \tError description: The server name or address could not be resolved"],"log.level":["@kibana-highlighted-field@error@/kibana-highlighted-field@"]},"sort":["2025-11-14T07:42:10.684Z",1]},{"_index":".ds-logs-windows.windows_defender-default-2025.10.14-000003","_id":"orlQgZoBzGGMWC9btflL","_version":1,"_score":null,"fields":{"winlog.event_data.Source_Path":["https://go.microsoft.com/fwlink/?LinkID=851034&clcid=0x409&arch=x64&eng=1.1.25090.3001&avdelta=1.439.535.0&asdelta=1.439.535.0&prod=77BDAF73-B396-481F-9042-AD358843EC24&ostype=0&signaturetype=0&beta=0&plat=4.18.25090.3009&OsVersion=10.0.20348.587&altlocation=0"],"elastic_agent.version":["8.17.3"],"event.category":["process"],"host.os.name.text":["Windows Server 2022 Standard Evaluation"],"winlog.provider_guid":["{11cd958a-c507-4ef3-b3f2-5fd9dfbd2c78}"],"winlog.provider_name":["Microsoft-Windows-Windows Defender"],"host.name.text":["cyberfortress-ws"],"host.hostname":["Cyberfortress-WS"],"winlog.computer_name":["Cyberfortress-WS.ad.cyberfortress.local"],"winlog.event_data.Update_State":["Search"],"host.mac":["00-0C-29-26-4D-48"],"winlog.event_data.Error_Code":["0x80072ee7"],"winlog.process.pid":[2280],"winlog.event_data.Error_Description":["The server name or address could not be resolved "],"agent.name.text":["Cyberfortress-WS"],"host.os.version":["10.0"],"winlog.record_id":["1048"],"host.os.name":["Windows Server 2022 Standard Evaluation"],"log.level":["error"],"agent.name":["Cyberfortress-WS"],"host.name":["cyberfortress-ws"],"event.agent_id_status":["verified"],"event.kind":["event"],"winlog.event_data.Previous_security_intelligence_Version":["1.439.535.0"],"winlog.event_data.Security_intelligence_Type":["AntiVirus"],"host.os.type":["windows"],"winlog.event_data.User":["SYSTEM"],"input.type":["winlog"],"winlog.event_data.Update_Type_Index":["1"],"data_stream.type":["logs"],"host.architecture":["x86_64"],"event.provider":["Microsoft-Windows-Windows Defender"],"winlog.event_data.Update_State_Index":["1"],"event.code":["2001"],"agent.id":["03c4f422-68d1-4af6-a27f-a78c18180452"],"ecs.version":["8.17.0"],"winlog.event_data.Product_Name":["Microsoft Defender Antivirus"],"event.created":["2025-11-14T07:42:11.918Z"],"agent.version":["8.17.3"],"host.os.family":["windows"],"winlog.process.thread.id":[2604],"winlog.event_data.Update_Source_Index":["6"],"winlog.event_data.Update_Type":["Full"],"winlog.event_data.SID":["S-1-5-18"],"host.os.build":["20348.587"],"winlog.user.type":["User"],"host.ip":["fe80::7cea:4600:3e1d:57aa","192.168.85.115"],"agent.type":["filebeat"],"event.module":["windows"],"host.os.kernel":["10.0.20348.587 (WinBuild.160101.0800)"],"winlog.api":["wineventlog"],"winlog.event_data.Previous_Engine_Version":["1.1.25090.3001"],"elastic_agent.snapshot":[false],"host.id":["0c4d2910-34d4-4e69-a70d-2a9ff52a073e"],"winlog.user.identifier":["S-1-5-18"],"winlog.task":["None"],"winlog.user.domain":["NT AUTHORITY"],"winlog.event_data.Domain":["NT AUTHORITY"],"winlog.event_data.Security_intelligence_Type_Index":["1"],"elastic_agent.id":["03c4f422-68d1-4af6-a27f-a78c18180452"],"data_stream.namespace":["default"],"message":["Microsoft Defender Antivirus has encountered an error trying to update security intelligence.\n \tNew security intelligence Version: \n \tPrevious security intelligence Version: 1.439.535.0\n \tUpdate Source: Microsoft Malware Protection Center\n \tSecurity intelligence Type: AntiVirus\n \tUpdate Type: Full\n \tUser: NT AUTHORITY\\SYSTEM\n \tCurrent Engine Version: \n \tPrevious Engine Version: 1.1.25090.3001\n \tError code: 0x80072ee7\n \tError description: The server name or address could not be resolved "],"winlog.event_id":["2001"],"winlog.user.name":["SYSTEM"],"event.action":["None"],"event.ingested":["2025-11-14T07:42:21.000Z"],"@timestamp":["2025-11-14T07:42:10.682Z"],"winlog.channel":["Microsoft-Windows-Windows Defender/Operational"],"host.os.platform":["windows"],"data_stream.dataset":["windows.windows_defender"],"event.type":["info"],"winlog.opcode":["Info"],"agent.ephemeral_id":["be6bd89e-a442-49e6-8b86-b73b15aff26f"],"winlog.event_data.Product_Version":["4.18.25090.3009"],"winlog.event_data.Update_Source":["Microsoft Malware Protection Center"],"event.dataset":["windows.windows_defender"]},"highlight":{"message":["Microsoft Defender @kibana-highlighted-field@Antivirus@/kibana-highlighted-field@ has encountered an error trying to update security intelligence.\n \tNew security intelligence Version: \n \tPrevious security intelligence Version: 1.439.535.0\n \tUpdate Source: Microsoft @kibana-highlighted-field@Malware@/kibana-highlighted-field@ Protection Center\n \tSecurity intelligence Type: @kibana-highlighted-field@AntiVirus@/kibana-highlighted-field@\n \tUpdate Type: Full\n \tUser: NT AUTHORITY\\SYSTEM\n \tCurrent Engine Version: \n \tPrevious Engine Version: 1.1.25090.3001\n \tError code: 0x80072ee7\n \tError description: The server name or address could not be resolved"],"log.level":["@kibana-highlighted-field@error@/kibana-highlighted-field@"]},"sort":["2025-11-14T07:42:10.682Z",0]},{"_index":".ds-logs-windows.windows_defender-default-2025.10.14-000003","_id":"7blQgZoBzGGMWC9bgfcW","_version":1,"_score":null,"fields":{"elastic_agent.version":["8.17.3"],"event.category":["configuration"],"host.os.name.text":["Windows Server 2022 Standard Evaluation"],"winlog.provider_guid":["{11cd958a-c507-4ef3-b3f2-5fd9dfbd2c78}"],"winlog.provider_name":["Microsoft-Windows-Windows Defender"],"host.name.text":["cyberfortress-ws"],"host.hostname":["Cyberfortress-WS"],"winlog.computer_name":["Cyberfortress-WS.ad.cyberfortress.local"],"host.mac":["00-0C-29-26-4D-48"],"winlog.process.pid":[2280],"agent.name.text":["Cyberfortress-WS"],"host.os.version":["10.0"],"winlog.record_id":["1047"],"host.os.name":["Windows Server 2022 Standard Evaluation"],"log.level":["information"],"agent.name":["Cyberfortress-WS"],"host.name":["cyberfortress-ws"],"event.agent_id_status":["verified"],"event.kind":["event"],"host.os.type":["windows"],"input.type":["winlog"],"data_stream.type":["logs"],"host.architecture":["x86_64"],"event.provider":["Microsoft-Windows-Windows Defender"],"event.code":["5007"],"agent.id":["03c4f422-68d1-4af6-a27f-a78c18180452"],"ecs.version":["8.17.0"],"winlog.event_data.Product_Name":["Microsoft Defender Antivirus"],"event.created":["2025-11-14T07:42:02.836Z"],"agent.version":["8.17.3"],"host.os.family":["windows"],"winlog.process.thread.id":[4952],"winlog.event_data.Old_Value":["HKLM\\SOFTWARE\\Microsoft\\Windows Defender\\Diagnostics\\LastSignatureUpdateResult = 0x80072EE7"],"winlog.event_data.New_Value":["HKLM\\SOFTWARE\\Microsoft\\Windows Defender\\Diagnostics\\LastSignatureUpdateResult = 0x8024402C"],"host.os.build":["20348.587"],"winlog.user.type":["User"],"host.ip":["fe80::7cea:4600:3e1d:57aa","192.168.85.115"],"agent.type":["filebeat"],"event.module":["windows"],"host.os.kernel":["10.0.20348.587 (WinBuild.160101.0800)"],"winlog.api":["wineventlog"],"elastic_agent.snapshot":[false],"host.id":["0c4d2910-34d4-4e69-a70d-2a9ff52a073e"],"winlog.user.identifier":["S-1-5-18"],"winlog.task":["None"],"winlog.user.domain":["NT AUTHORITY"],"elastic_agent.id":["03c4f422-68d1-4af6-a27f-a78c18180452"],"data_stream.namespace":["default"],"message":["Microsoft Defender Antivirus Configuration has changed. If this is an unexpected event you should review the settings as this may be the result of malware.\n \tOld value: HKLM\\SOFTWARE\\Microsoft\\Windows Defender\\Diagnostics\\LastSignatureUpdateResult = 0x80072EE7\n \tNew value: HKLM\\SOFTWARE\\Microsoft\\Windows Defender\\Diagnostics\\LastSignatureUpdateResult = 0x8024402C"],"winlog.event_id":["5007"],"winlog.user.name":["SYSTEM"],"event.action":["antivirus-configuration-changed"],"event.ingested":["2025-11-14T07:42:08.000Z"],"@timestamp":["2025-11-14T07:42:01.182Z"],"winlog.channel":["Microsoft-Windows-Windows Defender/Operational"],"host.os.platform":["windows"],"data_stream.dataset":["windows.windows_defender"],"event.type":["change"],"winlog.opcode":["Info"],"agent.ephemeral_id":["be6bd89e-a442-49e6-8b86-b73b15aff26f"],"winlog.event_data.Product_Version":["4.18.25090.3009"],"event.dataset":["windows.windows_defender"]},"highlight":{"message":["Microsoft Defender @kibana-highlighted-field@Antivirus@/kibana-highlighted-field@ Configuration has changed. If this is an unexpected event you should review the settings as this may be the result of @kibana-highlighted-field@malware@/kibana-highlighted-field@.\n \tOld value: HKLM\\SOFTWARE\\Microsoft\\Windows Defender\\Diagnostics\\LastSignatureUpdateResult = 0x80072EE7\n \tNew value: HKLM\\SOFTWARE\\Microsoft\\Windows Defender\\Diagnostics\\LastSignatureUpdateResult = 0x8024402C"]},"sort":["2025-11-14T07:42:01.182Z",8]},{"_index":".ds-logs-windows.windows_defender-default-2025.10.14-000003","_id":"7LlQgZoBzGGMWC9bgfcW","_version":1,"_score":null,"fields":{"winlog.event_data.Source_Path":["https://fe2cr.update.microsoft.com/v6/"],"elastic_agent.version":["8.17.3"],"event.category":["process"],"host.os.name.text":["Windows Server 2022 Standard Evaluation"],"winlog.provider_guid":["{11cd958a-c507-4ef3-b3f2-5fd9dfbd2c78}"],"winlog.provider_name":["Microsoft-Windows-Windows Defender"],"host.name.text":["cyberfortress-ws"],"host.hostname":["Cyberfortress-WS"],"winlog.computer_name":["Cyberfortress-WS.ad.cyberfortress.local"],"winlog.event_data.Update_State":["Search"],"host.mac":["00-0C-29-26-4D-48"],"winlog.event_data.Error_Code":["0x8024402c"],"winlog.process.pid":[2280],"winlog.event_data.Error_Description":["An unexpected problem occurred while checking for updates. For information on installing or troubleshooting updates, see Help and Support. "],"agent.name.text":["Cyberfortress-WS"],"host.os.version":["10.0"],"winlog.record_id":["1046"],"host.os.name":["Windows Server 2022 Standard Evaluation"],"log.level":["error"],"agent.name":["Cyberfortress-WS"],"host.name":["cyberfortress-ws"],"event.agent_id_status":["verified"],"event.kind":["event"],"winlog.event_data.Previous_security_intelligence_Version":["1.439.535.0"],"winlog.event_data.Security_intelligence_Type":["AntiVirus"],"host.os.type":["windows"],"winlog.event_data.User":["SYSTEM"],"input.type":["winlog"],"winlog.event_data.Update_Type_Index":["1"],"data_stream.type":["logs"],"host.architecture":["x86_64"],"event.provider":["Microsoft-Windows-Windows Defender"],"winlog.event_data.Update_State_Index":["1"],"event.code":["2001"],"agent.id":["03c4f422-68d1-4af6-a27f-a78c18180452"],"ecs.version":["8.17.0"],"winlog.event_data.Product_Name":["Microsoft Defender Antivirus"],"event.created":["2025-11-14T07:42:01.828Z"],"agent.version":["8.17.3"],"host.os.family":["windows"],"winlog.process.thread.id":[4952],"winlog.event_data.Update_Source_Index":["7"],"winlog.event_data.Update_Type":["Full"],"winlog.event_data.SID":["S-1-5-18"],"host.os.build":["20348.587"],"winlog.user.type":["User"],"host.ip":["fe80::7cea:4600:3e1d:57aa","192.168.85.115"],"agent.type":["filebeat"],"event.module":["windows"],"host.os.kernel":["10.0.20348.587 (WinBuild.160101.0800)"],"winlog.api":["wineventlog"],"winlog.event_data.Previous_Engine_Version":["1.1.25090.3001"],"elastic_agent.snapshot":[false],"host.id":["0c4d2910-34d4-4e69-a70d-2a9ff52a073e"],"winlog.user.identifier":["S-1-5-18"],"winlog.task":["None"],"winlog.user.domain":["NT AUTHORITY"],"winlog.event_data.Domain":["NT AUTHORITY"],"winlog.event_data.Security_intelligence_Type_Index":["1"],"elastic_agent.id":["03c4f422-68d1-4af6-a27f-a78c18180452"],"data_stream.namespace":["default"],"message":["Microsoft Defender Antivirus has encountered an error trying to update security intelligence.\n \tNew security intelligence Version: \n \tPrevious security intelligence Version: 1.439.535.0\n \tUpdate Source: Microsoft Update Server\n \tSecurity intelligence Type: AntiVirus\n \tUpdate Type: Full\n \tUser: NT AUTHORITY\\SYSTEM\n \tCurrent Engine Version: \n \tPrevious Engine Version: 1.1.25090.3001\n \tError code: 0x8024402c\n \tError description: An unexpected problem occurred while checking for updates. For information on installing or troubleshooting updates, see Help and Support. "],"winlog.event_id":["2001"],"winlog.user.name":["SYSTEM"],"event.action":["None"],"event.ingested":["2025-11-14T07:42:08.000Z"],"@timestamp":["2025-11-14T07:42:00.684Z"],"winlog.channel":["Microsoft-Windows-Windows Defender/Operational"],"host.os.platform":["windows"],"data_stream.dataset":["windows.windows_defender"],"event.type":["info"],"winlog.opcode":["Info"],"agent.ephemeral_id":["be6bd89e-a442-49e6-8b86-b73b15aff26f"],"winlog.event_data.Product_Version":["4.18.25090.3009"],"winlog.event_data.Update_Source":["Microsoft Update Server"],"event.dataset":["windows.windows_defender"]},"highlight":{"message":["Microsoft Defender @kibana-highlighted-field@Antivirus@/kibana-highlighted-field@ has encountered an error trying to update security intelligence.\n \tNew security intelligence Version: \n \tPrevious security intelligence Version: 1.439.535.0\n \tUpdate Source: Microsoft Update Server\n \tSecurity intelligence Type: @kibana-highlighted-field@AntiVirus@/kibana-highlighted-field@\n \tUpdate Type: Full\n \tUser: NT AUTHORITY\\SYSTEM\n \tCurrent Engine Version: \n \tPrevious Engine Version: 1.1.25090.3001\n \tError code: 0x8024402c\n \tError description: An unexpected problem occurred while checking for updates. For information on installing or troubleshooting updates, see Help and Support."],"log.level":["@kibana-highlighted-field@error@/kibana-highlighted-field@"]},"sort":["2025-11-14T07:42:00.684Z",7]},{"_index":".ds-logs-windows.windows_defender-default-2025.10.14-000003","_id":"I7lQgZoBzGGMWC9bVPSP","_version":1,"_score":null,"fields":{"elastic_agent.version":["8.17.3"],"event.category":["process"],"host.os.name.text":["Windows Server 2022 Standard Evaluation"],"winlog.event_data.Scan_ID":["{54DB024B-0965-4A8A-BA9D-FF391326EE53}"],"winlog.provider_guid":["{11cd958a-c507-4ef3-b3f2-5fd9dfbd2c78}"],"winlog.provider_name":["Microsoft-Windows-Windows Defender"],"host.name.text":["cyberfortress-ws"],"host.hostname":["Cyberfortress-WS"],"winlog.computer_name":["Cyberfortress-WS.ad.cyberfortress.local"],"host.mac":["00-0C-29-26-4D-48"],"winlog.process.pid":[2280],"winlog.event_data.Stop_Reason":["RPC connection rundown"],"agent.name.text":["Cyberfortress-WS"],"host.os.version":["10.0"],"winlog.record_id":["1045"],"host.os.name":["Windows Server 2022 Standard Evaluation"],"log.level":["warning"],"agent.name":["Cyberfortress-WS"],"winlog.event_data.Scan_Parameters":["Quick Scan"],"host.name":["cyberfortress-ws"],"event.agent_id_status":["verified"],"event.kind":["event"],"winlog.activity_id":["{af82fafa-85d0-47a2-a10f-07606dd54beb}"],"host.os.type":["windows"],"winlog.event_data.Scan_Type_Index":["1"],"winlog.event_data.User":["SYSTEM"],"input.type":["winlog"],"data_stream.type":["logs"],"host.architecture":["x86_64"],"winlog.event_data.Scan_Type":["Antimalware"],"event.provider":["Microsoft-Windows-Windows Defender"],"event.code":["1002"],"agent.id":["03c4f422-68d1-4af6-a27f-a78c18180452"],"ecs.version":["8.17.0"],"winlog.event_data.Product_Name":["Microsoft Defender Antivirus"],"event.created":["2025-11-14T07:41:53.760Z"],"agent.version":["8.17.3"],"host.os.family":["windows"],"winlog.event_data.Stop_Reason_Index":["3"],"winlog.process.thread.id":[5720],"winlog.event_data.SID":["S-1-5-18"],"host.os.build":["20348.587"],"winlog.event_data.Scan_Parameters_Index":["1"],"winlog.user.type":["User"],"host.ip":["fe80::7cea:4600:3e1d:57aa","192.168.85.115"],"agent.type":["filebeat"],"event.module":["windows"],"host.os.kernel":["10.0.20348.587 (WinBuild.160101.0800)"],"winlog.api":["wineventlog"],"elastic_agent.snapshot":[false],"host.id":["0c4d2910-34d4-4e69-a70d-2a9ff52a073e"],"winlog.user.identifier":["S-1-5-18"],"winlog.task":["None"],"winlog.user.domain":["NT AUTHORITY"],"winlog.event_data.Domain":["NT AUTHORITY"],"elastic_agent.id":["03c4f422-68d1-4af6-a27f-a78c18180452"],"data_stream.namespace":["default"],"message":["Microsoft Defender Antivirus scan has been stopped before completion.\n \tScan ID: {54DB024B-0965-4A8A-BA9D-FF391326EE53}\n \tScan Type: Antimalware\n \tScan Parameters: Quick Scan\n  \tUser: NT AUTHORITY\\SYSTEM\n \tStop Reason: RPC connection rundown"],"winlog.event_id":["1002"],"winlog.user.name":["SYSTEM"],"event.action":["None"],"event.ingested":["2025-11-14T07:41:56.000Z"],"@timestamp":["2025-11-14T07:41:52.149Z"],"winlog.channel":["Microsoft-Windows-Windows Defender/Operational"],"host.os.platform":["windows"],"data_stream.dataset":["windows.windows_defender"],"event.type":["info"],"winlog.opcode":["Info"],"agent.ephemeral_id":["be6bd89e-a442-49e6-8b86-b73b15aff26f"],"winlog.event_data.Product_Version":["4.18.25090.3009"],"event.dataset":["windows.windows_defender"]},"highlight":{"message":["Microsoft Defender @kibana-highlighted-field@Antivirus@/kibana-highlighted-field@ scan has been stopped before completion.\n \tScan ID: {54DB024B-0965-4A8A-BA9D-FF391326EE53}\n \tScan Type: @kibana-highlighted-field@Antimalware@/kibana-highlighted-field@\n \tScan Parameters: Quick Scan\n  \tUser: NT AUTHORITY\\SYSTEM\n \tStop Reason: RPC connection rundown"],"log.level":["@kibana-highlighted-field@warning@/kibana-highlighted-field@"]},"sort":["2025-11-14T07:41:52.149Z",10]},{"_index":".ds-logs-windows.windows_defender-default-2025.10.14-000003","_id":"ErlQgZoBzGGMWC9bVPSP","_version":1,"_score":null,"fields":{"winlog.event_data.Scan_Only_If_Idle":["Enabled"],"elastic_agent.version":["8.17.3"],"event.category":["process"],"host.os.name.text":["Windows Server 2022 Standard Evaluation"],"winlog.event_data.Scan_ID":["{54DB024B-0965-4A8A-BA9D-FF391326EE53}"],"winlog.provider_guid":["{11cd958a-c507-4ef3-b3f2-5fd9dfbd2c78}"],"winlog.provider_name":["Microsoft-Windows-Windows Defender"],"host.name.text":["cyberfortress-ws"],"host.hostname":["Cyberfortress-WS"],"winlog.computer_name":["Cyberfortress-WS.ad.cyberfortress.local"],"host.mac":["00-0C-29-26-4D-48"],"winlog.process.pid":[2280],"agent.name.text":["Cyberfortress-WS"],"host.os.version":["10.0"],"winlog.record_id":["1044"],"host.os.name":["Windows Server 2022 Standard Evaluation"],"log.level":["information"],"agent.name":["Cyberfortress-WS"],"winlog.event_data.Scan_Parameters":["Quick Scan"],"host.name":["cyberfortress-ws"],"event.agent_id_status":["verified"],"event.kind":["event"],"winlog.event_data.Scan_Trigger":["Scheduled maintenance"],"host.os.type":["windows"],"winlog.event_data.Scan_Type_Index":["1"],"winlog.event_data.User":["SYSTEM"],"input.type":["winlog"],"data_stream.type":["logs"],"host.architecture":["x86_64"],"winlog.event_data.Scan_Type":["Antimalware"],"event.provider":["Microsoft-Windows-Windows Defender"],"event.code":["1000"],"agent.id":["03c4f422-68d1-4af6-a27f-a78c18180452"],"ecs.version":["8.17.0"],"winlog.event_data.Product_Name":["Microsoft Defender Antivirus"],"event.created":["2025-11-14T07:41:47.703Z"],"agent.version":["8.17.3"],"host.os.family":["windows"],"winlog.process.thread.id":[5720],"winlog.event_data.SID":["S-1-5-18"],"host.os.build":["20348.587"],"winlog.event_data.Scan_Parameters_Index":["1"],"winlog.user.type":["User"],"host.ip":["fe80::7cea:4600:3e1d:57aa","192.168.85.115"],"agent.type":["filebeat"],"winlog.event_data.Low_CPU_Priority_for_Scans":["Disabled"],"winlog.event_data.Scan_Trigger_Index":["55"],"event.module":["windows"],"host.os.kernel":["10.0.20348.587 (WinBuild.160101.0800)"],"winlog.api":["wineventlog"],"elastic_agent.snapshot":[false],"host.id":["0c4d2910-34d4-4e69-a70d-2a9ff52a073e"],"winlog.user.identifier":["S-1-5-18"],"winlog.task":["None"],"winlog.user.domain":["NT AUTHORITY"],"winlog.event_data.Domain":["NT AUTHORITY"],"elastic_agent.id":["03c4f422-68d1-4af6-a27f-a78c18180452"],"data_stream.namespace":["default"],"winlog.event_data.Thread_Priority":["7"],"message":["Microsoft Defender Antivirus scan has started.\n \tScan ID: {54DB024B-0965-4A8A-BA9D-FF391326EE53}\n \tScan Type: Antimalware\n \tScan Parameters: Quick Scan\n \tScan Resources: \n  \tUser: NT AUTHORITY\\SYSTEM\n \tScan Trigger: Scheduled maintenance\n \tScan Only If Idle: Enabled\n \tLow CPU Priority for Scans: Disabled\n \tThread Priority: 7"],"winlog.event_id":["1000"],"winlog.user.name":["SYSTEM"],"event.action":["None"],"event.ingested":["2025-11-14T07:41:56.000Z"],"@timestamp":["2025-11-14T07:41:46.645Z"],"winlog.channel":["Microsoft-Windows-Windows Defender/Operational"],"host.os.platform":["windows"],"data_stream.dataset":["windows.windows_defender"],"event.type":["info"],"winlog.opcode":["Info"],"agent.ephemeral_id":["be6bd89e-a442-49e6-8b86-b73b15aff26f"],"winlog.event_data.Product_Version":["4.18.25090.3009"],"event.dataset":["windows.windows_defender"]},"highlight":{"message":["Microsoft Defender @kibana-highlighted-field@Antivirus@/kibana-highlighted-field@ scan has started.\n \tScan ID: {54DB024B-0965-4A8A-BA9D-FF391326EE53}\n \tScan Type: @kibana-highlighted-field@Antimalware@/kibana-highlighted-field@\n \tScan Parameters: Quick Scan\n \tScan Resources: \n  \tUser: NT AUTHORITY\\SYSTEM\n \tScan Trigger: Scheduled maintenance\n \tScan Only If Idle: Enabled\n \tLow CPU Priority for Scans: Disabled\n \tThread Priority: 7"]},"sort":["2025-11-14T07:41:46.645Z",9]},{"_index":".ds-logs-windows.windows_defender-default-2025.10.14-000003","_id":"BLlJgZoBzGGMWC9bWitW","_version":1,"_score":null,"fields":{"elastic_agent.version":["8.17.3"],"event.category":["configuration"],"host.os.name.text":["Windows Server 2022 Standard Evaluation"],"winlog.provider_guid":["{11cd958a-c507-4ef3-b3f2-5fd9dfbd2c78}"],"winlog.provider_name":["Microsoft-Windows-Windows Defender"],"host.name.text":["cyberfortress-ws"],"host.hostname":["Cyberfortress-WS"],"winlog.computer_name":["Cyberfortress-WS.ad.cyberfortress.local"],"host.mac":["00-0C-29-26-4D-48"],"winlog.process.pid":[2280],"agent.name.text":["Cyberfortress-WS"],"host.os.version":["10.0"],"winlog.record_id":["1043"],"host.os.name":["Windows Server 2022 Standard Evaluation"],"log.level":["information"],"agent.name":["Cyberfortress-WS"],"host.name":["cyberfortress-ws"],"event.agent_id_status":["verified"],"event.kind":["event"],"host.os.type":["windows"],"input.type":["winlog"],"data_stream.type":["logs"],"host.architecture":["x86_64"],"event.provider":["Microsoft-Windows-Windows Defender"],"event.code":["5007"],"agent.id":["03c4f422-68d1-4af6-a27f-a78c18180452"],"ecs.version":["8.17.0"],"winlog.event_data.Product_Name":["Microsoft Defender Antivirus"],"event.created":["2025-11-14T07:32:30.326Z"],"agent.version":["8.17.3"],"host.os.family":["windows"],"winlog.process.thread.id":[4680],"winlog.event_data.Old_Value":["HKLM\\SOFTWARE\\Microsoft\\Windows Defender\\Diagnostics\\LastSignatureUpdateResult = 0x8024402C"],"winlog.event_data.New_Value":["HKLM\\SOFTWARE\\Microsoft\\Windows Defender\\Diagnostics\\LastSignatureUpdateResult = 0x80072EE7"],"host.os.build":["20348.587"],"winlog.user.type":["User"],"host.ip":["fe80::7cea:4600:3e1d:57aa","192.168.85.115"],"agent.type":["filebeat"],"event.module":["windows"],"host.os.kernel":["10.0.20348.587 (WinBuild.160101.0800)"],"winlog.api":["wineventlog"],"elastic_agent.snapshot":[false],"host.id":["0c4d2910-34d4-4e69-a70d-2a9ff52a073e"],"winlog.user.identifier":["S-1-5-18"],"winlog.task":["None"],"winlog.user.domain":["NT AUTHORITY"],"elastic_agent.id":["03c4f422-68d1-4af6-a27f-a78c18180452"],"data_stream.namespace":["default"],"message":["Microsoft Defender Antivirus Configuration has changed. If this is an unexpected event you should review the settings as this may be the result of malware.\n \tOld value: HKLM\\SOFTWARE\\Microsoft\\Windows Defender\\Diagnostics\\LastSignatureUpdateResult = 0x8024402C\n \tNew value: HKLM\\SOFTWARE\\Microsoft\\Windows Defender\\Diagnostics\\LastSignatureUpdateResult = 0x80072EE7"],"winlog.event_id":["5007"],"winlog.user.name":["SYSTEM"],"event.action":["antivirus-configuration-changed"],"event.ingested":["2025-11-14T07:34:19.000Z"],"@timestamp":["2025-11-14T07:32:29.015Z"],"winlog.channel":["Microsoft-Windows-Windows Defender/Operational"],"host.os.platform":["windows"],"data_stream.dataset":["windows.windows_defender"],"event.type":["change"],"winlog.opcode":["Info"],"agent.ephemeral_id":["be6bd89e-a442-49e6-8b86-b73b15aff26f"],"winlog.event_data.Product_Version":["4.18.25090.3009"],"event.dataset":["windows.windows_defender"]},"highlight":{"message":["Microsoft Defender @kibana-highlighted-field@Antivirus@/kibana-highlighted-field@ Configuration has changed. If this is an unexpected event you should review the settings as this may be the result of @kibana-highlighted-field@malware@/kibana-highlighted-field@.\n \tOld value: HKLM\\SOFTWARE\\Microsoft\\Windows Defender\\Diagnostics\\LastSignatureUpdateResult = 0x8024402C\n \tNew value: HKLM\\SOFTWARE\\Microsoft\\Windows Defender\\Diagnostics\\LastSignatureUpdateResult = 0x80072EE7"]},"sort":["2025-11-14T07:32:29.015Z",18]},{"_index":".ds-logs-windows.windows_defender-default-2025.10.14-000003","_id":"A7lJgZoBzGGMWC9bWitW","_version":1,"_score":null,"fields":{"winlog.event_data.Source_Path":["https://go.microsoft.com/fwlink/?LinkID=870379&clcid=0x409&arch=x64&eng=1.1.25090.3001&avdelta=1.439.535.0&asdelta=1.439.535.0&prod=77BDAF73-B396-481F-9042-AD358843EC24&ostype=0&signaturetype=0&beta=0&plat=4.18.25090.3009&OsVersion=10.0.20348.587&altlocation=0"],"elastic_agent.version":["8.17.3"],"event.category":["process"],"host.os.name.text":["Windows Server 2022 Standard Evaluation"],"winlog.provider_guid":["{11cd958a-c507-4ef3-b3f2-5fd9dfbd2c78}"],"winlog.provider_name":["Microsoft-Windows-Windows Defender"],"host.name.text":["cyberfortress-ws"],"host.hostname":["Cyberfortress-WS"],"winlog.computer_name":["Cyberfortress-WS.ad.cyberfortress.local"],"winlog.event_data.Update_State":["Search"],"host.mac":["00-0C-29-26-4D-48"],"winlog.event_data.Error_Code":["0x80072ee7"],"winlog.process.pid":[2280],"winlog.event_data.Error_Description":["The server name or address could not be resolved "],"agent.name.text":["Cyberfortress-WS"],"host.os.version":["10.0"],"winlog.record_id":["1042"],"host.os.name":["Windows Server 2022 Standard Evaluation"],"log.level":["error"],"agent.name":["Cyberfortress-WS"],"host.name":["cyberfortress-ws"],"event.agent_id_status":["verified"],"event.kind":["event"],"winlog.event_data.Previous_security_intelligence_Version":["1.439.535.0"],"winlog.event_data.Security_intelligence_Type":["AntiVirus"],"host.os.type":["windows"],"winlog.event_data.User":["SYSTEM"],"input.type":["winlog"],"winlog.event_data.Update_Type_Index":["1"],"data_stream.type":["logs"],"host.architecture":["x86_64"],"event.provider":["Microsoft-Windows-Windows Defender"],"winlog.event_data.Update_State_Index":["1"],"event.code":["2001"],"agent.id":["03c4f422-68d1-4af6-a27f-a78c18180452"],"ecs.version":["8.17.0"],"winlog.event_data.Product_Name":["Microsoft Defender Antivirus"],"event.created":["2025-11-14T07:32:30.326Z"],"agent.version":["8.17.3"],"host.os.family":["windows"],"winlog.process.thread.id":[4664],"winlog.event_data.Update_Source_Index":["6"],"winlog.event_data.Update_Type":["Full"],"winlog.event_data.SID":["S-1-5-18"],"host.os.build":["20348.587"],"winlog.user.type":["User"],"host.ip":["fe80::7cea:4600:3e1d:57aa","192.168.85.115"],"agent.type":["filebeat"],"event.module":["windows"],"host.os.kernel":["10.0.20348.587 (WinBuild.160101.0800)"],"winlog.api":["wineventlog"],"winlog.event_data.Previous_Engine_Version":["1.1.25090.3001"],"elastic_agent.snapshot":[false],"host.id":["0c4d2910-34d4-4e69-a70d-2a9ff52a073e"],"winlog.user.identifier":["S-1-5-18"],"winlog.task":["None"],"winlog.user.domain":["NT AUTHORITY"],"winlog.event_data.Domain":["NT AUTHORITY"],"winlog.event_data.Security_intelligence_Type_Index":["1"],"elastic_agent.id":["03c4f422-68d1-4af6-a27f-a78c18180452"],"data_stream.namespace":["default"],"message":["Microsoft Defender Antivirus has encountered an error trying to update security intelligence.\n \tNew security intelligence Version: \n \tPrevious security intelligence Version: 1.439.535.0\n \tUpdate Source: Microsoft Malware Protection Center\n \tSecurity intelligence Type: AntiVirus\n \tUpdate Type: Full\n \tUser: NT AUTHORITY\\SYSTEM\n \tCurrent Engine Version: \n \tPrevious Engine Version: 1.1.25090.3001\n \tError code: 0x80072ee7\n \tError description: The server name or address could not be resolved "],"winlog.event_id":["2001"],"winlog.user.name":["SYSTEM"],"event.action":["None"],"event.ingested":["2025-11-14T07:34:19.000Z"],"@timestamp":["2025-11-14T07:32:28.548Z"],"winlog.channel":["Microsoft-Windows-Windows Defender/Operational"],"host.os.platform":["windows"],"data_stream.dataset":["windows.windows_defender"],"event.type":["info"],"winlog.opcode":["Info"],"agent.ephemeral_id":["be6bd89e-a442-49e6-8b86-b73b15aff26f"],"winlog.event_data.Product_Version":["4.18.25090.3009"],"winlog.event_data.Update_Source":["Microsoft Malware Protection Center"],"event.dataset":["windows.windows_defender"]},"highlight":{"message":["Microsoft Defender @kibana-highlighted-field@Antivirus@/kibana-highlighted-field@ has encountered an error trying to update security intelligence.\n \tNew security intelligence Version: \n \tPrevious security intelligence Version: 1.439.535.0\n \tUpdate Source: Microsoft @kibana-highlighted-field@Malware@/kibana-highlighted-field@ Protection Center\n \tSecurity intelligence Type: @kibana-highlighted-field@AntiVirus@/kibana-highlighted-field@\n \tUpdate Type: Full\n \tUser: NT AUTHORITY\\SYSTEM\n \tCurrent Engine Version: \n \tPrevious Engine Version: 1.1.25090.3001\n \tError code: 0x80072ee7\n \tError description: The server name or address could not be resolved"],"log.level":["@kibana-highlighted-field@error@/kibana-highlighted-field@"]},"sort":["2025-11-14T07:32:28.548Z",17]},{"_index":".ds-logs-windows.windows_defender-default-2025.10.14-000003","_id":"ArlJgZoBzGGMWC9bWitW","_version":1,"_score":null,"fields":{"winlog.event_data.Source_Path":["https://go.microsoft.com/fwlink/?LinkID=870379&clcid=0x409&arch=x64&eng=1.1.25090.3001&avdelta=1.439.535.0&asdelta=1.439.535.0&prod=77BDAF73-B396-481F-9042-AD358843EC24&ostype=0&signaturetype=0&beta=0&plat=4.18.25090.3009&OsVersion=10.0.20348.587&altlocation=0"],"elastic_agent.version":["8.17.3"],"event.category":["process"],"host.os.name.text":["Windows Server 2022 Standard Evaluation"],"winlog.provider_guid":["{11cd958a-c507-4ef3-b3f2-5fd9dfbd2c78}"],"winlog.provider_name":["Microsoft-Windows-Windows Defender"],"host.name.text":["cyberfortress-ws"],"host.hostname":["Cyberfortress-WS"],"winlog.computer_name":["Cyberfortress-WS.ad.cyberfortress.local"],"winlog.event_data.Update_State":["Search"],"host.mac":["00-0C-29-26-4D-48"],"winlog.event_data.Error_Code":["0x80072ee7"],"winlog.process.pid":[2280],"winlog.event_data.Error_Description":["The server name or address could not be resolved "],"agent.name.text":["Cyberfortress-WS"],"host.os.version":["10.0"],"winlog.record_id":["1041"],"host.os.name":["Windows Server 2022 Standard Evaluation"],"log.level":["error"],"agent.name":["Cyberfortress-WS"],"host.name":["cyberfortress-ws"],"event.agent_id_status":["verified"],"event.kind":["event"],"winlog.event_data.Previous_security_intelligence_Version":["1.439.535.0"],"winlog.event_data.Security_intelligence_Type":["AntiSpyware"],"host.os.type":["windows"],"winlog.event_data.User":["SYSTEM"],"input.type":["winlog"],"winlog.event_data.Update_Type_Index":["1"],"data_stream.type":["logs"],"host.architecture":["x86_64"],"event.provider":["Microsoft-Windows-Windows Defender"],"winlog.event_data.Update_State_Index":["1"],"event.code":["2001"],"agent.id":["03c4f422-68d1-4af6-a27f-a78c18180452"],"ecs.version":["8.17.0"],"winlog.event_data.Product_Name":["Microsoft Defender Antivirus"],"event.created":["2025-11-14T07:32:30.326Z"],"agent.version":["8.17.3"],"host.os.family":["windows"],"winlog.process.thread.id":[4664],"winlog.event_data.Update_Source_Index":["6"],"winlog.event_data.Update_Type":["Full"],"winlog.event_data.SID":["S-1-5-18"],"host.os.build":["20348.587"],"winlog.user.type":["User"],"host.ip":["fe80::7cea:4600:3e1d:57aa","192.168.85.115"],"agent.type":["filebeat"],"event.module":["windows"],"host.os.kernel":["10.0.20348.587 (WinBuild.160101.0800)"],"winlog.api":["wineventlog"],"winlog.event_data.Previous_Engine_Version":["1.1.25090.3001"],"elastic_agent.snapshot":[false],"host.id":["0c4d2910-34d4-4e69-a70d-2a9ff52a073e"],"winlog.user.identifier":["S-1-5-18"],"winlog.task":["None"],"winlog.user.domain":["NT AUTHORITY"],"winlog.event_data.Domain":["NT AUTHORITY"],"winlog.event_data.Security_intelligence_Type_Index":["2"],"elastic_agent.id":["03c4f422-68d1-4af6-a27f-a78c18180452"],"data_stream.namespace":["default"],"message":["Microsoft Defender Antivirus has encountered an error trying to update security intelligence.\n \tNew security intelligence Version: \n \tPrevious security intelligence Version: 1.439.535.0\n \tUpdate Source: Microsoft Malware Protection Center\n \tSecurity intelligence Type: AntiSpyware\n \tUpdate Type: Full\n \tUser: NT AUTHORITY\\SYSTEM\n \tCurrent Engine Version: \n \tPrevious Engine Version: 1.1.25090.3001\n \tError code: 0x80072ee7\n \tError description: The server name or address could not be resolved "],"winlog.event_id":["2001"],"winlog.user.name":["SYSTEM"],"event.action":["None"],"event.ingested":["2025-11-14T07:34:19.000Z"],"@timestamp":["2025-11-14T07:32:28.547Z"],"winlog.channel":["Microsoft-Windows-Windows Defender/Operational"],"host.os.platform":["windows"],"data_stream.dataset":["windows.windows_defender"],"event.type":["info"],"winlog.opcode":["Info"],"agent.ephemeral_id":["be6bd89e-a442-49e6-8b86-b73b15aff26f"],"winlog.event_data.Product_Version":["4.18.25090.3009"],"winlog.event_data.Update_Source":["Microsoft Malware Protection Center"],"event.dataset":["windows.windows_defender"]},"highlight":{"message":["Microsoft Defender @kibana-highlighted-field@Antivirus@/kibana-highlighted-field@ has encountered an error trying to update security intelligence.\n \tNew security intelligence Version: \n \tPrevious security intelligence Version: 1.439.535.0\n \tUpdate Source: Microsoft @kibana-highlighted-field@Malware@/kibana-highlighted-field@ Protection Center\n \tSecurity intelligence Type: AntiSpyware\n \tUpdate Type: Full\n \tUser: NT AUTHORITY\\SYSTEM\n \tCurrent Engine Version: \n \tPrevious Engine Version: 1.1.25090.3001\n \tError code: 0x80072ee7\n \tError description: The server name or address could not be resolved"],"log.level":["@kibana-highlighted-field@error@/kibana-highlighted-field@"]},"sort":["2025-11-14T07:32:28.547Z",16]},